2016-08-22 16:02:54,591 : INFO : kivy : Factory: 179 symbols loaded
2016-08-22 16:02:54,592 : DEBUG : kivy : Cache: register <kv.lang> with limit=None, timeout=None
2016-08-22 16:02:54,661 : DEBUG : kivy : Cache: register <kv.image> with limit=None, timeout=60
2016-08-22 16:02:54,661 : DEBUG : kivy : Cache: register <kv.atlas> with limit=None, timeout=None
2016-08-22 16:02:54,680 : INFO : kivy : Image: Providers: img_tex, img_imageio, img_dds, img_gif, img_sdl2 (img_pil, img_ffpyplayer ignored)
2016-08-22 16:02:54,681 : DEBUG : kivy : Cache: register <kv.texture> with limit=1000, timeout=60
2016-08-22 16:02:54,681 : DEBUG : kivy : Cache: register <kv.shader> with limit=1000, timeout=3600
2016-08-22 16:02:54,809 : INFO : kivy : VideoGstplayer: Using Gstreamer 1.4.5.0
2016-08-22 16:02:54,809 : INFO : kivy : Video: Provider: gstplayer
2016-08-22 16:02:54,822 : INFO : kivy : Loading MPF-MC controller
2016-08-22 16:02:54,822 : INFO : mpfmc : Mission Pinball Framework Media Controller v0.30.1
2016-08-22 16:02:54,823 : INFO : mpfmc : Machine path: /Users/jackbot/pinball/taxi
2016-08-22 16:02:54,823 : INFO : mpfmc : Starting clock at 30.0Hz
2016-08-22 16:02:54,823 : DEBUG : Events : Registered ModeController._load_modes as a handler for 'init_phase_2', priority: 1, kwargs: {}
2016-08-22 16:02:54,824 : DEBUG : Events : Registered ConfigCollection.create_entries_from_root_config as a handler for 'init_phase_1', priority: 1, kwargs: {}
2016-08-22 16:02:54,824 : DEBUG : Events : Registered ConfigCollection.create_entries_from_root_config as a handler for 'init_phase_1', priority: 1, kwargs: {}
2016-08-22 16:02:54,828 : INFO : kivy : Text: Provider: sdl2
2016-08-22 16:02:54,833 : DEBUG : Events : Registered ConfigCollection.create_entries_from_root_config as a handler for 'init_phase_1', priority: 1, kwargs: {}
2016-08-22 16:02:54,833 : DEBUG : Events : Registered ConfigCollection.create_entries_from_root_config as a handler for 'init_phase_1', priority: 1, kwargs: {}
2016-08-22 16:02:55,022 : DEBUG : Events : Registered ConfigProcessor._init as a handler for 'init_phase_1', priority: 1, kwargs: {}
2016-08-22 16:02:55,032 : INFO : kivy : OSC: using <multiprocessing> for socket
2016-08-22 16:02:55,034 : INFO : kivy : Window: Provider: sdl2
2016-08-22 16:02:55,135 : INFO : kivy : GL: OpenGL version <b'2.1 INTEL-10.14.73'>
2016-08-22 16:02:55,135 : INFO : kivy : GL: OpenGL vendor <b'Intel Inc.'>
2016-08-22 16:02:55,135 : INFO : kivy : GL: OpenGL renderer <b'Intel Iris Pro OpenGL Engine'>
2016-08-22 16:02:55,135 : INFO : kivy : GL: OpenGL parsed version: 2, 1
2016-08-22 16:02:55,136 : INFO : kivy : GL: Shading version <b'1.20'>
2016-08-22 16:02:55,136 : INFO : kivy : GL: Texture max size <16384>
2016-08-22 16:02:55,136 : INFO : kivy : GL: Texture max units <16>
2016-08-22 16:02:55,147 : DEBUG : kivy : Shader: Fragment compiled successfully
2016-08-22 16:02:55,148 : DEBUG : kivy : Shader: Vertex compiled successfully
2016-08-22 16:02:55,149 : DEBUG : kivy : ImageImageIO: Load </Applications/MPF.app/Contents/Resources/kivy/kivy/data/glsl/default.png>
2016-08-22 16:02:55,150 : INFO : kivy : Window: auto add sdl2 input provider
2016-08-22 16:02:55,150 : INFO : kivy : Window: virtual keyboard not allowed, single mode, not docked
2016-08-22 16:02:55,152 : DEBUG : kivy : Resource: add </Applications/MPF.app/Contents/Frameworks/python/3.5.0/lib/python3.5/site-packages/mpfmc/fonts> in path list
2016-08-22 16:02:55,152 : DEBUG : SoundSystem : Loading the Sound System
2016-08-22 16:02:55,153 : INFO : SoundSystem : SoundSystem: Using default 'sound_system' settings
2016-08-22 16:02:55,173 : INFO : AudioInterface : Initialized 0.30.0
2016-08-22 16:02:55,174 : DEBUG : AudioInterface : Loaded SDL 2.0.4
2016-08-22 16:02:55,174 : DEBUG : AudioInterface : Loaded SDL_Mixer 2.0.0
2016-08-22 16:02:55,174 : DEBUG : AudioInterface : Settings requested - rate: 44100, channels: 1, buffer: 2048 samples
2016-08-22 16:02:55,174 : DEBUG : AudioInterface : Settings in use - rate: 44100, channels: 1, buffer: 2048 samples
2016-08-22 16:02:55,174 : DEBUG : AudioInterface : Silence audio chunk initialized (required for SDL_Mixer callback)
2016-08-22 16:02:55,174 : DEBUG : AudioInterface : SDL_Mixer - Allocated 1 channel for final audio output
2016-08-22 16:02:55,175 : DEBUG : AudioInterface.Track.0.default : Allocated track audio buffer (4096 bytes)
2016-08-22 16:02:55,175 : DEBUG : AudioInterface : The 'default' track has successfully been created.
2016-08-22 16:02:55,175 : DEBUG : AudioInterface : Enabling audio playback
2016-08-22 16:02:55,175 : DEBUG : AssetManager : Initializing...
2016-08-22 16:02:55,176 : DEBUG : Events : Registered AssetManager._create_assets as a handler for 'init_phase_3', priority: 1, kwargs: {}
2016-08-22 16:02:55,176 : DEBUG : Events : Registered AssetManager._bcp_client_asset_load as a handler for 'assets_to_load', priority: 1, kwargs: {}
2016-08-22 16:02:55,176 : DEBUG : kivy : App: Loading kv </Applications/MPF.app/Contents/Frameworks/python/3.5.0/lib/python3.5/site-packages/mpfmc/core/mpfmc.kv>
2016-08-22 16:02:55,176 : DEBUG : kivy : App: kv </Applications/MPF.app/Contents/Frameworks/python/3.5.0/lib/python3.5/site-packages/mpfmc/core/mpfmc.kv> not found
2016-08-22 16:02:55,177 : DEBUG : kivy : Base: Create provider from mouse
2016-08-22 16:02:55,177 : INFO : kivy : Base: Start application main loop
2016-08-22 16:02:55,253 : DEBUG : Events : ^^^^ Posted event 'display_window_ready'. Type: None, Callback: None, Args: {}
2016-08-22 16:02:55,254 : DEBUG : Events : ============== EVENTS QUEUE =============
2016-08-22 16:02:55,254 : DEBUG : Events : display_window_ready, None, None, {}
2016-08-22 16:02:55,254 : DEBUG : Events : =========================================
2016-08-22 16:02:55,280 : DEBUG : Events : ^^^^ Processing event 'display_window_ready'. Type: None, Callback: None, Args: {}
2016-08-22 16:02:55,281 : DEBUG : Events : vvvv Finished event 'display_window_ready'. Type: None. Callback: None. Args: {}
2016-08-22 16:02:55,281 : DEBUG : Events : ^^^^ Posted event 'display_window_initialized'. Type: None, Callback: None, Args: {}
2016-08-22 16:02:55,281 : DEBUG : Events : ============== EVENTS QUEUE =============
2016-08-22 16:02:55,281 : DEBUG : Events : display_window_initialized, None, None, {}
2016-08-22 16:02:55,281 : DEBUG : Events : =========================================
2016-08-22 16:02:55,310 : DEBUG : Events : ^^^^ Processing event 'display_window_initialized'. Type: None, Callback: None, Args: {}
2016-08-22 16:02:55,311 : DEBUG : Events : vvvv Finished event 'display_window_initialized'. Type: None. Callback: None. Args: {}
2016-08-22 16:02:55,313 : DEBUG : Events : ^^^^ Posted event 'displays_initialized'. Type: None, Callback: None, Args: {}
2016-08-22 16:02:55,314 : DEBUG : Events : ============== EVENTS QUEUE =============
2016-08-22 16:02:55,314 : DEBUG : Events : displays_initialized, None, None, {}
2016-08-22 16:02:55,314 : DEBUG : Events : =========================================
2016-08-22 16:02:55,314 : DEBUG : Events : ^^^^ Processing event 'displays_initialized'. Type: None, Callback: None, Args: {}
2016-08-22 16:02:55,314 : DEBUG : Events : vvvv Finished event 'displays_initialized'. Type: None. Callback: None. Args: {}
2016-08-22 16:02:55,316 : DEBUG : Events : Registered McConfigPlayer._initialize as a handler for 'init_phase_1', priority: 1, kwargs: {}
2016-08-22 16:02:55,317 : DEBUG : Events : Registered McConfigPlayer._initialize as a handler for 'init_phase_1', priority: 1, kwargs: {}
2016-08-22 16:02:55,317 : DEBUG : Events : Registered McConfigPlayer._initialize as a handler for 'init_phase_1', priority: 1, kwargs: {}
2016-08-22 16:02:55,318 : DEBUG : Events : ^^^^ Posted event 'init_phase_1'. Type: None, Callback: None, Args: {}
2016-08-22 16:02:55,318 : DEBUG : Events : ============== EVENTS QUEUE =============
2016-08-22 16:02:55,318 : DEBUG : Events : init_phase_1, None, None, {}
2016-08-22 16:02:55,318 : DEBUG : Events : =========================================
2016-08-22 16:02:55,318 : DEBUG : Events : ^^^^ Processing event 'init_phase_1'. Type: None, Callback: None, Args: {}
2016-08-22 16:02:55,318 : DEBUG : Events : ConfigCollection.create_entries_from_root_config (priority: 1) responding to event 'init_phase_1' with args {}
2016-08-22 16:02:55,318 : DEBUG : Events : ConfigCollection.create_entries_from_root_config (priority: 1) responding to event 'init_phase_1' with args {}
2016-08-22 16:02:55,321 : DEBUG : Events : ConfigCollection.create_entries_from_root_config (priority: 1) responding to event 'init_phase_1' with args {}
2016-08-22 16:02:55,321 : DEBUG : Events : ConfigCollection.create_entries_from_root_config (priority: 1) responding to event 'init_phase_1' with args {}
2016-08-22 16:02:55,321 : DEBUG : Events : ConfigProcessor._init (priority: 1) responding to event 'init_phase_1' with args {}
2016-08-22 16:02:55,321 : DEBUG : Events : McConfigPlayer._initialize (priority: 1) responding to event 'init_phase_1' with args {}
2016-08-22 16:02:55,321 : DEBUG : Events : Registered McConfigPlayer.play_from_trigger as a handler for 'sounds_play', priority: 1, kwargs: {}
2016-08-22 16:02:55,322 : DEBUG : Events : Registered McConfigPlayer.clear_from_trigger as a handler for 'sounds_clear', priority: 1, kwargs: {}
2016-08-22 16:02:55,322 : DEBUG : Events : McConfigPlayer._initialize (priority: 1) responding to event 'init_phase_1' with args {}
2016-08-22 16:02:55,322 : DEBUG : Events : Registered ConfigPlayer.config_play_callback as a handler for 'mode_attract_started', priority: 0, kwargs: {'mode': None, 'settings': {'slides': {'attract_started': {'action': 'play', 'expire': None, 'priority': None, 'transition_out': None, 'transition': None, 'force': False, 'show': True, 'target': None, 'persist': False}}}}
2016-08-22 16:02:55,322 : DEBUG : Events : Registered ConfigPlayer.config_play_callback as a handler for 'mc_ready', priority: 0, kwargs: {'mode': None, 'settings': {'slides': {'welcome_slide': {'action': 'play', 'expire': None, 'priority': None, 'transition_out': None, 'transition': None, 'force': False, 'show': True, 'target': None, 'persist': False}}}}
2016-08-22 16:02:55,322 : DEBUG : Events : Registered McConfigPlayer.play_from_trigger as a handler for 'slides_play', priority: 1, kwargs: {}
2016-08-22 16:02:55,322 : DEBUG : Events : Registered McConfigPlayer.clear_from_trigger as a handler for 'slides_clear', priority: 1, kwargs: {}
2016-08-22 16:02:55,322 : DEBUG : Events : McConfigPlayer._initialize (priority: 1) responding to event 'init_phase_1' with args {}
2016-08-22 16:02:55,323 : DEBUG : Events : Registered McConfigPlayer.play_from_trigger as a handler for 'widgets_play', priority: 1, kwargs: {}
2016-08-22 16:02:55,323 : DEBUG : Events : Registered McConfigPlayer.clear_from_trigger as a handler for 'widgets_clear', priority: 1, kwargs: {}
2016-08-22 16:02:55,323 : DEBUG : Events : vvvv Finished event 'init_phase_1'. Type: None. Callback: None. Args: {}
2016-08-22 16:02:55,323 : DEBUG : Events : ^^^^ Posted event 'mc_ready'. Type: None, Callback: None, Args: {}
2016-08-22 16:02:55,323 : DEBUG : Events : ============== EVENTS QUEUE =============
2016-08-22 16:02:55,323 : DEBUG : Events : mc_ready, None, None, {}
2016-08-22 16:02:55,323 : DEBUG : Events : =========================================
2016-08-22 16:02:55,323 : DEBUG : Events : ^^^^ Processing event 'mc_ready'. Type: None, Callback: None, Args: {}
2016-08-22 16:02:55,323 : DEBUG : Events : ConfigPlayer.config_play_callback (priority: 0) responding to event 'mc_ready' with args {'mode': None, 'settings': {'slides': {'welcome_slide': {'action': 'play', 'expire': None, 'priority': None, 'transition_out': None, 'transition': None, 'force': False, 'show': True, 'target': None, 'persist': False}}}}
2016-08-22 16:02:55,327 : DEBUG : kivy : Resource: add </Library/Fonts> in path list
2016-08-22 16:02:55,329 : DEBUG : kivy : Resource: add </System/Library/Fonts> in path list
2016-08-22 16:02:55,330 : DEBUG : kivy : Resource: add </Users/jackbot/Library/Fonts> in path list
2016-08-22 16:02:55,330 : DEBUG : kivy : Resource: add </Applications/MPF.app/Contents/Resources/kivy/kivy/data/fonts> in path list
2016-08-22 16:02:55,331 : INFO : kivy : GL: NPOT texture support is available
2016-08-22 16:02:55,333 : DEBUG : Events : vvvv Finished event 'mc_ready'. Type: None. Callback: None. Args: {}
2016-08-22 16:02:55,333 : DEBUG : Events : ^^^^ Posted event 'init_phase_2'. Type: None, Callback: None, Args: {}
2016-08-22 16:02:55,333 : DEBUG : Events : ============== EVENTS QUEUE =============
2016-08-22 16:02:55,333 : DEBUG : Events : init_phase_2, None, None, {}
2016-08-22 16:02:55,333 : DEBUG : Events : =========================================
2016-08-22 16:02:55,333 : DEBUG : Events : ^^^^ Processing event 'init_phase_2'. Type: None, Callback: None, Args: {}
2016-08-22 16:02:55,333 : DEBUG : Events : ModeController._load_modes (priority: 1) responding to event 'init_phase_2' with args {}
2016-08-22 16:02:55,334 : DEBUG : ModeController : Found MPF Mode folders: {'attract': 'attract', 'game': 'game', 'carousel': 'carousel', 'high_score': 'high_score', 'credits': 'credits', 'tilt': 'tilt', 'bonus': 'bonus'}
2016-08-22 16:02:55,334 : DEBUG : ModeController : Found Machine-specific Mode folders: {}
2016-08-22 16:02:55,337 : DEBUG : Events : vvvv Finished event 'init_phase_2'. Type: None. Callback: None. Args: {}
2016-08-22 16:02:55,338 : DEBUG : Events : ^^^^ Posted event 'init_phase_3'. Type: None, Callback: None, Args: {}
2016-08-22 16:02:55,338 : DEBUG : Events : ============== EVENTS QUEUE =============
2016-08-22 16:02:55,338 : DEBUG : Events : init_phase_3, None, None, {}
2016-08-22 16:02:55,338 : DEBUG : Events : =========================================
2016-08-22 16:02:55,338 : DEBUG : Events : ^^^^ Processing event 'init_phase_3'. Type: None, Callback: None, Args: {}
2016-08-22 16:02:55,338 : DEBUG : Events : AssetManager._create_assets (priority: 1) responding to event 'init_phase_3' with args {}
2016-08-22 16:02:55,338 : DEBUG : AssetManager : Processing assets from base folder: /Users/jackbot/pinball/taxi/images
2016-08-22 16:02:55,339 : DEBUG : AssetManager : Processing assets from base folder: /Users/jackbot/pinball/taxi/videos
2016-08-22 16:02:55,339 : DEBUG : AssetManager : Processing assets from base folder: /Users/jackbot/pinball/taxi/sounds
2016-08-22 16:02:55,339 : DEBUG : AssetManager : Processing assets from base folder: /Applications/MPF.app/Contents/Frameworks/python/3.5.0/lib/python3.5/site-packages/mpf/modes/attract/images
2016-08-22 16:02:55,339 : DEBUG : AssetManager : Processing assets from base folder: /Applications/MPF.app/Contents/Frameworks/python/3.5.0/lib/python3.5/site-packages/mpf/modes/attract/videos
2016-08-22 16:02:55,339 : DEBUG : AssetManager : Processing assets from base folder: /Applications/MPF.app/Contents/Frameworks/python/3.5.0/lib/python3.5/site-packages/mpf/modes/attract/sounds
2016-08-22 16:02:55,339 : DEBUG : AssetManager : Processing assets from base folder: /Applications/MPF.app/Contents/Frameworks/python/3.5.0/lib/python3.5/site-packages/mpf/modes/game/images
2016-08-22 16:02:55,339 : DEBUG : AssetManager : Processing assets from base folder: /Applications/MPF.app/Contents/Frameworks/python/3.5.0/lib/python3.5/site-packages/mpf/modes/game/videos
2016-08-22 16:02:55,339 : DEBUG : AssetManager : Processing assets from base folder: /Applications/MPF.app/Contents/Frameworks/python/3.5.0/lib/python3.5/site-packages/mpf/modes/game/sounds
2016-08-22 16:02:55,340 : DEBUG : Events : vvvv Finished event 'init_phase_3'. Type: None. Callback: None. Args: {}
2016-08-22 16:02:55,340 : DEBUG : Events : ^^^^ Posted event 'init_phase_4'. Type: None, Callback: None, Args: {}
2016-08-22 16:02:55,340 : DEBUG : Events : ============== EVENTS QUEUE =============
2016-08-22 16:02:55,340 : DEBUG : Events : init_phase_4, None, None, {}
2016-08-22 16:02:55,340 : DEBUG : Events : =========================================
2016-08-22 16:02:55,340 : DEBUG : Events : ^^^^ Processing event 'init_phase_4'. Type: None, Callback: None, Args: {}
2016-08-22 16:02:55,340 : DEBUG : Events : vvvv Finished event 'init_phase_4'. Type: None. Callback: None. Args: {}
2016-08-22 16:02:55,340 : DEBUG : Events : ^^^^ Posted event 'init_phase_5'. Type: None, Callback: None, Args: {}
2016-08-22 16:02:55,341 : DEBUG : Events : ============== EVENTS QUEUE =============
2016-08-22 16:02:55,341 : DEBUG : Events : init_phase_5, None, None, {}
2016-08-22 16:02:55,341 : DEBUG : Events : =========================================
2016-08-22 16:02:55,341 : DEBUG : Events : ^^^^ Processing event 'init_phase_5'. Type: None, Callback: None, Args: {}
2016-08-22 16:02:55,341 : DEBUG : Events : vvvv Finished event 'init_phase_5'. Type: None. Callback: None. Args: {}
2016-08-22 16:02:55,341 : DEBUG : Events : ^^^^ Posted event 'init_done'. Type: None, Callback: None, Args: {}
2016-08-22 16:02:55,341 : DEBUG : Events : ============== EVENTS QUEUE =============
2016-08-22 16:02:55,341 : DEBUG : Events : init_done, None, None, {}
2016-08-22 16:02:55,341 : DEBUG : Events : =========================================
2016-08-22 16:02:55,342 : DEBUG : Events : ^^^^ Processing event 'init_done'. Type: None, Callback: None, Args: {}
2016-08-22 16:02:55,342 : DEBUG : Events : vvvv Finished event 'init_done'. Type: None. Callback: None. Args: {}
2016-08-22 16:02:55,342 : DEBUG : Events : ^^^^ Posted event 'mc_reset_phase_1'. Type: None, Callback: None, Args: {}
2016-08-22 16:02:55,342 : DEBUG : Events : ============== EVENTS QUEUE =============
2016-08-22 16:02:55,342 : DEBUG : Events : mc_reset_phase_1, None, None, {}
2016-08-22 16:02:55,342 : DEBUG : Events : =========================================
2016-08-22 16:02:55,342 : DEBUG : Events : ^^^^ Processing event 'mc_reset_phase_1'. Type: None, Callback: None, Args: {}
2016-08-22 16:02:55,342 : DEBUG : Events : vvvv Finished event 'mc_reset_phase_1'. Type: None. Callback: None. Args: {}
2016-08-22 16:02:55,343 : DEBUG : Events : ^^^^ Posted event 'mc_reset_phase_2'. Type: None, Callback: None, Args: {}
2016-08-22 16:02:55,343 : DEBUG : Events : ============== EVENTS QUEUE =============
2016-08-22 16:02:55,343 : DEBUG : Events : mc_reset_phase_2, None, None, {}
2016-08-22 16:02:55,343 : DEBUG : Events : =========================================
2016-08-22 16:02:55,343 : DEBUG : Events : ^^^^ Processing event 'mc_reset_phase_2'. Type: None, Callback: None, Args: {}
2016-08-22 16:02:55,343 : DEBUG : Events : vvvv Finished event 'mc_reset_phase_2'. Type: None. Callback: None. Args: {}
2016-08-22 16:02:55,343 : DEBUG : Events : ^^^^ Posted event 'mc_reset_phase_3'. Type: None, Callback: None, Args: {}
2016-08-22 16:02:55,344 : DEBUG : Events : ============== EVENTS QUEUE =============
2016-08-22 16:02:55,344 : DEBUG : Events : mc_reset_phase_3, None, None, {}
2016-08-22 16:02:55,344 : DEBUG : Events : =========================================
2016-08-22 16:02:55,344 : DEBUG : Events : ^^^^ Processing event 'mc_reset_phase_3'. Type: None, Callback: None, Args: {}
2016-08-22 16:02:55,344 : DEBUG : Events : vvvv Finished event 'mc_reset_phase_3'. Type: None. Callback: None. Args: {}
2016-08-22 16:03:46,408 : INFO : kivy : Base: Leaving application in progress...
