2016-08-22 17:59:45,814 : INFO : kivy : Factory: 179 symbols loaded
2016-08-22 17:59:45,815 : DEBUG : kivy : Cache: register <kv.lang> with limit=None, timeout=None
2016-08-22 17:59:45,888 : DEBUG : kivy : Cache: register <kv.image> with limit=None, timeout=60
2016-08-22 17:59:45,888 : DEBUG : kivy : Cache: register <kv.atlas> with limit=None, timeout=None
2016-08-22 17:59:45,909 : INFO : kivy : Image: Providers: img_tex, img_imageio, img_dds, img_gif, img_sdl2 (img_pil, img_ffpyplayer ignored)
2016-08-22 17:59:45,909 : DEBUG : kivy : Cache: register <kv.texture> with limit=1000, timeout=60
2016-08-22 17:59:45,910 : DEBUG : kivy : Cache: register <kv.shader> with limit=1000, timeout=3600
2016-08-22 17:59:46,039 : INFO : kivy : VideoGstplayer: Using Gstreamer 1.4.5.0
2016-08-22 17:59:46,039 : INFO : kivy : Video: Provider: gstplayer
2016-08-22 17:59:46,051 : INFO : kivy : Loading MPF-MC controller
2016-08-22 17:59:46,052 : INFO : mpfmc : Mission Pinball Framework Media Controller v0.30.1
2016-08-22 17:59:46,052 : INFO : mpfmc : Machine path: /Users/jackbot/pinball/taxi
2016-08-22 17:59:46,052 : INFO : mpfmc : Starting clock at 30.0Hz
2016-08-22 17:59:46,053 : DEBUG : Events : Registered ModeController._load_modes as a handler for 'init_phase_2', priority: 1, kwargs: {}
2016-08-22 17:59:46,053 : DEBUG : Events : Registered ConfigCollection.create_entries_from_root_config as a handler for 'init_phase_1', priority: 1, kwargs: {}
2016-08-22 17:59:46,057 : INFO : kivy : Text: Provider: sdl2
2016-08-22 17:59:46,063 : DEBUG : Events : Registered ConfigCollection.create_entries_from_root_config as a handler for 'init_phase_1', priority: 1, kwargs: {}
2016-08-22 17:59:46,063 : DEBUG : Events : Registered ConfigCollection.create_entries_from_root_config as a handler for 'init_phase_1', priority: 1, kwargs: {}
2016-08-22 17:59:46,064 : DEBUG : Events : Registered ConfigCollection.create_entries_from_root_config as a handler for 'init_phase_1', priority: 1, kwargs: {}
2016-08-22 17:59:46,245 : DEBUG : Events : Registered ConfigProcessor._init as a handler for 'init_phase_1', priority: 1, kwargs: {}
2016-08-22 17:59:46,265 : INFO : kivy : OSC: using <multiprocessing> for socket
2016-08-22 17:59:46,267 : INFO : kivy : Window: Provider: sdl2
2016-08-22 17:59:46,364 : INFO : kivy : GL: OpenGL version <b'2.1 INTEL-10.14.73'>
2016-08-22 17:59:46,364 : INFO : kivy : GL: OpenGL vendor <b'Intel Inc.'>
2016-08-22 17:59:46,365 : INFO : kivy : GL: OpenGL renderer <b'Intel Iris Pro OpenGL Engine'>
2016-08-22 17:59:46,365 : INFO : kivy : GL: OpenGL parsed version: 2, 1
2016-08-22 17:59:46,365 : INFO : kivy : GL: Shading version <b'1.20'>
2016-08-22 17:59:46,365 : INFO : kivy : GL: Texture max size <16384>
2016-08-22 17:59:46,365 : INFO : kivy : GL: Texture max units <16>
2016-08-22 17:59:46,377 : DEBUG : kivy : Shader: Fragment compiled successfully
2016-08-22 17:59:46,378 : DEBUG : kivy : Shader: Vertex compiled successfully
2016-08-22 17:59:46,380 : DEBUG : kivy : ImageImageIO: Load </Applications/MPF.app/Contents/Resources/kivy/kivy/data/glsl/default.png>
2016-08-22 17:59:46,381 : INFO : kivy : Window: auto add sdl2 input provider
2016-08-22 17:59:46,381 : INFO : kivy : Window: virtual keyboard not allowed, single mode, not docked
2016-08-22 17:59:46,383 : DEBUG : kivy : Resource: add </Applications/MPF.app/Contents/Frameworks/python/3.5.0/lib/python3.5/site-packages/mpfmc/fonts> in path list
2016-08-22 17:59:46,383 : DEBUG : SoundSystem : Loading the Sound System
2016-08-22 17:59:46,383 : INFO : SoundSystem : SoundSystem: Using default 'sound_system' settings
2016-08-22 17:59:46,402 : INFO : AudioInterface : Initialized 0.30.0
2016-08-22 17:59:46,403 : DEBUG : AudioInterface : Loaded SDL 2.0.4
2016-08-22 17:59:46,403 : DEBUG : AudioInterface : Loaded SDL_Mixer 2.0.0
2016-08-22 17:59:46,403 : DEBUG : AudioInterface : Settings requested - rate: 44100, channels: 1, buffer: 2048 samples
2016-08-22 17:59:46,403 : DEBUG : AudioInterface : Settings in use - rate: 44100, channels: 1, buffer: 2048 samples
2016-08-22 17:59:46,403 : DEBUG : AudioInterface : Silence audio chunk initialized (required for SDL_Mixer callback)
2016-08-22 17:59:46,404 : DEBUG : AudioInterface : SDL_Mixer - Allocated 1 channel for final audio output
2016-08-22 17:59:46,404 : DEBUG : AudioInterface.Track.0.default : Allocated track audio buffer (4096 bytes)
2016-08-22 17:59:46,404 : DEBUG : AudioInterface : The 'default' track has successfully been created.
2016-08-22 17:59:46,404 : DEBUG : AudioInterface : Enabling audio playback
2016-08-22 17:59:46,406 : DEBUG : AssetManager : Initializing...
2016-08-22 17:59:46,406 : DEBUG : Events : Registered AssetManager._create_assets as a handler for 'init_phase_3', priority: 1, kwargs: {}
2016-08-22 17:59:46,406 : DEBUG : Events : Registered AssetManager._bcp_client_asset_load as a handler for 'assets_to_load', priority: 1, kwargs: {}
2016-08-22 17:59:46,407 : DEBUG : Events : Registered BcpProcessor._start_socket_thread as a handler for 'init_done', priority: 1, kwargs: {}
2016-08-22 17:59:46,407 : DEBUG : kivy : App: Loading kv </Applications/MPF.app/Contents/Frameworks/python/3.5.0/lib/python3.5/site-packages/mpfmc/core/mpfmc.kv>
2016-08-22 17:59:46,407 : DEBUG : kivy : App: kv </Applications/MPF.app/Contents/Frameworks/python/3.5.0/lib/python3.5/site-packages/mpfmc/core/mpfmc.kv> not found
2016-08-22 17:59:46,408 : DEBUG : kivy : Base: Create provider from mouse
2016-08-22 17:59:46,409 : INFO : kivy : Base: Start application main loop
2016-08-22 17:59:46,471 : DEBUG : Events : ^^^^ Posted event 'display_window_ready'. Type: None, Callback: None, Args: {}
2016-08-22 17:59:46,471 : DEBUG : Events : ============== EVENTS QUEUE =============
2016-08-22 17:59:46,471 : DEBUG : Events : display_window_ready, None, None, {}
2016-08-22 17:59:46,471 : DEBUG : Events : =========================================
2016-08-22 17:59:46,471 : DEBUG : Events : ^^^^ Processing event 'display_window_ready'. Type: None, Callback: None, Args: {}
2016-08-22 17:59:46,472 : DEBUG : Events : vvvv Finished event 'display_window_ready'. Type: None. Callback: None. Args: {}
2016-08-22 17:59:46,498 : DEBUG : Events : ^^^^ Posted event 'display_window_initialized'. Type: None, Callback: None, Args: {}
2016-08-22 17:59:46,499 : DEBUG : Events : ============== EVENTS QUEUE =============
2016-08-22 17:59:46,499 : DEBUG : Events : display_window_initialized, None, None, {}
2016-08-22 17:59:46,499 : DEBUG : Events : =========================================
2016-08-22 17:59:46,499 : DEBUG : Events : ^^^^ Processing event 'display_window_initialized'. Type: None, Callback: None, Args: {}
2016-08-22 17:59:46,499 : DEBUG : Events : vvvv Finished event 'display_window_initialized'. Type: None. Callback: None. Args: {}
2016-08-22 17:59:46,531 : DEBUG : Events : ^^^^ Posted event 'displays_initialized'. Type: None, Callback: None, Args: {}
2016-08-22 17:59:46,531 : DEBUG : Events : ============== EVENTS QUEUE =============
2016-08-22 17:59:46,531 : DEBUG : Events : displays_initialized, None, None, {}
2016-08-22 17:59:46,531 : DEBUG : Events : =========================================
2016-08-22 17:59:46,531 : DEBUG : Events : ^^^^ Processing event 'displays_initialized'. Type: None, Callback: None, Args: {}
2016-08-22 17:59:46,531 : DEBUG : Events : vvvv Finished event 'displays_initialized'. Type: None. Callback: None. Args: {}
2016-08-22 17:59:46,533 : DEBUG : Events : Registered McConfigPlayer._initialize as a handler for 'init_phase_1', priority: 1, kwargs: {}
2016-08-22 17:59:46,534 : DEBUG : Events : Registered McConfigPlayer._initialize as a handler for 'init_phase_1', priority: 1, kwargs: {}
2016-08-22 17:59:46,534 : DEBUG : Events : Registered McConfigPlayer._initialize as a handler for 'init_phase_1', priority: 1, kwargs: {}
2016-08-22 17:59:46,534 : DEBUG : Events : ^^^^ Posted event 'init_phase_1'. Type: None, Callback: None, Args: {}
2016-08-22 17:59:46,535 : DEBUG : Events : ============== EVENTS QUEUE =============
2016-08-22 17:59:46,535 : DEBUG : Events : init_phase_1, None, None, {}
2016-08-22 17:59:46,535 : DEBUG : Events : =========================================
2016-08-22 17:59:46,535 : DEBUG : Events : ^^^^ Processing event 'init_phase_1'. Type: None, Callback: None, Args: {}
2016-08-22 17:59:46,535 : DEBUG : Events : ConfigCollection.create_entries_from_root_config (priority: 1) responding to event 'init_phase_1' with args {}
2016-08-22 17:59:46,538 : DEBUG : Events : ConfigCollection.create_entries_from_root_config (priority: 1) responding to event 'init_phase_1' with args {}
2016-08-22 17:59:46,538 : DEBUG : Events : ConfigCollection.create_entries_from_root_config (priority: 1) responding to event 'init_phase_1' with args {}
2016-08-22 17:59:46,538 : DEBUG : Events : ConfigCollection.create_entries_from_root_config (priority: 1) responding to event 'init_phase_1' with args {}
2016-08-22 17:59:46,538 : DEBUG : Events : ConfigProcessor._init (priority: 1) responding to event 'init_phase_1' with args {}
2016-08-22 17:59:46,538 : DEBUG : Events : McConfigPlayer._initialize (priority: 1) responding to event 'init_phase_1' with args {}
2016-08-22 17:59:46,539 : DEBUG : Events : Registered ConfigPlayer.config_play_callback as a handler for 'mode_attract_started', priority: 0, kwargs: {'settings': {'slides': {'attract_started': {'target': None, 'persist': False, 'action': 'play', 'force': False, 'transition': None, 'show': True, 'expire': None, 'priority': None, 'transition_out': None}}}, 'mode': None}
2016-08-22 17:59:46,539 : DEBUG : Events : Registered ConfigPlayer.config_play_callback as a handler for 'mc_ready', priority: 0, kwargs: {'settings': {'slides': {'welcome_slide': {'target': None, 'persist': False, 'action': 'play', 'force': False, 'transition': None, 'show': True, 'expire': None, 'priority': None, 'transition_out': None}}}, 'mode': None}
2016-08-22 17:59:46,539 : DEBUG : Events : Registered ConfigPlayer.config_play_callback as a handler for 'ball_started', priority: 0, kwargs: {'settings': {'slides': {'ball_started': {'target': None, 'persist': False, 'action': 'play', 'force': False, 'transition': None, 'show': True, 'expire': None, 'priority': None, 'transition_out': None}}}, 'mode': None}
2016-08-22 17:59:46,539 : DEBUG : Events : Registered McConfigPlayer.play_from_trigger as a handler for 'slides_play', priority: 1, kwargs: {}
2016-08-22 17:59:46,539 : DEBUG : Events : Registered McConfigPlayer.clear_from_trigger as a handler for 'slides_clear', priority: 1, kwargs: {}
2016-08-22 17:59:46,539 : DEBUG : Events : McConfigPlayer._initialize (priority: 1) responding to event 'init_phase_1' with args {}
2016-08-22 17:59:46,539 : DEBUG : Events : Registered McConfigPlayer.play_from_trigger as a handler for 'widgets_play', priority: 1, kwargs: {}
2016-08-22 17:59:46,539 : DEBUG : Events : Registered McConfigPlayer.clear_from_trigger as a handler for 'widgets_clear', priority: 1, kwargs: {}
2016-08-22 17:59:46,540 : DEBUG : Events : McConfigPlayer._initialize (priority: 1) responding to event 'init_phase_1' with args {}
2016-08-22 17:59:46,540 : DEBUG : Events : Registered McConfigPlayer.play_from_trigger as a handler for 'sounds_play', priority: 1, kwargs: {}
2016-08-22 17:59:46,540 : DEBUG : Events : Registered McConfigPlayer.clear_from_trigger as a handler for 'sounds_clear', priority: 1, kwargs: {}
2016-08-22 17:59:46,540 : DEBUG : Events : vvvv Finished event 'init_phase_1'. Type: None. Callback: None. Args: {}
2016-08-22 17:59:46,540 : DEBUG : Events : ^^^^ Posted event 'mc_ready'. Type: None, Callback: None, Args: {}
2016-08-22 17:59:46,540 : DEBUG : Events : ============== EVENTS QUEUE =============
2016-08-22 17:59:46,540 : DEBUG : Events : mc_ready, None, None, {}
2016-08-22 17:59:46,540 : DEBUG : Events : =========================================
2016-08-22 17:59:46,540 : DEBUG : Events : ^^^^ Processing event 'mc_ready'. Type: None, Callback: None, Args: {}
2016-08-22 17:59:46,540 : DEBUG : Events : ConfigPlayer.config_play_callback (priority: 0) responding to event 'mc_ready' with args {'settings': {'slides': {'welcome_slide': {'target': None, 'persist': False, 'action': 'play', 'force': False, 'transition': None, 'show': True, 'expire': None, 'priority': None, 'transition_out': None}}}, 'mode': None}
2016-08-22 17:59:46,543 : DEBUG : kivy : Resource: add </Library/Fonts> in path list
2016-08-22 17:59:46,543 : DEBUG : kivy : Resource: add </System/Library/Fonts> in path list
2016-08-22 17:59:46,543 : DEBUG : kivy : Resource: add </Users/jackbot/Library/Fonts> in path list
2016-08-22 17:59:46,543 : DEBUG : kivy : Resource: add </Applications/MPF.app/Contents/Resources/kivy/kivy/data/fonts> in path list
2016-08-22 17:59:46,544 : INFO : kivy : GL: NPOT texture support is available
2016-08-22 17:59:46,546 : DEBUG : Events : vvvv Finished event 'mc_ready'. Type: None. Callback: None. Args: {}
2016-08-22 17:59:46,546 : DEBUG : Events : ^^^^ Posted event 'init_phase_2'. Type: None, Callback: None, Args: {}
2016-08-22 17:59:46,546 : DEBUG : Events : ============== EVENTS QUEUE =============
2016-08-22 17:59:46,546 : DEBUG : Events : init_phase_2, None, None, {}
2016-08-22 17:59:46,546 : DEBUG : Events : =========================================
2016-08-22 17:59:46,546 : DEBUG : Events : ^^^^ Processing event 'init_phase_2'. Type: None, Callback: None, Args: {}
2016-08-22 17:59:46,546 : DEBUG : Events : ModeController._load_modes (priority: 1) responding to event 'init_phase_2' with args {}
2016-08-22 17:59:46,546 : DEBUG : ModeController : Found MPF Mode folders: {'high_score': 'high_score', 'attract': 'attract', 'bonus': 'bonus', 'carousel': 'carousel', 'credits': 'credits', 'game': 'game', 'tilt': 'tilt'}
2016-08-22 17:59:46,547 : DEBUG : ModeController : Found Machine-specific Mode folders: {}
2016-08-22 17:59:46,550 : DEBUG : Events : vvvv Finished event 'init_phase_2'. Type: None. Callback: None. Args: {}
2016-08-22 17:59:46,550 : DEBUG : Events : ^^^^ Posted event 'init_phase_3'. Type: None, Callback: None, Args: {}
2016-08-22 17:59:46,550 : DEBUG : Events : ============== EVENTS QUEUE =============
2016-08-22 17:59:46,550 : DEBUG : Events : init_phase_3, None, None, {}
2016-08-22 17:59:46,550 : DEBUG : Events : =========================================
2016-08-22 17:59:46,550 : DEBUG : Events : ^^^^ Processing event 'init_phase_3'. Type: None, Callback: None, Args: {}
2016-08-22 17:59:46,550 : DEBUG : Events : AssetManager._create_assets (priority: 1) responding to event 'init_phase_3' with args {}
2016-08-22 17:59:46,551 : DEBUG : AssetManager : Processing assets from base folder: /Users/jackbot/pinball/taxi/images
2016-08-22 17:59:46,551 : DEBUG : AssetManager : Processing assets from base folder: /Users/jackbot/pinball/taxi/videos
2016-08-22 17:59:46,551 : DEBUG : AssetManager : Processing assets from base folder: /Users/jackbot/pinball/taxi/sounds
2016-08-22 17:59:46,551 : DEBUG : AssetManager : Processing assets from base folder: /Applications/MPF.app/Contents/Frameworks/python/3.5.0/lib/python3.5/site-packages/mpf/modes/game/images
2016-08-22 17:59:46,551 : DEBUG : AssetManager : Processing assets from base folder: /Applications/MPF.app/Contents/Frameworks/python/3.5.0/lib/python3.5/site-packages/mpf/modes/game/videos
2016-08-22 17:59:46,551 : DEBUG : AssetManager : Processing assets from base folder: /Applications/MPF.app/Contents/Frameworks/python/3.5.0/lib/python3.5/site-packages/mpf/modes/game/sounds
2016-08-22 17:59:46,551 : DEBUG : AssetManager : Processing assets from base folder: /Applications/MPF.app/Contents/Frameworks/python/3.5.0/lib/python3.5/site-packages/mpf/modes/attract/images
2016-08-22 17:59:46,551 : DEBUG : AssetManager : Processing assets from base folder: /Applications/MPF.app/Contents/Frameworks/python/3.5.0/lib/python3.5/site-packages/mpf/modes/attract/videos
2016-08-22 17:59:46,552 : DEBUG : AssetManager : Processing assets from base folder: /Applications/MPF.app/Contents/Frameworks/python/3.5.0/lib/python3.5/site-packages/mpf/modes/attract/sounds
2016-08-22 17:59:46,552 : DEBUG : Events : vvvv Finished event 'init_phase_3'. Type: None. Callback: None. Args: {}
2016-08-22 17:59:46,552 : DEBUG : Events : ^^^^ Posted event 'init_phase_4'. Type: None, Callback: None, Args: {}
2016-08-22 17:59:46,552 : DEBUG : Events : ============== EVENTS QUEUE =============
2016-08-22 17:59:46,552 : DEBUG : Events : init_phase_4, None, None, {}
2016-08-22 17:59:46,552 : DEBUG : Events : =========================================
2016-08-22 17:59:46,552 : DEBUG : Events : ^^^^ Processing event 'init_phase_4'. Type: None, Callback: None, Args: {}
2016-08-22 17:59:46,552 : DEBUG : Events : vvvv Finished event 'init_phase_4'. Type: None. Callback: None. Args: {}
2016-08-22 17:59:46,552 : DEBUG : Events : ^^^^ Posted event 'init_phase_5'. Type: None, Callback: None, Args: {}
2016-08-22 17:59:46,553 : DEBUG : Events : ============== EVENTS QUEUE =============
2016-08-22 17:59:46,553 : DEBUG : Events : init_phase_5, None, None, {}
2016-08-22 17:59:46,553 : DEBUG : Events : =========================================
2016-08-22 17:59:46,553 : DEBUG : Events : ^^^^ Processing event 'init_phase_5'. Type: None, Callback: None, Args: {}
2016-08-22 17:59:46,553 : DEBUG : Events : vvvv Finished event 'init_phase_5'. Type: None. Callback: None. Args: {}
2016-08-22 17:59:46,553 : DEBUG : Events : ^^^^ Posted event 'init_done'. Type: None, Callback: None, Args: {}
2016-08-22 17:59:46,553 : DEBUG : Events : ============== EVENTS QUEUE =============
2016-08-22 17:59:46,553 : DEBUG : Events : init_done, None, None, {}
2016-08-22 17:59:46,553 : DEBUG : Events : =========================================
2016-08-22 17:59:46,553 : DEBUG : Events : ^^^^ Processing event 'init_done'. Type: None, Callback: None, Args: {}
2016-08-22 17:59:46,554 : DEBUG : Events : BcpProcessor._start_socket_thread (priority: 1) responding to event 'init_done' with args {}
2016-08-22 17:59:46,554 : INFO : MPF-MC BCP Server : Starting up on localhost port 5050
2016-08-22 17:59:46,555 : INFO : MPF-MC BCP Server : Waiting for a connection...
2016-08-22 17:59:46,555 : DEBUG : Events : vvvv Finished event 'init_done'. Type: None. Callback: None. Args: {}
2016-08-22 17:59:46,556 : DEBUG : Events : ^^^^ Posted event 'mc_reset_phase_1'. Type: None, Callback: None, Args: {}
2016-08-22 17:59:46,556 : DEBUG : Events : ============== EVENTS QUEUE =============
2016-08-22 17:59:46,556 : DEBUG : Events : mc_reset_phase_1, None, None, {}
2016-08-22 17:59:46,556 : DEBUG : Events : =========================================
2016-08-22 17:59:46,556 : DEBUG : Events : ^^^^ Processing event 'mc_reset_phase_1'. Type: None, Callback: None, Args: {}
2016-08-22 17:59:46,556 : DEBUG : Events : vvvv Finished event 'mc_reset_phase_1'. Type: None. Callback: None. Args: {}
2016-08-22 17:59:46,556 : DEBUG : Events : ^^^^ Posted event 'client_disconnected'. Type: None, Callback: None, Args: {'port': 5050, 'host': '127.0.0.1'}
2016-08-22 17:59:46,556 : DEBUG : Events : ^^^^ Posted event 'mc_reset_phase_2'. Type: None, Callback: None, Args: {}
2016-08-22 17:59:46,557 : DEBUG : Events : ============== EVENTS QUEUE =============
2016-08-22 17:59:46,557 : DEBUG : Events : ============== EVENTS QUEUE =============
2016-08-22 17:59:46,557 : DEBUG : Events : client_disconnected, None, None, {'port': 5050, 'host': '127.0.0.1'}
2016-08-22 17:59:46,557 : DEBUG : Events : client_disconnected, None, None, {'port': 5050, 'host': '127.0.0.1'}
2016-08-22 17:59:46,557 : DEBUG : Events : mc_reset_phase_2, None, None, {}
2016-08-22 17:59:46,557 : DEBUG : Events : mc_reset_phase_2, None, None, {}
2016-08-22 17:59:46,557 : DEBUG : Events : =========================================
2016-08-22 17:59:46,557 : DEBUG : Events : =========================================
2016-08-22 17:59:46,558 : DEBUG : Events : ^^^^ Processing event 'client_disconnected'. Type: None, Callback: None, Args: {'port': 5050, 'host': '127.0.0.1'}
2016-08-22 17:59:46,558 : DEBUG : Events : vvvv Finished event 'client_disconnected'. Type: None. Callback: None. Args: {'port': 5050, 'host': '127.0.0.1'}
2016-08-22 17:59:46,558 : DEBUG : Events : ^^^^ Processing event 'mc_reset_phase_2'. Type: None, Callback: None, Args: {}
2016-08-22 17:59:46,558 : DEBUG : Events : vvvv Finished event 'mc_reset_phase_2'. Type: None. Callback: None. Args: {}
2016-08-22 17:59:46,558 : DEBUG : Events : ^^^^ Posted event 'mc_reset_phase_3'. Type: None, Callback: None, Args: {}
2016-08-22 17:59:46,558 : DEBUG : Events : ============== EVENTS QUEUE =============
2016-08-22 17:59:46,558 : DEBUG : Events : mc_reset_phase_3, None, None, {}
2016-08-22 17:59:46,558 : DEBUG : Events : =========================================
2016-08-22 17:59:46,558 : DEBUG : Events : ^^^^ Processing event 'mc_reset_phase_3'. Type: None, Callback: None, Args: {}
2016-08-22 17:59:46,559 : DEBUG : Events : vvvv Finished event 'mc_reset_phase_3'. Type: None. Callback: None. Args: {}
2016-08-22 17:59:46,584 : INFO : MPF-MC BCP Server : Received connection from: 127.0.0.1:50699
2016-08-22 17:59:46,584 : DEBUG : Events : ^^^^ Posted event 'client_connected'. Type: None, Callback: None, Args: {'port': 50699, 'address': '127.0.0.1'}
2016-08-22 17:59:46,584 : DEBUG : Events : ============== EVENTS QUEUE =============
2016-08-22 17:59:46,585 : DEBUG : Events : client_connected, None, None, {'port': 50699, 'address': '127.0.0.1'}
2016-08-22 17:59:46,585 : DEBUG : Events : =========================================
2016-08-22 17:59:46,586 : DEBUG : MPF-MC BCP Server : Received "hello?version=1.0&controller_name=Mission%20Pinball%20Framework&controller_version=0.30.26"
2016-08-22 17:59:46,587 : DEBUG : MPF-MC BCP Server : Received "machine_variable?name=player1_score&value=int:0"
2016-08-22 17:59:46,587 : DEBUG : MPF-MC BCP Server : Received "machine_variable?name=credits_string&value=FREE%20PLAY"
2016-08-22 17:59:46,587 : DEBUG : MPF-MC BCP Server : Received "reset"
2016-08-22 17:59:46,589 : DEBUG : MPF-MC BCP Server : Received "mode_start?name=attract&priority=int:10"
2016-08-22 17:59:46,592 : DEBUG : MPF-MC BCP Server : Received "trigger?name=mode_attract_started"
2016-08-22 17:59:46,597 : DEBUG : Events : ^^^^ Processing event 'client_connected'. Type: None, Callback: None, Args: {'port': 50699, 'address': '127.0.0.1'}
2016-08-22 17:59:46,598 : DEBUG : Events : vvvv Finished event 'client_connected'. Type: None. Callback: None. Args: {'port': 50699, 'address': '127.0.0.1'}
2016-08-22 17:59:46,598 : DEBUG : BcpProcessor : Processing command: hello {'version': '1.0', 'controller_name': 'Mission Pinball Framework', 'controller_version': '0.30.26'}
2016-08-22 17:59:46,598 : DEBUG : BcpProcessor : Processing command: machine_variable {'name': 'player1_score', 'value': 0}
2016-08-22 17:59:46,599 : DEBUG : mpfmc : Setting machine_var 'player1_score' to: 0, (prior: None, change: True)
2016-08-22 17:59:46,599 : DEBUG : Events : ^^^^ Posted event 'machine_var_player1_score'. Type: None, Callback: None, Args: {'prev_value': None, 'value': 0, 'change': True}
2016-08-22 17:59:46,599 : DEBUG : Events : ============== EVENTS QUEUE =============
2016-08-22 17:59:46,599 : DEBUG : Events : machine_var_player1_score, None, None, {'prev_value': None, 'value': 0, 'change': True}
2016-08-22 17:59:46,599 : DEBUG : Events : =========================================
2016-08-22 17:59:46,600 : DEBUG : BcpProcessor : Processing command: machine_variable {'name': 'credits_string', 'value': 'FREE PLAY'}
2016-08-22 17:59:46,600 : DEBUG : mpfmc : Setting machine_var 'credits_string' to: FREE PLAY, (prior: None, change: True)
2016-08-22 17:59:46,600 : DEBUG : Events : ^^^^ Posted event 'machine_var_credits_string'. Type: None, Callback: None, Args: {'prev_value': None, 'value': 'FREE PLAY', 'change': True}
2016-08-22 17:59:46,600 : DEBUG : Events : ============== EVENTS QUEUE =============
2016-08-22 17:59:46,600 : DEBUG : Events : machine_var_player1_score, None, None, {'prev_value': None, 'value': 0, 'change': True}
2016-08-22 17:59:46,601 : DEBUG : Events : machine_var_credits_string, None, None, {'prev_value': None, 'value': 'FREE PLAY', 'change': True}
2016-08-22 17:59:46,601 : DEBUG : Events : =========================================
2016-08-22 17:59:46,601 : DEBUG : BcpProcessor : Processing command: reset {}
2016-08-22 17:59:46,601 : DEBUG : Events : ^^^^ Posted event 'mc_reset_phase_1'. Type: None, Callback: None, Args: {}
2016-08-22 17:59:46,601 : DEBUG : Events : ============== EVENTS QUEUE =============
2016-08-22 17:59:46,602 : DEBUG : Events : machine_var_player1_score, None, None, {'prev_value': None, 'value': 0, 'change': True}
2016-08-22 17:59:46,602 : DEBUG : Events : machine_var_credits_string, None, None, {'prev_value': None, 'value': 'FREE PLAY', 'change': True}
2016-08-22 17:59:46,602 : DEBUG : Events : mc_reset_phase_1, None, None, {}
2016-08-22 17:59:46,602 : DEBUG : Events : =========================================
2016-08-22 17:59:46,602 : DEBUG : Events : ^^^^ Processing event 'machine_var_player1_score'. Type: None, Callback: None, Args: {'prev_value': None, 'value': 0, 'change': True}
2016-08-22 17:59:46,602 : DEBUG : Events : vvvv Finished event 'machine_var_player1_score'. Type: None. Callback: None. Args: {'prev_value': None, 'value': 0, 'change': True}
2016-08-22 17:59:46,603 : DEBUG : Events : ^^^^ Processing event 'machine_var_credits_string'. Type: None, Callback: None, Args: {'prev_value': None, 'value': 'FREE PLAY', 'change': True}
2016-08-22 17:59:46,603 : DEBUG : Events : vvvv Finished event 'machine_var_credits_string'. Type: None. Callback: None. Args: {'prev_value': None, 'value': 'FREE PLAY', 'change': True}
2016-08-22 17:59:46,603 : DEBUG : Events : ^^^^ Processing event 'mc_reset_phase_1'. Type: None, Callback: None, Args: {}
2016-08-22 17:59:46,603 : DEBUG : Events : vvvv Finished event 'mc_reset_phase_1'. Type: None. Callback: None. Args: {}
2016-08-22 17:59:46,603 : DEBUG : Events : ^^^^ Posted event 'mc_reset_phase_2'. Type: None, Callback: None, Args: {}
2016-08-22 17:59:46,603 : DEBUG : Events : ============== EVENTS QUEUE =============
2016-08-22 17:59:46,603 : DEBUG : Events : mc_reset_phase_2, None, None, {}
2016-08-22 17:59:46,603 : DEBUG : Events : =========================================
2016-08-22 17:59:46,604 : DEBUG : Events : ^^^^ Processing event 'mc_reset_phase_2'. Type: None, Callback: None, Args: {}
2016-08-22 17:59:46,604 : DEBUG : Events : vvvv Finished event 'mc_reset_phase_2'. Type: None. Callback: None. Args: {}
2016-08-22 17:59:46,604 : DEBUG : Events : ^^^^ Posted event 'mc_reset_phase_3'. Type: None, Callback: None, Args: {}
2016-08-22 17:59:46,604 : DEBUG : Events : ============== EVENTS QUEUE =============
2016-08-22 17:59:46,604 : DEBUG : Events : mc_reset_phase_3, None, None, {}
2016-08-22 17:59:46,604 : DEBUG : Events : =========================================
2016-08-22 17:59:46,604 : DEBUG : Events : ^^^^ Processing event 'mc_reset_phase_3'. Type: None, Callback: None, Args: {}
2016-08-22 17:59:46,605 : DEBUG : Events : vvvv Finished event 'mc_reset_phase_3'. Type: None. Callback: None. Args: {}
2016-08-22 17:59:46,605 : DEBUG : BcpProcessor : Processing command: mode_start {'name': 'attract', 'priority': 10}
2016-08-22 17:59:46,605 : DEBUG : Mode.attract : Mode Start. Priority: 10
2016-08-22 17:59:46,605 : DEBUG : BcpProcessor : Processing command: trigger {'name': 'mode_attract_started'}
2016-08-22 17:59:46,605 : DEBUG : Events : ^^^^ Posted event 'mode_attract_started'. Type: None, Callback: None, Args: {}
2016-08-22 17:59:46,605 : DEBUG : Events : ============== EVENTS QUEUE =============
2016-08-22 17:59:46,606 : DEBUG : Events : mode_attract_started, None, None, {}
2016-08-22 17:59:46,606 : DEBUG : Events : =========================================
2016-08-22 17:59:46,627 : DEBUG : Events : ^^^^ Processing event 'mode_attract_started'. Type: None, Callback: None, Args: {}
2016-08-22 17:59:46,628 : DEBUG : Events : ConfigPlayer.config_play_callback (priority: 0) responding to event 'mode_attract_started' with args {'settings': {'slides': {'attract_started': {'target': None, 'persist': False, 'action': 'play', 'force': False, 'transition': None, 'show': True, 'expire': None, 'priority': None, 'transition_out': None}}}, 'mode': None}
2016-08-22 17:59:46,631 : DEBUG : Events : vvvv Finished event 'mode_attract_started'. Type: None. Callback: None. Args: {}
2016-08-22 17:59:56,964 : INFO : kivy : Base: Leaving application in progress...
2016-08-22 17:59:57,005 : INFO : mpfmc : Stopping...
2016-08-22 17:59:57,005 : INFO : mpfmc : Loop rate 32.93Hz
2016-08-22 17:59:57,005 : INFO : kivy : MC run loop ended.
2016-08-22 17:59:57,006 : INFO : kivy : Stopping child threads... (3 remaining)
2016-08-22 17:59:57,688 : INFO : MPF-MC BCP Server : Stopping BCP sending thread
2016-08-22 17:59:57,713 : INFO : kivy : All child threads stopped.
