2016-08-22 18:01:25,637 : INFO : kivy : Factory: 179 symbols loaded
2016-08-22 18:01:25,638 : DEBUG : kivy : Cache: register <kv.lang> with limit=None, timeout=None
2016-08-22 18:01:25,713 : DEBUG : kivy : Cache: register <kv.image> with limit=None, timeout=60
2016-08-22 18:01:25,713 : DEBUG : kivy : Cache: register <kv.atlas> with limit=None, timeout=None
2016-08-22 18:01:25,730 : INFO : kivy : Image: Providers: img_tex, img_imageio, img_dds, img_gif, img_sdl2 (img_pil, img_ffpyplayer ignored)
2016-08-22 18:01:25,731 : DEBUG : kivy : Cache: register <kv.texture> with limit=1000, timeout=60
2016-08-22 18:01:25,731 : DEBUG : kivy : Cache: register <kv.shader> with limit=1000, timeout=3600
2016-08-22 18:01:25,867 : INFO : kivy : VideoGstplayer: Using Gstreamer 1.4.5.0
2016-08-22 18:01:25,867 : INFO : kivy : Video: Provider: gstplayer
2016-08-22 18:01:25,881 : INFO : kivy : Loading MPF-MC controller
2016-08-22 18:01:25,881 : INFO : mpfmc : Mission Pinball Framework Media Controller v0.30.1
2016-08-22 18:01:25,882 : INFO : mpfmc : Machine path: /Users/jackbot/pinball/taxi
2016-08-22 18:01:25,882 : INFO : mpfmc : Starting clock at 30.0Hz
2016-08-22 18:01:25,882 : DEBUG : Events : Registered ModeController._load_modes as a handler for 'init_phase_2', priority: 1, kwargs: {}
2016-08-22 18:01:25,883 : DEBUG : Events : Registered ConfigCollection.create_entries_from_root_config as a handler for 'init_phase_1', priority: 1, kwargs: {}
2016-08-22 18:01:25,883 : DEBUG : Events : Registered ConfigCollection.create_entries_from_root_config as a handler for 'init_phase_1', priority: 1, kwargs: {}
2016-08-22 18:01:25,887 : INFO : kivy : Text: Provider: sdl2
2016-08-22 18:01:25,893 : DEBUG : Events : Registered ConfigCollection.create_entries_from_root_config as a handler for 'init_phase_1', priority: 1, kwargs: {}
2016-08-22 18:01:25,893 : DEBUG : Events : Registered ConfigCollection.create_entries_from_root_config as a handler for 'init_phase_1', priority: 1, kwargs: {}
2016-08-22 18:01:26,088 : DEBUG : Events : Registered ConfigProcessor._init as a handler for 'init_phase_1', priority: 1, kwargs: {}
2016-08-22 18:01:26,109 : INFO : kivy : OSC: using <multiprocessing> for socket
2016-08-22 18:01:26,111 : INFO : kivy : Window: Provider: sdl2
2016-08-22 18:01:26,209 : INFO : kivy : GL: OpenGL version <b'2.1 INTEL-10.14.73'>
2016-08-22 18:01:26,209 : INFO : kivy : GL: OpenGL vendor <b'Intel Inc.'>
2016-08-22 18:01:26,209 : INFO : kivy : GL: OpenGL renderer <b'Intel Iris Pro OpenGL Engine'>
2016-08-22 18:01:26,210 : INFO : kivy : GL: OpenGL parsed version: 2, 1
2016-08-22 18:01:26,210 : INFO : kivy : GL: Shading version <b'1.20'>
2016-08-22 18:01:26,210 : INFO : kivy : GL: Texture max size <16384>
2016-08-22 18:01:26,210 : INFO : kivy : GL: Texture max units <16>
2016-08-22 18:01:26,219 : DEBUG : kivy : Shader: Fragment compiled successfully
2016-08-22 18:01:26,220 : DEBUG : kivy : Shader: Vertex compiled successfully
2016-08-22 18:01:26,221 : DEBUG : kivy : ImageImageIO: Load </Applications/MPF.app/Contents/Resources/kivy/kivy/data/glsl/default.png>
2016-08-22 18:01:26,222 : INFO : kivy : Window: auto add sdl2 input provider
2016-08-22 18:01:26,222 : INFO : kivy : Window: virtual keyboard not allowed, single mode, not docked
2016-08-22 18:01:26,224 : DEBUG : kivy : Resource: add </Applications/MPF.app/Contents/Frameworks/python/3.5.0/lib/python3.5/site-packages/mpfmc/fonts> in path list
2016-08-22 18:01:26,224 : DEBUG : SoundSystem : Loading the Sound System
2016-08-22 18:01:26,224 : INFO : SoundSystem : SoundSystem: Using default 'sound_system' settings
2016-08-22 18:01:26,245 : INFO : AudioInterface : Initialized 0.30.0
2016-08-22 18:01:26,245 : DEBUG : AudioInterface : Loaded SDL 2.0.4
2016-08-22 18:01:26,245 : DEBUG : AudioInterface : Loaded SDL_Mixer 2.0.0
2016-08-22 18:01:26,245 : DEBUG : AudioInterface : Settings requested - rate: 44100, channels: 1, buffer: 2048 samples
2016-08-22 18:01:26,245 : DEBUG : AudioInterface : Settings in use - rate: 44100, channels: 1, buffer: 2048 samples
2016-08-22 18:01:26,245 : DEBUG : AudioInterface : Silence audio chunk initialized (required for SDL_Mixer callback)
2016-08-22 18:01:26,246 : DEBUG : AudioInterface : SDL_Mixer - Allocated 1 channel for final audio output
2016-08-22 18:01:26,246 : DEBUG : AudioInterface.Track.0.default : Allocated track audio buffer (4096 bytes)
2016-08-22 18:01:26,246 : DEBUG : AudioInterface : The 'default' track has successfully been created.
2016-08-22 18:01:26,246 : DEBUG : AudioInterface : Enabling audio playback
2016-08-22 18:01:26,246 : DEBUG : AssetManager : Initializing...
2016-08-22 18:01:26,247 : DEBUG : Events : Registered AssetManager._create_assets as a handler for 'init_phase_3', priority: 1, kwargs: {}
2016-08-22 18:01:26,247 : DEBUG : Events : Registered AssetManager._bcp_client_asset_load as a handler for 'assets_to_load', priority: 1, kwargs: {}
2016-08-22 18:01:26,247 : DEBUG : Events : Registered BcpProcessor._start_socket_thread as a handler for 'init_done', priority: 1, kwargs: {}
2016-08-22 18:01:26,248 : DEBUG : kivy : App: Loading kv </Applications/MPF.app/Contents/Frameworks/python/3.5.0/lib/python3.5/site-packages/mpfmc/core/mpfmc.kv>
2016-08-22 18:01:26,248 : DEBUG : kivy : App: kv </Applications/MPF.app/Contents/Frameworks/python/3.5.0/lib/python3.5/site-packages/mpfmc/core/mpfmc.kv> not found
2016-08-22 18:01:26,249 : DEBUG : kivy : Base: Create provider from mouse
2016-08-22 18:01:26,250 : INFO : kivy : Base: Start application main loop
2016-08-22 18:01:26,324 : DEBUG : Events : ^^^^ Posted event 'display_window_ready'. Type: None, Callback: None, Args: {}
2016-08-22 18:01:26,324 : DEBUG : Events : ============== EVENTS QUEUE =============
2016-08-22 18:01:26,324 : DEBUG : Events : display_window_ready, None, None, {}
2016-08-22 18:01:26,324 : DEBUG : Events : =========================================
2016-08-22 18:01:26,325 : DEBUG : Events : ^^^^ Processing event 'display_window_ready'. Type: None, Callback: None, Args: {}
2016-08-22 18:01:26,325 : DEBUG : Events : vvvv Finished event 'display_window_ready'. Type: None. Callback: None. Args: {}
2016-08-22 18:01:26,351 : DEBUG : Events : ^^^^ Posted event 'display_window_initialized'. Type: None, Callback: None, Args: {}
2016-08-22 18:01:26,351 : DEBUG : Events : ============== EVENTS QUEUE =============
2016-08-22 18:01:26,352 : DEBUG : Events : display_window_initialized, None, None, {}
2016-08-22 18:01:26,352 : DEBUG : Events : =========================================
2016-08-22 18:01:26,352 : DEBUG : Events : ^^^^ Processing event 'display_window_initialized'. Type: None, Callback: None, Args: {}
2016-08-22 18:01:26,352 : DEBUG : Events : vvvv Finished event 'display_window_initialized'. Type: None. Callback: None. Args: {}
2016-08-22 18:01:26,385 : DEBUG : Events : ^^^^ Posted event 'displays_initialized'. Type: None, Callback: None, Args: {}
2016-08-22 18:01:26,385 : DEBUG : Events : ============== EVENTS QUEUE =============
2016-08-22 18:01:26,385 : DEBUG : Events : displays_initialized, None, None, {}
2016-08-22 18:01:26,386 : DEBUG : Events : =========================================
2016-08-22 18:01:26,386 : DEBUG : Events : ^^^^ Processing event 'displays_initialized'. Type: None, Callback: None, Args: {}
2016-08-22 18:01:26,386 : DEBUG : Events : vvvv Finished event 'displays_initialized'. Type: None. Callback: None. Args: {}
2016-08-22 18:01:26,388 : DEBUG : Events : Registered McConfigPlayer._initialize as a handler for 'init_phase_1', priority: 1, kwargs: {}
2016-08-22 18:01:26,389 : DEBUG : Events : Registered McConfigPlayer._initialize as a handler for 'init_phase_1', priority: 1, kwargs: {}
2016-08-22 18:01:26,389 : DEBUG : Events : Registered McConfigPlayer._initialize as a handler for 'init_phase_1', priority: 1, kwargs: {}
2016-08-22 18:01:26,389 : DEBUG : Events : ^^^^ Posted event 'init_phase_1'. Type: None, Callback: None, Args: {}
2016-08-22 18:01:26,389 : DEBUG : Events : ============== EVENTS QUEUE =============
2016-08-22 18:01:26,390 : DEBUG : Events : init_phase_1, None, None, {}
2016-08-22 18:01:26,390 : DEBUG : Events : =========================================
2016-08-22 18:01:26,390 : DEBUG : Events : ^^^^ Processing event 'init_phase_1'. Type: None, Callback: None, Args: {}
2016-08-22 18:01:26,390 : DEBUG : Events : ConfigCollection.create_entries_from_root_config (priority: 1) responding to event 'init_phase_1' with args {}
2016-08-22 18:01:26,393 : DEBUG : Events : ConfigCollection.create_entries_from_root_config (priority: 1) responding to event 'init_phase_1' with args {}
2016-08-22 18:01:26,393 : DEBUG : Events : ConfigCollection.create_entries_from_root_config (priority: 1) responding to event 'init_phase_1' with args {}
2016-08-22 18:01:26,394 : DEBUG : Events : ConfigCollection.create_entries_from_root_config (priority: 1) responding to event 'init_phase_1' with args {}
2016-08-22 18:01:26,394 : DEBUG : Events : ConfigProcessor._init (priority: 1) responding to event 'init_phase_1' with args {}
2016-08-22 18:01:26,394 : DEBUG : Events : McConfigPlayer._initialize (priority: 1) responding to event 'init_phase_1' with args {}
2016-08-22 18:01:26,394 : DEBUG : Events : Registered ConfigPlayer.config_play_callback as a handler for 'ball_started', priority: 0, kwargs: {'mode': None, 'settings': {'slides': {'ball_started': {'persist': False, 'force': False, 'transition': None, 'show': True, 'action': 'play', 'priority': None, 'target': None, 'transition_out': None, 'expire': None}}}}
2016-08-22 18:01:26,395 : DEBUG : Events : Registered ConfigPlayer.config_play_callback as a handler for 'mode_attract_started', priority: 0, kwargs: {'mode': None, 'settings': {'slides': {'attract_started': {'persist': False, 'force': False, 'transition': None, 'show': True, 'action': 'play', 'priority': None, 'target': None, 'transition_out': None, 'expire': None}}}}
2016-08-22 18:01:26,395 : DEBUG : Events : Registered ConfigPlayer.config_play_callback as a handler for 'mc_ready', priority: 0, kwargs: {'mode': None, 'settings': {'slides': {'welcome_slide': {'persist': False, 'force': False, 'transition': None, 'show': True, 'action': 'play', 'priority': None, 'target': None, 'transition_out': None, 'expire': None}}}}
2016-08-22 18:01:26,395 : DEBUG : Events : Registered McConfigPlayer.play_from_trigger as a handler for 'slides_play', priority: 1, kwargs: {}
2016-08-22 18:01:26,395 : DEBUG : Events : Registered McConfigPlayer.clear_from_trigger as a handler for 'slides_clear', priority: 1, kwargs: {}
2016-08-22 18:01:26,395 : DEBUG : Events : McConfigPlayer._initialize (priority: 1) responding to event 'init_phase_1' with args {}
2016-08-22 18:01:26,395 : DEBUG : Events : Registered McConfigPlayer.play_from_trigger as a handler for 'widgets_play', priority: 1, kwargs: {}
2016-08-22 18:01:26,395 : DEBUG : Events : Registered McConfigPlayer.clear_from_trigger as a handler for 'widgets_clear', priority: 1, kwargs: {}
2016-08-22 18:01:26,396 : DEBUG : Events : McConfigPlayer._initialize (priority: 1) responding to event 'init_phase_1' with args {}
2016-08-22 18:01:26,396 : DEBUG : Events : Registered McConfigPlayer.play_from_trigger as a handler for 'sounds_play', priority: 1, kwargs: {}
2016-08-22 18:01:26,396 : DEBUG : Events : Registered McConfigPlayer.clear_from_trigger as a handler for 'sounds_clear', priority: 1, kwargs: {}
2016-08-22 18:01:26,396 : DEBUG : Events : vvvv Finished event 'init_phase_1'. Type: None. Callback: None. Args: {}
2016-08-22 18:01:26,396 : DEBUG : Events : ^^^^ Posted event 'mc_ready'. Type: None, Callback: None, Args: {}
2016-08-22 18:01:26,396 : DEBUG : Events : ============== EVENTS QUEUE =============
2016-08-22 18:01:26,396 : DEBUG : Events : mc_ready, None, None, {}
2016-08-22 18:01:26,396 : DEBUG : Events : =========================================
2016-08-22 18:01:26,396 : DEBUG : Events : ^^^^ Processing event 'mc_ready'. Type: None, Callback: None, Args: {}
2016-08-22 18:01:26,397 : DEBUG : Events : ConfigPlayer.config_play_callback (priority: 0) responding to event 'mc_ready' with args {'mode': None, 'settings': {'slides': {'welcome_slide': {'persist': False, 'force': False, 'transition': None, 'show': True, 'action': 'play', 'priority': None, 'target': None, 'transition_out': None, 'expire': None}}}}
2016-08-22 18:01:26,399 : DEBUG : kivy : Resource: add </Library/Fonts> in path list
2016-08-22 18:01:26,400 : DEBUG : kivy : Resource: add </System/Library/Fonts> in path list
2016-08-22 18:01:26,400 : DEBUG : kivy : Resource: add </Users/jackbot/Library/Fonts> in path list
2016-08-22 18:01:26,400 : DEBUG : kivy : Resource: add </Applications/MPF.app/Contents/Resources/kivy/kivy/data/fonts> in path list
2016-08-22 18:01:26,401 : INFO : kivy : GL: NPOT texture support is available
2016-08-22 18:01:26,402 : DEBUG : Events : vvvv Finished event 'mc_ready'. Type: None. Callback: None. Args: {}
2016-08-22 18:01:26,402 : DEBUG : Events : ^^^^ Posted event 'init_phase_2'. Type: None, Callback: None, Args: {}
2016-08-22 18:01:26,403 : DEBUG : Events : ============== EVENTS QUEUE =============
2016-08-22 18:01:26,403 : DEBUG : Events : init_phase_2, None, None, {}
2016-08-22 18:01:26,403 : DEBUG : Events : =========================================
2016-08-22 18:01:26,403 : DEBUG : Events : ^^^^ Processing event 'init_phase_2'. Type: None, Callback: None, Args: {}
2016-08-22 18:01:26,403 : DEBUG : Events : ModeController._load_modes (priority: 1) responding to event 'init_phase_2' with args {}
2016-08-22 18:01:26,403 : DEBUG : ModeController : Found MPF Mode folders: {'credits': 'credits', 'bonus': 'bonus', 'tilt': 'tilt', 'attract': 'attract', 'carousel': 'carousel', 'high_score': 'high_score', 'game': 'game'}
2016-08-22 18:01:26,403 : DEBUG : ModeController : Found Machine-specific Mode folders: {}
2016-08-22 18:01:26,406 : DEBUG : Events : vvvv Finished event 'init_phase_2'. Type: None. Callback: None. Args: {}
2016-08-22 18:01:26,406 : DEBUG : Events : ^^^^ Posted event 'init_phase_3'. Type: None, Callback: None, Args: {}
2016-08-22 18:01:26,407 : DEBUG : Events : ============== EVENTS QUEUE =============
2016-08-22 18:01:26,407 : DEBUG : Events : init_phase_3, None, None, {}
2016-08-22 18:01:26,407 : DEBUG : Events : =========================================
2016-08-22 18:01:26,407 : DEBUG : Events : ^^^^ Processing event 'init_phase_3'. Type: None, Callback: None, Args: {}
2016-08-22 18:01:26,407 : DEBUG : Events : AssetManager._create_assets (priority: 1) responding to event 'init_phase_3' with args {}
2016-08-22 18:01:26,407 : DEBUG : AssetManager : Processing assets from base folder: /Users/jackbot/pinball/taxi/images
2016-08-22 18:01:26,407 : DEBUG : AssetManager : Processing assets from base folder: /Users/jackbot/pinball/taxi/videos
2016-08-22 18:01:26,407 : DEBUG : AssetManager : Processing assets from base folder: /Users/jackbot/pinball/taxi/sounds
2016-08-22 18:01:26,407 : DEBUG : AssetManager : Processing assets from base folder: /Applications/MPF.app/Contents/Frameworks/python/3.5.0/lib/python3.5/site-packages/mpf/modes/attract/images
2016-08-22 18:01:26,408 : DEBUG : AssetManager : Processing assets from base folder: /Applications/MPF.app/Contents/Frameworks/python/3.5.0/lib/python3.5/site-packages/mpf/modes/attract/videos
2016-08-22 18:01:26,408 : DEBUG : AssetManager : Processing assets from base folder: /Applications/MPF.app/Contents/Frameworks/python/3.5.0/lib/python3.5/site-packages/mpf/modes/attract/sounds
2016-08-22 18:01:26,408 : DEBUG : AssetManager : Processing assets from base folder: /Applications/MPF.app/Contents/Frameworks/python/3.5.0/lib/python3.5/site-packages/mpf/modes/game/images
2016-08-22 18:01:26,408 : DEBUG : AssetManager : Processing assets from base folder: /Applications/MPF.app/Contents/Frameworks/python/3.5.0/lib/python3.5/site-packages/mpf/modes/game/videos
2016-08-22 18:01:26,408 : DEBUG : AssetManager : Processing assets from base folder: /Applications/MPF.app/Contents/Frameworks/python/3.5.0/lib/python3.5/site-packages/mpf/modes/game/sounds
2016-08-22 18:01:26,408 : DEBUG : Events : vvvv Finished event 'init_phase_3'. Type: None. Callback: None. Args: {}
2016-08-22 18:01:26,408 : DEBUG : Events : ^^^^ Posted event 'init_phase_4'. Type: None, Callback: None, Args: {}
2016-08-22 18:01:26,408 : DEBUG : Events : ============== EVENTS QUEUE =============
2016-08-22 18:01:26,409 : DEBUG : Events : init_phase_4, None, None, {}
2016-08-22 18:01:26,409 : DEBUG : Events : =========================================
2016-08-22 18:01:26,409 : DEBUG : Events : ^^^^ Processing event 'init_phase_4'. Type: None, Callback: None, Args: {}
2016-08-22 18:01:26,409 : DEBUG : Events : vvvv Finished event 'init_phase_4'. Type: None. Callback: None. Args: {}
2016-08-22 18:01:26,409 : DEBUG : Events : ^^^^ Posted event 'init_phase_5'. Type: None, Callback: None, Args: {}
2016-08-22 18:01:26,409 : DEBUG : Events : ============== EVENTS QUEUE =============
2016-08-22 18:01:26,409 : DEBUG : Events : init_phase_5, None, None, {}
2016-08-22 18:01:26,409 : DEBUG : Events : =========================================
2016-08-22 18:01:26,409 : DEBUG : Events : ^^^^ Processing event 'init_phase_5'. Type: None, Callback: None, Args: {}
2016-08-22 18:01:26,409 : DEBUG : Events : vvvv Finished event 'init_phase_5'. Type: None. Callback: None. Args: {}
2016-08-22 18:01:26,409 : DEBUG : Events : ^^^^ Posted event 'init_done'. Type: None, Callback: None, Args: {}
2016-08-22 18:01:26,410 : DEBUG : Events : ============== EVENTS QUEUE =============
2016-08-22 18:01:26,410 : DEBUG : Events : init_done, None, None, {}
2016-08-22 18:01:26,410 : DEBUG : Events : =========================================
2016-08-22 18:01:26,410 : DEBUG : Events : ^^^^ Processing event 'init_done'. Type: None, Callback: None, Args: {}
2016-08-22 18:01:26,410 : DEBUG : Events : BcpProcessor._start_socket_thread (priority: 1) responding to event 'init_done' with args {}
2016-08-22 18:01:26,410 : INFO : MPF-MC BCP Server : Starting up on localhost port 5050
2016-08-22 18:01:26,411 : INFO : MPF-MC BCP Server : Waiting for a connection...
2016-08-22 18:01:26,411 : DEBUG : Events : vvvv Finished event 'init_done'. Type: None. Callback: None. Args: {}
2016-08-22 18:01:26,412 : DEBUG : Events : ^^^^ Posted event 'client_disconnected'. Type: None, Callback: None, Args: {'host': '127.0.0.1', 'port': 5050}
2016-08-22 18:01:26,412 : DEBUG : Events : ^^^^ Posted event 'mc_reset_phase_1'. Type: None, Callback: None, Args: {}
2016-08-22 18:01:26,412 : DEBUG : Events : ============== EVENTS QUEUE =============
2016-08-22 18:01:26,412 : DEBUG : Events : ============== EVENTS QUEUE =============
2016-08-22 18:01:26,412 : DEBUG : Events : client_disconnected, None, None, {'host': '127.0.0.1', 'port': 5050}
2016-08-22 18:01:26,412 : DEBUG : Events : client_disconnected, None, None, {'host': '127.0.0.1', 'port': 5050}
2016-08-22 18:01:26,412 : DEBUG : Events : mc_reset_phase_1, None, None, {}
2016-08-22 18:01:26,413 : DEBUG : Events : mc_reset_phase_1, None, None, {}
2016-08-22 18:01:26,413 : DEBUG : Events : =========================================
2016-08-22 18:01:26,413 : DEBUG : Events : =========================================
2016-08-22 18:01:26,413 : DEBUG : Events : ^^^^ Processing event 'client_disconnected'. Type: None, Callback: None, Args: {'host': '127.0.0.1', 'port': 5050}
2016-08-22 18:01:26,413 : DEBUG : Events : vvvv Finished event 'client_disconnected'. Type: None. Callback: None. Args: {'host': '127.0.0.1', 'port': 5050}
2016-08-22 18:01:26,413 : DEBUG : Events : ^^^^ Processing event 'mc_reset_phase_1'. Type: None, Callback: None, Args: {}
2016-08-22 18:01:26,413 : DEBUG : Events : vvvv Finished event 'mc_reset_phase_1'. Type: None. Callback: None. Args: {}
2016-08-22 18:01:26,413 : DEBUG : Events : ^^^^ Posted event 'mc_reset_phase_2'. Type: None, Callback: None, Args: {}
2016-08-22 18:01:26,414 : DEBUG : Events : ============== EVENTS QUEUE =============
2016-08-22 18:01:26,414 : DEBUG : Events : mc_reset_phase_2, None, None, {}
2016-08-22 18:01:26,414 : DEBUG : Events : =========================================
2016-08-22 18:01:26,414 : DEBUG : Events : ^^^^ Processing event 'mc_reset_phase_2'. Type: None, Callback: None, Args: {}
2016-08-22 18:01:26,414 : DEBUG : Events : vvvv Finished event 'mc_reset_phase_2'. Type: None. Callback: None. Args: {}
2016-08-22 18:01:26,414 : DEBUG : Events : ^^^^ Posted event 'mc_reset_phase_3'. Type: None, Callback: None, Args: {}
2016-08-22 18:01:26,414 : DEBUG : Events : ============== EVENTS QUEUE =============
2016-08-22 18:01:26,414 : DEBUG : Events : mc_reset_phase_3, None, None, {}
2016-08-22 18:01:26,414 : DEBUG : Events : =========================================
2016-08-22 18:01:26,414 : DEBUG : Events : ^^^^ Processing event 'mc_reset_phase_3'. Type: None, Callback: None, Args: {}
2016-08-22 18:01:26,415 : DEBUG : Events : vvvv Finished event 'mc_reset_phase_3'. Type: None. Callback: None. Args: {}
2016-08-22 18:01:26,485 : INFO : MPF-MC BCP Server : Received connection from: 127.0.0.1:50710
2016-08-22 18:01:26,486 : DEBUG : Events : ^^^^ Posted event 'client_connected'. Type: None, Callback: None, Args: {'address': '127.0.0.1', 'port': 50710}
2016-08-22 18:01:26,486 : DEBUG : Events : ============== EVENTS QUEUE =============
2016-08-22 18:01:26,486 : DEBUG : Events : client_connected, None, None, {'address': '127.0.0.1', 'port': 50710}
2016-08-22 18:01:26,486 : DEBUG : Events : =========================================
2016-08-22 18:01:26,488 : DEBUG : MPF-MC BCP Server : Received "hello?controller_name=Mission%20Pinball%20Framework&controller_version=0.30.26&version=1.0"
2016-08-22 18:01:26,489 : DEBUG : MPF-MC BCP Server : Received "machine_variable?value=int:0&name=player1_score"
2016-08-22 18:01:26,489 : DEBUG : MPF-MC BCP Server : Received "machine_variable?value=FREE%20PLAY&name=credits_string"
2016-08-22 18:01:26,489 : DEBUG : MPF-MC BCP Server : Received "reset"
2016-08-22 18:01:26,492 : DEBUG : MPF-MC BCP Server : Received "mode_start?priority=int:10&name=attract"
2016-08-22 18:01:26,494 : DEBUG : MPF-MC BCP Server : Received "trigger?name=mode_attract_started"
2016-08-22 18:01:26,514 : DEBUG : BcpProcessor : Processing command: hello {'controller_name': 'Mission Pinball Framework', 'controller_version': '0.30.26', 'version': '1.0'}
2016-08-22 18:01:26,515 : DEBUG : BcpProcessor : Processing command: machine_variable {'value': 0, 'name': 'player1_score'}
2016-08-22 18:01:26,515 : DEBUG : mpfmc : Setting machine_var 'player1_score' to: 0, (prior: None, change: True)
2016-08-22 18:01:26,515 : DEBUG : Events : ^^^^ Posted event 'machine_var_player1_score'. Type: None, Callback: None, Args: {'change': True, 'prev_value': None, 'value': 0}
2016-08-22 18:01:26,515 : DEBUG : Events : ============== EVENTS QUEUE =============
2016-08-22 18:01:26,515 : DEBUG : Events : client_connected, None, None, {'address': '127.0.0.1', 'port': 50710}
2016-08-22 18:01:26,516 : DEBUG : Events : machine_var_player1_score, None, None, {'change': True, 'prev_value': None, 'value': 0}
2016-08-22 18:01:26,516 : DEBUG : Events : =========================================
2016-08-22 18:01:26,516 : DEBUG : BcpProcessor : Processing command: machine_variable {'value': 'FREE PLAY', 'name': 'credits_string'}
2016-08-22 18:01:26,516 : DEBUG : mpfmc : Setting machine_var 'credits_string' to: FREE PLAY, (prior: None, change: True)
2016-08-22 18:01:26,516 : DEBUG : Events : ^^^^ Posted event 'machine_var_credits_string'. Type: None, Callback: None, Args: {'change': True, 'prev_value': None, 'value': 'FREE PLAY'}
2016-08-22 18:01:26,517 : DEBUG : Events : ============== EVENTS QUEUE =============
2016-08-22 18:01:26,517 : DEBUG : Events : client_connected, None, None, {'address': '127.0.0.1', 'port': 50710}
2016-08-22 18:01:26,517 : DEBUG : Events : machine_var_player1_score, None, None, {'change': True, 'prev_value': None, 'value': 0}
2016-08-22 18:01:26,517 : DEBUG : Events : machine_var_credits_string, None, None, {'change': True, 'prev_value': None, 'value': 'FREE PLAY'}
2016-08-22 18:01:26,517 : DEBUG : Events : =========================================
2016-08-22 18:01:26,517 : DEBUG : BcpProcessor : Processing command: reset {}
2016-08-22 18:01:26,517 : DEBUG : Events : ^^^^ Posted event 'mc_reset_phase_1'. Type: None, Callback: None, Args: {}
2016-08-22 18:01:26,518 : DEBUG : Events : ============== EVENTS QUEUE =============
2016-08-22 18:01:26,518 : DEBUG : Events : client_connected, None, None, {'address': '127.0.0.1', 'port': 50710}
2016-08-22 18:01:26,518 : DEBUG : Events : machine_var_player1_score, None, None, {'change': True, 'prev_value': None, 'value': 0}
2016-08-22 18:01:26,518 : DEBUG : Events : machine_var_credits_string, None, None, {'change': True, 'prev_value': None, 'value': 'FREE PLAY'}
2016-08-22 18:01:26,518 : DEBUG : Events : mc_reset_phase_1, None, None, {}
2016-08-22 18:01:26,518 : DEBUG : Events : =========================================
2016-08-22 18:01:26,518 : DEBUG : Events : ^^^^ Processing event 'client_connected'. Type: None, Callback: None, Args: {'address': '127.0.0.1', 'port': 50710}
2016-08-22 18:01:26,519 : DEBUG : Events : vvvv Finished event 'client_connected'. Type: None. Callback: None. Args: {'address': '127.0.0.1', 'port': 50710}
2016-08-22 18:01:26,519 : DEBUG : Events : ^^^^ Processing event 'machine_var_player1_score'. Type: None, Callback: None, Args: {'change': True, 'prev_value': None, 'value': 0}
2016-08-22 18:01:26,519 : DEBUG : Events : vvvv Finished event 'machine_var_player1_score'. Type: None. Callback: None. Args: {'change': True, 'prev_value': None, 'value': 0}
2016-08-22 18:01:26,519 : DEBUG : Events : ^^^^ Processing event 'machine_var_credits_string'. Type: None, Callback: None, Args: {'change': True, 'prev_value': None, 'value': 'FREE PLAY'}
2016-08-22 18:01:26,519 : DEBUG : Events : vvvv Finished event 'machine_var_credits_string'. Type: None. Callback: None. Args: {'change': True, 'prev_value': None, 'value': 'FREE PLAY'}
2016-08-22 18:01:26,519 : DEBUG : Events : ^^^^ Processing event 'mc_reset_phase_1'. Type: None, Callback: None, Args: {}
2016-08-22 18:01:26,520 : DEBUG : Events : vvvv Finished event 'mc_reset_phase_1'. Type: None. Callback: None. Args: {}
2016-08-22 18:01:26,520 : DEBUG : Events : ^^^^ Posted event 'mc_reset_phase_2'. Type: None, Callback: None, Args: {}
2016-08-22 18:01:26,520 : DEBUG : Events : ============== EVENTS QUEUE =============
2016-08-22 18:01:26,520 : DEBUG : Events : mc_reset_phase_2, None, None, {}
2016-08-22 18:01:26,520 : DEBUG : Events : =========================================
2016-08-22 18:01:26,520 : DEBUG : Events : ^^^^ Processing event 'mc_reset_phase_2'. Type: None, Callback: None, Args: {}
2016-08-22 18:01:26,520 : DEBUG : Events : vvvv Finished event 'mc_reset_phase_2'. Type: None. Callback: None. Args: {}
2016-08-22 18:01:26,520 : DEBUG : Events : ^^^^ Posted event 'mc_reset_phase_3'. Type: None, Callback: None, Args: {}
2016-08-22 18:01:26,521 : DEBUG : Events : ============== EVENTS QUEUE =============
2016-08-22 18:01:26,521 : DEBUG : Events : mc_reset_phase_3, None, None, {}
2016-08-22 18:01:26,521 : DEBUG : Events : =========================================
2016-08-22 18:01:26,521 : DEBUG : Events : ^^^^ Processing event 'mc_reset_phase_3'. Type: None, Callback: None, Args: {}
2016-08-22 18:01:26,521 : DEBUG : Events : vvvv Finished event 'mc_reset_phase_3'. Type: None. Callback: None. Args: {}
2016-08-22 18:01:26,521 : DEBUG : BcpProcessor : Processing command: mode_start {'priority': 10, 'name': 'attract'}
2016-08-22 18:01:26,521 : DEBUG : Mode.attract : Mode Start. Priority: 10
2016-08-22 18:01:26,522 : DEBUG : BcpProcessor : Processing command: trigger {'name': 'mode_attract_started'}
2016-08-22 18:01:26,522 : DEBUG : Events : ^^^^ Posted event 'mode_attract_started'. Type: None, Callback: None, Args: {}
2016-08-22 18:01:26,522 : DEBUG : Events : ============== EVENTS QUEUE =============
2016-08-22 18:01:26,522 : DEBUG : Events : mode_attract_started, None, None, {}
2016-08-22 18:01:26,522 : DEBUG : Events : =========================================
2016-08-22 18:01:26,522 : DEBUG : Events : ^^^^ Processing event 'mode_attract_started'. Type: None, Callback: None, Args: {}
2016-08-22 18:01:26,523 : DEBUG : Events : ConfigPlayer.config_play_callback (priority: 0) responding to event 'mode_attract_started' with args {'mode': None, 'settings': {'slides': {'attract_started': {'persist': False, 'force': False, 'transition': None, 'show': True, 'action': 'play', 'priority': None, 'target': None, 'transition_out': None, 'expire': None}}}}
2016-08-22 18:01:26,525 : DEBUG : Events : vvvv Finished event 'mode_attract_started'. Type: None. Callback: None. Args: {}
2016-08-22 18:01:35,210 : DEBUG : MPF-MC BCP Server : Received "mode_start?priority=int:20&name=game"
2016-08-22 18:01:35,211 : DEBUG : MPF-MC BCP Server : Received "mode_stop?name=attract"
2016-08-22 18:01:35,212 : DEBUG : MPF-MC BCP Server : Received "trigger?name=clear&key=attract"
2016-08-22 18:01:35,217 : DEBUG : MPF-MC BCP Server : Received "machine_variable?change=int:0&prev_value=int:0&value=int:0&name=player1_score"
2016-08-22 18:01:35,219 : DEBUG : MPF-MC BCP Server : Received "trigger?num=int:1&player=%3CPlayer%201%3E&name=player_add_success"
2016-08-22 18:01:35,219 : DEBUG : MPF-MC BCP Server : Received "player_added?player_num=int:1"
2016-08-22 18:01:35,220 : DEBUG : MPF-MC BCP Server : Received "player_turn_start?player_num=1"
2016-08-22 18:01:35,222 : DEBUG : MPF-MC BCP Server : Received "player_variable?change=int:1&prev_value=int:0&value=int:1&name=ball&player_num=int:1"
2016-08-22 18:01:35,225 : DEBUG : MPF-MC BCP Server : Received "trigger?player=int:1&ball=int:1&name=ball_started"
2016-08-22 18:01:35,229 : DEBUG : BcpProcessor : Processing command: mode_start {'priority': 20, 'name': 'game'}
2016-08-22 18:01:35,229 : DEBUG : Events : ^^^^ Posted event 'game_started'. Type: None, Callback: None, Args: {}
2016-08-22 18:01:35,230 : DEBUG : Events : ============== EVENTS QUEUE =============
2016-08-22 18:01:35,230 : DEBUG : Events : game_started, None, None, {}
2016-08-22 18:01:35,230 : DEBUG : Events : =========================================
2016-08-22 18:01:35,230 : DEBUG : Mode.game : Mode Start. Priority: 20
2016-08-22 18:01:35,230 : DEBUG : BcpProcessor : Processing command: mode_stop {'name': 'attract'}
2016-08-22 18:01:35,230 : DEBUG : Mode.attract : Mode Stop.
2016-08-22 18:01:35,230 : DEBUG : BcpProcessor : Processing command: trigger {'name': 'clear', 'key': 'attract'}
2016-08-22 18:01:35,230 : DEBUG : Events : ^^^^ Posted event 'clear'. Type: None, Callback: None, Args: {'key': 'attract'}
2016-08-22 18:01:35,230 : DEBUG : Events : ============== EVENTS QUEUE =============
2016-08-22 18:01:35,231 : DEBUG : Events : game_started, None, None, {}
2016-08-22 18:01:35,231 : DEBUG : Events : clear, None, None, {'key': 'attract'}
2016-08-22 18:01:35,231 : DEBUG : Events : =========================================
2016-08-22 18:01:35,231 : DEBUG : BcpProcessor : Processing command: machine_variable {'change': 0, 'prev_value': 0, 'value': 0, 'name': 'player1_score'}
2016-08-22 18:01:35,231 : DEBUG : BcpProcessor : Processing command: trigger {'num': 1, 'player': '<Player 1>', 'name': 'player_add_success'}
2016-08-22 18:01:35,231 : DEBUG : Events : ^^^^ Posted event 'player_add_success'. Type: None, Callback: None, Args: {'num': 1, 'player': '<Player 1>'}
2016-08-22 18:01:35,231 : DEBUG : Events : ============== EVENTS QUEUE =============
2016-08-22 18:01:35,231 : DEBUG : Events : game_started, None, None, {}
2016-08-22 18:01:35,232 : DEBUG : Events : clear, None, None, {'key': 'attract'}
2016-08-22 18:01:35,232 : DEBUG : Events : player_add_success, None, None, {'num': 1, 'player': '<Player 1>'}
2016-08-22 18:01:35,232 : DEBUG : Events : =========================================
2016-08-22 18:01:35,232 : DEBUG : BcpProcessor : Processing command: player_added {'player_num': 1}
2016-08-22 18:01:35,232 : DEBUG : Player : Creating new player: Player 1. (player index '0')
2016-08-22 18:01:35,232 : DEBUG : Events : ^^^^ Posted event 'player_add_success'. Type: None, Callback: <bound method Player._player_add_done of <Player 1>>, Args: {'num': 1, 'player': <Player 1>}
2016-08-22 18:01:35,232 : DEBUG : Events : ============== EVENTS QUEUE =============
2016-08-22 18:01:35,232 : DEBUG : Events : game_started, None, None, {}
2016-08-22 18:01:35,232 : DEBUG : Events : clear, None, None, {'key': 'attract'}
2016-08-22 18:01:35,233 : DEBUG : Events : player_add_success, None, None, {'num': 1, 'player': '<Player 1>'}
2016-08-22 18:01:35,233 : DEBUG : Events : player_add_success, None, <bound method Player._player_add_done of <Player 1>>, {'num': 1, 'player': <Player 1>}
2016-08-22 18:01:35,233 : DEBUG : Events : =========================================
2016-08-22 18:01:35,233 : DEBUG : Events : ^^^^ Posted event 'player_add_success'. Type: None, Callback: None, Args: {'num': 1, 'player': <Player 1>}
2016-08-22 18:01:35,233 : DEBUG : Events : ============== EVENTS QUEUE =============
2016-08-22 18:01:35,233 : DEBUG : Events : game_started, None, None, {}
2016-08-22 18:01:35,233 : DEBUG : Events : clear, None, None, {'key': 'attract'}
2016-08-22 18:01:35,233 : DEBUG : Events : player_add_success, None, None, {'num': 1, 'player': '<Player 1>'}
2016-08-22 18:01:35,233 : DEBUG : Events : player_add_success, None, <bound method Player._player_add_done of <Player 1>>, {'num': 1, 'player': <Player 1>}
2016-08-22 18:01:35,234 : DEBUG : Events : player_add_success, None, None, {'num': 1, 'player': <Player 1>}
2016-08-22 18:01:35,234 : DEBUG : Events : =========================================
2016-08-22 18:01:35,234 : DEBUG : BcpProcessor : Processing command: player_turn_start {'player_num': '1'}
2016-08-22 18:01:35,234 : DEBUG : Events : ^^^^ Posted event 'player_turn_start'. Type: None, Callback: None, Args: {'number': 1, 'player': <Player 1>}
2016-08-22 18:01:35,234 : DEBUG : Events : ============== EVENTS QUEUE =============
2016-08-22 18:01:35,234 : DEBUG : Events : game_started, None, None, {}
2016-08-22 18:01:35,234 : DEBUG : Events : clear, None, None, {'key': 'attract'}
2016-08-22 18:01:35,235 : DEBUG : Events : player_add_success, None, None, {'num': 1, 'player': '<Player 1>'}
2016-08-22 18:01:35,235 : DEBUG : Events : player_add_success, None, <bound method Player._player_add_done of <Player 1>>, {'num': 1, 'player': <Player 1>}
2016-08-22 18:01:35,235 : DEBUG : Events : player_add_success, None, None, {'num': 1, 'player': <Player 1>}
2016-08-22 18:01:35,235 : DEBUG : Events : player_turn_start, None, None, {'number': 1, 'player': <Player 1>}
2016-08-22 18:01:35,235 : DEBUG : Events : =========================================
2016-08-22 18:01:35,235 : DEBUG : BcpProcessor : Processing command: player_variable {'change': 1, 'prev_value': 0, 'value': 1, 'player_num': 1, 'name': 'ball'}
2016-08-22 18:01:35,235 : DEBUG : Player : Setting 'ball' to: 1, (prior: 0, change: 1)
2016-08-22 18:01:35,235 : DEBUG : Events : ^^^^ Posted event 'player_ball'. Type: None, Callback: None, Args: {'change': 1, 'prev_value': 0, 'value': 1, 'player_num': 1}
2016-08-22 18:01:35,235 : DEBUG : Events : ============== EVENTS QUEUE =============
2016-08-22 18:01:35,236 : DEBUG : Events : game_started, None, None, {}
2016-08-22 18:01:35,236 : DEBUG : Events : clear, None, None, {'key': 'attract'}
2016-08-22 18:01:35,236 : DEBUG : Events : player_add_success, None, None, {'num': 1, 'player': '<Player 1>'}
2016-08-22 18:01:35,236 : DEBUG : Events : player_add_success, None, <bound method Player._player_add_done of <Player 1>>, {'num': 1, 'player': <Player 1>}
2016-08-22 18:01:35,236 : DEBUG : Events : player_add_success, None, None, {'num': 1, 'player': <Player 1>}
2016-08-22 18:01:35,236 : DEBUG : Events : player_turn_start, None, None, {'number': 1, 'player': <Player 1>}
2016-08-22 18:01:35,237 : DEBUG : Events : player_ball, None, None, {'change': 1, 'prev_value': 0, 'value': 1, 'player_num': 1}
2016-08-22 18:01:35,237 : DEBUG : Events : =========================================
2016-08-22 18:01:35,237 : DEBUG : BcpProcessor : Processing command: trigger {'player': 1, 'ball': 1, 'name': 'ball_started'}
2016-08-22 18:01:35,237 : DEBUG : Events : ^^^^ Posted event 'ball_started'. Type: None, Callback: None, Args: {'player': 1, 'ball': 1}
2016-08-22 18:01:35,237 : DEBUG : Events : ============== EVENTS QUEUE =============
2016-08-22 18:01:35,237 : DEBUG : Events : game_started, None, None, {}
2016-08-22 18:01:35,238 : DEBUG : Events : clear, None, None, {'key': 'attract'}
2016-08-22 18:01:35,238 : DEBUG : Events : player_add_success, None, None, {'num': 1, 'player': '<Player 1>'}
2016-08-22 18:01:35,238 : DEBUG : Events : player_add_success, None, <bound method Player._player_add_done of <Player 1>>, {'num': 1, 'player': <Player 1>}
2016-08-22 18:01:35,238 : DEBUG : Events : player_add_success, None, None, {'num': 1, 'player': <Player 1>}
2016-08-22 18:01:35,238 : DEBUG : Events : player_turn_start, None, None, {'number': 1, 'player': <Player 1>}
2016-08-22 18:01:35,239 : DEBUG : Events : player_ball, None, None, {'change': 1, 'prev_value': 0, 'value': 1, 'player_num': 1}
2016-08-22 18:01:35,239 : DEBUG : Events : ball_started, None, None, {'player': 1, 'ball': 1}
2016-08-22 18:01:35,239 : DEBUG : Events : =========================================
2016-08-22 18:01:35,239 : DEBUG : Events : ^^^^ Processing event 'game_started'. Type: None, Callback: None, Args: {}
2016-08-22 18:01:35,239 : DEBUG : Events : vvvv Finished event 'game_started'. Type: None. Callback: None. Args: {}
2016-08-22 18:01:35,239 : DEBUG : Events : ^^^^ Processing event 'clear'. Type: None, Callback: None, Args: {'key': 'attract'}
2016-08-22 18:01:35,239 : DEBUG : Events : vvvv Finished event 'clear'. Type: None. Callback: None. Args: {'key': 'attract'}
2016-08-22 18:01:35,240 : DEBUG : Events : ^^^^ Processing event 'player_add_success'. Type: None, Callback: None, Args: {'num': 1, 'player': '<Player 1>'}
2016-08-22 18:01:35,240 : DEBUG : Events : vvvv Finished event 'player_add_success'. Type: None. Callback: None. Args: {'num': 1, 'player': '<Player 1>'}
2016-08-22 18:01:35,240 : DEBUG : Events : ^^^^ Processing event 'player_add_success'. Type: None, Callback: <bound method Player._player_add_done of <Player 1>>, Args: {'num': 1, 'player': <Player 1>}
2016-08-22 18:01:35,240 : DEBUG : Events : vvvv Finished event 'player_add_success'. Type: None. Callback: <bound method Player._player_add_done of <Player 1>>. Args: {'num': 1, 'player': <Player 1>}
2016-08-22 18:01:35,240 : DEBUG : Events : ^^^^ Processing event 'player_add_success'. Type: None, Callback: None, Args: {'num': 1, 'player': <Player 1>}
2016-08-22 18:01:35,240 : DEBUG : Events : vvvv Finished event 'player_add_success'. Type: None. Callback: None. Args: {'num': 1, 'player': <Player 1>}
2016-08-22 18:01:35,240 : DEBUG : Events : ^^^^ Processing event 'player_turn_start'. Type: None, Callback: None, Args: {'number': 1, 'player': <Player 1>}
2016-08-22 18:01:35,240 : DEBUG : Events : vvvv Finished event 'player_turn_start'. Type: None. Callback: None. Args: {'number': 1, 'player': <Player 1>}
2016-08-22 18:01:35,240 : DEBUG : Events : ^^^^ Processing event 'player_ball'. Type: None, Callback: None, Args: {'change': 1, 'prev_value': 0, 'value': 1, 'player_num': 1}
2016-08-22 18:01:35,240 : DEBUG : Events : vvvv Finished event 'player_ball'. Type: None. Callback: None. Args: {'change': 1, 'prev_value': 0, 'value': 1, 'player_num': 1}
2016-08-22 18:01:35,241 : DEBUG : Events : ^^^^ Processing event 'ball_started'. Type: None, Callback: None, Args: {'player': 1, 'ball': 1}
2016-08-22 18:01:35,241 : DEBUG : Events : ConfigPlayer.config_play_callback (priority: 0) responding to event 'ball_started' with args {'mode': None, 'settings': {'slides': {'ball_started': {'persist': False, 'force': False, 'transition': None, 'show': True, 'action': 'play', 'priority': None, 'target': None, 'transition_out': None, 'expire': None}}}, 'player': 1, 'ball': 1}
2016-08-22 18:01:35,242 : DEBUG : Events : Registered Text._player_var_change as a handler for 'player_number', priority: 1, kwargs: {}
2016-08-22 18:01:35,242 : DEBUG : Events : Registered Text._player_var_change as a handler for 'player_turn_start', priority: 1, kwargs: {}
2016-08-22 18:01:35,242 : DEBUG : Events : Registered Text._player_var_change as a handler for 'player_ball', priority: 1, kwargs: {}
2016-08-22 18:01:35,243 : DEBUG : Events : Registered Text._player_var_change as a handler for 'player_turn_start', priority: 1, kwargs: {}
2016-08-22 18:01:35,243 : DEBUG : Events : Registered Text._player_var_change as a handler for 'player_number', priority: 1, kwargs: {}
2016-08-22 18:01:35,243 : DEBUG : Events : Registered Text._player_var_change as a handler for 'player_turn_start', priority: 1, kwargs: {}
2016-08-22 18:01:35,244 : DEBUG : Events : vvvv Finished event 'ball_started'. Type: None. Callback: None. Args: {'player': 1, 'ball': 1}
2016-08-22 18:01:35,244 : DEBUG : Player : Setting 'score' to: 0, (prior: 0, change: 0)
2016-08-22 18:01:35,245 : DEBUG : Events : ^^^^ Posted event 'player_score'. Type: None, Callback: None, Args: {'change': 0, 'prev_value': 0, 'value': 0, 'player_num': 1}
2016-08-22 18:01:35,245 : DEBUG : Events : ============== EVENTS QUEUE =============
2016-08-22 18:01:35,245 : DEBUG : Events : player_score, None, None, {'change': 0, 'prev_value': 0, 'value': 0, 'player_num': 1}
2016-08-22 18:01:35,245 : DEBUG : Events : =========================================
2016-08-22 18:01:35,245 : DEBUG : Events : ^^^^ Processing event 'player_score'. Type: None, Callback: None, Args: {'change': 0, 'prev_value': 0, 'value': 0, 'player_num': 1}
2016-08-22 18:01:35,245 : DEBUG : Events : vvvv Finished event 'player_score'. Type: None. Callback: None. Args: {'change': 0, 'prev_value': 0, 'value': 0, 'player_num': 1}
2016-08-22 18:01:56,228 : DEBUG : MPF-MC BCP Server : Received "trigger?name=ball_ended"
2016-08-22 18:01:56,230 : DEBUG : MPF-MC BCP Server : Received "player_turn_start?player_num=1"
2016-08-22 18:01:56,230 : DEBUG : MPF-MC BCP Server : Received "player_variable?change=int:1&prev_value=int:1&value=int:2&name=ball&player_num=int:1"
2016-08-22 18:01:56,235 : DEBUG : MPF-MC BCP Server : Received "trigger?player=int:1&ball=int:2&name=ball_started"
2016-08-22 18:01:56,242 : DEBUG : BcpProcessor : Processing command: trigger {'name': 'ball_ended'}
2016-08-22 18:01:56,242 : DEBUG : Events : ^^^^ Posted event 'ball_ended'. Type: None, Callback: None, Args: {}
2016-08-22 18:01:56,242 : DEBUG : Events : ============== EVENTS QUEUE =============
2016-08-22 18:01:56,242 : DEBUG : Events : ball_ended, None, None, {}
2016-08-22 18:01:56,242 : DEBUG : Events : =========================================
2016-08-22 18:01:56,242 : DEBUG : BcpProcessor : Processing command: player_turn_start {'player_num': '1'}
2016-08-22 18:01:56,242 : DEBUG : BcpProcessor : Processing command: player_variable {'change': 1, 'prev_value': 1, 'value': 2, 'player_num': 1, 'name': 'ball'}
2016-08-22 18:01:56,242 : DEBUG : Player : Setting 'ball' to: 2, (prior: 1, change: 1)
2016-08-22 18:01:56,242 : DEBUG : Events : ^^^^ Posted event 'player_ball'. Type: None, Callback: None, Args: {'change': 1, 'prev_value': 1, 'value': 2, 'player_num': 1}
2016-08-22 18:01:56,242 : DEBUG : Events : ============== EVENTS QUEUE =============
2016-08-22 18:01:56,243 : DEBUG : Events : ball_ended, None, None, {}
2016-08-22 18:01:56,243 : DEBUG : Events : player_ball, None, None, {'change': 1, 'prev_value': 1, 'value': 2, 'player_num': 1}
2016-08-22 18:01:56,243 : DEBUG : Events : =========================================
2016-08-22 18:01:56,243 : DEBUG : BcpProcessor : Processing command: trigger {'player': 1, 'ball': 2, 'name': 'ball_started'}
2016-08-22 18:01:56,243 : DEBUG : Events : ^^^^ Posted event 'ball_started'. Type: None, Callback: None, Args: {'player': 1, 'ball': 2}
2016-08-22 18:01:56,243 : DEBUG : Events : ============== EVENTS QUEUE =============
2016-08-22 18:01:56,243 : DEBUG : Events : ball_ended, None, None, {}
2016-08-22 18:01:56,243 : DEBUG : Events : player_ball, None, None, {'change': 1, 'prev_value': 1, 'value': 2, 'player_num': 1}
2016-08-22 18:01:56,244 : DEBUG : Events : ball_started, None, None, {'player': 1, 'ball': 2}
2016-08-22 18:01:56,244 : DEBUG : Events : =========================================
2016-08-22 18:01:56,244 : DEBUG : Events : ^^^^ Processing event 'ball_ended'. Type: None, Callback: None, Args: {}
2016-08-22 18:01:56,244 : DEBUG : Events : vvvv Finished event 'ball_ended'. Type: None. Callback: None. Args: {}
2016-08-22 18:01:56,245 : DEBUG : Events : ^^^^ Processing event 'player_ball'. Type: None, Callback: None, Args: {'change': 1, 'prev_value': 1, 'value': 2, 'player_num': 1}
2016-08-22 18:01:56,245 : DEBUG : Events : Text._player_var_change (priority: 1) responding to event 'player_ball' with args {'change': 1, 'prev_value': 1, 'value': 2, 'player_num': 1}
2016-08-22 18:01:56,245 : DEBUG : Events : vvvv Finished event 'player_ball'. Type: None. Callback: None. Args: {'change': 1, 'prev_value': 1, 'value': 2, 'player_num': 1}
2016-08-22 18:01:56,245 : DEBUG : Events : ^^^^ Processing event 'ball_started'. Type: None, Callback: None, Args: {'player': 1, 'ball': 2}
2016-08-22 18:01:56,245 : DEBUG : Events : ConfigPlayer.config_play_callback (priority: 0) responding to event 'ball_started' with args {'mode': None, 'settings': {'slides': {'ball_started': {'persist': False, 'force': False, 'transition': None, 'show': True, 'action': 'play', 'priority': None, 'target': None, 'transition_out': None, 'expire': None}}}, 'player': 1, 'ball': 2}
2016-08-22 18:01:56,246 : DEBUG : Events : Registered Text._player_var_change as a handler for 'player_number', priority: 1, kwargs: {}
2016-08-22 18:01:56,246 : DEBUG : Events : Registered Text._player_var_change as a handler for 'player_turn_start', priority: 1, kwargs: {}
2016-08-22 18:01:56,246 : DEBUG : Events : vvvv Finished event 'ball_started'. Type: None. Callback: None. Args: {'player': 1, 'ball': 2}
2016-08-22 18:01:58,478 : DEBUG : MPF-MC BCP Server : Received "trigger?name=ball_ended"
2016-08-22 18:01:58,480 : DEBUG : MPF-MC BCP Server : Received "player_turn_start?player_num=1"
2016-08-22 18:01:58,481 : DEBUG : MPF-MC BCP Server : Received "player_variable?change=int:1&prev_value=int:2&value=int:3&name=ball&player_num=int:1"
2016-08-22 18:01:58,485 : DEBUG : MPF-MC BCP Server : Received "trigger?player=int:1&ball=int:3&name=ball_started"
2016-08-22 18:01:58,503 : DEBUG : BcpProcessor : Processing command: trigger {'name': 'ball_ended'}
2016-08-22 18:01:58,504 : DEBUG : Events : ^^^^ Posted event 'ball_ended'. Type: None, Callback: None, Args: {}
2016-08-22 18:01:58,504 : DEBUG : Events : ============== EVENTS QUEUE =============
2016-08-22 18:01:58,504 : DEBUG : Events : ball_ended, None, None, {}
2016-08-22 18:01:58,504 : DEBUG : Events : =========================================
2016-08-22 18:01:58,505 : DEBUG : BcpProcessor : Processing command: player_turn_start {'player_num': '1'}
2016-08-22 18:01:58,505 : DEBUG : BcpProcessor : Processing command: player_variable {'change': 1, 'prev_value': 2, 'value': 3, 'player_num': 1, 'name': 'ball'}
2016-08-22 18:01:58,505 : DEBUG : Player : Setting 'ball' to: 3, (prior: 2, change: 1)
2016-08-22 18:01:58,505 : DEBUG : Events : ^^^^ Posted event 'player_ball'. Type: None, Callback: None, Args: {'change': 1, 'prev_value': 2, 'value': 3, 'player_num': 1}
2016-08-22 18:01:58,505 : DEBUG : Events : ============== EVENTS QUEUE =============
2016-08-22 18:01:58,505 : DEBUG : Events : ball_ended, None, None, {}
2016-08-22 18:01:58,506 : DEBUG : Events : player_ball, None, None, {'change': 1, 'prev_value': 2, 'value': 3, 'player_num': 1}
2016-08-22 18:01:58,506 : DEBUG : Events : =========================================
2016-08-22 18:01:58,506 : DEBUG : BcpProcessor : Processing command: trigger {'player': 1, 'ball': 3, 'name': 'ball_started'}
2016-08-22 18:01:58,506 : DEBUG : Events : ^^^^ Posted event 'ball_started'. Type: None, Callback: None, Args: {'player': 1, 'ball': 3}
2016-08-22 18:01:58,506 : DEBUG : Events : ============== EVENTS QUEUE =============
2016-08-22 18:01:58,507 : DEBUG : Events : ball_ended, None, None, {}
2016-08-22 18:01:58,507 : DEBUG : Events : player_ball, None, None, {'change': 1, 'prev_value': 2, 'value': 3, 'player_num': 1}
2016-08-22 18:01:58,507 : DEBUG : Events : ball_started, None, None, {'player': 1, 'ball': 3}
2016-08-22 18:01:58,507 : DEBUG : Events : =========================================
2016-08-22 18:01:58,507 : DEBUG : Events : ^^^^ Processing event 'ball_ended'. Type: None, Callback: None, Args: {}
2016-08-22 18:01:58,507 : DEBUG : Events : vvvv Finished event 'ball_ended'. Type: None. Callback: None. Args: {}
2016-08-22 18:01:58,508 : DEBUG : Events : ^^^^ Processing event 'player_ball'. Type: None, Callback: None, Args: {'change': 1, 'prev_value': 2, 'value': 3, 'player_num': 1}
2016-08-22 18:01:58,508 : DEBUG : Events : Text._player_var_change (priority: 1) responding to event 'player_ball' with args {'change': 1, 'prev_value': 2, 'value': 3, 'player_num': 1}
2016-08-22 18:01:58,508 : DEBUG : Events : vvvv Finished event 'player_ball'. Type: None. Callback: None. Args: {'change': 1, 'prev_value': 2, 'value': 3, 'player_num': 1}
2016-08-22 18:01:58,508 : DEBUG : Events : ^^^^ Processing event 'ball_started'. Type: None, Callback: None, Args: {'player': 1, 'ball': 3}
2016-08-22 18:01:58,508 : DEBUG : Events : ConfigPlayer.config_play_callback (priority: 0) responding to event 'ball_started' with args {'mode': None, 'settings': {'slides': {'ball_started': {'persist': False, 'force': False, 'transition': None, 'show': True, 'action': 'play', 'priority': None, 'target': None, 'transition_out': None, 'expire': None}}}, 'player': 1, 'ball': 3}
2016-08-22 18:01:58,509 : DEBUG : Events : Registered Text._player_var_change as a handler for 'player_number', priority: 1, kwargs: {}
2016-08-22 18:01:58,509 : DEBUG : Events : Registered Text._player_var_change as a handler for 'player_turn_start', priority: 1, kwargs: {}
2016-08-22 18:01:58,510 : DEBUG : Events : vvvv Finished event 'ball_started'. Type: None. Callback: None. Args: {'player': 1, 'ball': 3}
2016-08-22 18:02:00,478 : DEBUG : MPF-MC BCP Server : Received "trigger?name=ball_ended"
2016-08-22 18:02:00,480 : DEBUG : MPF-MC BCP Server : Received "mode_start?priority=int:10&name=attract"
2016-08-22 18:02:00,483 : DEBUG : MPF-MC BCP Server : Received "trigger?name=mode_attract_started"
2016-08-22 18:02:00,484 : DEBUG : MPF-MC BCP Server : Received "mode_stop?name=game"
2016-08-22 18:02:00,486 : DEBUG : MPF-MC BCP Server : Received "trigger?name=clear&key=game"
2016-08-22 18:02:00,498 : DEBUG : BcpProcessor : Processing command: trigger {'name': 'ball_ended'}
2016-08-22 18:02:00,499 : DEBUG : Events : ^^^^ Posted event 'ball_ended'. Type: None, Callback: None, Args: {}
2016-08-22 18:02:00,499 : DEBUG : Events : ============== EVENTS QUEUE =============
2016-08-22 18:02:00,499 : DEBUG : Events : ball_ended, None, None, {}
2016-08-22 18:02:00,499 : DEBUG : Events : =========================================
2016-08-22 18:02:00,499 : DEBUG : BcpProcessor : Processing command: mode_start {'priority': 10, 'name': 'attract'}
2016-08-22 18:02:00,500 : DEBUG : Mode.attract : Mode Start. Priority: 10
2016-08-22 18:02:00,500 : DEBUG : BcpProcessor : Processing command: trigger {'name': 'mode_attract_started'}
2016-08-22 18:02:00,500 : DEBUG : Events : ^^^^ Posted event 'mode_attract_started'. Type: None, Callback: None, Args: {}
2016-08-22 18:02:00,500 : DEBUG : Events : ============== EVENTS QUEUE =============
2016-08-22 18:02:00,501 : DEBUG : Events : ball_ended, None, None, {}
2016-08-22 18:02:00,501 : DEBUG : Events : mode_attract_started, None, None, {}
2016-08-22 18:02:00,501 : DEBUG : Events : =========================================
2016-08-22 18:02:00,501 : DEBUG : BcpProcessor : Processing command: mode_stop {'name': 'game'}
2016-08-22 18:02:00,501 : DEBUG : Events : ^^^^ Posted event 'game_ended'. Type: None, Callback: None, Args: {}
2016-08-22 18:02:00,502 : DEBUG : Events : ============== EVENTS QUEUE =============
2016-08-22 18:02:00,502 : DEBUG : Events : ball_ended, None, None, {}
2016-08-22 18:02:00,502 : DEBUG : Events : mode_attract_started, None, None, {}
2016-08-22 18:02:00,502 : DEBUG : Events : game_ended, None, None, {}
2016-08-22 18:02:00,502 : DEBUG : Events : =========================================
2016-08-22 18:02:00,502 : DEBUG : Mode.game : Mode Stop.
2016-08-22 18:02:00,502 : DEBUG : BcpProcessor : Processing command: trigger {'name': 'clear', 'key': 'game'}
2016-08-22 18:02:00,503 : DEBUG : Events : ^^^^ Posted event 'clear'. Type: None, Callback: None, Args: {'key': 'game'}
2016-08-22 18:02:00,503 : DEBUG : Events : ============== EVENTS QUEUE =============
2016-08-22 18:02:00,503 : DEBUG : Events : ball_ended, None, None, {}
2016-08-22 18:02:00,503 : DEBUG : Events : mode_attract_started, None, None, {}
2016-08-22 18:02:00,503 : DEBUG : Events : game_ended, None, None, {}
2016-08-22 18:02:00,503 : DEBUG : Events : clear, None, None, {'key': 'game'}
2016-08-22 18:02:00,503 : DEBUG : Events : =========================================
2016-08-22 18:02:00,504 : DEBUG : Events : ^^^^ Processing event 'ball_ended'. Type: None, Callback: None, Args: {}
2016-08-22 18:02:00,504 : DEBUG : Events : vvvv Finished event 'ball_ended'. Type: None. Callback: None. Args: {}
2016-08-22 18:02:00,504 : DEBUG : Events : ^^^^ Processing event 'mode_attract_started'. Type: None, Callback: None, Args: {}
2016-08-22 18:02:00,504 : DEBUG : Events : ConfigPlayer.config_play_callback (priority: 0) responding to event 'mode_attract_started' with args {'mode': None, 'settings': {'slides': {'attract_started': {'persist': False, 'force': False, 'transition': None, 'show': True, 'action': 'play', 'priority': None, 'target': None, 'transition_out': None, 'expire': None}}}}
2016-08-22 18:02:00,505 : DEBUG : Events : vvvv Finished event 'mode_attract_started'. Type: None. Callback: None. Args: {}
2016-08-22 18:02:00,505 : DEBUG : Events : ^^^^ Processing event 'game_ended'. Type: None, Callback: None, Args: {}
2016-08-22 18:02:00,505 : DEBUG : Events : vvvv Finished event 'game_ended'. Type: None. Callback: None. Args: {}
2016-08-22 18:02:00,505 : DEBUG : Events : ^^^^ Processing event 'clear'. Type: None, Callback: None, Args: {'key': 'game'}
2016-08-22 18:02:00,505 : DEBUG : Events : vvvv Finished event 'clear'. Type: None. Callback: None. Args: {'key': 'game'}
2016-08-22 18:02:15,453 : INFO : kivy : Base: Leaving application in progress...
2016-08-22 18:02:15,488 : INFO : mpfmc : Stopping...
2016-08-22 18:02:15,488 : INFO : mpfmc : Loop rate 33.02Hz
2016-08-22 18:02:15,488 : INFO : kivy : MC run loop ended.
2016-08-22 18:02:15,489 : INFO : kivy : Stopping child threads... (3 remaining)
2016-08-22 18:02:16,197 : INFO : MPF-MC BCP Server : Stopping BCP sending thread
2016-08-22 18:02:16,498 : INFO : kivy : All child threads stopped.
