2016-08-22 15:48:25,625 : INFO : kivy : Factory: 179 symbols loaded
2016-08-22 15:48:25,626 : DEBUG : kivy : Cache: register <kv.lang> with limit=None, timeout=None
2016-08-22 15:48:25,697 : DEBUG : kivy : Cache: register <kv.image> with limit=None, timeout=60
2016-08-22 15:48:25,697 : DEBUG : kivy : Cache: register <kv.atlas> with limit=None, timeout=None
2016-08-22 15:48:25,716 : INFO : kivy : Image: Providers: img_tex, img_imageio, img_dds, img_gif, img_sdl2 (img_pil, img_ffpyplayer ignored)
2016-08-22 15:48:25,717 : DEBUG : kivy : Cache: register <kv.texture> with limit=1000, timeout=60
2016-08-22 15:48:25,717 : DEBUG : kivy : Cache: register <kv.shader> with limit=1000, timeout=3600
2016-08-22 15:48:25,848 : INFO : kivy : VideoGstplayer: Using Gstreamer 1.4.5.0
2016-08-22 15:48:25,849 : INFO : kivy : Video: Provider: gstplayer
2016-08-22 15:48:25,861 : INFO : kivy : Loading MPF-MC controller
2016-08-22 15:48:25,861 : INFO : mpfmc : Mission Pinball Framework Media Controller v0.30.1
2016-08-22 15:48:25,861 : INFO : mpfmc : Machine path: /Users/jackbot/pinball/taxi
2016-08-22 15:48:25,862 : INFO : mpfmc : Starting clock at 30.0Hz
2016-08-22 15:48:25,862 : DEBUG : Events : Registered ModeController._load_modes as a handler for 'init_phase_2', priority: 1, kwargs: {}
2016-08-22 15:48:25,863 : DEBUG : Events : Registered ConfigCollection.create_entries_from_root_config as a handler for 'init_phase_1', priority: 1, kwargs: {}
2016-08-22 15:48:25,867 : INFO : kivy : Text: Provider: sdl2
2016-08-22 15:48:25,871 : DEBUG : Events : Registered ConfigCollection.create_entries_from_root_config as a handler for 'init_phase_1', priority: 1, kwargs: {}
2016-08-22 15:48:25,872 : DEBUG : Events : Registered ConfigCollection.create_entries_from_root_config as a handler for 'init_phase_1', priority: 1, kwargs: {}
2016-08-22 15:48:25,872 : DEBUG : Events : Registered ConfigCollection.create_entries_from_root_config as a handler for 'init_phase_1', priority: 1, kwargs: {}
2016-08-22 15:48:26,064 : DEBUG : Events : Registered ConfigProcessor._init as a handler for 'init_phase_1', priority: 1, kwargs: {}
2016-08-22 15:48:26,074 : INFO : kivy : OSC: using <multiprocessing> for socket
2016-08-22 15:48:26,076 : INFO : kivy : Window: Provider: sdl2
2016-08-22 15:48:26,165 : INFO : kivy : GL: OpenGL version <b'2.1 INTEL-10.14.73'>
2016-08-22 15:48:26,166 : INFO : kivy : GL: OpenGL vendor <b'Intel Inc.'>
2016-08-22 15:48:26,166 : INFO : kivy : GL: OpenGL renderer <b'Intel Iris Pro OpenGL Engine'>
2016-08-22 15:48:26,166 : INFO : kivy : GL: OpenGL parsed version: 2, 1
2016-08-22 15:48:26,166 : INFO : kivy : GL: Shading version <b'1.20'>
2016-08-22 15:48:26,166 : INFO : kivy : GL: Texture max size <16384>
2016-08-22 15:48:26,166 : INFO : kivy : GL: Texture max units <16>
2016-08-22 15:48:26,179 : DEBUG : kivy : Shader: Fragment compiled successfully
2016-08-22 15:48:26,180 : DEBUG : kivy : Shader: Vertex compiled successfully
2016-08-22 15:48:26,181 : DEBUG : kivy : ImageImageIO: Load </Applications/MPF.app/Contents/Resources/kivy/kivy/data/glsl/default.png>
2016-08-22 15:48:26,183 : INFO : kivy : Window: auto add sdl2 input provider
2016-08-22 15:48:26,183 : INFO : kivy : Window: virtual keyboard not allowed, single mode, not docked
2016-08-22 15:48:26,185 : DEBUG : kivy : Resource: add </Applications/MPF.app/Contents/Frameworks/python/3.5.0/lib/python3.5/site-packages/mpfmc/fonts> in path list
2016-08-22 15:48:26,185 : DEBUG : SoundSystem : Loading the Sound System
2016-08-22 15:48:26,185 : INFO : SoundSystem : SoundSystem: Using default 'sound_system' settings
2016-08-22 15:48:26,205 : INFO : AudioInterface : Initialized 0.30.0
2016-08-22 15:48:26,206 : DEBUG : AudioInterface : Loaded SDL 2.0.4
2016-08-22 15:48:26,206 : DEBUG : AudioInterface : Loaded SDL_Mixer 2.0.0
2016-08-22 15:48:26,206 : DEBUG : AudioInterface : Settings requested - rate: 44100, channels: 1, buffer: 2048 samples
2016-08-22 15:48:26,206 : DEBUG : AudioInterface : Settings in use - rate: 44100, channels: 1, buffer: 2048 samples
2016-08-22 15:48:26,206 : DEBUG : AudioInterface : Silence audio chunk initialized (required for SDL_Mixer callback)
2016-08-22 15:48:26,207 : DEBUG : AudioInterface : SDL_Mixer - Allocated 1 channel for final audio output
2016-08-22 15:48:26,207 : DEBUG : AudioInterface.Track.0.default : Allocated track audio buffer (4096 bytes)
2016-08-22 15:48:26,207 : DEBUG : AudioInterface : The 'default' track has successfully been created.
2016-08-22 15:48:26,207 : DEBUG : AudioInterface : Enabling audio playback
2016-08-22 15:48:26,207 : DEBUG : AssetManager : Initializing...
2016-08-22 15:48:26,208 : DEBUG : Events : Registered AssetManager._create_assets as a handler for 'init_phase_3', priority: 1, kwargs: {}
2016-08-22 15:48:26,208 : DEBUG : Events : Registered AssetManager._bcp_client_asset_load as a handler for 'assets_to_load', priority: 1, kwargs: {}
2016-08-22 15:48:26,208 : DEBUG : kivy : App: Loading kv </Applications/MPF.app/Contents/Frameworks/python/3.5.0/lib/python3.5/site-packages/mpfmc/core/mpfmc.kv>
2016-08-22 15:48:26,209 : DEBUG : kivy : App: kv </Applications/MPF.app/Contents/Frameworks/python/3.5.0/lib/python3.5/site-packages/mpfmc/core/mpfmc.kv> not found
2016-08-22 15:48:26,209 : DEBUG : kivy : Base: Create provider from mouse
2016-08-22 15:48:26,209 : INFO : kivy : Base: Start application main loop
2016-08-22 15:48:26,281 : DEBUG : Events : ^^^^ Posted event 'display_window_ready'. Type: None, Callback: None, Args: {}
2016-08-22 15:48:26,281 : DEBUG : Events : ============== EVENTS QUEUE =============
2016-08-22 15:48:26,282 : DEBUG : Events : display_window_ready, None, None, {}
2016-08-22 15:48:26,282 : DEBUG : Events : =========================================
2016-08-22 15:48:26,309 : DEBUG : Events : ^^^^ Processing event 'display_window_ready'. Type: None, Callback: None, Args: {}
2016-08-22 15:48:26,310 : DEBUG : Events : vvvv Finished event 'display_window_ready'. Type: None. Callback: None. Args: {}
2016-08-22 15:48:26,310 : DEBUG : Events : ^^^^ Posted event 'display_window_initialized'. Type: None, Callback: None, Args: {}
2016-08-22 15:48:26,311 : DEBUG : Events : ============== EVENTS QUEUE =============
2016-08-22 15:48:26,311 : DEBUG : Events : display_window_initialized, None, None, {}
2016-08-22 15:48:26,311 : DEBUG : Events : =========================================
2016-08-22 15:48:26,339 : DEBUG : Events : ^^^^ Processing event 'display_window_initialized'. Type: None, Callback: None, Args: {}
2016-08-22 15:48:26,339 : DEBUG : Events : vvvv Finished event 'display_window_initialized'. Type: None. Callback: None. Args: {}
2016-08-22 15:48:26,342 : DEBUG : Events : ^^^^ Posted event 'displays_initialized'. Type: None, Callback: None, Args: {}
2016-08-22 15:48:26,342 : DEBUG : Events : ============== EVENTS QUEUE =============
2016-08-22 15:48:26,342 : DEBUG : Events : displays_initialized, None, None, {}
2016-08-22 15:48:26,343 : DEBUG : Events : =========================================
2016-08-22 15:48:26,343 : DEBUG : Events : ^^^^ Processing event 'displays_initialized'. Type: None, Callback: None, Args: {}
2016-08-22 15:48:26,343 : DEBUG : Events : vvvv Finished event 'displays_initialized'. Type: None. Callback: None. Args: {}
2016-08-22 15:48:26,345 : DEBUG : Events : Registered McConfigPlayer._initialize as a handler for 'init_phase_1', priority: 1, kwargs: {}
2016-08-22 15:48:26,346 : DEBUG : Events : Registered McConfigPlayer._initialize as a handler for 'init_phase_1', priority: 1, kwargs: {}
2016-08-22 15:48:26,347 : DEBUG : Events : Registered McConfigPlayer._initialize as a handler for 'init_phase_1', priority: 1, kwargs: {}
2016-08-22 15:48:26,347 : DEBUG : Events : ^^^^ Posted event 'init_phase_1'. Type: None, Callback: None, Args: {}
2016-08-22 15:48:26,347 : DEBUG : Events : ============== EVENTS QUEUE =============
2016-08-22 15:48:26,347 : DEBUG : Events : init_phase_1, None, None, {}
2016-08-22 15:48:26,347 : DEBUG : Events : =========================================
2016-08-22 15:48:26,347 : DEBUG : Events : ^^^^ Processing event 'init_phase_1'. Type: None, Callback: None, Args: {}
2016-08-22 15:48:26,348 : DEBUG : Events : ConfigCollection.create_entries_from_root_config (priority: 1) responding to event 'init_phase_1' with args {}
2016-08-22 15:48:26,349 : DEBUG : Events : ConfigCollection.create_entries_from_root_config (priority: 1) responding to event 'init_phase_1' with args {}
2016-08-22 15:48:26,349 : DEBUG : Events : ConfigCollection.create_entries_from_root_config (priority: 1) responding to event 'init_phase_1' with args {}
2016-08-22 15:48:26,349 : DEBUG : Events : ConfigCollection.create_entries_from_root_config (priority: 1) responding to event 'init_phase_1' with args {}
2016-08-22 15:48:26,349 : DEBUG : Events : ConfigProcessor._init (priority: 1) responding to event 'init_phase_1' with args {}
2016-08-22 15:48:26,349 : DEBUG : Events : McConfigPlayer._initialize (priority: 1) responding to event 'init_phase_1' with args {}
2016-08-22 15:48:26,350 : DEBUG : Events : Registered ConfigPlayer.config_play_callback as a handler for 'mc_ready', priority: 0, kwargs: {'settings': {'slides': {'welcome_slide': {'show': True, 'priority': None, 'force': False, 'transition_out': None, 'persist': False, 'target': None, 'expire': None, 'transition': None, 'action': 'play'}}}, 'mode': None}
2016-08-22 15:48:26,350 : DEBUG : Events : Registered McConfigPlayer.play_from_trigger as a handler for 'slides_play', priority: 1, kwargs: {}
2016-08-22 15:48:26,350 : DEBUG : Events : Registered McConfigPlayer.clear_from_trigger as a handler for 'slides_clear', priority: 1, kwargs: {}
2016-08-22 15:48:26,350 : DEBUG : Events : McConfigPlayer._initialize (priority: 1) responding to event 'init_phase_1' with args {}
2016-08-22 15:48:26,350 : DEBUG : Events : Registered McConfigPlayer.play_from_trigger as a handler for 'sounds_play', priority: 1, kwargs: {}
2016-08-22 15:48:26,350 : DEBUG : Events : Registered McConfigPlayer.clear_from_trigger as a handler for 'sounds_clear', priority: 1, kwargs: {}
2016-08-22 15:48:26,350 : DEBUG : Events : McConfigPlayer._initialize (priority: 1) responding to event 'init_phase_1' with args {}
2016-08-22 15:48:26,351 : DEBUG : Events : Registered McConfigPlayer.play_from_trigger as a handler for 'widgets_play', priority: 1, kwargs: {}
2016-08-22 15:48:26,351 : DEBUG : Events : Registered McConfigPlayer.clear_from_trigger as a handler for 'widgets_clear', priority: 1, kwargs: {}
2016-08-22 15:48:26,351 : DEBUG : Events : vvvv Finished event 'init_phase_1'. Type: None. Callback: None. Args: {}
2016-08-22 15:48:26,351 : DEBUG : Events : ^^^^ Posted event 'mc_ready'. Type: None, Callback: None, Args: {}
2016-08-22 15:48:26,351 : DEBUG : Events : ============== EVENTS QUEUE =============
2016-08-22 15:48:26,351 : DEBUG : Events : mc_ready, None, None, {}
2016-08-22 15:48:26,351 : DEBUG : Events : =========================================
2016-08-22 15:48:26,351 : DEBUG : Events : ^^^^ Processing event 'mc_ready'. Type: None, Callback: None, Args: {}
2016-08-22 15:48:26,352 : DEBUG : Events : ConfigPlayer.config_play_callback (priority: 0) responding to event 'mc_ready' with args {'settings': {'slides': {'welcome_slide': {'show': True, 'priority': None, 'force': False, 'transition_out': None, 'persist': False, 'target': None, 'expire': None, 'transition': None, 'action': 'play'}}}, 'mode': None}
2016-08-22 15:48:26,354 : DEBUG : kivy : Resource: add </Library/Fonts> in path list
2016-08-22 15:48:26,354 : DEBUG : kivy : Resource: add </System/Library/Fonts> in path list
2016-08-22 15:48:26,354 : DEBUG : kivy : Resource: add </Users/jackbot/Library/Fonts> in path list
2016-08-22 15:48:26,355 : DEBUG : kivy : Resource: add </Applications/MPF.app/Contents/Resources/kivy/kivy/data/fonts> in path list
2016-08-22 15:48:26,356 : INFO : kivy : GL: NPOT texture support is available
2016-08-22 15:48:26,356 : DEBUG : Events : vvvv Finished event 'mc_ready'. Type: None. Callback: None. Args: {}
2016-08-22 15:48:26,356 : DEBUG : Events : ^^^^ Posted event 'init_phase_2'. Type: None, Callback: None, Args: {}
2016-08-22 15:48:26,356 : DEBUG : Events : ============== EVENTS QUEUE =============
2016-08-22 15:48:26,356 : DEBUG : Events : init_phase_2, None, None, {}
2016-08-22 15:48:26,357 : DEBUG : Events : =========================================
2016-08-22 15:48:26,357 : DEBUG : Events : ^^^^ Processing event 'init_phase_2'. Type: None, Callback: None, Args: {}
2016-08-22 15:48:26,357 : DEBUG : Events : ModeController._load_modes (priority: 1) responding to event 'init_phase_2' with args {}
2016-08-22 15:48:26,357 : DEBUG : ModeController : Found MPF Mode folders: {'attract': 'attract', 'carousel': 'carousel', 'credits': 'credits', 'game': 'game', 'tilt': 'tilt', 'bonus': 'bonus', 'high_score': 'high_score'}
2016-08-22 15:48:26,357 : DEBUG : ModeController : Found Machine-specific Mode folders: {}
2016-08-22 15:48:26,360 : DEBUG : Events : vvvv Finished event 'init_phase_2'. Type: None. Callback: None. Args: {}
2016-08-22 15:48:26,361 : DEBUG : Events : ^^^^ Posted event 'init_phase_3'. Type: None, Callback: None, Args: {}
2016-08-22 15:48:26,361 : DEBUG : Events : ============== EVENTS QUEUE =============
2016-08-22 15:48:26,361 : DEBUG : Events : init_phase_3, None, None, {}
2016-08-22 15:48:26,361 : DEBUG : Events : =========================================
2016-08-22 15:48:26,361 : DEBUG : Events : ^^^^ Processing event 'init_phase_3'. Type: None, Callback: None, Args: {}
2016-08-22 15:48:26,361 : DEBUG : Events : AssetManager._create_assets (priority: 1) responding to event 'init_phase_3' with args {}
2016-08-22 15:48:26,361 : DEBUG : AssetManager : Processing assets from base folder: /Users/jackbot/pinball/taxi/images
2016-08-22 15:48:26,361 : DEBUG : AssetManager : Processing assets from base folder: /Users/jackbot/pinball/taxi/videos
2016-08-22 15:48:26,361 : DEBUG : AssetManager : Processing assets from base folder: /Users/jackbot/pinball/taxi/sounds
2016-08-22 15:48:26,362 : DEBUG : AssetManager : Processing assets from base folder: /Applications/MPF.app/Contents/Frameworks/python/3.5.0/lib/python3.5/site-packages/mpf/modes/attract/images
2016-08-22 15:48:26,362 : DEBUG : AssetManager : Processing assets from base folder: /Applications/MPF.app/Contents/Frameworks/python/3.5.0/lib/python3.5/site-packages/mpf/modes/attract/videos
2016-08-22 15:48:26,362 : DEBUG : AssetManager : Processing assets from base folder: /Applications/MPF.app/Contents/Frameworks/python/3.5.0/lib/python3.5/site-packages/mpf/modes/attract/sounds
2016-08-22 15:48:26,362 : DEBUG : AssetManager : Processing assets from base folder: /Applications/MPF.app/Contents/Frameworks/python/3.5.0/lib/python3.5/site-packages/mpf/modes/game/images
2016-08-22 15:48:26,362 : DEBUG : AssetManager : Processing assets from base folder: /Applications/MPF.app/Contents/Frameworks/python/3.5.0/lib/python3.5/site-packages/mpf/modes/game/videos
2016-08-22 15:48:26,362 : DEBUG : AssetManager : Processing assets from base folder: /Applications/MPF.app/Contents/Frameworks/python/3.5.0/lib/python3.5/site-packages/mpf/modes/game/sounds
2016-08-22 15:48:26,362 : DEBUG : Events : vvvv Finished event 'init_phase_3'. Type: None. Callback: None. Args: {}
2016-08-22 15:48:26,362 : DEBUG : Events : ^^^^ Posted event 'init_phase_4'. Type: None, Callback: None, Args: {}
2016-08-22 15:48:26,362 : DEBUG : Events : ============== EVENTS QUEUE =============
2016-08-22 15:48:26,363 : DEBUG : Events : init_phase_4, None, None, {}
2016-08-22 15:48:26,363 : DEBUG : Events : =========================================
2016-08-22 15:48:26,363 : DEBUG : Events : ^^^^ Processing event 'init_phase_4'. Type: None, Callback: None, Args: {}
2016-08-22 15:48:26,363 : DEBUG : Events : vvvv Finished event 'init_phase_4'. Type: None. Callback: None. Args: {}
2016-08-22 15:48:26,363 : DEBUG : Events : ^^^^ Posted event 'init_phase_5'. Type: None, Callback: None, Args: {}
2016-08-22 15:48:26,363 : DEBUG : Events : ============== EVENTS QUEUE =============
2016-08-22 15:48:26,363 : DEBUG : Events : init_phase_5, None, None, {}
2016-08-22 15:48:26,363 : DEBUG : Events : =========================================
2016-08-22 15:48:26,363 : DEBUG : Events : ^^^^ Processing event 'init_phase_5'. Type: None, Callback: None, Args: {}
2016-08-22 15:48:26,363 : DEBUG : Events : vvvv Finished event 'init_phase_5'. Type: None. Callback: None. Args: {}
2016-08-22 15:48:26,364 : DEBUG : Events : ^^^^ Posted event 'init_done'. Type: None, Callback: None, Args: {}
2016-08-22 15:48:26,364 : DEBUG : Events : ============== EVENTS QUEUE =============
2016-08-22 15:48:26,364 : DEBUG : Events : init_done, None, None, {}
2016-08-22 15:48:26,364 : DEBUG : Events : =========================================
2016-08-22 15:48:26,364 : DEBUG : Events : ^^^^ Processing event 'init_done'. Type: None, Callback: None, Args: {}
2016-08-22 15:48:26,364 : DEBUG : Events : vvvv Finished event 'init_done'. Type: None. Callback: None. Args: {}
2016-08-22 15:48:26,364 : DEBUG : Events : ^^^^ Posted event 'mc_reset_phase_1'. Type: None, Callback: None, Args: {}
2016-08-22 15:48:26,364 : DEBUG : Events : ============== EVENTS QUEUE =============
2016-08-22 15:48:26,364 : DEBUG : Events : mc_reset_phase_1, None, None, {}
2016-08-22 15:48:26,364 : DEBUG : Events : =========================================
2016-08-22 15:48:26,365 : DEBUG : Events : ^^^^ Processing event 'mc_reset_phase_1'. Type: None, Callback: None, Args: {}
2016-08-22 15:48:26,365 : DEBUG : Events : vvvv Finished event 'mc_reset_phase_1'. Type: None. Callback: None. Args: {}
2016-08-22 15:48:26,365 : DEBUG : Events : ^^^^ Posted event 'mc_reset_phase_2'. Type: None, Callback: None, Args: {}
2016-08-22 15:48:26,365 : DEBUG : Events : ============== EVENTS QUEUE =============
2016-08-22 15:48:26,365 : DEBUG : Events : mc_reset_phase_2, None, None, {}
2016-08-22 15:48:26,365 : DEBUG : Events : =========================================
2016-08-22 15:48:26,365 : DEBUG : Events : ^^^^ Processing event 'mc_reset_phase_2'. Type: None, Callback: None, Args: {}
2016-08-22 15:48:26,365 : DEBUG : Events : vvvv Finished event 'mc_reset_phase_2'. Type: None. Callback: None. Args: {}
2016-08-22 15:48:26,365 : DEBUG : Events : ^^^^ Posted event 'mc_reset_phase_3'. Type: None, Callback: None, Args: {}
2016-08-22 15:48:26,365 : DEBUG : Events : ============== EVENTS QUEUE =============
2016-08-22 15:48:26,365 : DEBUG : Events : mc_reset_phase_3, None, None, {}
2016-08-22 15:48:26,366 : DEBUG : Events : =========================================
2016-08-22 15:48:26,366 : DEBUG : Events : ^^^^ Processing event 'mc_reset_phase_3'. Type: None, Callback: None, Args: {}
2016-08-22 15:48:26,366 : DEBUG : Events : vvvv Finished event 'mc_reset_phase_3'. Type: None. Callback: None. Args: {}
2016-08-22 15:48:40,486 : INFO : kivy : Base: Leaving application in progress...
2016-08-22 15:48:40,521 : INFO : mpfmc : Stopping...
2016-08-22 15:48:40,522 : INFO : mpfmc : Loop rate 32.91Hz
2016-08-22 15:48:40,522 : INFO : kivy : MC run loop ended.
2016-08-22 15:48:40,522 : INFO : kivy : Stopping child threads... (1 remaining)
2016-08-22 15:48:41,330 : INFO : kivy : All child threads stopped.
