2016-08-22 16:21:13,293 : INFO : kivy : Factory: 179 symbols loaded
2016-08-22 16:21:13,294 : DEBUG : kivy : Cache: register <kv.lang> with limit=None, timeout=None
2016-08-22 16:21:13,363 : DEBUG : kivy : Cache: register <kv.image> with limit=None, timeout=60
2016-08-22 16:21:13,363 : DEBUG : kivy : Cache: register <kv.atlas> with limit=None, timeout=None
2016-08-22 16:21:13,381 : INFO : kivy : Image: Providers: img_tex, img_imageio, img_dds, img_gif, img_sdl2 (img_pil, img_ffpyplayer ignored)
2016-08-22 16:21:13,381 : DEBUG : kivy : Cache: register <kv.texture> with limit=1000, timeout=60
2016-08-22 16:21:13,382 : DEBUG : kivy : Cache: register <kv.shader> with limit=1000, timeout=3600
2016-08-22 16:21:13,518 : INFO : kivy : VideoGstplayer: Using Gstreamer 1.4.5.0
2016-08-22 16:21:13,519 : INFO : kivy : Video: Provider: gstplayer
2016-08-22 16:21:13,531 : INFO : kivy : Loading MPF-MC controller
2016-08-22 16:21:13,531 : INFO : mpfmc : Mission Pinball Framework Media Controller v0.30.1
2016-08-22 16:21:13,532 : INFO : mpfmc : Machine path: /Users/jackbot/pinball/taxi
2016-08-22 16:21:13,532 : INFO : mpfmc : Starting clock at 30.0Hz
2016-08-22 16:21:13,533 : DEBUG : Events : Registered ModeController._load_modes as a handler for 'init_phase_2', priority: 1, kwargs: {}
2016-08-22 16:21:13,534 : DEBUG : Events : Registered ConfigCollection.create_entries_from_root_config as a handler for 'init_phase_1', priority: 1, kwargs: {}
2016-08-22 16:21:13,539 : INFO : kivy : Text: Provider: sdl2
2016-08-22 16:21:13,545 : DEBUG : Events : Registered ConfigCollection.create_entries_from_root_config as a handler for 'init_phase_1', priority: 1, kwargs: {}
2016-08-22 16:21:13,545 : DEBUG : Events : Registered ConfigCollection.create_entries_from_root_config as a handler for 'init_phase_1', priority: 1, kwargs: {}
2016-08-22 16:21:13,546 : DEBUG : Events : Registered ConfigCollection.create_entries_from_root_config as a handler for 'init_phase_1', priority: 1, kwargs: {}
2016-08-22 16:21:13,736 : DEBUG : Events : Registered ConfigProcessor._init as a handler for 'init_phase_1', priority: 1, kwargs: {}
2016-08-22 16:21:13,750 : INFO : kivy : OSC: using <multiprocessing> for socket
2016-08-22 16:21:13,752 : INFO : kivy : Window: Provider: sdl2
2016-08-22 16:21:13,853 : INFO : kivy : GL: OpenGL version <b'2.1 INTEL-10.14.73'>
2016-08-22 16:21:13,854 : INFO : kivy : GL: OpenGL vendor <b'Intel Inc.'>
2016-08-22 16:21:13,854 : INFO : kivy : GL: OpenGL renderer <b'Intel Iris Pro OpenGL Engine'>
2016-08-22 16:21:13,854 : INFO : kivy : GL: OpenGL parsed version: 2, 1
2016-08-22 16:21:13,854 : INFO : kivy : GL: Shading version <b'1.20'>
2016-08-22 16:21:13,854 : INFO : kivy : GL: Texture max size <16384>
2016-08-22 16:21:13,854 : INFO : kivy : GL: Texture max units <16>
2016-08-22 16:21:13,866 : DEBUG : kivy : Shader: Fragment compiled successfully
2016-08-22 16:21:13,867 : DEBUG : kivy : Shader: Vertex compiled successfully
2016-08-22 16:21:13,868 : DEBUG : kivy : ImageImageIO: Load </Applications/MPF.app/Contents/Resources/kivy/kivy/data/glsl/default.png>
2016-08-22 16:21:13,869 : INFO : kivy : Window: auto add sdl2 input provider
2016-08-22 16:21:13,869 : INFO : kivy : Window: virtual keyboard not allowed, single mode, not docked
2016-08-22 16:21:13,871 : DEBUG : kivy : Resource: add </Applications/MPF.app/Contents/Frameworks/python/3.5.0/lib/python3.5/site-packages/mpfmc/fonts> in path list
2016-08-22 16:21:13,871 : DEBUG : SoundSystem : Loading the Sound System
2016-08-22 16:21:13,871 : INFO : SoundSystem : SoundSystem: Using default 'sound_system' settings
2016-08-22 16:21:13,892 : INFO : AudioInterface : Initialized 0.30.0
2016-08-22 16:21:13,892 : DEBUG : AudioInterface : Loaded SDL 2.0.4
2016-08-22 16:21:13,892 : DEBUG : AudioInterface : Loaded SDL_Mixer 2.0.0
2016-08-22 16:21:13,892 : DEBUG : AudioInterface : Settings requested - rate: 44100, channels: 1, buffer: 2048 samples
2016-08-22 16:21:13,893 : DEBUG : AudioInterface : Settings in use - rate: 44100, channels: 1, buffer: 2048 samples
2016-08-22 16:21:13,893 : DEBUG : AudioInterface : Silence audio chunk initialized (required for SDL_Mixer callback)
2016-08-22 16:21:13,893 : DEBUG : AudioInterface : SDL_Mixer - Allocated 1 channel for final audio output
2016-08-22 16:21:13,893 : DEBUG : AudioInterface.Track.0.default : Allocated track audio buffer (4096 bytes)
2016-08-22 16:21:13,893 : DEBUG : AudioInterface : The 'default' track has successfully been created.
2016-08-22 16:21:13,893 : DEBUG : AudioInterface : Enabling audio playback
2016-08-22 16:21:13,893 : DEBUG : AssetManager : Initializing...
2016-08-22 16:21:13,894 : DEBUG : Events : Registered AssetManager._create_assets as a handler for 'init_phase_3', priority: 1, kwargs: {}
2016-08-22 16:21:13,894 : DEBUG : Events : Registered AssetManager._bcp_client_asset_load as a handler for 'assets_to_load', priority: 1, kwargs: {}
2016-08-22 16:21:13,894 : DEBUG : Events : Registered BcpProcessor._start_socket_thread as a handler for 'init_done', priority: 1, kwargs: {}
2016-08-22 16:21:13,895 : DEBUG : kivy : App: Loading kv </Applications/MPF.app/Contents/Frameworks/python/3.5.0/lib/python3.5/site-packages/mpfmc/core/mpfmc.kv>
2016-08-22 16:21:13,895 : DEBUG : kivy : App: kv </Applications/MPF.app/Contents/Frameworks/python/3.5.0/lib/python3.5/site-packages/mpfmc/core/mpfmc.kv> not found
2016-08-22 16:21:13,895 : DEBUG : kivy : Base: Create provider from mouse
2016-08-22 16:21:13,896 : INFO : kivy : Base: Start application main loop
2016-08-22 16:21:13,963 : DEBUG : Events : ^^^^ Posted event 'display_window_ready'. Type: None, Callback: None, Args: {}
2016-08-22 16:21:13,963 : DEBUG : Events : ============== EVENTS QUEUE =============
2016-08-22 16:21:13,963 : DEBUG : Events : display_window_ready, None, None, {}
2016-08-22 16:21:13,963 : DEBUG : Events : =========================================
2016-08-22 16:21:13,963 : DEBUG : Events : ^^^^ Processing event 'display_window_ready'. Type: None, Callback: None, Args: {}
2016-08-22 16:21:13,964 : DEBUG : Events : vvvv Finished event 'display_window_ready'. Type: None. Callback: None. Args: {}
2016-08-22 16:21:13,991 : DEBUG : Events : ^^^^ Posted event 'display_window_initialized'. Type: None, Callback: None, Args: {}
2016-08-22 16:21:13,991 : DEBUG : Events : ============== EVENTS QUEUE =============
2016-08-22 16:21:13,991 : DEBUG : Events : display_window_initialized, None, None, {}
2016-08-22 16:21:13,991 : DEBUG : Events : =========================================
2016-08-22 16:21:13,992 : DEBUG : Events : ^^^^ Processing event 'display_window_initialized'. Type: None, Callback: None, Args: {}
2016-08-22 16:21:13,992 : DEBUG : Events : vvvv Finished event 'display_window_initialized'. Type: None. Callback: None. Args: {}
2016-08-22 16:21:14,025 : DEBUG : Events : ^^^^ Posted event 'displays_initialized'. Type: None, Callback: None, Args: {}
2016-08-22 16:21:14,025 : DEBUG : Events : ============== EVENTS QUEUE =============
2016-08-22 16:21:14,025 : DEBUG : Events : displays_initialized, None, None, {}
2016-08-22 16:21:14,025 : DEBUG : Events : =========================================
2016-08-22 16:21:14,025 : DEBUG : Events : ^^^^ Processing event 'displays_initialized'. Type: None, Callback: None, Args: {}
2016-08-22 16:21:14,026 : DEBUG : Events : vvvv Finished event 'displays_initialized'. Type: None. Callback: None. Args: {}
2016-08-22 16:21:14,027 : DEBUG : Events : Registered McConfigPlayer._initialize as a handler for 'init_phase_1', priority: 1, kwargs: {}
2016-08-22 16:21:14,028 : DEBUG : Events : Registered McConfigPlayer._initialize as a handler for 'init_phase_1', priority: 1, kwargs: {}
2016-08-22 16:21:14,028 : DEBUG : Events : Registered McConfigPlayer._initialize as a handler for 'init_phase_1', priority: 1, kwargs: {}
2016-08-22 16:21:14,028 : DEBUG : Events : ^^^^ Posted event 'init_phase_1'. Type: None, Callback: None, Args: {}
2016-08-22 16:21:14,028 : DEBUG : Events : ============== EVENTS QUEUE =============
2016-08-22 16:21:14,028 : DEBUG : Events : init_phase_1, None, None, {}
2016-08-22 16:21:14,029 : DEBUG : Events : =========================================
2016-08-22 16:21:14,029 : DEBUG : Events : ^^^^ Processing event 'init_phase_1'. Type: None, Callback: None, Args: {}
2016-08-22 16:21:14,029 : DEBUG : Events : ConfigCollection.create_entries_from_root_config (priority: 1) responding to event 'init_phase_1' with args {}
2016-08-22 16:21:14,029 : DEBUG : Events : ConfigCollection.create_entries_from_root_config (priority: 1) responding to event 'init_phase_1' with args {}
2016-08-22 16:21:14,029 : DEBUG : Events : ConfigCollection.create_entries_from_root_config (priority: 1) responding to event 'init_phase_1' with args {}
2016-08-22 16:21:14,029 : DEBUG : Events : ConfigCollection.create_entries_from_root_config (priority: 1) responding to event 'init_phase_1' with args {}
2016-08-22 16:21:14,031 : DEBUG : Events : ConfigProcessor._init (priority: 1) responding to event 'init_phase_1' with args {}
2016-08-22 16:21:14,032 : DEBUG : Events : McConfigPlayer._initialize (priority: 1) responding to event 'init_phase_1' with args {}
2016-08-22 16:21:14,032 : DEBUG : Events : Registered McConfigPlayer.play_from_trigger as a handler for 'widgets_play', priority: 1, kwargs: {}
2016-08-22 16:21:14,032 : DEBUG : Events : Registered McConfigPlayer.clear_from_trigger as a handler for 'widgets_clear', priority: 1, kwargs: {}
2016-08-22 16:21:14,032 : DEBUG : Events : McConfigPlayer._initialize (priority: 1) responding to event 'init_phase_1' with args {}
2016-08-22 16:21:14,032 : DEBUG : Events : Registered McConfigPlayer.play_from_trigger as a handler for 'sounds_play', priority: 1, kwargs: {}
2016-08-22 16:21:14,032 : DEBUG : Events : Registered McConfigPlayer.clear_from_trigger as a handler for 'sounds_clear', priority: 1, kwargs: {}
2016-08-22 16:21:14,033 : DEBUG : Events : McConfigPlayer._initialize (priority: 1) responding to event 'init_phase_1' with args {}
2016-08-22 16:21:14,033 : DEBUG : Events : Registered ConfigPlayer.config_play_callback as a handler for 'mc_ready', priority: 0, kwargs: {'settings': {'slides': {'welcome_slide': {'transition': None, 'force': False, 'show': True, 'persist': False, 'priority': None, 'action': 'play', 'transition_out': None, 'target': None, 'expire': None}}}, 'mode': None}
2016-08-22 16:21:14,033 : DEBUG : Events : Registered ConfigPlayer.config_play_callback as a handler for 'mode_attract_started', priority: 0, kwargs: {'settings': {'slides': {'attract_started': {'transition': None, 'force': False, 'show': True, 'persist': False, 'priority': None, 'action': 'play', 'transition_out': None, 'target': None, 'expire': None}}}, 'mode': None}
2016-08-22 16:21:14,034 : DEBUG : Events : Registered McConfigPlayer.play_from_trigger as a handler for 'slides_play', priority: 1, kwargs: {}
2016-08-22 16:21:14,034 : DEBUG : Events : Registered McConfigPlayer.clear_from_trigger as a handler for 'slides_clear', priority: 1, kwargs: {}
2016-08-22 16:21:14,034 : DEBUG : Events : vvvv Finished event 'init_phase_1'. Type: None. Callback: None. Args: {}
2016-08-22 16:21:14,034 : DEBUG : Events : ^^^^ Posted event 'mc_ready'. Type: None, Callback: None, Args: {}
2016-08-22 16:21:14,034 : DEBUG : Events : ============== EVENTS QUEUE =============
2016-08-22 16:21:14,034 : DEBUG : Events : mc_ready, None, None, {}
2016-08-22 16:21:14,034 : DEBUG : Events : =========================================
2016-08-22 16:21:14,035 : DEBUG : Events : ^^^^ Processing event 'mc_ready'. Type: None, Callback: None, Args: {}
2016-08-22 16:21:14,035 : DEBUG : Events : ConfigPlayer.config_play_callback (priority: 0) responding to event 'mc_ready' with args {'settings': {'slides': {'welcome_slide': {'transition': None, 'force': False, 'show': True, 'persist': False, 'priority': None, 'action': 'play', 'transition_out': None, 'target': None, 'expire': None}}}, 'mode': None}
2016-08-22 16:21:14,038 : DEBUG : kivy : Resource: add </Library/Fonts> in path list
2016-08-22 16:21:14,038 : DEBUG : kivy : Resource: add </System/Library/Fonts> in path list
2016-08-22 16:21:14,038 : DEBUG : kivy : Resource: add </Users/jackbot/Library/Fonts> in path list
2016-08-22 16:21:14,038 : DEBUG : kivy : Resource: add </Applications/MPF.app/Contents/Resources/kivy/kivy/data/fonts> in path list
2016-08-22 16:21:14,039 : INFO : kivy : GL: NPOT texture support is available
2016-08-22 16:21:14,041 : DEBUG : Events : vvvv Finished event 'mc_ready'. Type: None. Callback: None. Args: {}
2016-08-22 16:21:14,041 : DEBUG : Events : ^^^^ Posted event 'init_phase_2'. Type: None, Callback: None, Args: {}
2016-08-22 16:21:14,041 : DEBUG : Events : ============== EVENTS QUEUE =============
2016-08-22 16:21:14,041 : DEBUG : Events : init_phase_2, None, None, {}
2016-08-22 16:21:14,041 : DEBUG : Events : =========================================
2016-08-22 16:21:14,041 : DEBUG : Events : ^^^^ Processing event 'init_phase_2'. Type: None, Callback: None, Args: {}
2016-08-22 16:21:14,041 : DEBUG : Events : ModeController._load_modes (priority: 1) responding to event 'init_phase_2' with args {}
2016-08-22 16:21:14,042 : DEBUG : ModeController : Found MPF Mode folders: {'attract': 'attract', 'bonus': 'bonus', 'credits': 'credits', 'carousel': 'carousel', 'game': 'game', 'tilt': 'tilt', 'high_score': 'high_score'}
2016-08-22 16:21:14,042 : DEBUG : ModeController : Found Machine-specific Mode folders: {}
2016-08-22 16:21:14,045 : DEBUG : Events : vvvv Finished event 'init_phase_2'. Type: None. Callback: None. Args: {}
2016-08-22 16:21:14,045 : DEBUG : Events : ^^^^ Posted event 'init_phase_3'. Type: None, Callback: None, Args: {}
2016-08-22 16:21:14,045 : DEBUG : Events : ============== EVENTS QUEUE =============
2016-08-22 16:21:14,045 : DEBUG : Events : init_phase_3, None, None, {}
2016-08-22 16:21:14,045 : DEBUG : Events : =========================================
2016-08-22 16:21:14,045 : DEBUG : Events : ^^^^ Processing event 'init_phase_3'. Type: None, Callback: None, Args: {}
2016-08-22 16:21:14,046 : DEBUG : Events : AssetManager._create_assets (priority: 1) responding to event 'init_phase_3' with args {}
2016-08-22 16:21:14,046 : DEBUG : AssetManager : Processing assets from base folder: /Users/jackbot/pinball/taxi/images
2016-08-22 16:21:14,046 : DEBUG : AssetManager : Processing assets from base folder: /Users/jackbot/pinball/taxi/videos
2016-08-22 16:21:14,046 : DEBUG : AssetManager : Processing assets from base folder: /Users/jackbot/pinball/taxi/sounds
2016-08-22 16:21:14,046 : DEBUG : AssetManager : Processing assets from base folder: /Applications/MPF.app/Contents/Frameworks/python/3.5.0/lib/python3.5/site-packages/mpf/modes/attract/images
2016-08-22 16:21:14,046 : DEBUG : AssetManager : Processing assets from base folder: /Applications/MPF.app/Contents/Frameworks/python/3.5.0/lib/python3.5/site-packages/mpf/modes/attract/videos
2016-08-22 16:21:14,046 : DEBUG : AssetManager : Processing assets from base folder: /Applications/MPF.app/Contents/Frameworks/python/3.5.0/lib/python3.5/site-packages/mpf/modes/attract/sounds
2016-08-22 16:21:14,046 : DEBUG : AssetManager : Processing assets from base folder: /Applications/MPF.app/Contents/Frameworks/python/3.5.0/lib/python3.5/site-packages/mpf/modes/game/images
2016-08-22 16:21:14,046 : DEBUG : AssetManager : Processing assets from base folder: /Applications/MPF.app/Contents/Frameworks/python/3.5.0/lib/python3.5/site-packages/mpf/modes/game/videos
2016-08-22 16:21:14,047 : DEBUG : AssetManager : Processing assets from base folder: /Applications/MPF.app/Contents/Frameworks/python/3.5.0/lib/python3.5/site-packages/mpf/modes/game/sounds
2016-08-22 16:21:14,047 : DEBUG : Events : vvvv Finished event 'init_phase_3'. Type: None. Callback: None. Args: {}
2016-08-22 16:21:14,047 : DEBUG : Events : ^^^^ Posted event 'init_phase_4'. Type: None, Callback: None, Args: {}
2016-08-22 16:21:14,047 : DEBUG : Events : ============== EVENTS QUEUE =============
2016-08-22 16:21:14,047 : DEBUG : Events : init_phase_4, None, None, {}
2016-08-22 16:21:14,047 : DEBUG : Events : =========================================
2016-08-22 16:21:14,047 : DEBUG : Events : ^^^^ Processing event 'init_phase_4'. Type: None, Callback: None, Args: {}
2016-08-22 16:21:14,047 : DEBUG : Events : vvvv Finished event 'init_phase_4'. Type: None. Callback: None. Args: {}
2016-08-22 16:21:14,047 : DEBUG : Events : ^^^^ Posted event 'init_phase_5'. Type: None, Callback: None, Args: {}
2016-08-22 16:21:14,047 : DEBUG : Events : ============== EVENTS QUEUE =============
2016-08-22 16:21:14,048 : DEBUG : Events : init_phase_5, None, None, {}
2016-08-22 16:21:14,048 : DEBUG : Events : =========================================
2016-08-22 16:21:14,048 : DEBUG : Events : ^^^^ Processing event 'init_phase_5'. Type: None, Callback: None, Args: {}
2016-08-22 16:21:14,048 : DEBUG : Events : vvvv Finished event 'init_phase_5'. Type: None. Callback: None. Args: {}
2016-08-22 16:21:14,048 : DEBUG : Events : ^^^^ Posted event 'init_done'. Type: None, Callback: None, Args: {}
2016-08-22 16:21:14,048 : DEBUG : Events : ============== EVENTS QUEUE =============
2016-08-22 16:21:14,048 : DEBUG : Events : init_done, None, None, {}
2016-08-22 16:21:14,048 : DEBUG : Events : =========================================
2016-08-22 16:21:14,048 : DEBUG : Events : ^^^^ Processing event 'init_done'. Type: None, Callback: None, Args: {}
2016-08-22 16:21:14,049 : DEBUG : Events : BcpProcessor._start_socket_thread (priority: 1) responding to event 'init_done' with args {}
2016-08-22 16:21:14,049 : INFO : MPF-MC BCP Server : Starting up on localhost port 5050
2016-08-22 16:21:14,050 : INFO : MPF-MC BCP Server : Waiting for a connection...
2016-08-22 16:21:14,050 : DEBUG : Events : vvvv Finished event 'init_done'. Type: None. Callback: None. Args: {}
2016-08-22 16:21:14,050 : DEBUG : Events : ^^^^ Posted event 'client_disconnected'. Type: None, Callback: None, Args: {'port': 5050, 'host': '127.0.0.1'}
2016-08-22 16:21:14,050 : DEBUG : Events : ^^^^ Posted event 'mc_reset_phase_1'. Type: None, Callback: None, Args: {}
2016-08-22 16:21:14,051 : DEBUG : Events : ============== EVENTS QUEUE =============
2016-08-22 16:21:14,051 : DEBUG : Events : ============== EVENTS QUEUE =============
2016-08-22 16:21:14,051 : DEBUG : Events : client_disconnected, None, None, {'port': 5050, 'host': '127.0.0.1'}
2016-08-22 16:21:14,051 : DEBUG : Events : client_disconnected, None, None, {'port': 5050, 'host': '127.0.0.1'}
2016-08-22 16:21:14,051 : DEBUG : Events : mc_reset_phase_1, None, None, {}
2016-08-22 16:21:14,051 : DEBUG : Events : mc_reset_phase_1, None, None, {}
2016-08-22 16:21:14,051 : DEBUG : Events : =========================================
2016-08-22 16:21:14,052 : DEBUG : Events : =========================================
2016-08-22 16:21:14,052 : DEBUG : Events : ^^^^ Processing event 'client_disconnected'. Type: None, Callback: None, Args: {'port': 5050, 'host': '127.0.0.1'}
2016-08-22 16:21:14,052 : DEBUG : Events : vvvv Finished event 'client_disconnected'. Type: None. Callback: None. Args: {'port': 5050, 'host': '127.0.0.1'}
2016-08-22 16:21:14,052 : DEBUG : Events : ^^^^ Processing event 'mc_reset_phase_1'. Type: None, Callback: None, Args: {}
2016-08-22 16:21:14,052 : DEBUG : Events : vvvv Finished event 'mc_reset_phase_1'. Type: None. Callback: None. Args: {}
2016-08-22 16:21:14,052 : DEBUG : Events : ^^^^ Posted event 'mc_reset_phase_2'. Type: None, Callback: None, Args: {}
2016-08-22 16:21:14,052 : DEBUG : Events : ============== EVENTS QUEUE =============
2016-08-22 16:21:14,052 : DEBUG : Events : mc_reset_phase_2, None, None, {}
2016-08-22 16:21:14,053 : DEBUG : Events : =========================================
2016-08-22 16:21:14,053 : DEBUG : Events : ^^^^ Processing event 'mc_reset_phase_2'. Type: None, Callback: None, Args: {}
2016-08-22 16:21:14,053 : DEBUG : Events : vvvv Finished event 'mc_reset_phase_2'. Type: None. Callback: None. Args: {}
2016-08-22 16:21:14,053 : DEBUG : Events : ^^^^ Posted event 'mc_reset_phase_3'. Type: None, Callback: None, Args: {}
2016-08-22 16:21:14,053 : DEBUG : Events : ============== EVENTS QUEUE =============
2016-08-22 16:21:14,053 : DEBUG : Events : mc_reset_phase_3, None, None, {}
2016-08-22 16:21:14,053 : DEBUG : Events : =========================================
2016-08-22 16:21:14,053 : DEBUG : Events : ^^^^ Processing event 'mc_reset_phase_3'. Type: None, Callback: None, Args: {}
2016-08-22 16:21:14,053 : DEBUG : Events : vvvv Finished event 'mc_reset_phase_3'. Type: None. Callback: None. Args: {}
2016-08-22 16:21:14,154 : INFO : MPF-MC BCP Server : Received connection from: 127.0.0.1:49850
2016-08-22 16:21:14,154 : DEBUG : Events : ^^^^ Posted event 'client_connected'. Type: None, Callback: None, Args: {'port': 49850, 'address': '127.0.0.1'}
2016-08-22 16:21:14,155 : DEBUG : Events : ============== EVENTS QUEUE =============
2016-08-22 16:21:14,155 : DEBUG : Events : client_connected, None, None, {'port': 49850, 'address': '127.0.0.1'}
2016-08-22 16:21:14,155 : DEBUG : Events : =========================================
2016-08-22 16:21:14,158 : DEBUG : MPF-MC BCP Server : Received "hello?controller_name=Mission%20Pinball%20Framework&version=1.0&controller_version=0.30.26"
2016-08-22 16:21:14,160 : DEBUG : MPF-MC BCP Server : Received "machine_variable?value=FREE%20PLAY&name=credits_string"
2016-08-22 16:21:14,160 : DEBUG : MPF-MC BCP Server : Received "reset"
2016-08-22 16:21:14,162 : DEBUG : MPF-MC BCP Server : Received "mode_start?priority=int:10&name=attract"
2016-08-22 16:21:14,164 : DEBUG : MPF-MC BCP Server : Received "trigger?name=mode_attract_started"
2016-08-22 16:21:14,184 : DEBUG : BcpProcessor : Processing command: hello {'controller_name': 'Mission Pinball Framework', 'version': '1.0', 'controller_version': '0.30.26'}
2016-08-22 16:21:14,184 : DEBUG : BcpProcessor : Processing command: machine_variable {'value': 'FREE PLAY', 'name': 'credits_string'}
2016-08-22 16:21:14,184 : DEBUG : mpfmc : Setting machine_var 'credits_string' to: FREE PLAY, (prior: None, change: True)
2016-08-22 16:21:14,184 : DEBUG : Events : ^^^^ Posted event 'machine_var_credits_string'. Type: None, Callback: None, Args: {'value': 'FREE PLAY', 'prev_value': None, 'change': True}
2016-08-22 16:21:14,185 : DEBUG : Events : ============== EVENTS QUEUE =============
2016-08-22 16:21:14,185 : DEBUG : Events : client_connected, None, None, {'port': 49850, 'address': '127.0.0.1'}
2016-08-22 16:21:14,185 : DEBUG : Events : machine_var_credits_string, None, None, {'value': 'FREE PLAY', 'prev_value': None, 'change': True}
2016-08-22 16:21:14,185 : DEBUG : Events : =========================================
2016-08-22 16:21:14,185 : DEBUG : BcpProcessor : Processing command: reset {}
2016-08-22 16:21:14,185 : DEBUG : Events : ^^^^ Posted event 'mc_reset_phase_1'. Type: None, Callback: None, Args: {}
2016-08-22 16:21:14,185 : DEBUG : Events : ============== EVENTS QUEUE =============
2016-08-22 16:21:14,186 : DEBUG : Events : client_connected, None, None, {'port': 49850, 'address': '127.0.0.1'}
2016-08-22 16:21:14,186 : DEBUG : Events : machine_var_credits_string, None, None, {'value': 'FREE PLAY', 'prev_value': None, 'change': True}
2016-08-22 16:21:14,186 : DEBUG : Events : mc_reset_phase_1, None, None, {}
2016-08-22 16:21:14,186 : DEBUG : Events : =========================================
2016-08-22 16:21:14,186 : DEBUG : Events : ^^^^ Processing event 'client_connected'. Type: None, Callback: None, Args: {'port': 49850, 'address': '127.0.0.1'}
2016-08-22 16:21:14,186 : DEBUG : Events : vvvv Finished event 'client_connected'. Type: None. Callback: None. Args: {'port': 49850, 'address': '127.0.0.1'}
2016-08-22 16:21:14,186 : DEBUG : Events : ^^^^ Processing event 'machine_var_credits_string'. Type: None, Callback: None, Args: {'value': 'FREE PLAY', 'prev_value': None, 'change': True}
2016-08-22 16:21:14,187 : DEBUG : Events : vvvv Finished event 'machine_var_credits_string'. Type: None. Callback: None. Args: {'value': 'FREE PLAY', 'prev_value': None, 'change': True}
2016-08-22 16:21:14,187 : DEBUG : Events : ^^^^ Processing event 'mc_reset_phase_1'. Type: None, Callback: None, Args: {}
2016-08-22 16:21:14,187 : DEBUG : Events : vvvv Finished event 'mc_reset_phase_1'. Type: None. Callback: None. Args: {}
2016-08-22 16:21:14,187 : DEBUG : Events : ^^^^ Posted event 'mc_reset_phase_2'. Type: None, Callback: None, Args: {}
2016-08-22 16:21:14,187 : DEBUG : Events : ============== EVENTS QUEUE =============
2016-08-22 16:21:14,187 : DEBUG : Events : mc_reset_phase_2, None, None, {}
2016-08-22 16:21:14,187 : DEBUG : Events : =========================================
2016-08-22 16:21:14,187 : DEBUG : Events : ^^^^ Processing event 'mc_reset_phase_2'. Type: None, Callback: None, Args: {}
2016-08-22 16:21:14,188 : DEBUG : Events : vvvv Finished event 'mc_reset_phase_2'. Type: None. Callback: None. Args: {}
2016-08-22 16:21:14,188 : DEBUG : Events : ^^^^ Posted event 'mc_reset_phase_3'. Type: None, Callback: None, Args: {}
2016-08-22 16:21:14,188 : DEBUG : Events : ============== EVENTS QUEUE =============
2016-08-22 16:21:14,188 : DEBUG : Events : mc_reset_phase_3, None, None, {}
2016-08-22 16:21:14,188 : DEBUG : Events : =========================================
2016-08-22 16:21:14,188 : DEBUG : Events : ^^^^ Processing event 'mc_reset_phase_3'. Type: None, Callback: None, Args: {}
2016-08-22 16:21:14,188 : DEBUG : Events : vvvv Finished event 'mc_reset_phase_3'. Type: None. Callback: None. Args: {}
2016-08-22 16:21:14,189 : DEBUG : BcpProcessor : Processing command: mode_start {'priority': 10, 'name': 'attract'}
2016-08-22 16:21:14,189 : DEBUG : Mode.attract : Mode Start. Priority: 10
2016-08-22 16:21:14,189 : DEBUG : BcpProcessor : Processing command: trigger {'name': 'mode_attract_started'}
2016-08-22 16:21:14,189 : DEBUG : Events : ^^^^ Posted event 'mode_attract_started'. Type: None, Callback: None, Args: {}
2016-08-22 16:21:14,189 : DEBUG : Events : ============== EVENTS QUEUE =============
2016-08-22 16:21:14,189 : DEBUG : Events : mode_attract_started, None, None, {}
2016-08-22 16:21:14,189 : DEBUG : Events : =========================================
2016-08-22 16:21:14,190 : DEBUG : Events : ^^^^ Processing event 'mode_attract_started'. Type: None, Callback: None, Args: {}
2016-08-22 16:21:14,190 : DEBUG : Events : ConfigPlayer.config_play_callback (priority: 0) responding to event 'mode_attract_started' with args {'settings': {'slides': {'attract_started': {'transition': None, 'force': False, 'show': True, 'persist': False, 'priority': None, 'action': 'play', 'transition_out': None, 'target': None, 'expire': None}}}, 'mode': None}
2016-08-22 16:21:14,192 : DEBUG : Events : vvvv Finished event 'mode_attract_started'. Type: None. Callback: None. Args: {}
2016-08-22 16:44:02,323 : INFO : kivy : Base: Leaving application in progress...
