2016-08-22 16:44:04,642 : INFO : Machine : Mission Pinball Framework Core Engine v0.30.26
2016-08-22 16:44:04,642 : DEBUG : Machine : Command line arguments: {'force_platform': None, 'no_load_cache': False, 'pause': False, 'loglevel': 10, 'logfile': 'logs/2016-08-22-16-44-04-mpf-Jeremys-MacBook-Pro.local.log', 'create_config_cache': True, 'consoleloglevel': 20, 'configfile': ['config'], 'bcp': True, 'mpfconfigfile': '/Applications/MPF.app/Contents/Frameworks/python/3.5.0/lib/python3.5/site-packages/mpf/mpfconfig.yaml'}
2016-08-22 16:44:04,642 : DEBUG : Machine : MPF path: /Applications/MPF.app/Contents/Frameworks/python/3.5.0/lib/python3.5/site-packages/mpf
2016-08-22 16:44:04,642 : INFO : Machine : Machine path: /Users/jackbot/pinball/taxi
2016-08-22 16:44:04,642 : DEBUG : Machine : Command line arguments: {'force_platform': None, 'no_load_cache': False, 'pause': False, 'loglevel': 10, 'logfile': 'logs/2016-08-22-16-44-04-mpf-Jeremys-MacBook-Pro.local.log', 'create_config_cache': True, 'consoleloglevel': 20, 'configfile': ['config'], 'bcp': True, 'mpfconfigfile': '/Applications/MPF.app/Contents/Frameworks/python/3.5.0/lib/python3.5/site-packages/mpf/mpfconfig.yaml'}
2016-08-22 16:44:04,642 : DEBUG : Machine : Python version: 3.5.0
2016-08-22 16:44:04,642 : DEBUG : Machine : Platform: darwin
2016-08-22 16:44:04,642 : DEBUG : Machine : Python executable location: /Applications/MPF.app/Contents/Resources/python
2016-08-22 16:44:04,643 : DEBUG : Machine : 32-bit Python? False
2016-08-22 16:44:04,643 : DEBUG : Machine : Machine path: /Users/jackbot/pinball/taxi
2016-08-22 16:44:04,825 : INFO : Machine : Loading config from original files
2016-08-22 16:44:04,825 : DEBUG : YAML File Interface : Loading file: /Applications/MPF.app/Contents/Frameworks/python/3.5.0/lib/python3.5/site-packages/mpf/mpfconfig.yaml
2016-08-22 16:44:04,867 : INFO : Machine : Machine config file #1: /Users/jackbot/pinball/taxi/config/config
2016-08-22 16:44:04,867 : DEBUG : YAML File Interface : Loading file: /Users/jackbot/pinball/taxi/config/config.yaml
2016-08-22 16:44:04,889 : INFO : Machine : Config file cache created: /var/folders/w9/n57l794j2w1bqgd7vztrzgg00000gn/T/6c3af7dff5de8b7b1196672fc5f1a1c6config
2016-08-22 16:44:04,889 : DEBUG : Clock : Starting clock (maximum frames per second=30.0)
2016-08-22 16:44:04,889 : INFO : Machine : Starting clock at 30.0Hz
2016-08-22 16:44:04,889 : DEBUG : Clock : Scheduled a recurring clock callback (callback=<bound method MachineController._check_crash_queue of <mpf.core.machine.MachineController object at 0x107daf5f8>>, timeout=1, priority=1)
2016-08-22 16:44:04,893 : DEBUG : Virtual Platform : Configuring virtual hardware interface.
2016-08-22 16:44:04,893 : DEBUG : Smart Virtual Platform : Configuring smart_virtual hardware interface.
2016-08-22 16:44:04,893 : DEBUG : Machine : Setting default platform to 'smart_virtual'
2016-08-22 16:44:04,893 : DEBUG : Machine : Loading core modules...
2016-08-22 16:44:04,893 : DEBUG : Machine : Loading 'mpf.core.events.EventManager' core module
2016-08-22 16:44:04,893 : DEBUG : Machine : Loading 'mpf.core.mode_controller.ModeController' core module
2016-08-22 16:44:04,894 : DEBUG : Events : Registered ModeController._load_modes as a handler for 'init_phase_2', priority: 1, kwargs: {}
2016-08-22 16:44:04,894 : DEBUG : Events : Registered ModeController._ball_ending as a handler for 'ball_ending', priority: 0, kwargs: {}
2016-08-22 16:44:04,894 : DEBUG : Events : Registered ModeController._ball_starting as a handler for 'ball_starting', priority: 0, kwargs: {}
2016-08-22 16:44:04,894 : DEBUG : Events : Registered ModeController._player_added as a handler for 'player_add_success', priority: 0, kwargs: {}
2016-08-22 16:44:04,894 : DEBUG : Events : Registered ModeController._player_turn_start as a handler for 'player_turn_start', priority: 1000000, kwargs: {}
2016-08-22 16:44:04,895 : DEBUG : Events : Registered ModeController._player_turn_stop as a handler for 'player_turn_stop', priority: 1000000, kwargs: {}
2016-08-22 16:44:04,895 : DEBUG : Machine : Loading 'mpf.core.config_processor.ConfigProcessor' core module
2016-08-22 16:44:04,895 : DEBUG : Machine : Loading 'mpf.core.shot_profile_manager.ShotProfileManager' core module
2016-08-22 16:44:04,895 : DEBUG : ShotProfileManager : Registering Shot Profile: 'default'
2016-08-22 16:44:04,895 : DEBUG : ShotProfileManager : Processed 'default' profile configuration: {'show_when_disabled': False, 'block': True, 'loop': False, 'show': None, 'player_variable': '%_default', 'state_names_to_rotate': [], 'advance_on_hit': True, 'states': [{'key': None, 'start_step': 1, 'action': 'play', 'speed': 1.0, 'manual_advance': False, 'loops': -1, 'priority': 0, 'show_tokens': {}, 'show': 'off', 'name': 'unlit', 'reset': True, 'sync_ms': 0}, {'key': None, 'start_step': 1, 'action': 'play', 'speed': 1.0, 'manual_advance': False, 'loops': -1, 'priority': 0, 'show_tokens': {}, 'show': 'on', 'name': 'lit', 'reset': True, 'sync_ms': 0}], 'rotation_pattern': deque(['right']), 'state_names_to_not_rotate': []}
2016-08-22 16:44:04,895 : DEBUG : Mode Controller : Registering <bound method ShotProfileManager.mode_start_for_shots of <mpf.core.shot_profile_manager.ShotProfileManager object at 0x107defbe0>> as a mode start method. Config section: shots, priority: 0, kwargs: {}
2016-08-22 16:44:04,895 : DEBUG : Mode Controller : Registering <bound method ShotProfileManager.mode_start_for_shot_groups of <mpf.core.shot_profile_manager.ShotProfileManager object at 0x107defbe0>> as a mode start method. Config section: shot_groups, priority: 0, kwargs: {}
2016-08-22 16:44:04,896 : DEBUG : Events : Registered ShotProfileManager._player_turn_start as a handler for 'player_turn_start', priority: 1000000, kwargs: {}
2016-08-22 16:44:04,896 : DEBUG : Events : Registered ShotProfileManager._player_turn_stop as a handler for 'player_turn_stop', priority: 0, kwargs: {}
2016-08-22 16:44:04,896 : DEBUG : Machine : Loading 'mpf.core.device_manager.DeviceManager' core module
2016-08-22 16:44:04,896 : DEBUG : Events : Registered DeviceManager._load_device_modules as a handler for 'init_phase_1', priority: 1, kwargs: {}
2016-08-22 16:44:04,896 : DEBUG : Events : Registered DeviceManager.create_machinewide_device_control_events as a handler for 'init_phase_2', priority: 1, kwargs: {}
2016-08-22 16:44:04,896 : DEBUG : Events : Registered DeviceManager.create_collection_control_events as a handler for 'init_phase_2', priority: 1, kwargs: {}
2016-08-22 16:44:04,896 : DEBUG : Machine : Loading 'mpf.core.switch_controller.SwitchController' core module
2016-08-22 16:44:04,896 : DEBUG : Clock : Scheduled a recurring clock callback (callback=<bound method SwitchController._tick of <mpf.core.switch_controller.SwitchController object at 0x107dfa198>>, timeout=0, priority=1000)
2016-08-22 16:44:04,896 : DEBUG : Events : Registered SwitchController._initialize_switches as a handler for 'init_phase_2', priority: 1000, kwargs: {}
2016-08-22 16:44:04,896 : DEBUG : Events : Registered SwitchController.log_active_switches as a handler for 'machine_reset_phase_3', priority: 1, kwargs: {}
2016-08-22 16:44:04,897 : DEBUG : Machine : Loading 'mpf.core.ball_controller.BallController' core module
2016-08-22 16:44:04,897 : DEBUG : BallController : Loading the BallController
2016-08-22 16:44:04,897 : DEBUG : Events : Registered BallController.request_to_start_game as a handler for 'request_to_start_game', priority: 1, kwargs: {}
2016-08-22 16:44:04,897 : DEBUG : Events : Registered BallController._initialize as a handler for 'machine_reset_phase_2', priority: 1, kwargs: {}
2016-08-22 16:44:04,897 : DEBUG : Events : Registered BallController._init2 as a handler for 'init_phase_2', priority: 1, kwargs: {}
2016-08-22 16:44:04,897 : DEBUG : Machine : Loading 'mpf.core.assets.AssetManager' core module
2016-08-22 16:44:04,898 : DEBUG : AssetManager : Initializing...
2016-08-22 16:44:04,898 : DEBUG : Mode Controller : Registering <bound method AssetManager._load_mode_assets of <mpf.core.assets.AssetManager object at 0x107dfaeb8>> as a mode start method. Config section: None, priority: 0, kwargs: {}
2016-08-22 16:44:04,898 : DEBUG : Events : Registered AssetManager._create_assets as a handler for 'init_phase_3', priority: 1, kwargs: {}
2016-08-22 16:44:04,898 : DEBUG : Events : Registered AssetManager._bcp_client_asset_load as a handler for 'assets_to_load', priority: 1, kwargs: {}
2016-08-22 16:44:04,898 : DEBUG : Machine : Loading 'mpf.core.show_controller.ShowController' core module
2016-08-22 16:44:04,900 : DEBUG : Clock : Scheduled a recurring clock callback (callback=<bound method ShowController._tick of <mpf.core.show_controller.ShowController object at 0x107e12710>>, timeout=0, priority=1)
2016-08-22 16:44:04,900 : DEBUG : Events : Registered ShowController._initialize as a handler for 'init_phase_3', priority: 1, kwargs: {}
2016-08-22 16:44:04,900 : DEBUG : Machine : Loading 'mpf.core.bcp.BCP' core module
2016-08-22 16:44:04,901 : DEBUG : Events : Registered BCP.bcp_trigger as a handler for 'ball_started', priority: 1, kwargs: {'name': 'ball_started'}
2016-08-22 16:44:04,901 : DEBUG : Events : Registered BCP.bcp_trigger as a handler for 'ball_ended', priority: 1, kwargs: {'name': 'ball_ended'}
2016-08-22 16:44:04,901 : DEBUG : Events : Registered BCP.bcp_trigger as a handler for 'player_add_success', priority: 1, kwargs: {'name': 'player_add_success'}
2016-08-22 16:44:04,901 : DEBUG : Events : Registered BCP._bcp_event_callback as a handler for 'player_turn_start', priority: 1, kwargs: {'params': {'player_num': '%number'}, 'command': 'player_turn_start'}
2016-08-22 16:44:04,901 : DEBUG : Events : Registered BCP._bcp_event_callback as a handler for 'clear', priority: 1, kwargs: {'params': {'key': '%key', 'name': 'clear'}, 'command': 'trigger'}
2016-08-22 16:44:04,901 : DEBUG : Events : Registered BCP.bcp_trigger as a handler for 'player_score', priority: 1, kwargs: {'name': 'player_score'}
2016-08-22 16:44:04,901 : DEBUG : Events : Registered BCP._setup_dmds as a handler for 'init_phase_1', priority: 1, kwargs: {}
2016-08-22 16:44:04,901 : DEBUG : Events : Registered BCP._setup_bcp_connections as a handler for 'init_done', priority: 1, kwargs: {}
2016-08-22 16:44:04,901 : DEBUG : Clock : Scheduled a recurring clock callback (callback=<bound method BCP.get_bcp_messages of <BCP Module>>, timeout=0, priority=1)
2016-08-22 16:44:04,901 : DEBUG : Events : Registered BCP.bcp_player_added as a handler for 'player_add_success', priority: 1, kwargs: {}
2016-08-22 16:44:04,901 : DEBUG : Events : Registered BCP.bcp_reset as a handler for 'machine_reset_phase_1', priority: 1, kwargs: {}
2016-08-22 16:44:04,901 : DEBUG : Events : Registered BCP.increase_volume as a handler for 'increase_volume', priority: 1, kwargs: {}
2016-08-22 16:44:04,901 : DEBUG : Events : Registered BCP.decrease_volume as a handler for 'decrease_volume', priority: 1, kwargs: {}
2016-08-22 16:44:04,901 : DEBUG : Events : Registered BCP.enable_volume_keys as a handler for 'enable_volume_keys', priority: 1, kwargs: {}
2016-08-22 16:44:04,901 : DEBUG : Events : Registered BCP.disable_volume_keys as a handler for 'disable_volume_keys', priority: 1, kwargs: {}
2016-08-22 16:44:04,901 : DEBUG : Events : Registered BCP.get_led_coordinates as a handler for 'bcp_get_led_coordinates', priority: 1, kwargs: {}
2016-08-22 16:44:04,902 : DEBUG : Mode Controller : Registering <bound method BCP.bcp_mode_start of <BCP Module>> as a mode start method. Config section: mode, priority: 0, kwargs: {}
2016-08-22 16:44:04,902 : DEBUG : Machine : Loading 'mpf.core.logic_blocks.LogicBlocks' core module
2016-08-22 16:44:04,902 : DEBUG : Mode Controller : Registering <bound method LogicBlocks._process_config of <mpf.core.logic_blocks.LogicBlocks object at 0x107de2b00>> as a mode start method. Config section: logic_blocks, priority: 0, kwargs: {}
2016-08-22 16:44:04,902 : DEBUG : Events : Registered LogicBlocks._create_player_logic_blocks as a handler for 'player_add_success', priority: 1, kwargs: {}
2016-08-22 16:44:04,902 : DEBUG : Events : Registered LogicBlocks.player_turn_start as a handler for 'player_turn_start', priority: 1, kwargs: {}
2016-08-22 16:44:04,902 : DEBUG : Events : Registered LogicBlocks.player_turn_stop as a handler for 'player_turn_stop', priority: 1, kwargs: {}
2016-08-22 16:44:04,902 : DEBUG : Machine : Loading 'mpf.core.scoring.ScoreController' core module
2016-08-22 16:44:04,903 : DEBUG : Score : Loading the Score Controller
2016-08-22 16:44:04,903 : DEBUG : Mode Controller : Registering <bound method ScoreController.mode_start of <mpf.core.scoring.ScoreController object at 0x107e08dd8>> as a mode start method. Config section: scoring, priority: 0, kwargs: {}
2016-08-22 16:44:04,903 : DEBUG : Events : Registered HardwarePlatform._initialize2 as a handler for 'machine_reset_phase_1', priority: 1, kwargs: {}
2016-08-22 16:44:04,904 : DEBUG : Events : Registered ConfigPlayer._initialize as a handler for 'init_phase_1', priority: 1, kwargs: {}
2016-08-22 16:44:04,904 : DEBUG : Events : Registered ConfigPlayer._initialize as a handler for 'init_phase_1', priority: 1, kwargs: {}
2016-08-22 16:44:04,904 : DEBUG : Events : Registered ConfigPlayer._initialize as a handler for 'init_phase_1', priority: 1, kwargs: {}
2016-08-22 16:44:04,905 : DEBUG : Events : Registered ConfigPlayer._initialize as a handler for 'init_phase_1', priority: 1, kwargs: {}
2016-08-22 16:44:04,905 : DEBUG : Events : Registered ConfigPlayer._initialize as a handler for 'init_phase_1', priority: 1, kwargs: {}
2016-08-22 16:44:04,905 : DEBUG : Events : Registered ConfigPlayer._initialize as a handler for 'init_phase_1', priority: 1, kwargs: {}
2016-08-22 16:44:04,905 : DEBUG : Events : Registered ConfigPlayer._initialize as a handler for 'init_phase_1', priority: 1, kwargs: {}
2016-08-22 16:44:04,906 : DEBUG : Events : Registered ConfigPlayer._initialize as a handler for 'init_phase_1', priority: 1, kwargs: {}
2016-08-22 16:44:04,906 : DEBUG : Events : Registered ConfigPlayer._initialize as a handler for 'init_phase_1', priority: 1, kwargs: {}
2016-08-22 16:44:04,906 : DEBUG : Machine : Registering Plugin Config Players
2016-08-22 16:44:04,906 : DEBUG : Machine : Registering sound_player = mpfmc.config_players.sound_player:register_with_mpf
2016-08-22 16:44:04,909 : DEBUG : Events : Registered ConfigPlayer._initialize as a handler for 'init_phase_1', priority: 1, kwargs: {}
2016-08-22 16:44:04,909 : DEBUG : Machine : Registering widget_player = mpfmc.config_players.widget_player:register_with_mpf
2016-08-22 16:44:04,909 : DEBUG : Events : Registered ConfigPlayer._initialize as a handler for 'init_phase_1', priority: 1, kwargs: {}
2016-08-22 16:44:04,910 : DEBUG : Machine : Registering slide_player = mpfmc.config_players.slide_player:register_with_mpf
2016-08-22 16:44:04,910 : DEBUG : Events : Registered ConfigPlayer._initialize as a handler for 'init_phase_1', priority: 1, kwargs: {}
2016-08-22 16:44:04,911 : DEBUG : Events : Registered MachineController.power_off as a handler for 'shutdown', priority: 1, kwargs: {}
2016-08-22 16:44:04,911 : DEBUG : Events : Registered MachineController.power_off as a handler for 'sw_shutdown', priority: 1, kwargs: {}
2016-08-22 16:44:04,911 : DEBUG : Events : Registered MachineController.stop as a handler for 'quit', priority: 1, kwargs: {}
2016-08-22 16:44:04,911 : DEBUG : Events : Registered MachineController.stop as a handler for 'sw_quit', priority: 1, kwargs: {}
2016-08-22 16:44:04,911 : DEBUG : DataInterface : Loading machine_vars from /Users/jackbot/pinball/taxi/data/machine_vars.yaml
2016-08-22 16:44:04,911 : DEBUG : DataInterface : Didn't find the machine_vars file. No prob. We'll create it when we save.
2016-08-22 16:44:04,911 : DEBUG : Events : ^^^^ Posted event 'init_phase_1'. Type: None, Callback: None, Args: {}
2016-08-22 16:44:04,911 : DEBUG : Events : ============== EVENTS QUEUE =============
2016-08-22 16:44:04,911 : DEBUG : Events : init_phase_1, None, None, {}
2016-08-22 16:44:04,911 : DEBUG : Events : =========================================
2016-08-22 16:44:04,911 : DEBUG : Events : ^^^^ Processing event 'init_phase_1'. Type: None, Callback: None, Args: {}
2016-08-22 16:44:04,911 : DEBUG : Events : DeviceManager._load_device_modules (priority: 1) responding to event 'init_phase_1' with args {}
2016-08-22 16:44:04,911 : DEBUG : DeviceManager : Loading devices...
2016-08-22 16:44:04,915 : DEBUG : Events : Registered BallSearch.request_to_start_game as a handler for 'request_to_start_game', priority: 1, kwargs: {}
2016-08-22 16:44:04,937 : DEBUG : ball_device.bd_trough : Enabling debug logging
2016-08-22 16:44:04,938 : DEBUG : ball_device.bd_trough : Configuring device with settings: '{'ball_missing_timeouts': [], 'hold_coil_release_time': 1000, 'debug': True, 'eject_coil_jam_pulse': None, 'hold_coil': None, 'ball_switches': [<switch.s_trough1>, <switch.s_trough2>, <switch.s_trough3>, <switch.s_trough4>, <switch.s_trough5>, <switch.s_trough6>, <switch.s_trough_jam>], 'exit_count_delay': 500, 'tags': ['trough', 'home', 'drain'], 'eject_coil_retry_pulse': None, 'ball_capacity': None, 'entrance_count_delay': 300, 'ball_search_order': 100, 'confirm_eject_type': 'target', 'target_on_unexpected_ball': None, 'player_controlled_eject_event': None, 'captures_from': <playfield.playfield>, 'jam_switch': None, 'eject_coil': <coil.c_trough_eject>, 'eject_events': {}, 'eject_all_events': {}, 'mechanical_eject': False, 'confirm_eject_switch': None, 'hold_events': {}, 'entrance_switch': None, 'entrance_switch_full_timeout': 0, 'request_ball_events': [], 'auto_fire_on_unexpected_ball': True, 'entrance_events': {}, 'hold_switches': [], 'confirm_eject_event': None, 'ball_missing_target': <playfield.playfield>, 'eject_targets': [<playfield.playfield>], 'eject_timeouts': [], 'max_eject_attempts': 0, 'label': '%'}'
2016-08-22 16:44:04,938 : DEBUG : SwitchController : Registering switch handler: s_trough1, <bound method BallDevice._switch_changed of <ball_device.bd_trough>>, state: 1, ms: 300, info: False, cb_kwargs: {}
2016-08-22 16:44:04,938 : DEBUG : SwitchController : Registering switch handler: s_trough2, <bound method BallDevice._switch_changed of <ball_device.bd_trough>>, state: 1, ms: 300, info: False, cb_kwargs: {}
2016-08-22 16:44:04,938 : DEBUG : SwitchController : Registering switch handler: s_trough3, <bound method BallDevice._switch_changed of <ball_device.bd_trough>>, state: 1, ms: 300, info: False, cb_kwargs: {}
2016-08-22 16:44:04,938 : DEBUG : SwitchController : Registering switch handler: s_trough4, <bound method BallDevice._switch_changed of <ball_device.bd_trough>>, state: 1, ms: 300, info: False, cb_kwargs: {}
2016-08-22 16:44:04,938 : DEBUG : SwitchController : Registering switch handler: s_trough5, <bound method BallDevice._switch_changed of <ball_device.bd_trough>>, state: 1, ms: 300, info: False, cb_kwargs: {}
2016-08-22 16:44:04,938 : DEBUG : SwitchController : Registering switch handler: s_trough6, <bound method BallDevice._switch_changed of <ball_device.bd_trough>>, state: 1, ms: 300, info: False, cb_kwargs: {}
2016-08-22 16:44:04,938 : DEBUG : SwitchController : Registering switch handler: s_trough_jam, <bound method BallDevice._switch_changed of <ball_device.bd_trough>>, state: 1, ms: 300, info: False, cb_kwargs: {}
2016-08-22 16:44:04,939 : DEBUG : SwitchController : Registering switch handler: s_trough1, <bound method BallDevice._switch_changed of <ball_device.bd_trough>>, state: 0, ms: 500, info: False, cb_kwargs: {}
2016-08-22 16:44:04,939 : DEBUG : SwitchController : Registering switch handler: s_trough2, <bound method BallDevice._switch_changed of <ball_device.bd_trough>>, state: 0, ms: 500, info: False, cb_kwargs: {}
2016-08-22 16:44:04,939 : DEBUG : SwitchController : Registering switch handler: s_trough3, <bound method BallDevice._switch_changed of <ball_device.bd_trough>>, state: 0, ms: 500, info: False, cb_kwargs: {}
2016-08-22 16:44:04,939 : DEBUG : SwitchController : Registering switch handler: s_trough4, <bound method BallDevice._switch_changed of <ball_device.bd_trough>>, state: 0, ms: 500, info: False, cb_kwargs: {}
2016-08-22 16:44:04,939 : DEBUG : SwitchController : Registering switch handler: s_trough5, <bound method BallDevice._switch_changed of <ball_device.bd_trough>>, state: 0, ms: 500, info: False, cb_kwargs: {}
2016-08-22 16:44:04,939 : DEBUG : SwitchController : Registering switch handler: s_trough6, <bound method BallDevice._switch_changed of <ball_device.bd_trough>>, state: 0, ms: 500, info: False, cb_kwargs: {}
2016-08-22 16:44:04,939 : DEBUG : SwitchController : Registering switch handler: s_trough_jam, <bound method BallDevice._switch_changed of <ball_device.bd_trough>>, state: 0, ms: 500, info: False, cb_kwargs: {}
2016-08-22 16:44:04,939 : DEBUG : Events : Registered BallDevice._target_ready as a handler for 'balldevice_playfield_ok_to_receive', priority: 1, kwargs: {'target': <playfield.playfield>}
2016-08-22 16:44:04,939 : DEBUG : Events : Registered BallDevice._initialize_phase_4 as a handler for 'init_phase_4', priority: 1, kwargs: {}
2016-08-22 16:44:04,939 : DEBUG : Events : Registered Playfield._source_device_eject_success as a handler for 'balldevice_bd_trough_ball_eject_success', priority: 1, kwargs: {}
2016-08-22 16:44:04,939 : DEBUG : Events : Registered Playfield._source_device_ball_lost as a handler for 'balldevice_bd_trough_ball_lost', priority: 1, kwargs: {}
2016-08-22 16:44:04,939 : DEBUG : Events : Registered Playfield._source_device_eject_failed as a handler for 'balldevice_bd_trough_ball_eject_failed', priority: 1, kwargs: {}
2016-08-22 16:44:04,939 : DEBUG : Events : Registered Playfield._source_device_eject_attempt as a handler for 'balldevice_bd_trough_ball_eject_attempt', priority: 1, kwargs: {}
2016-08-22 16:44:04,939 : DEBUG : Events : Registered Playfield._ball_removed_handler as a handler for 'balldevice_captured_from_playfield', priority: 1, kwargs: {}
2016-08-22 16:44:04,939 : DEBUG : Events : Registered Playfield._playfield_switch_hit as a handler for 'sw_playfield_active', priority: 1, kwargs: {}
2016-08-22 16:44:04,940 : DEBUG : Events : BCP._setup_dmds (priority: 1) responding to event 'init_phase_1' with args {}
2016-08-22 16:44:04,940 : DEBUG : Events : ConfigPlayer._initialize (priority: 1) responding to event 'init_phase_1' with args {}
2016-08-22 16:44:04,940 : DEBUG : Mode Controller : Registering <bound method ConfigPlayer.mode_start of ConfigPlayer.lights> as a mode start method. Config section: light_player, priority: 0, kwargs: {}
2016-08-22 16:44:04,940 : DEBUG : Events : ConfigPlayer._initialize (priority: 1) responding to event 'init_phase_1' with args {}
2016-08-22 16:44:04,941 : DEBUG : Mode Controller : Registering <bound method ConfigPlayer.mode_start of ConfigPlayer.shows> as a mode start method. Config section: show_player, priority: 0, kwargs: {}
2016-08-22 16:44:04,941 : DEBUG : Events : ConfigPlayer._initialize (priority: 1) responding to event 'init_phase_1' with args {}
2016-08-22 16:44:04,941 : DEBUG : Mode Controller : Registering <bound method ConfigPlayer.mode_start of ConfigPlayer.gis> as a mode start method. Config section: gi_player, priority: 0, kwargs: {}
2016-08-22 16:44:04,941 : DEBUG : Events : ConfigPlayer._initialize (priority: 1) responding to event 'init_phase_1' with args {}
2016-08-22 16:44:04,941 : DEBUG : Mode Controller : Registering <bound method ConfigPlayer.mode_start of ConfigPlayer.random_events> as a mode start method. Config section: random_event_player, priority: 0, kwargs: {}
2016-08-22 16:44:04,941 : DEBUG : Events : ConfigPlayer._initialize (priority: 1) responding to event 'init_phase_1' with args {}
2016-08-22 16:44:04,941 : DEBUG : Mode Controller : Registering <bound method ConfigPlayer.mode_start of ConfigPlayer.triggers> as a mode start method. Config section: trigger_player, priority: 0, kwargs: {}
2016-08-22 16:44:04,941 : DEBUG : Events : ConfigPlayer._initialize (priority: 1) responding to event 'init_phase_1' with args {}
2016-08-22 16:44:04,941 : DEBUG : Mode Controller : Registering <bound method ConfigPlayer.mode_start of ConfigPlayer.events> as a mode start method. Config section: event_player, priority: 0, kwargs: {}
2016-08-22 16:44:04,941 : DEBUG : Events : ConfigPlayer._initialize (priority: 1) responding to event 'init_phase_1' with args {}
2016-08-22 16:44:04,941 : DEBUG : Mode Controller : Registering <bound method ConfigPlayer.mode_start of ConfigPlayer.coils> as a mode start method. Config section: coil_player, priority: 0, kwargs: {}
2016-08-22 16:44:04,941 : DEBUG : Events : ConfigPlayer._initialize (priority: 1) responding to event 'init_phase_1' with args {}
2016-08-22 16:44:04,941 : DEBUG : Mode Controller : Registering <bound method ConfigPlayer.mode_start of ConfigPlayer.leds> as a mode start method. Config section: led_player, priority: 0, kwargs: {}
2016-08-22 16:44:04,941 : DEBUG : Events : ConfigPlayer._initialize (priority: 1) responding to event 'init_phase_1' with args {}
2016-08-22 16:44:04,941 : DEBUG : Mode Controller : Registering <bound method ConfigPlayer.mode_start of ConfigPlayer.flashers> as a mode start method. Config section: flasher_player, priority: 0, kwargs: {}
2016-08-22 16:44:04,941 : DEBUG : Events : ConfigPlayer._initialize (priority: 1) responding to event 'init_phase_1' with args {}
2016-08-22 16:44:04,941 : DEBUG : Mode Controller : Registering <bound method ConfigPlayer.mode_start of PluginPlayer.sounds> as a mode start method. Config section: sound_player, priority: 0, kwargs: {}
2016-08-22 16:44:04,941 : DEBUG : Events : ConfigPlayer._initialize (priority: 1) responding to event 'init_phase_1' with args {}
2016-08-22 16:44:04,941 : DEBUG : Mode Controller : Registering <bound method ConfigPlayer.mode_start of PluginPlayer.widgets> as a mode start method. Config section: widget_player, priority: 0, kwargs: {}
2016-08-22 16:44:04,942 : DEBUG : Events : ConfigPlayer._initialize (priority: 1) responding to event 'init_phase_1' with args {}
2016-08-22 16:44:04,942 : DEBUG : Mode Controller : Registering <bound method ConfigPlayer.mode_start of PluginPlayer.slides> as a mode start method. Config section: slide_player, priority: 0, kwargs: {}
2016-08-22 16:44:04,942 : DEBUG : Events : Registered BCP.bcp_trigger as a handler for 'mode_attract_started', priority: 1, kwargs: {'name': 'mode_attract_started'}
2016-08-22 16:44:04,942 : DEBUG : Events : Registered BCP.bcp_trigger as a handler for 'mc_ready', priority: 1, kwargs: {'name': 'mc_ready'}
2016-08-22 16:44:04,942 : DEBUG : Events : vvvv Finished event 'init_phase_1'. Type: None. Callback: None. Args: {}
2016-08-22 16:44:04,942 : DEBUG : Events : ^^^^ Posted event 'init_phase_2'. Type: None, Callback: None, Args: {}
2016-08-22 16:44:04,942 : DEBUG : Events : ============== EVENTS QUEUE =============
2016-08-22 16:44:04,942 : DEBUG : Events : init_phase_2, None, None, {}
2016-08-22 16:44:04,942 : DEBUG : Events : =========================================
2016-08-22 16:44:04,942 : DEBUG : Events : ^^^^ Processing event 'init_phase_2'. Type: None, Callback: None, Args: {}
2016-08-22 16:44:04,942 : DEBUG : Events : SwitchController._initialize_switches (priority: 1000) responding to event 'init_phase_2' with args {}
2016-08-22 16:44:04,943 : DEBUG : Events : ModeController._load_modes (priority: 1) responding to event 'init_phase_2' with args {}
2016-08-22 16:44:04,943 : DEBUG : Mode Controller : Found MPF Mode folders: {'tilt': 'tilt', 'attract': 'attract', 'game': 'game', 'credits': 'credits', 'high_score': 'high_score', 'bonus': 'bonus', 'carousel': 'carousel'}
2016-08-22 16:44:04,943 : DEBUG : Mode Controller : Found Machine-specific Mode folders: {}
2016-08-22 16:44:04,943 : DEBUG : Mode Controller : Processing mode: attract
2016-08-22 16:44:04,943 : DEBUG : YAML File Interface : Loading file: /Applications/MPF.app/Contents/Frameworks/python/3.5.0/lib/python3.5/site-packages/mpf/modes/attract/config/attract.yaml
2016-08-22 16:44:04,944 : DEBUG : Mode Controller : Loading config from /Applications/MPF.app/Contents/Frameworks/python/3.5.0/lib/python3.5/site-packages/mpf/modes/attract/config/attract.yaml
2016-08-22 16:44:04,945 : DEBUG : Mode.attract : Scanning config for mode-based devices
2016-08-22 16:44:04,946 : DEBUG : Events : Registered Mode.start as a handler for 'game_ended', priority: 10, kwargs: {}
2016-08-22 16:44:04,946 : DEBUG : Events : Registered Mode.start as a handler for 'reset_complete', priority: 10, kwargs: {}
2016-08-22 16:44:04,946 : DEBUG : Mode Controller : Loaded code from mpf.modes.attract.code.attract
2016-08-22 16:44:04,946 : DEBUG : Mode Controller : Processing mode: game
2016-08-22 16:44:04,946 : DEBUG : YAML File Interface : Loading file: /Applications/MPF.app/Contents/Frameworks/python/3.5.0/lib/python3.5/site-packages/mpf/modes/game/config/game.yaml
2016-08-22 16:44:04,947 : DEBUG : Mode Controller : Loading config from /Applications/MPF.app/Contents/Frameworks/python/3.5.0/lib/python3.5/site-packages/mpf/modes/game/config/game.yaml
2016-08-22 16:44:04,948 : DEBUG : Mode.game : Scanning config for mode-based devices
2016-08-22 16:44:04,948 : DEBUG : Events : Registered Mode.start as a handler for 'game_start', priority: 20, kwargs: {}
2016-08-22 16:44:04,948 : DEBUG : Mode Controller : Loaded code from mpf.modes.game.code.game
2016-08-22 16:44:04,948 : DEBUG : Events : DeviceManager.create_machinewide_device_control_events (priority: 1) responding to event 'init_phase_2' with args {}
2016-08-22 16:44:04,948 : DEBUG : Events : Registered DeviceManager._control_event_handler as a handler for 'machine_reset_phase_3', priority: 0, kwargs: {'callback': <bound method Flipper.enable of <flipper.right_flipper>>, 'delay_mgr': <mpf.core.delays.DelayManager object at 0x107daf668>, 'ms_delay': 0}
2016-08-22 16:44:04,948 : DEBUG : Events : Registered DeviceManager._control_event_handler as a handler for 'ball_ending', priority: 0, kwargs: {'callback': <bound method Flipper.disable of <flipper.right_flipper>>, 'delay_mgr': <mpf.core.delays.DelayManager object at 0x107daf668>, 'ms_delay': 0}
2016-08-22 16:44:04,948 : DEBUG : Events : Registered DeviceManager._control_event_handler as a handler for 'machine_reset_phase_3', priority: 0, kwargs: {'callback': <bound method Flipper.enable of <flipper.left_flipper>>, 'delay_mgr': <mpf.core.delays.DelayManager object at 0x107daf668>, 'ms_delay': 0}
2016-08-22 16:44:04,948 : DEBUG : Events : Registered DeviceManager._control_event_handler as a handler for 'ball_ending', priority: 0, kwargs: {'callback': <bound method Flipper.disable of <flipper.left_flipper>>, 'delay_mgr': <mpf.core.delays.DelayManager object at 0x107daf668>, 'ms_delay': 0}
2016-08-22 16:44:04,948 : DEBUG : Events : DeviceManager.create_collection_control_events (priority: 1) responding to event 'init_phase_2' with args {}
2016-08-22 16:44:04,949 : DEBUG : Events : Registered DeviceManager._collection_control_event_handler as a handler for 'gi_enable', priority: 1, kwargs: {'collection': 'gi', 'method': 'enable'}
2016-08-22 16:44:04,949 : DEBUG : Events : Registered DeviceManager._collection_control_event_handler as a handler for 'gi_disable', priority: 1, kwargs: {'collection': 'gi', 'method': 'disable'}
2016-08-22 16:44:04,949 : DEBUG : Events : Registered DeviceManager._collection_control_event_handler as a handler for 'coils_disable', priority: 1, kwargs: {'collection': 'coils', 'method': 'disable'}
2016-08-22 16:44:04,949 : DEBUG : Events : Registered DeviceManager._collection_control_event_handler as a handler for 'autofires_enable', priority: 1, kwargs: {'collection': 'autofires', 'method': 'enable'}
2016-08-22 16:44:04,949 : DEBUG : Events : Registered DeviceManager._collection_control_event_handler as a handler for 'autofires_disable', priority: 1, kwargs: {'collection': 'autofires', 'method': 'disable'}
2016-08-22 16:44:04,949 : DEBUG : Events : Registered DeviceManager._collection_control_event_handler as a handler for 'leds_off', priority: 1, kwargs: {'collection': 'leds', 'method': 'off'}
2016-08-22 16:44:04,949 : DEBUG : Events : Registered DeviceManager._collection_control_event_handler as a handler for 'ball_devices_stop', priority: 1, kwargs: {'collection': 'ball_devices', 'method': 'stop'}
2016-08-22 16:44:04,949 : DEBUG : Events : Registered DeviceManager._collection_control_event_handler as a handler for 'ball_devices_eject_all', priority: 1, kwargs: {'collection': 'ball_devices', 'method': 'eject_all'}
2016-08-22 16:44:04,949 : DEBUG : Events : Registered DeviceManager._collection_control_event_handler as a handler for 'lights_off', priority: 1, kwargs: {'collection': 'lights', 'method': 'off'}
2016-08-22 16:44:04,949 : DEBUG : Events : Registered DeviceManager._collection_control_event_handler as a handler for 'flippers_enable', priority: 1, kwargs: {'collection': 'flippers', 'method': 'enable'}
2016-08-22 16:44:04,949 : DEBUG : Events : Registered DeviceManager._collection_control_event_handler as a handler for 'flippers_disable', priority: 1, kwargs: {'collection': 'flippers', 'method': 'disable'}
2016-08-22 16:44:04,949 : DEBUG : Events : BallController._init2 (priority: 1) responding to event 'init_phase_2' with args {}
2016-08-22 16:44:04,949 : DEBUG : SwitchController : Registering switch handler: s_trough1, <bound method BallController._update_num_balls_known of <mpf.core.ball_controller.BallController object at 0x107dfa390>>, state: 1, ms: 300, info: False, cb_kwargs: {}
2016-08-22 16:44:04,949 : DEBUG : SwitchController : Registering switch handler: s_trough1, <bound method BallController._update_num_balls_known of <mpf.core.ball_controller.BallController object at 0x107dfa390>>, state: 0, ms: 500, info: False, cb_kwargs: {}
2016-08-22 16:44:04,949 : DEBUG : SwitchController : Registering switch handler: s_trough1, <bound method BallController._correct_playfield_count of <mpf.core.ball_controller.BallController object at 0x107dfa390>>, state: 1, ms: 300, info: False, cb_kwargs: {}
2016-08-22 16:44:04,949 : DEBUG : SwitchController : Registering switch handler: s_trough1, <bound method BallController._correct_playfield_count of <mpf.core.ball_controller.BallController object at 0x107dfa390>>, state: 0, ms: 500, info: False, cb_kwargs: {}
2016-08-22 16:44:04,949 : DEBUG : SwitchController : Registering switch handler: s_trough2, <bound method BallController._update_num_balls_known of <mpf.core.ball_controller.BallController object at 0x107dfa390>>, state: 1, ms: 300, info: False, cb_kwargs: {}
2016-08-22 16:44:04,950 : DEBUG : SwitchController : Registering switch handler: s_trough2, <bound method BallController._update_num_balls_known of <mpf.core.ball_controller.BallController object at 0x107dfa390>>, state: 0, ms: 500, info: False, cb_kwargs: {}
2016-08-22 16:44:04,950 : DEBUG : SwitchController : Registering switch handler: s_trough2, <bound method BallController._correct_playfield_count of <mpf.core.ball_controller.BallController object at 0x107dfa390>>, state: 1, ms: 300, info: False, cb_kwargs: {}
2016-08-22 16:44:04,950 : DEBUG : SwitchController : Registering switch handler: s_trough2, <bound method BallController._correct_playfield_count of <mpf.core.ball_controller.BallController object at 0x107dfa390>>, state: 0, ms: 500, info: False, cb_kwargs: {}
2016-08-22 16:44:04,950 : DEBUG : SwitchController : Registering switch handler: s_trough3, <bound method BallController._update_num_balls_known of <mpf.core.ball_controller.BallController object at 0x107dfa390>>, state: 1, ms: 300, info: False, cb_kwargs: {}
2016-08-22 16:44:04,950 : DEBUG : SwitchController : Registering switch handler: s_trough3, <bound method BallController._update_num_balls_known of <mpf.core.ball_controller.BallController object at 0x107dfa390>>, state: 0, ms: 500, info: False, cb_kwargs: {}
2016-08-22 16:44:04,950 : DEBUG : SwitchController : Registering switch handler: s_trough3, <bound method BallController._correct_playfield_count of <mpf.core.ball_controller.BallController object at 0x107dfa390>>, state: 1, ms: 300, info: False, cb_kwargs: {}
2016-08-22 16:44:04,950 : DEBUG : SwitchController : Registering switch handler: s_trough3, <bound method BallController._correct_playfield_count of <mpf.core.ball_controller.BallController object at 0x107dfa390>>, state: 0, ms: 500, info: False, cb_kwargs: {}
2016-08-22 16:44:04,950 : DEBUG : SwitchController : Registering switch handler: s_trough4, <bound method BallController._update_num_balls_known of <mpf.core.ball_controller.BallController object at 0x107dfa390>>, state: 1, ms: 300, info: False, cb_kwargs: {}
2016-08-22 16:44:04,950 : DEBUG : SwitchController : Registering switch handler: s_trough4, <bound method BallController._update_num_balls_known of <mpf.core.ball_controller.BallController object at 0x107dfa390>>, state: 0, ms: 500, info: False, cb_kwargs: {}
2016-08-22 16:44:04,950 : DEBUG : SwitchController : Registering switch handler: s_trough4, <bound method BallController._correct_playfield_count of <mpf.core.ball_controller.BallController object at 0x107dfa390>>, state: 1, ms: 300, info: False, cb_kwargs: {}
2016-08-22 16:44:04,950 : DEBUG : SwitchController : Registering switch handler: s_trough4, <bound method BallController._correct_playfield_count of <mpf.core.ball_controller.BallController object at 0x107dfa390>>, state: 0, ms: 500, info: False, cb_kwargs: {}
2016-08-22 16:44:04,950 : DEBUG : SwitchController : Registering switch handler: s_trough5, <bound method BallController._update_num_balls_known of <mpf.core.ball_controller.BallController object at 0x107dfa390>>, state: 1, ms: 300, info: False, cb_kwargs: {}
2016-08-22 16:44:04,950 : DEBUG : SwitchController : Registering switch handler: s_trough5, <bound method BallController._update_num_balls_known of <mpf.core.ball_controller.BallController object at 0x107dfa390>>, state: 0, ms: 500, info: False, cb_kwargs: {}
2016-08-22 16:44:04,950 : DEBUG : SwitchController : Registering switch handler: s_trough5, <bound method BallController._correct_playfield_count of <mpf.core.ball_controller.BallController object at 0x107dfa390>>, state: 1, ms: 300, info: False, cb_kwargs: {}
2016-08-22 16:44:04,950 : DEBUG : SwitchController : Registering switch handler: s_trough5, <bound method BallController._correct_playfield_count of <mpf.core.ball_controller.BallController object at 0x107dfa390>>, state: 0, ms: 500, info: False, cb_kwargs: {}
2016-08-22 16:44:04,950 : DEBUG : SwitchController : Registering switch handler: s_trough6, <bound method BallController._update_num_balls_known of <mpf.core.ball_controller.BallController object at 0x107dfa390>>, state: 1, ms: 300, info: False, cb_kwargs: {}
2016-08-22 16:44:04,950 : DEBUG : SwitchController : Registering switch handler: s_trough6, <bound method BallController._update_num_balls_known of <mpf.core.ball_controller.BallController object at 0x107dfa390>>, state: 0, ms: 500, info: False, cb_kwargs: {}
2016-08-22 16:44:04,950 : DEBUG : SwitchController : Registering switch handler: s_trough6, <bound method BallController._correct_playfield_count of <mpf.core.ball_controller.BallController object at 0x107dfa390>>, state: 1, ms: 300, info: False, cb_kwargs: {}
2016-08-22 16:44:04,950 : DEBUG : SwitchController : Registering switch handler: s_trough6, <bound method BallController._correct_playfield_count of <mpf.core.ball_controller.BallController object at 0x107dfa390>>, state: 0, ms: 500, info: False, cb_kwargs: {}
2016-08-22 16:44:04,951 : DEBUG : SwitchController : Registering switch handler: s_trough_jam, <bound method BallController._update_num_balls_known of <mpf.core.ball_controller.BallController object at 0x107dfa390>>, state: 1, ms: 300, info: False, cb_kwargs: {}
2016-08-22 16:44:04,951 : DEBUG : SwitchController : Registering switch handler: s_trough_jam, <bound method BallController._update_num_balls_known of <mpf.core.ball_controller.BallController object at 0x107dfa390>>, state: 0, ms: 500, info: False, cb_kwargs: {}
2016-08-22 16:44:04,951 : DEBUG : SwitchController : Registering switch handler: s_trough_jam, <bound method BallController._correct_playfield_count of <mpf.core.ball_controller.BallController object at 0x107dfa390>>, state: 1, ms: 300, info: False, cb_kwargs: {}
2016-08-22 16:44:04,951 : DEBUG : SwitchController : Registering switch handler: s_trough_jam, <bound method BallController._correct_playfield_count of <mpf.core.ball_controller.BallController object at 0x107dfa390>>, state: 0, ms: 500, info: False, cb_kwargs: {}
2016-08-22 16:44:04,951 : DEBUG : Events : Registered BallController._correct_playfield_count as a handler for 'playfield_ball_count_change', priority: 1, kwargs: {}
2016-08-22 16:44:04,951 : DEBUG : BallController : Counting Balls
2016-08-22 16:44:04,951 : DEBUG : Events : vvvv Finished event 'init_phase_2'. Type: None. Callback: None. Args: {}
2016-08-22 16:44:04,951 : DEBUG : Machine : Loading plugins...
2016-08-22 16:44:04,951 : DEBUG : Machine : Loading 'mpf.plugins.auditor.Auditor' plugin
2016-08-22 16:44:04,952 : DEBUG : DataInterface : Loading audits from /Users/jackbot/pinball/taxi/data/audits.yaml
2016-08-22 16:44:04,952 : DEBUG : DataInterface : Didn't find the audits file. No prob. We'll create it when we save.
2016-08-22 16:44:04,952 : DEBUG : Events : Registered Auditor._initialize as a handler for 'init_phase_4', priority: 1, kwargs: {}
2016-08-22 16:44:04,952 : DEBUG : Machine : Loading 'mpf.plugins.info_lights.InfoLights' plugin
2016-08-22 16:44:04,952 : DEBUG : Machine : "info_lights:" section not found in machine configuration, so the Info Lights plugin will not be used.
2016-08-22 16:44:04,952 : DEBUG : Machine : Loading 'mpf.plugins.osc.OSC' plugin
2016-08-22 16:44:04,953 : DEBUG : Machine : "OSC:" section not found in the machine configuration, so the OSC plugin will not be used.
2016-08-22 16:44:04,953 : DEBUG : Machine : Loading 'mpf.plugins.switch_player.SwitchPlayer' plugin
2016-08-22 16:44:04,953 : DEBUG : Machine : "switch_player:" section not found in machine configuration, so the Switch Playerplugin will not be used.
2016-08-22 16:44:04,953 : DEBUG : Events : ^^^^ Posted event 'init_phase_3'. Type: None, Callback: None, Args: {}
2016-08-22 16:44:04,954 : DEBUG : Events : ============== EVENTS QUEUE =============
2016-08-22 16:44:04,954 : DEBUG : Events : init_phase_3, None, None, {}
2016-08-22 16:44:04,954 : DEBUG : Events : =========================================
2016-08-22 16:44:04,954 : DEBUG : Events : ^^^^ Processing event 'init_phase_3'. Type: None, Callback: None, Args: {}
2016-08-22 16:44:04,954 : DEBUG : Events : AssetManager._create_assets (priority: 1) responding to event 'init_phase_3' with args {}
2016-08-22 16:44:04,954 : DEBUG : AssetManager : Processing assets from base folder: /Users/jackbot/pinball/taxi/shows
2016-08-22 16:44:04,954 : DEBUG : AssetManager : Processing assets from base folder: /Applications/MPF.app/Contents/Frameworks/python/3.5.0/lib/python3.5/site-packages/mpf/modes/attract/shows
2016-08-22 16:44:04,954 : DEBUG : AssetManager : Processing assets from base folder: /Applications/MPF.app/Contents/Frameworks/python/3.5.0/lib/python3.5/site-packages/mpf/modes/game/shows
2016-08-22 16:44:04,954 : DEBUG : Machine : Clearing boot hold assets. Holds remaining: {'init'}
2016-08-22 16:44:04,954 : DEBUG : Events : ShowController._initialize (priority: 1) responding to event 'init_phase_3' with args {}
2016-08-22 16:44:04,955 : DEBUG : ShowController : Loading Show None
2016-08-22 16:44:04,955 : DEBUG : ShowController : Loading Show None
2016-08-22 16:44:04,956 : DEBUG : ShowController : Loading Show None
2016-08-22 16:44:04,956 : DEBUG : ShowController : Loading Show None
2016-08-22 16:44:04,956 : DEBUG : Events : vvvv Finished event 'init_phase_3'. Type: None. Callback: None. Args: {}
2016-08-22 16:44:04,956 : DEBUG : Events : ^^^^ Posted event 'init_phase_4'. Type: None, Callback: None, Args: {}
2016-08-22 16:44:04,956 : DEBUG : Events : ============== EVENTS QUEUE =============
2016-08-22 16:44:04,956 : DEBUG : Events : init_phase_4, None, None, {}
2016-08-22 16:44:04,956 : DEBUG : Events : =========================================
2016-08-22 16:44:04,957 : DEBUG : Events : ^^^^ Processing event 'init_phase_4'. Type: None, Callback: None, Args: {}
2016-08-22 16:44:04,957 : DEBUG : Events : BallDevice._initialize_phase_4 (priority: 1) responding to event 'init_phase_4' with args {}
2016-08-22 16:44:04,957 : DEBUG : ball_device.bd_trough : Counting balls
2016-08-22 16:44:04,957 : DEBUG : ball_device.bd_trough : Confirmed inactive switch: s_trough1
2016-08-22 16:44:04,957 : DEBUG : ball_device.bd_trough : Confirmed inactive switch: s_trough2
2016-08-22 16:44:04,957 : DEBUG : ball_device.bd_trough : Confirmed inactive switch: s_trough3
2016-08-22 16:44:04,957 : DEBUG : ball_device.bd_trough : Confirmed inactive switch: s_trough4
2016-08-22 16:44:04,957 : DEBUG : ball_device.bd_trough : Confirmed inactive switch: s_trough5
2016-08-22 16:44:04,957 : DEBUG : ball_device.bd_trough : Confirmed inactive switch: s_trough6
2016-08-22 16:44:04,957 : DEBUG : ball_device.bd_trough : Confirmed inactive switch: s_trough_jam
2016-08-22 16:44:04,957 : DEBUG : ball_device.bd_trough : Counted 0 balls
2016-08-22 16:44:04,957 : DEBUG : ball_device.bd_trough : Switching to state idle
2016-08-22 16:44:04,957 : DEBUG : ball_device.bd_trough : Counting balls
2016-08-22 16:44:04,957 : DEBUG : ball_device.bd_trough : Confirmed inactive switch: s_trough1
2016-08-22 16:44:04,957 : DEBUG : ball_device.bd_trough : Confirmed inactive switch: s_trough2
2016-08-22 16:44:04,957 : DEBUG : ball_device.bd_trough : Confirmed inactive switch: s_trough3
2016-08-22 16:44:04,957 : DEBUG : ball_device.bd_trough : Confirmed inactive switch: s_trough4
2016-08-22 16:44:04,957 : DEBUG : ball_device.bd_trough : Confirmed inactive switch: s_trough5
2016-08-22 16:44:04,957 : DEBUG : ball_device.bd_trough : Confirmed inactive switch: s_trough6
2016-08-22 16:44:04,958 : DEBUG : ball_device.bd_trough : Confirmed inactive switch: s_trough_jam
2016-08-22 16:44:04,958 : DEBUG : ball_device.bd_trough : Counted 0 balls
2016-08-22 16:44:04,958 : DEBUG : Events : ^^^^ Posted event 'balldevice_bd_trough_ok_to_receive'. Type: None, Callback: None, Args: {'balls': 7}
2016-08-22 16:44:04,958 : DEBUG : Events : ============== EVENTS QUEUE =============
2016-08-22 16:44:04,958 : DEBUG : Events : balldevice_bd_trough_ok_to_receive, None, None, {'balls': 7}
2016-08-22 16:44:04,958 : DEBUG : Events : =========================================
2016-08-22 16:44:04,958 : DEBUG : Events : Auditor._initialize (priority: 1) responding to event 'init_phase_4' with args {}
2016-08-22 16:44:04,958 : DEBUG : Events : Registered Auditor.enable as a handler for 'game_starting', priority: 1, kwargs: {}
2016-08-22 16:44:04,958 : DEBUG : Events : Registered Auditor.disable as a handler for 'game_ended', priority: 1, kwargs: {}
2016-08-22 16:44:04,958 : DEBUG : Events : Registered Auditor.audit_player as a handler for 'game_ending', priority: 1, kwargs: {}
2016-08-22 16:44:04,958 : DEBUG : Events : vvvv Finished event 'init_phase_4'. Type: None. Callback: None. Args: {}
2016-08-22 16:44:04,958 : DEBUG : Events : ^^^^ Processing event 'balldevice_bd_trough_ok_to_receive'. Type: None, Callback: None, Args: {'balls': 7}
2016-08-22 16:44:04,958 : DEBUG : Events : vvvv Finished event 'balldevice_bd_trough_ok_to_receive'. Type: None. Callback: None. Args: {'balls': 7}
2016-08-22 16:44:04,958 : DEBUG : Events : ^^^^ Posted event 'init_phase_5'. Type: None, Callback: None, Args: {}
2016-08-22 16:44:04,958 : DEBUG : Events : ============== EVENTS QUEUE =============
2016-08-22 16:44:04,958 : DEBUG : Events : init_phase_5, None, None, {}
2016-08-22 16:44:04,958 : DEBUG : Events : =========================================
2016-08-22 16:44:04,958 : DEBUG : Events : ^^^^ Processing event 'init_phase_5'. Type: None, Callback: None, Args: {}
2016-08-22 16:44:04,958 : DEBUG : Events : vvvv Finished event 'init_phase_5'. Type: None. Callback: None. Args: {}
2016-08-22 16:44:04,959 : DEBUG : Machine : Clearing boot hold init. Holds remaining: set()
2016-08-22 16:44:04,959 : DEBUG : Events : ^^^^ Posted event 'init_done'. Type: None, Callback: None, Args: {}
2016-08-22 16:44:04,959 : DEBUG : Events : ============== EVENTS QUEUE =============
2016-08-22 16:44:04,959 : DEBUG : Events : init_done, None, None, {}
2016-08-22 16:44:04,959 : DEBUG : Events : =========================================
2016-08-22 16:44:04,959 : DEBUG : Events : ^^^^ Processing event 'init_done'. Type: None, Callback: None, Args: {}
2016-08-22 16:44:04,959 : DEBUG : Events : BCP._setup_bcp_connections (priority: 1) responding to event 'init_done' with args {}
2016-08-22 16:44:04,959 : DEBUG : BCPClientSocket.local_display : Setting up BCP Client...
2016-08-22 16:44:04,959 : INFO : BCPClientSocket.local_display : Connecting to BCP Media Controller at localhost:5050...
2016-08-22 16:44:05,686 : DEBUG : BCPClientSocket.local_display : Connected to remote BCP host localhost:5050
2016-08-22 16:44:05,687 : DEBUG : Events : vvvv Finished event 'init_done'. Type: None. Callback: None. Args: {}
2016-08-22 16:44:05,687 : DEBUG : Machine : Resetting...
2016-08-22 16:44:05,687 : DEBUG : Events : ^^^^ Posted event 'machine_reset_phase_1'. Type: None, Callback: None, Args: {}
2016-08-22 16:44:05,687 : DEBUG : Events : ============== EVENTS QUEUE =============
2016-08-22 16:44:05,687 : DEBUG : Events : machine_reset_phase_1, None, None, {}
2016-08-22 16:44:05,687 : DEBUG : Events : =========================================
2016-08-22 16:44:05,687 : DEBUG : Events : ^^^^ Processing event 'machine_reset_phase_1'. Type: None, Callback: None, Args: {}
2016-08-22 16:44:05,688 : DEBUG : Events : BCP.bcp_reset (priority: 1) responding to event 'machine_reset_phase_1' with args {}
2016-08-22 16:44:05,688 : DEBUG : Events : HardwarePlatform._initialize2 (priority: 1) responding to event 'machine_reset_phase_1' with args {}
2016-08-22 16:44:05,688 : DEBUG : Events : Registered HardwarePlatform.set_target as a handler for 'balldevice_bd_trough_ball_eject_attempt', priority: 1, kwargs: {}
2016-08-22 16:44:05,688 : DEBUG : Events : vvvv Finished event 'machine_reset_phase_1'. Type: None. Callback: None. Args: {}
2016-08-22 16:44:05,688 : DEBUG : Events : ^^^^ Posted event 'machine_reset_phase_2'. Type: None, Callback: None, Args: {}
2016-08-22 16:44:05,688 : DEBUG : Events : ============== EVENTS QUEUE =============
2016-08-22 16:44:05,688 : DEBUG : BCPClientSocket.local_display : Sending "hello?version=1.0&controller_version=0.30.26&controller_name=Mission%20Pinball%20Framework"
2016-08-22 16:44:05,688 : DEBUG : Events : machine_reset_phase_2, None, None, {}
2016-08-22 16:44:05,689 : DEBUG : Events : =========================================
2016-08-22 16:44:05,689 : DEBUG : Events : ^^^^ Processing event 'machine_reset_phase_2'. Type: None, Callback: None, Args: {}
2016-08-22 16:44:05,689 : DEBUG : Events : BallController._initialize (priority: 1) responding to event 'machine_reset_phase_2' with args {}
2016-08-22 16:44:05,689 : DEBUG : Events : Registered BallController._ball_drained_handler as a handler for 'balldevice_bd_trough_ball_enter', priority: 1, kwargs: {}
2016-08-22 16:44:05,689 : DEBUG : Events : vvvv Finished event 'machine_reset_phase_2'. Type: None. Callback: None. Args: {}
2016-08-22 16:44:05,689 : DEBUG : Events : ^^^^ Posted event 'machine_reset_phase_3'. Type: None, Callback: None, Args: {}
2016-08-22 16:44:05,689 : DEBUG : Events : ============== EVENTS QUEUE =============
2016-08-22 16:44:05,689 : DEBUG : Events : machine_reset_phase_3, None, None, {}
2016-08-22 16:44:05,689 : DEBUG : Events : =========================================
2016-08-22 16:44:05,689 : DEBUG : Events : ^^^^ Processing event 'machine_reset_phase_3'. Type: None, Callback: None, Args: {}
2016-08-22 16:44:05,689 : DEBUG : Events : SwitchController.log_active_switches (priority: 1) responding to event 'machine_reset_phase_3' with args {}
2016-08-22 16:44:05,690 : DEBUG : BCPClientSocket.local_display : Sending "machine_variable?value=FREE%20PLAY&name=credits_string"
2016-08-22 16:44:05,690 : DEBUG : Events : DeviceManager._control_event_handler (priority: 0) responding to event 'machine_reset_phase_3' with args {'callback': <bound method Flipper.enable of <flipper.right_flipper>>, 'delay_mgr': <mpf.core.delays.DelayManager object at 0x107daf668>, 'ms_delay': 0}
2016-08-22 16:44:05,690 : DEBUG : DeviceManager : _control_event_handler: mode: None, callback: <bound method Flipper.enable of <flipper.right_flipper>>,
2016-08-22 16:44:05,690 : DEBUG : flipper.right_flipper : Enabling flipper with config: {'hold_coil': <coil.c_flipper_right_hold>, 'debug': False, 'activation_switch': <switch.s_right_flipper>, 'eos_switch': None, 'switch_overwrite': {'debounce': 'quick'}, 'hold_coil_overwrite': {'pulse_pwm_mask': None, 'hold_power': None, 'pulse_ms': None, 'pwm_off_ms': None, 'pwm_on_ms': None, 'recycle_ms': None, 'pulse_power': None, 'hold_pwm_mask': None, 'hold_power32': None, 'recycle': None, 'pulse_power32': None}, 'use_eos': False, 'main_coil': <coil.c_flipper_right_main>, 'main_coil_overwrite': {'pulse_pwm_mask': None, 'hold_power': None, 'pulse_ms': None, 'pwm_off_ms': None, 'pwm_on_ms': None, 'recycle_ms': None, 'pulse_power': None, 'hold_pwm_mask': None, 'hold_power32': None, 'recycle': None, 'pulse_power32': None}, 'eos_switch_overwrite': {'debounce': 'quick'}, 'tags': [], 'label': '%', 'enable_events': {'machine_reset_phase_3': 0}, 'disable_events': {'ball_ending': 0}}
2016-08-22 16:44:05,690 : DEBUG : flipper.right_flipper : Enabling main coil pulse rule
2016-08-22 16:44:05,690 : DEBUG : flipper.right_flipper : Enabling hold coil rule
2016-08-22 16:44:05,690 : DEBUG : BCPClientSocket.local_display : Sending "reset"
2016-08-22 16:44:05,691 : DEBUG : Events : DeviceManager._control_event_handler (priority: 0) responding to event 'machine_reset_phase_3' with args {'callback': <bound method Flipper.enable of <flipper.left_flipper>>, 'delay_mgr': <mpf.core.delays.DelayManager object at 0x107daf668>, 'ms_delay': 0}
2016-08-22 16:44:05,691 : DEBUG : DeviceManager : _control_event_handler: mode: None, callback: <bound method Flipper.enable of <flipper.left_flipper>>,
2016-08-22 16:44:05,691 : DEBUG : flipper.left_flipper : Enabling flipper with config: {'hold_coil': <coil.c_flipper_left_hold>, 'debug': False, 'activation_switch': <switch.s_left_flipper>, 'eos_switch': None, 'switch_overwrite': {'debounce': 'quick'}, 'hold_coil_overwrite': {'pulse_pwm_mask': None, 'hold_power': None, 'pulse_ms': None, 'pwm_off_ms': None, 'pwm_on_ms': None, 'recycle_ms': None, 'pulse_power': None, 'hold_pwm_mask': None, 'hold_power32': None, 'recycle': None, 'pulse_power32': None}, 'use_eos': False, 'main_coil': <coil.c_flipper_left_main>, 'main_coil_overwrite': {'pulse_pwm_mask': None, 'hold_power': None, 'pulse_ms': None, 'pwm_off_ms': None, 'pwm_on_ms': None, 'recycle_ms': None, 'pulse_power': None, 'hold_pwm_mask': None, 'hold_power32': None, 'recycle': None, 'pulse_power32': None}, 'eos_switch_overwrite': {'debounce': 'quick'}, 'tags': [], 'label': '%', 'enable_events': {'machine_reset_phase_3': 0}, 'disable_events': {'ball_ending': 0}}
2016-08-22 16:44:05,691 : DEBUG : flipper.left_flipper : Enabling main coil pulse rule
2016-08-22 16:44:05,691 : DEBUG : flipper.left_flipper : Enabling hold coil rule
2016-08-22 16:44:05,691 : DEBUG : Events : vvvv Finished event 'machine_reset_phase_3'. Type: None. Callback: None. Args: {}
2016-08-22 16:44:05,691 : DEBUG : Machine : Reset Complete
2016-08-22 16:44:05,691 : DEBUG : Machine : Reset Complete
2016-08-22 16:44:05,692 : DEBUG : Events : ^^^^ Posted event 'reset_complete'. Type: None, Callback: None, Args: {}
2016-08-22 16:44:05,692 : DEBUG : Events : ============== EVENTS QUEUE =============
2016-08-22 16:44:05,692 : DEBUG : Events : reset_complete, None, None, {}
2016-08-22 16:44:05,692 : DEBUG : Events : =========================================
2016-08-22 16:44:05,692 : DEBUG : Machine : Starting the main run loop.
2016-08-22 16:44:05,692 : DEBUG : Events : ^^^^ Processing event 'reset_complete'. Type: None, Callback: None, Args: {}
2016-08-22 16:44:05,692 : DEBUG : Events : Mode.start (priority: 10) responding to event 'reset_complete' with args {}
2016-08-22 16:44:05,692 : DEBUG : Mode.attract : Received request to start
2016-08-22 16:44:05,692 : INFO : Mode.attract : Mode Starting. Priority: 10
2016-08-22 16:44:05,692 : DEBUG : Mode.attract : Registering mode_stop handlers
2016-08-22 16:44:05,692 : DEBUG : Events : Registered Mode.stop as a handler for 'game_start', priority: 11, kwargs: {'mode': <Mode.attract>}
2016-08-22 16:44:05,692 : DEBUG : Mode.attract : Calling mode_start handlers
2016-08-22 16:44:05,693 : DEBUG : Mode.attract : Scanning mode-based config for device control_events
2016-08-22 16:44:05,693 : DEBUG : Events : ^^^^ Posted event 'mode_attract_starting'. Type: queue, Callback: <bound method Mode._started of <Mode.attract>>, Args: {}
2016-08-22 16:44:05,693 : DEBUG : Events : ============== EVENTS QUEUE =============
2016-08-22 16:44:05,693 : DEBUG : Events : mode_attract_starting, queue, <bound method Mode._started of <Mode.attract>>, {}
2016-08-22 16:44:05,693 : DEBUG : BCPClientSocket.local_display : Sending "mode_start?priority=int:10&name=attract"
2016-08-22 16:44:05,693 : DEBUG : Events : =========================================
2016-08-22 16:44:05,693 : DEBUG : Events : vvvv Finished event 'reset_complete'. Type: None. Callback: None. Args: {}
2016-08-22 16:44:05,693 : DEBUG : Events : ^^^^ Processing event 'mode_attract_starting'. Type: queue, Callback: <bound method Mode._started of <Mode.attract>>, Args: {}
2016-08-22 16:44:05,693 : DEBUG : Events : vvvv Finished event 'mode_attract_starting'. Type: queue. Callback: <bound method Mode._started of <Mode.attract>>. Args: {}
2016-08-22 16:44:05,693 : DEBUG : Mode.attract : Mode Started. Priority: 10
2016-08-22 16:44:05,693 : DEBUG : Mode Controller : +=========== ACTIVE MODES ============+
2016-08-22 16:44:05,694 : DEBUG : Mode Controller : | attract : 10                        |
2016-08-22 16:44:05,694 : DEBUG : Mode Controller : +-------------------------------------+
2016-08-22 16:44:05,694 : DEBUG : Events : ^^^^ Posted event 'mode_attract_started'. Type: None, Callback: <bound method Mode._mode_started_callback of <Mode.attract>>, Args: {}
2016-08-22 16:44:05,694 : DEBUG : Events : ============== EVENTS QUEUE =============
2016-08-22 16:44:05,694 : DEBUG : Events : mode_attract_started, None, <bound method Mode._mode_started_callback of <Mode.attract>>, {}
2016-08-22 16:44:05,694 : DEBUG : Events : =========================================
2016-08-22 16:44:05,694 : DEBUG : Events : ^^^^ Processing event 'mode_attract_started'. Type: None, Callback: <bound method Mode._mode_started_callback of <Mode.attract>>, Args: {}
2016-08-22 16:44:05,694 : DEBUG : Events : BCP.bcp_trigger (priority: 1) responding to event 'mode_attract_started' with args {'name': 'mode_attract_started'}
2016-08-22 16:44:05,694 : DEBUG : Events : vvvv Finished event 'mode_attract_started'. Type: None. Callback: <bound method Mode._mode_started_callback of <Mode.attract>>. Args: {}
2016-08-22 16:44:05,694 : DEBUG : BallController : Collecting all balls to devices with tags '['home', 'trough']'
2016-08-22 16:44:05,694 : DEBUG : BallController : Ejecting all balls from: set()
2016-08-22 16:44:05,694 : DEBUG : BallController : All balls are collected
2016-08-22 16:44:05,695 : DEBUG : Events : ^^^^ Posted event 'collecting_balls_complete'. Type: None, Callback: None, Args: {}
2016-08-22 16:44:05,695 : DEBUG : Events : ============== EVENTS QUEUE =============
2016-08-22 16:44:05,695 : DEBUG : Events : collecting_balls_complete, None, None, {}
2016-08-22 16:44:05,695 : DEBUG : Events : =========================================
2016-08-22 16:44:05,695 : DEBUG : Events : ^^^^ Posted event 'enable_volume_keys'. Type: None, Callback: None, Args: {}
2016-08-22 16:44:05,695 : DEBUG : Events : ============== EVENTS QUEUE =============
2016-08-22 16:44:05,695 : DEBUG : Events : collecting_balls_complete, None, None, {}
2016-08-22 16:44:05,696 : DEBUG : Events : enable_volume_keys, None, None, {}
2016-08-22 16:44:05,696 : DEBUG : Events : =========================================
2016-08-22 16:44:05,696 : DEBUG : Mode.attract : Mode Start process complete.
2016-08-22 16:44:05,696 : DEBUG : Events : ^^^^ Processing event 'collecting_balls_complete'. Type: None, Callback: None, Args: {}
2016-08-22 16:44:05,696 : DEBUG : BCPClientSocket.local_display : Sending "trigger?name=mode_attract_started"
2016-08-22 16:44:05,696 : DEBUG : Events : vvvv Finished event 'collecting_balls_complete'. Type: None. Callback: None. Args: {}
2016-08-22 16:44:05,696 : DEBUG : Events : ^^^^ Processing event 'enable_volume_keys'. Type: None, Callback: None, Args: {}
2016-08-22 16:44:05,696 : DEBUG : Events : BCP.enable_volume_keys (priority: 1) responding to event 'enable_volume_keys' with args {}
2016-08-22 16:44:05,696 : DEBUG : Events : vvvv Finished event 'enable_volume_keys'. Type: None. Callback: None. Args: {}
2016-08-22 16:44:05,723 : DEBUG : BCPClientSocket.local_display : Received "b'hello?version=1.0'"
2016-08-22 16:44:05,723 : DEBUG : BCPClientSocket.local_display : Received BCP Hello from host with kwargs: {'version': '1.0'}
2016-08-22 16:44:05,729 : DEBUG : BCPClientSocket.local_display : Received "b'reset_complete'"
2016-08-22 16:44:05,761 : DEBUG : BCP : Processing command: reset_complete {}
2016-08-22 16:44:09,236 : DEBUG : BCPClientSocket.local_display : Received "b'switch?state=int:1&name=s_left_flipper'"
2016-08-22 16:44:09,246 : DEBUG : BCP : Processing command: switch {'state': 1, 'name': 's_left_flipper'}
2016-08-22 16:44:09,246 : DEBUG : SwitchController : Processing switch. Name: s_left_flipper, state: 1, logical: True,
2016-08-22 16:44:09,246 : INFO : SwitchController : <<<<< switch: s_left_flipper, State:1 >>>>>
2016-08-22 16:44:09,246 : DEBUG : Events : ^^^^ Posted event 's_left_flipper_active'. Type: None, Callback: None, Args: {}
2016-08-22 16:44:09,246 : DEBUG : Events : ============== EVENTS QUEUE =============
2016-08-22 16:44:09,246 : DEBUG : Events : s_left_flipper_active, None, None, {}
2016-08-22 16:44:09,247 : DEBUG : Events : =========================================
2016-08-22 16:44:09,247 : DEBUG : Events : ^^^^ Processing event 's_left_flipper_active'. Type: None, Callback: None, Args: {}
2016-08-22 16:44:09,247 : DEBUG : Events : vvvv Finished event 's_left_flipper_active'. Type: None. Callback: None. Args: {}
2016-08-22 16:44:09,292 : DEBUG : BCPClientSocket.local_display : Received "b'switch?state=int:0&name=s_left_flipper'"
2016-08-22 16:44:09,311 : DEBUG : BCP : Processing command: switch {'state': 0, 'name': 's_left_flipper'}
2016-08-22 16:44:09,311 : DEBUG : SwitchController : Processing switch. Name: s_left_flipper, state: 0, logical: True,
2016-08-22 16:44:09,311 : INFO : SwitchController : <<<<< switch: s_left_flipper, State:0 >>>>>
2016-08-22 16:44:09,311 : DEBUG : Events : ^^^^ Posted event 's_left_flipper_inactive'. Type: None, Callback: None, Args: {}
2016-08-22 16:44:09,312 : DEBUG : Events : ============== EVENTS QUEUE =============
2016-08-22 16:44:09,312 : DEBUG : Events : s_left_flipper_inactive, None, None, {}
2016-08-22 16:44:09,312 : DEBUG : Events : =========================================
2016-08-22 16:44:09,312 : DEBUG : Events : ^^^^ Processing event 's_left_flipper_inactive'. Type: None, Callback: None, Args: {}
2016-08-22 16:44:09,312 : DEBUG : Events : vvvv Finished event 's_left_flipper_inactive'. Type: None. Callback: None. Args: {}
2016-08-22 16:44:09,383 : DEBUG : BCPClientSocket.local_display : Received "b'switch?state=int:1&name=s_left_flipper'"
2016-08-22 16:44:09,403 : DEBUG : BCP : Processing command: switch {'state': 1, 'name': 's_left_flipper'}
2016-08-22 16:44:09,403 : DEBUG : SwitchController : Processing switch. Name: s_left_flipper, state: 1, logical: True,
2016-08-22 16:44:09,404 : INFO : SwitchController : <<<<< switch: s_left_flipper, State:1 >>>>>
2016-08-22 16:44:09,404 : DEBUG : Events : ^^^^ Posted event 's_left_flipper_active'. Type: None, Callback: None, Args: {}
2016-08-22 16:44:09,404 : DEBUG : Events : ============== EVENTS QUEUE =============
2016-08-22 16:44:09,404 : DEBUG : Events : s_left_flipper_active, None, None, {}
2016-08-22 16:44:09,404 : DEBUG : Events : =========================================
2016-08-22 16:44:09,404 : DEBUG : Events : ^^^^ Processing event 's_left_flipper_active'. Type: None, Callback: None, Args: {}
2016-08-22 16:44:09,404 : DEBUG : Events : vvvv Finished event 's_left_flipper_active'. Type: None. Callback: None. Args: {}
2016-08-22 16:44:09,504 : DEBUG : BCPClientSocket.local_display : Received "b'switch?state=int:0&name=s_left_flipper'"
2016-08-22 16:44:09,533 : DEBUG : BCP : Processing command: switch {'state': 0, 'name': 's_left_flipper'}
2016-08-22 16:44:09,533 : DEBUG : SwitchController : Processing switch. Name: s_left_flipper, state: 0, logical: True,
2016-08-22 16:44:09,533 : INFO : SwitchController : <<<<< switch: s_left_flipper, State:0 >>>>>
2016-08-22 16:44:09,533 : DEBUG : Events : ^^^^ Posted event 's_left_flipper_inactive'. Type: None, Callback: None, Args: {}
2016-08-22 16:44:09,533 : DEBUG : Events : ============== EVENTS QUEUE =============
2016-08-22 16:44:09,533 : DEBUG : Events : s_left_flipper_inactive, None, None, {}
2016-08-22 16:44:09,534 : DEBUG : Events : =========================================
2016-08-22 16:44:09,534 : DEBUG : Events : ^^^^ Processing event 's_left_flipper_inactive'. Type: None, Callback: None, Args: {}
2016-08-22 16:44:09,534 : DEBUG : Events : vvvv Finished event 's_left_flipper_inactive'. Type: None. Callback: None. Args: {}
2016-08-22 16:44:13,954 : DEBUG : BCPClientSocket.local_display : Received "b'switch?state=int:1&name=s_left_flipper'"
2016-08-22 16:44:13,986 : DEBUG : BCP : Processing command: switch {'state': 1, 'name': 's_left_flipper'}
2016-08-22 16:44:13,986 : DEBUG : SwitchController : Processing switch. Name: s_left_flipper, state: 1, logical: True,
2016-08-22 16:44:13,987 : INFO : SwitchController : <<<<< switch: s_left_flipper, State:1 >>>>>
2016-08-22 16:44:13,987 : DEBUG : Events : ^^^^ Posted event 's_left_flipper_active'. Type: None, Callback: None, Args: {}
2016-08-22 16:44:13,987 : DEBUG : Events : ============== EVENTS QUEUE =============
2016-08-22 16:44:13,987 : DEBUG : Events : s_left_flipper_active, None, None, {}
2016-08-22 16:44:13,987 : DEBUG : Events : =========================================
2016-08-22 16:44:13,987 : DEBUG : Events : ^^^^ Processing event 's_left_flipper_active'. Type: None, Callback: None, Args: {}
2016-08-22 16:44:13,987 : DEBUG : Events : vvvv Finished event 's_left_flipper_active'. Type: None. Callback: None. Args: {}
2016-08-22 16:44:14,105 : DEBUG : BCPClientSocket.local_display : Received "b'switch?state=int:0&name=s_left_flipper'"
2016-08-22 16:44:14,120 : DEBUG : BCP : Processing command: switch {'state': 0, 'name': 's_left_flipper'}
2016-08-22 16:44:14,120 : DEBUG : SwitchController : Processing switch. Name: s_left_flipper, state: 0, logical: True,
2016-08-22 16:44:14,121 : INFO : SwitchController : <<<<< switch: s_left_flipper, State:0 >>>>>
2016-08-22 16:44:14,121 : DEBUG : Events : ^^^^ Posted event 's_left_flipper_inactive'. Type: None, Callback: None, Args: {}
2016-08-22 16:44:14,121 : DEBUG : Events : ============== EVENTS QUEUE =============
2016-08-22 16:44:14,121 : DEBUG : Events : s_left_flipper_inactive, None, None, {}
2016-08-22 16:44:14,121 : DEBUG : Events : =========================================
2016-08-22 16:44:14,121 : DEBUG : Events : ^^^^ Processing event 's_left_flipper_inactive'. Type: None, Callback: None, Args: {}
2016-08-22 16:44:14,121 : DEBUG : Events : vvvv Finished event 's_left_flipper_inactive'. Type: None. Callback: None. Args: {}
2016-08-22 16:44:14,257 : DEBUG : BCPClientSocket.local_display : Received "b'switch?state=int:1&name=s_left_flipper'"
2016-08-22 16:44:14,285 : DEBUG : BCP : Processing command: switch {'state': 1, 'name': 's_left_flipper'}
2016-08-22 16:44:14,285 : DEBUG : SwitchController : Processing switch. Name: s_left_flipper, state: 1, logical: True,
2016-08-22 16:44:14,285 : INFO : SwitchController : <<<<< switch: s_left_flipper, State:1 >>>>>
2016-08-22 16:44:14,285 : DEBUG : Events : ^^^^ Posted event 's_left_flipper_active'. Type: None, Callback: None, Args: {}
2016-08-22 16:44:14,286 : DEBUG : Events : ============== EVENTS QUEUE =============
2016-08-22 16:44:14,286 : DEBUG : Events : s_left_flipper_active, None, None, {}
2016-08-22 16:44:14,286 : DEBUG : Events : =========================================
2016-08-22 16:44:14,286 : DEBUG : Events : ^^^^ Processing event 's_left_flipper_active'. Type: None, Callback: None, Args: {}
2016-08-22 16:44:14,286 : DEBUG : Events : vvvv Finished event 's_left_flipper_active'. Type: None. Callback: None. Args: {}
2016-08-22 16:44:14,376 : DEBUG : BCPClientSocket.local_display : Received "b'switch?state=int:0&name=s_left_flipper'"
2016-08-22 16:44:14,407 : DEBUG : BCP : Processing command: switch {'state': 0, 'name': 's_left_flipper'}
2016-08-22 16:44:14,407 : DEBUG : SwitchController : Processing switch. Name: s_left_flipper, state: 0, logical: True,
2016-08-22 16:44:14,407 : INFO : SwitchController : <<<<< switch: s_left_flipper, State:0 >>>>>
2016-08-22 16:44:14,408 : DEBUG : Events : ^^^^ Posted event 's_left_flipper_inactive'. Type: None, Callback: None, Args: {}
2016-08-22 16:44:14,408 : DEBUG : Events : ============== EVENTS QUEUE =============
2016-08-22 16:44:14,408 : DEBUG : Events : s_left_flipper_inactive, None, None, {}
2016-08-22 16:44:14,408 : DEBUG : Events : =========================================
2016-08-22 16:44:14,408 : DEBUG : Events : ^^^^ Processing event 's_left_flipper_inactive'. Type: None, Callback: None, Args: {}
2016-08-22 16:44:14,408 : DEBUG : Events : vvvv Finished event 's_left_flipper_inactive'. Type: None. Callback: None. Args: {}
2016-08-22 16:44:14,892 : DEBUG : BCPClientSocket.local_display : Received "b'switch?state=int:1&name=s_left_flipper'"
2016-08-22 16:44:14,922 : DEBUG : BCP : Processing command: switch {'state': 1, 'name': 's_left_flipper'}
2016-08-22 16:44:14,922 : DEBUG : SwitchController : Processing switch. Name: s_left_flipper, state: 1, logical: True,
2016-08-22 16:44:14,922 : INFO : SwitchController : <<<<< switch: s_left_flipper, State:1 >>>>>
2016-08-22 16:44:14,922 : DEBUG : Events : ^^^^ Posted event 's_left_flipper_active'. Type: None, Callback: None, Args: {}
2016-08-22 16:44:14,922 : DEBUG : Events : ============== EVENTS QUEUE =============
2016-08-22 16:44:14,922 : DEBUG : Events : s_left_flipper_active, None, None, {}
2016-08-22 16:44:14,922 : DEBUG : Events : =========================================
2016-08-22 16:44:14,922 : DEBUG : Events : ^^^^ Processing event 's_left_flipper_active'. Type: None, Callback: None, Args: {}
2016-08-22 16:44:14,923 : DEBUG : Events : vvvv Finished event 's_left_flipper_active'. Type: None. Callback: None. Args: {}
2016-08-22 16:44:15,074 : DEBUG : BCPClientSocket.local_display : Received "b'switch?state=int:0&name=s_left_flipper'"
2016-08-22 16:44:15,081 : DEBUG : BCP : Processing command: switch {'state': 0, 'name': 's_left_flipper'}
2016-08-22 16:44:15,081 : DEBUG : SwitchController : Processing switch. Name: s_left_flipper, state: 0, logical: True,
2016-08-22 16:44:15,082 : INFO : SwitchController : <<<<< switch: s_left_flipper, State:0 >>>>>
2016-08-22 16:44:15,082 : DEBUG : Events : ^^^^ Posted event 's_left_flipper_inactive'. Type: None, Callback: None, Args: {}
2016-08-22 16:44:15,082 : DEBUG : Events : ============== EVENTS QUEUE =============
2016-08-22 16:44:15,082 : DEBUG : Events : s_left_flipper_inactive, None, None, {}
2016-08-22 16:44:15,082 : DEBUG : Events : =========================================
2016-08-22 16:44:15,082 : DEBUG : Events : ^^^^ Processing event 's_left_flipper_inactive'. Type: None, Callback: None, Args: {}
2016-08-22 16:44:15,082 : DEBUG : Events : vvvv Finished event 's_left_flipper_inactive'. Type: None. Callback: None. Args: {}
2016-08-22 16:44:15,530 : DEBUG : BCPClientSocket.local_display : Received "b'switch?state=int:1&name=s_left_flipper'"
2016-08-22 16:44:15,564 : DEBUG : BCP : Processing command: switch {'state': 1, 'name': 's_left_flipper'}
2016-08-22 16:44:15,564 : DEBUG : SwitchController : Processing switch. Name: s_left_flipper, state: 1, logical: True,
2016-08-22 16:44:15,564 : INFO : SwitchController : <<<<< switch: s_left_flipper, State:1 >>>>>
2016-08-22 16:44:15,564 : DEBUG : Events : ^^^^ Posted event 's_left_flipper_active'. Type: None, Callback: None, Args: {}
2016-08-22 16:44:15,564 : DEBUG : Events : ============== EVENTS QUEUE =============
2016-08-22 16:44:15,565 : DEBUG : Events : s_left_flipper_active, None, None, {}
2016-08-22 16:44:15,565 : DEBUG : Events : =========================================
2016-08-22 16:44:15,565 : DEBUG : Events : ^^^^ Processing event 's_left_flipper_active'. Type: None, Callback: None, Args: {}
2016-08-22 16:44:15,565 : DEBUG : Events : vvvv Finished event 's_left_flipper_active'. Type: None. Callback: None. Args: {}
2016-08-22 16:44:15,893 : DEBUG : BCPClientSocket.local_display : Received "b'switch?state=int:0&name=s_left_flipper'"
2016-08-22 16:44:15,925 : DEBUG : BCP : Processing command: switch {'state': 0, 'name': 's_left_flipper'}
2016-08-22 16:44:15,925 : DEBUG : SwitchController : Processing switch. Name: s_left_flipper, state: 0, logical: True,
2016-08-22 16:44:15,925 : INFO : SwitchController : <<<<< switch: s_left_flipper, State:0 >>>>>
2016-08-22 16:44:15,925 : DEBUG : Events : ^^^^ Posted event 's_left_flipper_inactive'. Type: None, Callback: None, Args: {}
2016-08-22 16:44:15,926 : DEBUG : Events : ============== EVENTS QUEUE =============
2016-08-22 16:44:15,926 : DEBUG : Events : s_left_flipper_inactive, None, None, {}
2016-08-22 16:44:15,926 : DEBUG : Events : =========================================
2016-08-22 16:44:15,926 : DEBUG : Events : ^^^^ Processing event 's_left_flipper_inactive'. Type: None, Callback: None, Args: {}
2016-08-22 16:44:15,926 : DEBUG : Events : vvvv Finished event 's_left_flipper_inactive'. Type: None. Callback: None. Args: {}
2016-08-22 16:44:29,382 : INFO : Machine : Shutting down...
2016-08-22 16:44:29,382 : DEBUG : Events : ^^^^ Posted event 'shutdown'. Type: None, Callback: None, Args: {}
2016-08-22 16:44:29,382 : DEBUG : Events : ============== EVENTS QUEUE =============
2016-08-22 16:44:29,383 : DEBUG : Events : shutdown, None, None, {}
2016-08-22 16:44:29,383 : DEBUG : Events : =========================================
2016-08-22 16:44:29,383 : DEBUG : Events : ^^^^ Processing event 'shutdown'. Type: None, Callback: None, Args: {}
2016-08-22 16:44:29,383 : DEBUG : Events : MachineController.power_off (priority: 1) responding to event 'shutdown' with args {}
2016-08-22 16:44:29,383 : DEBUG : Events : vvvv Finished event 'shutdown'. Type: None. Callback: None. Args: {}
2016-08-22 16:44:29,383 : INFO : Machine : Actual MPF loop rate: 30.78 Hz
2016-08-22 16:44:29,383 : INFO : root : MPF run loop ended.
