2016-08-22 15:47:57,428 : INFO : kivy : Factory: 179 symbols loaded
2016-08-22 15:47:57,519 : INFO : kivy : Image: Providers: img_tex, img_imageio, img_dds, img_gif, img_sdl2 (img_pil, img_ffpyplayer ignored)
2016-08-22 15:47:57,648 : INFO : kivy : VideoGstplayer: Using Gstreamer 1.4.5.0
2016-08-22 15:47:57,649 : INFO : kivy : Video: Provider: gstplayer
2016-08-22 15:47:57,661 : INFO : kivy : Loading MPF-MC controller
2016-08-22 15:47:57,662 : INFO : mpfmc : Mission Pinball Framework Media Controller v0.30.1
2016-08-22 15:47:57,662 : INFO : mpfmc : Machine path: /Users/jackbot/pinball/taxi
2016-08-22 15:47:57,662 : INFO : mpfmc : Starting clock at 30.0Hz
2016-08-22 15:47:57,668 : INFO : kivy : Text: Provider: sdl2
2016-08-22 15:47:57,868 : INFO : kivy : OSC: using <multiprocessing> for socket
2016-08-22 15:47:57,870 : INFO : kivy : Window: Provider: sdl2
2016-08-22 15:47:57,961 : INFO : kivy : GL: OpenGL version <b'2.1 INTEL-10.14.73'>
2016-08-22 15:47:57,961 : INFO : kivy : GL: OpenGL vendor <b'Intel Inc.'>
2016-08-22 15:47:57,961 : INFO : kivy : GL: OpenGL renderer <b'Intel Iris Pro OpenGL Engine'>
2016-08-22 15:47:57,961 : INFO : kivy : GL: OpenGL parsed version: 2, 1
2016-08-22 15:47:57,961 : INFO : kivy : GL: Shading version <b'1.20'>
2016-08-22 15:47:57,962 : INFO : kivy : GL: Texture max size <16384>
2016-08-22 15:47:57,962 : INFO : kivy : GL: Texture max units <16>
2016-08-22 15:47:57,979 : INFO : kivy : Window: auto add sdl2 input provider
2016-08-22 15:47:57,979 : INFO : kivy : Window: virtual keyboard not allowed, single mode, not docked
2016-08-22 15:47:57,981 : INFO : SoundSystem : SoundSystem: Using default 'sound_system' settings
2016-08-22 15:47:57,999 : INFO : AudioInterface : Initialized 0.30.0
2016-08-22 15:47:58,001 : INFO : kivy : Base: Start application main loop
2016-08-22 15:47:58,140 : INFO : kivy : GL: NPOT texture support is available
2016-08-22 15:47:58,144 : INFO : MPF-MC BCP Server : Starting up on localhost port 5050
2016-08-22 15:47:58,145 : INFO : MPF-MC BCP Server : Waiting for a connection...
2016-08-22 15:47:58,241 : INFO : MPF-MC BCP Server : Received connection from: 127.0.0.1:65188
2016-08-22 15:48:05,933 : INFO : kivy : Base: Leaving application in progress...
2016-08-22 15:48:05,968 : INFO : mpfmc : Stopping...
2016-08-22 15:48:05,968 : INFO : mpfmc : Loop rate 32.88Hz
2016-08-22 15:48:05,969 : INFO : kivy : MC run loop ended.
2016-08-22 15:48:05,969 : INFO : kivy : Stopping child threads... (3 remaining)
2016-08-22 15:48:06,272 : INFO : MPF-MC BCP Server : Stopping BCP sending thread
2016-08-22 15:48:06,373 : INFO : kivy : All child threads stopped.
