2016-08-22 17:58:07,206 : INFO : kivy : Factory: 179 symbols loaded
2016-08-22 17:58:07,207 : DEBUG : kivy : Cache: register <kv.lang> with limit=None, timeout=None
2016-08-22 17:58:07,276 : DEBUG : kivy : Cache: register <kv.image> with limit=None, timeout=60
2016-08-22 17:58:07,276 : DEBUG : kivy : Cache: register <kv.atlas> with limit=None, timeout=None
2016-08-22 17:58:07,295 : INFO : kivy : Image: Providers: img_tex, img_imageio, img_dds, img_gif, img_sdl2 (img_pil, img_ffpyplayer ignored)
2016-08-22 17:58:07,295 : DEBUG : kivy : Cache: register <kv.texture> with limit=1000, timeout=60
2016-08-22 17:58:07,295 : DEBUG : kivy : Cache: register <kv.shader> with limit=1000, timeout=3600
2016-08-22 17:58:07,428 : INFO : kivy : VideoGstplayer: Using Gstreamer 1.4.5.0
2016-08-22 17:58:07,428 : INFO : kivy : Video: Provider: gstplayer
2016-08-22 17:58:07,440 : INFO : kivy : Loading MPF-MC controller
2016-08-22 17:58:07,441 : INFO : mpfmc : Mission Pinball Framework Media Controller v0.30.1
2016-08-22 17:58:07,441 : INFO : mpfmc : Machine path: /Users/jackbot/pinball/taxi
2016-08-22 17:58:07,441 : INFO : mpfmc : Starting clock at 30.0Hz
2016-08-22 17:58:07,442 : DEBUG : Events : Registered ModeController._load_modes as a handler for 'init_phase_2', priority: 1, kwargs: {}
2016-08-22 17:58:07,442 : DEBUG : Events : Registered ConfigCollection.create_entries_from_root_config as a handler for 'init_phase_1', priority: 1, kwargs: {}
2016-08-22 17:58:07,446 : INFO : kivy : Text: Provider: sdl2
2016-08-22 17:58:07,452 : DEBUG : Events : Registered ConfigCollection.create_entries_from_root_config as a handler for 'init_phase_1', priority: 1, kwargs: {}
2016-08-22 17:58:07,452 : DEBUG : Events : Registered ConfigCollection.create_entries_from_root_config as a handler for 'init_phase_1', priority: 1, kwargs: {}
2016-08-22 17:58:07,453 : DEBUG : Events : Registered ConfigCollection.create_entries_from_root_config as a handler for 'init_phase_1', priority: 1, kwargs: {}
2016-08-22 17:58:07,637 : DEBUG : Events : Registered ConfigProcessor._init as a handler for 'init_phase_1', priority: 1, kwargs: {}
2016-08-22 17:58:07,659 : INFO : kivy : OSC: using <multiprocessing> for socket
2016-08-22 17:58:07,661 : INFO : kivy : Window: Provider: sdl2
2016-08-22 17:58:07,752 : INFO : kivy : GL: OpenGL version <b'2.1 INTEL-10.14.73'>
2016-08-22 17:58:07,752 : INFO : kivy : GL: OpenGL vendor <b'Intel Inc.'>
2016-08-22 17:58:07,752 : INFO : kivy : GL: OpenGL renderer <b'Intel Iris Pro OpenGL Engine'>
2016-08-22 17:58:07,752 : INFO : kivy : GL: OpenGL parsed version: 2, 1
2016-08-22 17:58:07,753 : INFO : kivy : GL: Shading version <b'1.20'>
2016-08-22 17:58:07,753 : INFO : kivy : GL: Texture max size <16384>
2016-08-22 17:58:07,753 : INFO : kivy : GL: Texture max units <16>
2016-08-22 17:58:07,765 : DEBUG : kivy : Shader: Fragment compiled successfully
2016-08-22 17:58:07,767 : DEBUG : kivy : Shader: Vertex compiled successfully
2016-08-22 17:58:07,768 : DEBUG : kivy : ImageImageIO: Load </Applications/MPF.app/Contents/Resources/kivy/kivy/data/glsl/default.png>
2016-08-22 17:58:07,769 : INFO : kivy : Window: auto add sdl2 input provider
2016-08-22 17:58:07,769 : INFO : kivy : Window: virtual keyboard not allowed, single mode, not docked
2016-08-22 17:58:07,771 : DEBUG : kivy : Resource: add </Applications/MPF.app/Contents/Frameworks/python/3.5.0/lib/python3.5/site-packages/mpfmc/fonts> in path list
2016-08-22 17:58:07,771 : DEBUG : SoundSystem : Loading the Sound System
2016-08-22 17:58:07,771 : INFO : SoundSystem : SoundSystem: Using default 'sound_system' settings
2016-08-22 17:58:07,790 : INFO : AudioInterface : Initialized 0.30.0
2016-08-22 17:58:07,790 : DEBUG : AudioInterface : Loaded SDL 2.0.4
2016-08-22 17:58:07,790 : DEBUG : AudioInterface : Loaded SDL_Mixer 2.0.0
2016-08-22 17:58:07,790 : DEBUG : AudioInterface : Settings requested - rate: 44100, channels: 1, buffer: 2048 samples
2016-08-22 17:58:07,790 : DEBUG : AudioInterface : Settings in use - rate: 44100, channels: 1, buffer: 2048 samples
2016-08-22 17:58:07,790 : DEBUG : AudioInterface : Silence audio chunk initialized (required for SDL_Mixer callback)
2016-08-22 17:58:07,790 : DEBUG : AudioInterface : SDL_Mixer - Allocated 1 channel for final audio output
2016-08-22 17:58:07,791 : DEBUG : AudioInterface.Track.0.default : Allocated track audio buffer (4096 bytes)
2016-08-22 17:58:07,791 : DEBUG : AudioInterface : The 'default' track has successfully been created.
2016-08-22 17:58:07,791 : DEBUG : AudioInterface : Enabling audio playback
2016-08-22 17:58:07,791 : DEBUG : AssetManager : Initializing...
2016-08-22 17:58:07,791 : DEBUG : Events : Registered AssetManager._create_assets as a handler for 'init_phase_3', priority: 1, kwargs: {}
2016-08-22 17:58:07,792 : DEBUG : Events : Registered AssetManager._bcp_client_asset_load as a handler for 'assets_to_load', priority: 1, kwargs: {}
2016-08-22 17:58:07,792 : DEBUG : Events : Registered BcpProcessor._start_socket_thread as a handler for 'init_done', priority: 1, kwargs: {}
2016-08-22 17:58:07,792 : DEBUG : kivy : App: Loading kv </Applications/MPF.app/Contents/Frameworks/python/3.5.0/lib/python3.5/site-packages/mpfmc/core/mpfmc.kv>
2016-08-22 17:58:07,792 : DEBUG : kivy : App: kv </Applications/MPF.app/Contents/Frameworks/python/3.5.0/lib/python3.5/site-packages/mpfmc/core/mpfmc.kv> not found
2016-08-22 17:58:07,793 : DEBUG : kivy : Base: Create provider from mouse
2016-08-22 17:58:07,793 : INFO : kivy : Base: Start application main loop
2016-08-22 17:58:07,865 : DEBUG : Events : ^^^^ Posted event 'display_window_ready'. Type: None, Callback: None, Args: {}
2016-08-22 17:58:07,866 : DEBUG : Events : ============== EVENTS QUEUE =============
2016-08-22 17:58:07,866 : DEBUG : Events : display_window_ready, None, None, {}
2016-08-22 17:58:07,866 : DEBUG : Events : =========================================
2016-08-22 17:58:07,893 : DEBUG : Events : ^^^^ Processing event 'display_window_ready'. Type: None, Callback: None, Args: {}
2016-08-22 17:58:07,894 : DEBUG : Events : vvvv Finished event 'display_window_ready'. Type: None. Callback: None. Args: {}
2016-08-22 17:58:07,894 : DEBUG : Events : ^^^^ Posted event 'display_window_initialized'. Type: None, Callback: None, Args: {}
2016-08-22 17:58:07,894 : DEBUG : Events : ============== EVENTS QUEUE =============
2016-08-22 17:58:07,894 : DEBUG : Events : display_window_initialized, None, None, {}
2016-08-22 17:58:07,895 : DEBUG : Events : =========================================
2016-08-22 17:58:07,924 : DEBUG : Events : ^^^^ Processing event 'display_window_initialized'. Type: None, Callback: None, Args: {}
2016-08-22 17:58:07,924 : DEBUG : Events : vvvv Finished event 'display_window_initialized'. Type: None. Callback: None. Args: {}
2016-08-22 17:58:07,928 : DEBUG : Events : ^^^^ Posted event 'displays_initialized'. Type: None, Callback: None, Args: {}
2016-08-22 17:58:07,928 : DEBUG : Events : ============== EVENTS QUEUE =============
2016-08-22 17:58:07,928 : DEBUG : Events : displays_initialized, None, None, {}
2016-08-22 17:58:07,929 : DEBUG : Events : =========================================
2016-08-22 17:58:07,929 : DEBUG : Events : ^^^^ Processing event 'displays_initialized'. Type: None, Callback: None, Args: {}
2016-08-22 17:58:07,929 : DEBUG : Events : vvvv Finished event 'displays_initialized'. Type: None. Callback: None. Args: {}
2016-08-22 17:58:07,931 : DEBUG : Events : Registered McConfigPlayer._initialize as a handler for 'init_phase_1', priority: 1, kwargs: {}
2016-08-22 17:58:07,931 : DEBUG : Events : Registered McConfigPlayer._initialize as a handler for 'init_phase_1', priority: 1, kwargs: {}
2016-08-22 17:58:07,932 : DEBUG : Events : Registered McConfigPlayer._initialize as a handler for 'init_phase_1', priority: 1, kwargs: {}
2016-08-22 17:58:07,932 : DEBUG : Events : ^^^^ Posted event 'init_phase_1'. Type: None, Callback: None, Args: {}
2016-08-22 17:58:07,932 : DEBUG : Events : ============== EVENTS QUEUE =============
2016-08-22 17:58:07,932 : DEBUG : Events : init_phase_1, None, None, {}
2016-08-22 17:58:07,933 : DEBUG : Events : =========================================
2016-08-22 17:58:07,933 : DEBUG : Events : ^^^^ Processing event 'init_phase_1'. Type: None, Callback: None, Args: {}
2016-08-22 17:58:07,933 : DEBUG : Events : ConfigCollection.create_entries_from_root_config (priority: 1) responding to event 'init_phase_1' with args {}
2016-08-22 17:58:07,933 : DEBUG : Events : ConfigCollection.create_entries_from_root_config (priority: 1) responding to event 'init_phase_1' with args {}
2016-08-22 17:58:07,933 : DEBUG : Events : ConfigCollection.create_entries_from_root_config (priority: 1) responding to event 'init_phase_1' with args {}
2016-08-22 17:58:07,933 : DEBUG : Events : ConfigCollection.create_entries_from_root_config (priority: 1) responding to event 'init_phase_1' with args {}
2016-08-22 17:58:07,937 : DEBUG : Events : ConfigProcessor._init (priority: 1) responding to event 'init_phase_1' with args {}
2016-08-22 17:58:07,937 : DEBUG : Events : McConfigPlayer._initialize (priority: 1) responding to event 'init_phase_1' with args {}
2016-08-22 17:58:07,937 : DEBUG : Events : Registered McConfigPlayer.play_from_trigger as a handler for 'widgets_play', priority: 1, kwargs: {}
2016-08-22 17:58:07,938 : DEBUG : Events : Registered McConfigPlayer.clear_from_trigger as a handler for 'widgets_clear', priority: 1, kwargs: {}
2016-08-22 17:58:07,938 : DEBUG : Events : McConfigPlayer._initialize (priority: 1) responding to event 'init_phase_1' with args {}
2016-08-22 17:58:07,938 : DEBUG : Events : Registered McConfigPlayer.play_from_trigger as a handler for 'sounds_play', priority: 1, kwargs: {}
2016-08-22 17:58:07,938 : DEBUG : Events : Registered McConfigPlayer.clear_from_trigger as a handler for 'sounds_clear', priority: 1, kwargs: {}
2016-08-22 17:58:07,938 : DEBUG : Events : McConfigPlayer._initialize (priority: 1) responding to event 'init_phase_1' with args {}
2016-08-22 17:58:07,939 : DEBUG : Events : Registered ConfigPlayer.config_play_callback as a handler for 'mode_attract_started', priority: 0, kwargs: {'settings': {'slides': {'attract_started': {'transition': None, 'action': 'play', 'target': None, 'force': False, 'priority': None, 'persist': False, 'transition_out': None, 'expire': None, 'show': True}}}, 'mode': None}
2016-08-22 17:58:07,939 : DEBUG : Events : Registered ConfigPlayer.config_play_callback as a handler for 'ball_started', priority: 0, kwargs: {'settings': {'slides': {'ball_started': {'transition': None, 'action': 'play', 'target': None, 'force': False, 'priority': None, 'persist': False, 'transition_out': None, 'expire': None, 'show': True}}}, 'mode': None}
2016-08-22 17:58:07,939 : DEBUG : Events : Registered ConfigPlayer.config_play_callback as a handler for 'mc_ready', priority: 0, kwargs: {'settings': {'slides': {'welcome_slide': {'transition': None, 'action': 'play', 'target': None, 'force': False, 'priority': None, 'persist': False, 'transition_out': None, 'expire': None, 'show': True}}}, 'mode': None}
2016-08-22 17:58:07,939 : DEBUG : Events : Registered McConfigPlayer.play_from_trigger as a handler for 'slides_play', priority: 1, kwargs: {}
2016-08-22 17:58:07,940 : DEBUG : Events : Registered McConfigPlayer.clear_from_trigger as a handler for 'slides_clear', priority: 1, kwargs: {}
2016-08-22 17:58:07,940 : DEBUG : Events : vvvv Finished event 'init_phase_1'. Type: None. Callback: None. Args: {}
2016-08-22 17:58:07,940 : DEBUG : Events : ^^^^ Posted event 'mc_ready'. Type: None, Callback: None, Args: {}
2016-08-22 17:58:07,940 : DEBUG : Events : ============== EVENTS QUEUE =============
2016-08-22 17:58:07,940 : DEBUG : Events : mc_ready, None, None, {}
2016-08-22 17:58:07,940 : DEBUG : Events : =========================================
2016-08-22 17:58:07,940 : DEBUG : Events : ^^^^ Processing event 'mc_ready'. Type: None, Callback: None, Args: {}
2016-08-22 17:58:07,941 : DEBUG : Events : ConfigPlayer.config_play_callback (priority: 0) responding to event 'mc_ready' with args {'mode': None, 'settings': {'slides': {'welcome_slide': {'transition': None, 'action': 'play', 'target': None, 'force': False, 'priority': None, 'persist': False, 'transition_out': None, 'expire': None, 'show': True}}}}
2016-08-22 17:58:07,944 : DEBUG : kivy : Resource: add </Library/Fonts> in path list
2016-08-22 17:58:07,944 : DEBUG : kivy : Resource: add </System/Library/Fonts> in path list
2016-08-22 17:58:07,944 : DEBUG : kivy : Resource: add </Users/jackbot/Library/Fonts> in path list
2016-08-22 17:58:07,944 : DEBUG : kivy : Resource: add </Applications/MPF.app/Contents/Resources/kivy/kivy/data/fonts> in path list
2016-08-22 17:58:07,945 : INFO : kivy : GL: NPOT texture support is available
2016-08-22 17:58:07,946 : DEBUG : Events : vvvv Finished event 'mc_ready'. Type: None. Callback: None. Args: {}
2016-08-22 17:58:07,947 : DEBUG : Events : ^^^^ Posted event 'init_phase_2'. Type: None, Callback: None, Args: {}
2016-08-22 17:58:07,947 : DEBUG : Events : ============== EVENTS QUEUE =============
2016-08-22 17:58:07,947 : DEBUG : Events : init_phase_2, None, None, {}
2016-08-22 17:58:07,947 : DEBUG : Events : =========================================
2016-08-22 17:58:07,947 : DEBUG : Events : ^^^^ Processing event 'init_phase_2'. Type: None, Callback: None, Args: {}
2016-08-22 17:58:07,947 : DEBUG : Events : ModeController._load_modes (priority: 1) responding to event 'init_phase_2' with args {}
2016-08-22 17:58:07,947 : DEBUG : ModeController : Found MPF Mode folders: {'game': 'game', 'credits': 'credits', 'bonus': 'bonus', 'attract': 'attract', 'high_score': 'high_score', 'carousel': 'carousel', 'tilt': 'tilt'}
2016-08-22 17:58:07,948 : DEBUG : ModeController : Found Machine-specific Mode folders: {}
2016-08-22 17:58:07,951 : DEBUG : Events : vvvv Finished event 'init_phase_2'. Type: None. Callback: None. Args: {}
2016-08-22 17:58:07,951 : DEBUG : Events : ^^^^ Posted event 'init_phase_3'. Type: None, Callback: None, Args: {}
2016-08-22 17:58:07,951 : DEBUG : Events : ============== EVENTS QUEUE =============
2016-08-22 17:58:07,951 : DEBUG : Events : init_phase_3, None, None, {}
2016-08-22 17:58:07,951 : DEBUG : Events : =========================================
2016-08-22 17:58:07,951 : DEBUG : Events : ^^^^ Processing event 'init_phase_3'. Type: None, Callback: None, Args: {}
2016-08-22 17:58:07,951 : DEBUG : Events : AssetManager._create_assets (priority: 1) responding to event 'init_phase_3' with args {}
2016-08-22 17:58:07,951 : DEBUG : AssetManager : Processing assets from base folder: /Users/jackbot/pinball/taxi/images
2016-08-22 17:58:07,951 : DEBUG : AssetManager : Processing assets from base folder: /Users/jackbot/pinball/taxi/videos
2016-08-22 17:58:07,952 : DEBUG : AssetManager : Processing assets from base folder: /Users/jackbot/pinball/taxi/sounds
2016-08-22 17:58:07,952 : DEBUG : AssetManager : Processing assets from base folder: /Applications/MPF.app/Contents/Frameworks/python/3.5.0/lib/python3.5/site-packages/mpf/modes/game/images
2016-08-22 17:58:07,952 : DEBUG : AssetManager : Processing assets from base folder: /Applications/MPF.app/Contents/Frameworks/python/3.5.0/lib/python3.5/site-packages/mpf/modes/game/videos
2016-08-22 17:58:07,952 : DEBUG : AssetManager : Processing assets from base folder: /Applications/MPF.app/Contents/Frameworks/python/3.5.0/lib/python3.5/site-packages/mpf/modes/game/sounds
2016-08-22 17:58:07,952 : DEBUG : AssetManager : Processing assets from base folder: /Applications/MPF.app/Contents/Frameworks/python/3.5.0/lib/python3.5/site-packages/mpf/modes/attract/images
2016-08-22 17:58:07,952 : DEBUG : AssetManager : Processing assets from base folder: /Applications/MPF.app/Contents/Frameworks/python/3.5.0/lib/python3.5/site-packages/mpf/modes/attract/videos
2016-08-22 17:58:07,952 : DEBUG : AssetManager : Processing assets from base folder: /Applications/MPF.app/Contents/Frameworks/python/3.5.0/lib/python3.5/site-packages/mpf/modes/attract/sounds
2016-08-22 17:58:07,952 : DEBUG : Events : vvvv Finished event 'init_phase_3'. Type: None. Callback: None. Args: {}
2016-08-22 17:58:07,952 : DEBUG : Events : ^^^^ Posted event 'init_phase_4'. Type: None, Callback: None, Args: {}
2016-08-22 17:58:07,953 : DEBUG : Events : ============== EVENTS QUEUE =============
2016-08-22 17:58:07,953 : DEBUG : Events : init_phase_4, None, None, {}
2016-08-22 17:58:07,953 : DEBUG : Events : =========================================
2016-08-22 17:58:07,953 : DEBUG : Events : ^^^^ Processing event 'init_phase_4'. Type: None, Callback: None, Args: {}
2016-08-22 17:58:07,953 : DEBUG : Events : vvvv Finished event 'init_phase_4'. Type: None. Callback: None. Args: {}
2016-08-22 17:58:07,953 : DEBUG : Events : ^^^^ Posted event 'init_phase_5'. Type: None, Callback: None, Args: {}
2016-08-22 17:58:07,953 : DEBUG : Events : ============== EVENTS QUEUE =============
2016-08-22 17:58:07,953 : DEBUG : Events : init_phase_5, None, None, {}
2016-08-22 17:58:07,953 : DEBUG : Events : =========================================
2016-08-22 17:58:07,953 : DEBUG : Events : ^^^^ Processing event 'init_phase_5'. Type: None, Callback: None, Args: {}
2016-08-22 17:58:07,954 : DEBUG : Events : vvvv Finished event 'init_phase_5'. Type: None. Callback: None. Args: {}
2016-08-22 17:58:07,954 : DEBUG : Events : ^^^^ Posted event 'init_done'. Type: None, Callback: None, Args: {}
2016-08-22 17:58:07,954 : DEBUG : Events : ============== EVENTS QUEUE =============
2016-08-22 17:58:07,954 : DEBUG : Events : init_done, None, None, {}
2016-08-22 17:58:07,954 : DEBUG : Events : =========================================
2016-08-22 17:58:07,954 : DEBUG : Events : ^^^^ Processing event 'init_done'. Type: None, Callback: None, Args: {}
2016-08-22 17:58:07,954 : DEBUG : Events : BcpProcessor._start_socket_thread (priority: 1) responding to event 'init_done' with args {}
2016-08-22 17:58:07,954 : INFO : MPF-MC BCP Server : Starting up on localhost port 5050
2016-08-22 17:58:07,956 : INFO : MPF-MC BCP Server : Waiting for a connection...
2016-08-22 17:58:07,956 : DEBUG : Events : vvvv Finished event 'init_done'. Type: None. Callback: None. Args: {}
2016-08-22 17:58:07,956 : DEBUG : Events : ^^^^ Posted event 'client_disconnected'. Type: None, Callback: None, Args: {'port': 5050, 'host': '127.0.0.1'}
2016-08-22 17:58:07,956 : DEBUG : Events : ^^^^ Posted event 'mc_reset_phase_1'. Type: None, Callback: None, Args: {}
2016-08-22 17:58:07,956 : DEBUG : Events : ============== EVENTS QUEUE =============
2016-08-22 17:58:07,956 : DEBUG : Events : ============== EVENTS QUEUE =============
2016-08-22 17:58:07,956 : DEBUG : Events : client_disconnected, None, None, {'port': 5050, 'host': '127.0.0.1'}
2016-08-22 17:58:07,956 : DEBUG : Events : client_disconnected, None, None, {'port': 5050, 'host': '127.0.0.1'}
2016-08-22 17:58:07,957 : DEBUG : Events : mc_reset_phase_1, None, None, {}
2016-08-22 17:58:07,957 : DEBUG : Events : mc_reset_phase_1, None, None, {}
2016-08-22 17:58:07,957 : DEBUG : Events : =========================================
2016-08-22 17:58:07,957 : DEBUG : Events : =========================================
2016-08-22 17:58:07,957 : DEBUG : Events : ^^^^ Processing event 'client_disconnected'. Type: None, Callback: None, Args: {'port': 5050, 'host': '127.0.0.1'}
2016-08-22 17:58:07,957 : DEBUG : Events : vvvv Finished event 'client_disconnected'. Type: None. Callback: None. Args: {'port': 5050, 'host': '127.0.0.1'}
2016-08-22 17:58:07,957 : DEBUG : Events : ^^^^ Processing event 'mc_reset_phase_1'. Type: None, Callback: None, Args: {}
2016-08-22 17:58:07,957 : DEBUG : Events : vvvv Finished event 'mc_reset_phase_1'. Type: None. Callback: None. Args: {}
2016-08-22 17:58:07,958 : DEBUG : Events : ^^^^ Posted event 'mc_reset_phase_2'. Type: None, Callback: None, Args: {}
2016-08-22 17:58:07,958 : DEBUG : Events : ============== EVENTS QUEUE =============
2016-08-22 17:58:07,958 : DEBUG : Events : mc_reset_phase_2, None, None, {}
2016-08-22 17:58:07,958 : DEBUG : Events : =========================================
2016-08-22 17:58:07,958 : DEBUG : Events : ^^^^ Processing event 'mc_reset_phase_2'. Type: None, Callback: None, Args: {}
2016-08-22 17:58:07,958 : DEBUG : Events : vvvv Finished event 'mc_reset_phase_2'. Type: None. Callback: None. Args: {}
2016-08-22 17:58:07,958 : DEBUG : Events : ^^^^ Posted event 'mc_reset_phase_3'. Type: None, Callback: None, Args: {}
2016-08-22 17:58:07,958 : DEBUG : Events : ============== EVENTS QUEUE =============
2016-08-22 17:58:07,958 : DEBUG : Events : mc_reset_phase_3, None, None, {}
2016-08-22 17:58:07,958 : DEBUG : Events : =========================================
2016-08-22 17:58:07,959 : DEBUG : Events : ^^^^ Processing event 'mc_reset_phase_3'. Type: None, Callback: None, Args: {}
2016-08-22 17:58:07,959 : DEBUG : Events : vvvv Finished event 'mc_reset_phase_3'. Type: None. Callback: None. Args: {}
2016-08-22 17:58:08,043 : INFO : MPF-MC BCP Server : Received connection from: 127.0.0.1:50680
2016-08-22 17:58:08,044 : DEBUG : Events : ^^^^ Posted event 'client_connected'. Type: None, Callback: None, Args: {'port': 50680, 'address': '127.0.0.1'}
2016-08-22 17:58:08,044 : DEBUG : Events : ============== EVENTS QUEUE =============
2016-08-22 17:58:08,044 : DEBUG : Events : client_connected, None, None, {'port': 50680, 'address': '127.0.0.1'}
2016-08-22 17:58:08,044 : DEBUG : Events : =========================================
2016-08-22 17:58:08,046 : DEBUG : MPF-MC BCP Server : Received "hello?controller_version=0.30.26&version=1.0&controller_name=Mission%20Pinball%20Framework"
2016-08-22 17:58:08,047 : DEBUG : MPF-MC BCP Server : Received "machine_variable?value=int:0&name=player1_score"
2016-08-22 17:58:08,047 : DEBUG : MPF-MC BCP Server : Received "machine_variable?value=FREE%20PLAY&name=credits_string"
2016-08-22 17:58:08,048 : DEBUG : MPF-MC BCP Server : Received "reset"
2016-08-22 17:58:08,050 : DEBUG : MPF-MC BCP Server : Received "mode_start?priority=int:10&name=attract"
2016-08-22 17:58:08,052 : DEBUG : MPF-MC BCP Server : Received "trigger?name=mode_attract_started"
2016-08-22 17:58:08,058 : DEBUG : Events : ^^^^ Processing event 'client_connected'. Type: None, Callback: None, Args: {'port': 50680, 'address': '127.0.0.1'}
2016-08-22 17:58:08,058 : DEBUG : Events : vvvv Finished event 'client_connected'. Type: None. Callback: None. Args: {'port': 50680, 'address': '127.0.0.1'}
2016-08-22 17:58:08,059 : DEBUG : BcpProcessor : Processing command: hello {'controller_version': '0.30.26', 'version': '1.0', 'controller_name': 'Mission Pinball Framework'}
2016-08-22 17:58:08,060 : DEBUG : BcpProcessor : Processing command: machine_variable {'value': 0, 'name': 'player1_score'}
2016-08-22 17:58:08,060 : DEBUG : mpfmc : Setting machine_var 'player1_score' to: 0, (prior: None, change: True)
2016-08-22 17:58:08,060 : DEBUG : Events : ^^^^ Posted event 'machine_var_player1_score'. Type: None, Callback: None, Args: {'change': True, 'value': 0, 'prev_value': None}
2016-08-22 17:58:08,060 : DEBUG : Events : ============== EVENTS QUEUE =============
2016-08-22 17:58:08,061 : DEBUG : Events : machine_var_player1_score, None, None, {'change': True, 'value': 0, 'prev_value': None}
2016-08-22 17:58:08,061 : DEBUG : Events : =========================================
2016-08-22 17:58:08,061 : DEBUG : BcpProcessor : Processing command: machine_variable {'value': 'FREE PLAY', 'name': 'credits_string'}
2016-08-22 17:58:08,061 : DEBUG : mpfmc : Setting machine_var 'credits_string' to: FREE PLAY, (prior: None, change: True)
2016-08-22 17:58:08,061 : DEBUG : Events : ^^^^ Posted event 'machine_var_credits_string'. Type: None, Callback: None, Args: {'change': True, 'value': 'FREE PLAY', 'prev_value': None}
2016-08-22 17:58:08,061 : DEBUG : Events : ============== EVENTS QUEUE =============
2016-08-22 17:58:08,061 : DEBUG : Events : machine_var_player1_score, None, None, {'change': True, 'value': 0, 'prev_value': None}
2016-08-22 17:58:08,062 : DEBUG : Events : machine_var_credits_string, None, None, {'change': True, 'value': 'FREE PLAY', 'prev_value': None}
2016-08-22 17:58:08,062 : DEBUG : Events : =========================================
2016-08-22 17:58:08,062 : DEBUG : BcpProcessor : Processing command: reset {}
2016-08-22 17:58:08,062 : DEBUG : Events : ^^^^ Posted event 'mc_reset_phase_1'. Type: None, Callback: None, Args: {}
2016-08-22 17:58:08,062 : DEBUG : Events : ============== EVENTS QUEUE =============
2016-08-22 17:58:08,062 : DEBUG : Events : machine_var_player1_score, None, None, {'change': True, 'value': 0, 'prev_value': None}
2016-08-22 17:58:08,063 : DEBUG : Events : machine_var_credits_string, None, None, {'change': True, 'value': 'FREE PLAY', 'prev_value': None}
2016-08-22 17:58:08,063 : DEBUG : Events : mc_reset_phase_1, None, None, {}
2016-08-22 17:58:08,063 : DEBUG : Events : =========================================
2016-08-22 17:58:08,063 : DEBUG : Events : ^^^^ Processing event 'machine_var_player1_score'. Type: None, Callback: None, Args: {'change': True, 'value': 0, 'prev_value': None}
2016-08-22 17:58:08,063 : DEBUG : Events : vvvv Finished event 'machine_var_player1_score'. Type: None. Callback: None. Args: {'change': True, 'value': 0, 'prev_value': None}
2016-08-22 17:58:08,063 : DEBUG : Events : ^^^^ Processing event 'machine_var_credits_string'. Type: None, Callback: None, Args: {'change': True, 'value': 'FREE PLAY', 'prev_value': None}
2016-08-22 17:58:08,064 : DEBUG : Events : vvvv Finished event 'machine_var_credits_string'. Type: None. Callback: None. Args: {'change': True, 'value': 'FREE PLAY', 'prev_value': None}
2016-08-22 17:58:08,064 : DEBUG : Events : ^^^^ Processing event 'mc_reset_phase_1'. Type: None, Callback: None, Args: {}
2016-08-22 17:58:08,064 : DEBUG : Events : vvvv Finished event 'mc_reset_phase_1'. Type: None. Callback: None. Args: {}
2016-08-22 17:58:08,064 : DEBUG : Events : ^^^^ Posted event 'mc_reset_phase_2'. Type: None, Callback: None, Args: {}
2016-08-22 17:58:08,064 : DEBUG : Events : ============== EVENTS QUEUE =============
2016-08-22 17:58:08,064 : DEBUG : Events : mc_reset_phase_2, None, None, {}
2016-08-22 17:58:08,064 : DEBUG : Events : =========================================
2016-08-22 17:58:08,064 : DEBUG : Events : ^^^^ Processing event 'mc_reset_phase_2'. Type: None, Callback: None, Args: {}
2016-08-22 17:58:08,065 : DEBUG : Events : vvvv Finished event 'mc_reset_phase_2'. Type: None. Callback: None. Args: {}
2016-08-22 17:58:08,065 : DEBUG : Events : ^^^^ Posted event 'mc_reset_phase_3'. Type: None, Callback: None, Args: {}
2016-08-22 17:58:08,065 : DEBUG : Events : ============== EVENTS QUEUE =============
2016-08-22 17:58:08,065 : DEBUG : Events : mc_reset_phase_3, None, None, {}
2016-08-22 17:58:08,065 : DEBUG : Events : =========================================
2016-08-22 17:58:08,065 : DEBUG : Events : ^^^^ Processing event 'mc_reset_phase_3'. Type: None, Callback: None, Args: {}
2016-08-22 17:58:08,066 : DEBUG : Events : vvvv Finished event 'mc_reset_phase_3'. Type: None. Callback: None. Args: {}
2016-08-22 17:58:08,066 : DEBUG : BcpProcessor : Processing command: mode_start {'priority': 10, 'name': 'attract'}
2016-08-22 17:58:08,066 : DEBUG : Mode.attract : Mode Start. Priority: 10
2016-08-22 17:58:08,066 : DEBUG : BcpProcessor : Processing command: trigger {'name': 'mode_attract_started'}
2016-08-22 17:58:08,066 : DEBUG : Events : ^^^^ Posted event 'mode_attract_started'. Type: None, Callback: None, Args: {}
2016-08-22 17:58:08,066 : DEBUG : Events : ============== EVENTS QUEUE =============
2016-08-22 17:58:08,067 : DEBUG : Events : mode_attract_started, None, None, {}
2016-08-22 17:58:08,067 : DEBUG : Events : =========================================
2016-08-22 17:58:08,088 : DEBUG : Events : ^^^^ Processing event 'mode_attract_started'. Type: None, Callback: None, Args: {}
2016-08-22 17:58:08,088 : DEBUG : Events : ConfigPlayer.config_play_callback (priority: 0) responding to event 'mode_attract_started' with args {'mode': None, 'settings': {'slides': {'attract_started': {'transition': None, 'action': 'play', 'target': None, 'force': False, 'priority': None, 'persist': False, 'transition_out': None, 'expire': None, 'show': True}}}}
2016-08-22 17:58:08,091 : DEBUG : Events : vvvv Finished event 'mode_attract_started'. Type: None. Callback: None. Args: {}
2016-08-22 17:58:16,417 : INFO : kivy : Base: Leaving application in progress...
2016-08-22 17:58:16,453 : INFO : mpfmc : Stopping...
2016-08-22 17:58:16,453 : INFO : mpfmc : Loop rate 32.79Hz
2016-08-22 17:58:16,453 : INFO : kivy : MC run loop ended.
2016-08-22 17:58:16,454 : INFO : kivy : Stopping child threads... (3 remaining)
2016-08-22 17:58:17,088 : INFO : MPF-MC BCP Server : Stopping BCP sending thread
2016-08-22 17:58:17,162 : INFO : kivy : All child threads stopped.
