2016-08-22 16:21:13,088 : INFO : Machine : Mission Pinball Framework Core Engine v0.30.26
2016-08-22 16:21:13,089 : DEBUG : Machine : Command line arguments: {'configfile': ['config'], 'loglevel': 10, 'logfile': 'logs/2016-08-22-16-21-13-mpf-Jeremys-MacBook-Pro.local.log', 'pause': False, 'create_config_cache': True, 'no_load_cache': False, 'consoleloglevel': 20, 'bcp': True, 'mpfconfigfile': '/Applications/MPF.app/Contents/Frameworks/python/3.5.0/lib/python3.5/site-packages/mpf/mpfconfig.yaml', 'force_platform': None}
2016-08-22 16:21:13,089 : DEBUG : Machine : MPF path: /Applications/MPF.app/Contents/Frameworks/python/3.5.0/lib/python3.5/site-packages/mpf
2016-08-22 16:21:13,089 : INFO : Machine : Machine path: /Users/jackbot/pinball/taxi
2016-08-22 16:21:13,089 : DEBUG : Machine : Command line arguments: {'configfile': ['config'], 'loglevel': 10, 'logfile': 'logs/2016-08-22-16-21-13-mpf-Jeremys-MacBook-Pro.local.log', 'pause': False, 'create_config_cache': True, 'no_load_cache': False, 'consoleloglevel': 20, 'bcp': True, 'mpfconfigfile': '/Applications/MPF.app/Contents/Frameworks/python/3.5.0/lib/python3.5/site-packages/mpf/mpfconfig.yaml', 'force_platform': None}
2016-08-22 16:21:13,089 : DEBUG : Machine : Python version: 3.5.0
2016-08-22 16:21:13,089 : DEBUG : Machine : Platform: darwin
2016-08-22 16:21:13,089 : DEBUG : Machine : Python executable location: /Applications/MPF.app/Contents/Resources/python
2016-08-22 16:21:13,089 : DEBUG : Machine : 32-bit Python? False
2016-08-22 16:21:13,089 : DEBUG : Machine : Machine path: /Users/jackbot/pinball/taxi
2016-08-22 16:21:13,268 : INFO : Machine : Loading cached config: /var/folders/w9/n57l794j2w1bqgd7vztrzgg00000gn/T/6c3af7dff5de8b7b1196672fc5f1a1c6config
2016-08-22 16:21:13,269 : DEBUG : Clock : Starting clock (maximum frames per second=30.0)
2016-08-22 16:21:13,269 : INFO : Machine : Starting clock at 30.0Hz
2016-08-22 16:21:13,269 : DEBUG : Clock : Scheduled a recurring clock callback (callback=<bound method MachineController._check_crash_queue of <mpf.core.machine.MachineController object at 0x108b755f8>>, timeout=1, priority=1)
2016-08-22 16:21:13,272 : DEBUG : Virtual Platform : Configuring virtual hardware interface.
2016-08-22 16:21:13,272 : DEBUG : Smart Virtual Platform : Configuring smart_virtual hardware interface.
2016-08-22 16:21:13,272 : DEBUG : Machine : Setting default platform to 'smart_virtual'
2016-08-22 16:21:13,272 : DEBUG : Machine : Loading core modules...
2016-08-22 16:21:13,272 : DEBUG : Machine : Loading 'mpf.core.events.EventManager' core module
2016-08-22 16:21:13,272 : DEBUG : Machine : Loading 'mpf.core.mode_controller.ModeController' core module
2016-08-22 16:21:13,273 : DEBUG : Events : Registered ModeController._load_modes as a handler for 'init_phase_2', priority: 1, kwargs: {}
2016-08-22 16:21:13,273 : DEBUG : Events : Registered ModeController._ball_ending as a handler for 'ball_ending', priority: 0, kwargs: {}
2016-08-22 16:21:13,273 : DEBUG : Events : Registered ModeController._ball_starting as a handler for 'ball_starting', priority: 0, kwargs: {}
2016-08-22 16:21:13,273 : DEBUG : Events : Registered ModeController._player_added as a handler for 'player_add_success', priority: 0, kwargs: {}
2016-08-22 16:21:13,274 : DEBUG : Events : Registered ModeController._player_turn_start as a handler for 'player_turn_start', priority: 1000000, kwargs: {}
2016-08-22 16:21:13,274 : DEBUG : Events : Registered ModeController._player_turn_stop as a handler for 'player_turn_stop', priority: 1000000, kwargs: {}
2016-08-22 16:21:13,274 : DEBUG : Machine : Loading 'mpf.core.config_processor.ConfigProcessor' core module
2016-08-22 16:21:13,274 : DEBUG : Machine : Loading 'mpf.core.shot_profile_manager.ShotProfileManager' core module
2016-08-22 16:21:13,274 : DEBUG : ShotProfileManager : Registering Shot Profile: 'default'
2016-08-22 16:21:13,274 : DEBUG : ShotProfileManager : Processed 'default' profile configuration: {'block': True, 'advance_on_hit': True, 'state_names_to_not_rotate': [], 'rotation_pattern': deque(['right']), 'show_when_disabled': False, 'player_variable': '%_default', 'state_names_to_rotate': [], 'loop': False, 'show': None, 'states': [{'loops': -1, 'sync_ms': 0, 'action': 'play', 'key': None, 'reset': True, 'start_step': 1, 'name': 'unlit', 'show_tokens': {}, 'priority': 0, 'show': 'off', 'manual_advance': False, 'speed': 1.0}, {'loops': -1, 'sync_ms': 0, 'action': 'play', 'key': None, 'reset': True, 'start_step': 1, 'name': 'lit', 'show_tokens': {}, 'priority': 0, 'show': 'on', 'manual_advance': False, 'speed': 1.0}]}
2016-08-22 16:21:13,275 : DEBUG : Mode Controller : Registering <bound method ShotProfileManager.mode_start_for_shots of <mpf.core.shot_profile_manager.ShotProfileManager object at 0x108bb8a90>> as a mode start method. Config section: shots, priority: 0, kwargs: {}
2016-08-22 16:21:13,275 : DEBUG : Mode Controller : Registering <bound method ShotProfileManager.mode_start_for_shot_groups of <mpf.core.shot_profile_manager.ShotProfileManager object at 0x108bb8a90>> as a mode start method. Config section: shot_groups, priority: 0, kwargs: {}
2016-08-22 16:21:13,275 : DEBUG : Events : Registered ShotProfileManager._player_turn_start as a handler for 'player_turn_start', priority: 1000000, kwargs: {}
2016-08-22 16:21:13,275 : DEBUG : Events : Registered ShotProfileManager._player_turn_stop as a handler for 'player_turn_stop', priority: 0, kwargs: {}
2016-08-22 16:21:13,275 : DEBUG : Machine : Loading 'mpf.core.device_manager.DeviceManager' core module
2016-08-22 16:21:13,275 : DEBUG : Events : Registered DeviceManager._load_device_modules as a handler for 'init_phase_1', priority: 1, kwargs: {}
2016-08-22 16:21:13,275 : DEBUG : Events : Registered DeviceManager.create_machinewide_device_control_events as a handler for 'init_phase_2', priority: 1, kwargs: {}
2016-08-22 16:21:13,275 : DEBUG : Events : Registered DeviceManager.create_collection_control_events as a handler for 'init_phase_2', priority: 1, kwargs: {}
2016-08-22 16:21:13,275 : DEBUG : Machine : Loading 'mpf.core.switch_controller.SwitchController' core module
2016-08-22 16:21:13,275 : DEBUG : Clock : Scheduled a recurring clock callback (callback=<bound method SwitchController._tick of <mpf.core.switch_controller.SwitchController object at 0x108bb8390>>, timeout=0, priority=1000)
2016-08-22 16:21:13,275 : DEBUG : Events : Registered SwitchController._initialize_switches as a handler for 'init_phase_2', priority: 1000, kwargs: {}
2016-08-22 16:21:13,276 : DEBUG : Events : Registered SwitchController.log_active_switches as a handler for 'machine_reset_phase_3', priority: 1, kwargs: {}
2016-08-22 16:21:13,276 : DEBUG : Machine : Loading 'mpf.core.ball_controller.BallController' core module
2016-08-22 16:21:13,276 : DEBUG : BallController : Loading the BallController
2016-08-22 16:21:13,276 : DEBUG : Events : Registered BallController.request_to_start_game as a handler for 'request_to_start_game', priority: 1, kwargs: {}
2016-08-22 16:21:13,276 : DEBUG : Events : Registered BallController._initialize as a handler for 'machine_reset_phase_2', priority: 1, kwargs: {}
2016-08-22 16:21:13,276 : DEBUG : Events : Registered BallController._init2 as a handler for 'init_phase_2', priority: 1, kwargs: {}
2016-08-22 16:21:13,276 : DEBUG : Machine : Loading 'mpf.core.assets.AssetManager' core module
2016-08-22 16:21:13,277 : DEBUG : AssetManager : Initializing...
2016-08-22 16:21:13,277 : DEBUG : Mode Controller : Registering <bound method AssetManager._load_mode_assets of <mpf.core.assets.AssetManager object at 0x108bbee80>> as a mode start method. Config section: None, priority: 0, kwargs: {}
2016-08-22 16:21:13,277 : DEBUG : Events : Registered AssetManager._create_assets as a handler for 'init_phase_3', priority: 1, kwargs: {}
2016-08-22 16:21:13,277 : DEBUG : Events : Registered AssetManager._bcp_client_asset_load as a handler for 'assets_to_load', priority: 1, kwargs: {}
2016-08-22 16:21:13,277 : DEBUG : Machine : Loading 'mpf.core.show_controller.ShowController' core module
2016-08-22 16:21:13,278 : DEBUG : Clock : Scheduled a recurring clock callback (callback=<bound method ShowController._tick of <mpf.core.show_controller.ShowController object at 0x108bcc7b8>>, timeout=0, priority=1)
2016-08-22 16:21:13,279 : DEBUG : Events : Registered ShowController._initialize as a handler for 'init_phase_3', priority: 1, kwargs: {}
2016-08-22 16:21:13,279 : DEBUG : Machine : Loading 'mpf.core.bcp.BCP' core module
2016-08-22 16:21:13,279 : DEBUG : Events : Registered BCP.bcp_trigger as a handler for 'ball_started', priority: 1, kwargs: {'name': 'ball_started'}
2016-08-22 16:21:13,279 : DEBUG : Events : Registered BCP.bcp_trigger as a handler for 'ball_ended', priority: 1, kwargs: {'name': 'ball_ended'}
2016-08-22 16:21:13,279 : DEBUG : Events : Registered BCP.bcp_trigger as a handler for 'player_add_success', priority: 1, kwargs: {'name': 'player_add_success'}
2016-08-22 16:21:13,279 : DEBUG : Events : Registered BCP._bcp_event_callback as a handler for 'clear', priority: 1, kwargs: {'params': {'key': '%key', 'name': 'clear'}, 'command': 'trigger'}
2016-08-22 16:21:13,279 : DEBUG : Events : Registered BCP._bcp_event_callback as a handler for 'player_turn_start', priority: 1, kwargs: {'params': {'player_num': '%number'}, 'command': 'player_turn_start'}
2016-08-22 16:21:13,279 : DEBUG : Events : Registered BCP.bcp_trigger as a handler for 'player_score', priority: 1, kwargs: {'name': 'player_score'}
2016-08-22 16:21:13,279 : DEBUG : Events : Registered BCP._setup_dmds as a handler for 'init_phase_1', priority: 1, kwargs: {}
2016-08-22 16:21:13,279 : DEBUG : Events : Registered BCP._setup_bcp_connections as a handler for 'init_done', priority: 1, kwargs: {}
2016-08-22 16:21:13,279 : DEBUG : Clock : Scheduled a recurring clock callback (callback=<bound method BCP.get_bcp_messages of <BCP Module>>, timeout=0, priority=1)
2016-08-22 16:21:13,279 : DEBUG : Events : Registered BCP.bcp_player_added as a handler for 'player_add_success', priority: 1, kwargs: {}
2016-08-22 16:21:13,279 : DEBUG : Events : Registered BCP.bcp_reset as a handler for 'machine_reset_phase_1', priority: 1, kwargs: {}
2016-08-22 16:21:13,280 : DEBUG : Events : Registered BCP.increase_volume as a handler for 'increase_volume', priority: 1, kwargs: {}
2016-08-22 16:21:13,280 : DEBUG : Events : Registered BCP.decrease_volume as a handler for 'decrease_volume', priority: 1, kwargs: {}
2016-08-22 16:21:13,280 : DEBUG : Events : Registered BCP.enable_volume_keys as a handler for 'enable_volume_keys', priority: 1, kwargs: {}
2016-08-22 16:21:13,280 : DEBUG : Events : Registered BCP.disable_volume_keys as a handler for 'disable_volume_keys', priority: 1, kwargs: {}
2016-08-22 16:21:13,280 : DEBUG : Events : Registered BCP.get_led_coordinates as a handler for 'bcp_get_led_coordinates', priority: 1, kwargs: {}
2016-08-22 16:21:13,280 : DEBUG : Mode Controller : Registering <bound method BCP.bcp_mode_start of <BCP Module>> as a mode start method. Config section: mode, priority: 0, kwargs: {}
2016-08-22 16:21:13,280 : DEBUG : Machine : Loading 'mpf.core.logic_blocks.LogicBlocks' core module
2016-08-22 16:21:13,281 : DEBUG : Mode Controller : Registering <bound method LogicBlocks._process_config of <mpf.core.logic_blocks.LogicBlocks object at 0x108bcef60>> as a mode start method. Config section: logic_blocks, priority: 0, kwargs: {}
2016-08-22 16:21:13,281 : DEBUG : Events : Registered LogicBlocks._create_player_logic_blocks as a handler for 'player_add_success', priority: 1, kwargs: {}
2016-08-22 16:21:13,281 : DEBUG : Events : Registered LogicBlocks.player_turn_start as a handler for 'player_turn_start', priority: 1, kwargs: {}
2016-08-22 16:21:13,281 : DEBUG : Events : Registered LogicBlocks.player_turn_stop as a handler for 'player_turn_stop', priority: 1, kwargs: {}
2016-08-22 16:21:13,281 : DEBUG : Machine : Loading 'mpf.core.scoring.ScoreController' core module
2016-08-22 16:21:13,281 : DEBUG : Score : Loading the Score Controller
2016-08-22 16:21:13,281 : DEBUG : Mode Controller : Registering <bound method ScoreController.mode_start of <mpf.core.scoring.ScoreController object at 0x108bd6b38>> as a mode start method. Config section: scoring, priority: 0, kwargs: {}
2016-08-22 16:21:13,281 : DEBUG : Events : Registered HardwarePlatform._initialize2 as a handler for 'machine_reset_phase_1', priority: 1, kwargs: {}
2016-08-22 16:21:13,282 : DEBUG : Events : Registered ConfigPlayer._initialize as a handler for 'init_phase_1', priority: 1, kwargs: {}
2016-08-22 16:21:13,282 : DEBUG : Events : Registered ConfigPlayer._initialize as a handler for 'init_phase_1', priority: 1, kwargs: {}
2016-08-22 16:21:13,282 : DEBUG : Events : Registered ConfigPlayer._initialize as a handler for 'init_phase_1', priority: 1, kwargs: {}
2016-08-22 16:21:13,283 : DEBUG : Events : Registered ConfigPlayer._initialize as a handler for 'init_phase_1', priority: 1, kwargs: {}
2016-08-22 16:21:13,283 : DEBUG : Events : Registered ConfigPlayer._initialize as a handler for 'init_phase_1', priority: 1, kwargs: {}
2016-08-22 16:21:13,283 : DEBUG : Events : Registered ConfigPlayer._initialize as a handler for 'init_phase_1', priority: 1, kwargs: {}
2016-08-22 16:21:13,283 : DEBUG : Events : Registered ConfigPlayer._initialize as a handler for 'init_phase_1', priority: 1, kwargs: {}
2016-08-22 16:21:13,284 : DEBUG : Events : Registered ConfigPlayer._initialize as a handler for 'init_phase_1', priority: 1, kwargs: {}
2016-08-22 16:21:13,284 : DEBUG : Events : Registered ConfigPlayer._initialize as a handler for 'init_phase_1', priority: 1, kwargs: {}
2016-08-22 16:21:13,284 : DEBUG : Machine : Registering Plugin Config Players
2016-08-22 16:21:13,284 : DEBUG : Machine : Registering sound_player = mpfmc.config_players.sound_player:register_with_mpf
2016-08-22 16:21:13,286 : DEBUG : Events : Registered ConfigPlayer._initialize as a handler for 'init_phase_1', priority: 1, kwargs: {}
2016-08-22 16:21:13,286 : DEBUG : Machine : Registering widget_player = mpfmc.config_players.widget_player:register_with_mpf
2016-08-22 16:21:13,287 : DEBUG : Events : Registered ConfigPlayer._initialize as a handler for 'init_phase_1', priority: 1, kwargs: {}
2016-08-22 16:21:13,287 : DEBUG : Machine : Registering slide_player = mpfmc.config_players.slide_player:register_with_mpf
2016-08-22 16:21:13,288 : DEBUG : Events : Registered ConfigPlayer._initialize as a handler for 'init_phase_1', priority: 1, kwargs: {}
2016-08-22 16:21:13,288 : DEBUG : Events : Registered MachineController.power_off as a handler for 'shutdown', priority: 1, kwargs: {}
2016-08-22 16:21:13,288 : DEBUG : Events : Registered MachineController.power_off as a handler for 'sw_shutdown', priority: 1, kwargs: {}
2016-08-22 16:21:13,288 : DEBUG : Events : Registered MachineController.stop as a handler for 'quit', priority: 1, kwargs: {}
2016-08-22 16:21:13,288 : DEBUG : Events : Registered MachineController.stop as a handler for 'sw_quit', priority: 1, kwargs: {}
2016-08-22 16:21:13,288 : DEBUG : DataInterface : Loading machine_vars from /Users/jackbot/pinball/taxi/data/machine_vars.yaml
2016-08-22 16:21:13,288 : DEBUG : DataInterface : Didn't find the machine_vars file. No prob. We'll create it when we save.
2016-08-22 16:21:13,288 : DEBUG : Events : ^^^^ Posted event 'init_phase_1'. Type: None, Callback: None, Args: {}
2016-08-22 16:21:13,288 : DEBUG : Events : ============== EVENTS QUEUE =============
2016-08-22 16:21:13,288 : DEBUG : Events : init_phase_1, None, None, {}
2016-08-22 16:21:13,289 : DEBUG : Events : =========================================
2016-08-22 16:21:13,289 : DEBUG : Events : ^^^^ Processing event 'init_phase_1'. Type: None, Callback: None, Args: {}
2016-08-22 16:21:13,289 : DEBUG : Events : DeviceManager._load_device_modules (priority: 1) responding to event 'init_phase_1' with args {}
2016-08-22 16:21:13,289 : DEBUG : DeviceManager : Loading devices...
2016-08-22 16:21:13,292 : DEBUG : Events : Registered BallSearch.request_to_start_game as a handler for 'request_to_start_game', priority: 1, kwargs: {}
2016-08-22 16:21:13,313 : DEBUG : Events : Registered Playfield._ball_removed_handler as a handler for 'balldevice_captured_from_playfield', priority: 1, kwargs: {}
2016-08-22 16:21:13,313 : DEBUG : Events : Registered Playfield._playfield_switch_hit as a handler for 'sw_playfield_active', priority: 1, kwargs: {}
2016-08-22 16:21:13,314 : DEBUG : Events : BCP._setup_dmds (priority: 1) responding to event 'init_phase_1' with args {}
2016-08-22 16:21:13,314 : DEBUG : Events : ConfigPlayer._initialize (priority: 1) responding to event 'init_phase_1' with args {}
2016-08-22 16:21:13,314 : DEBUG : Mode Controller : Registering <bound method ConfigPlayer.mode_start of ConfigPlayer.leds> as a mode start method. Config section: led_player, priority: 0, kwargs: {}
2016-08-22 16:21:13,314 : DEBUG : Events : ConfigPlayer._initialize (priority: 1) responding to event 'init_phase_1' with args {}
2016-08-22 16:21:13,314 : DEBUG : Mode Controller : Registering <bound method ConfigPlayer.mode_start of ConfigPlayer.random_events> as a mode start method. Config section: random_event_player, priority: 0, kwargs: {}
2016-08-22 16:21:13,314 : DEBUG : Events : ConfigPlayer._initialize (priority: 1) responding to event 'init_phase_1' with args {}
2016-08-22 16:21:13,314 : DEBUG : Mode Controller : Registering <bound method ConfigPlayer.mode_start of ConfigPlayer.flashers> as a mode start method. Config section: flasher_player, priority: 0, kwargs: {}
2016-08-22 16:21:13,314 : DEBUG : Events : ConfigPlayer._initialize (priority: 1) responding to event 'init_phase_1' with args {}
2016-08-22 16:21:13,314 : DEBUG : Mode Controller : Registering <bound method ConfigPlayer.mode_start of ConfigPlayer.gis> as a mode start method. Config section: gi_player, priority: 0, kwargs: {}
2016-08-22 16:21:13,314 : DEBUG : Events : ConfigPlayer._initialize (priority: 1) responding to event 'init_phase_1' with args {}
2016-08-22 16:21:13,315 : DEBUG : Mode Controller : Registering <bound method ConfigPlayer.mode_start of ConfigPlayer.triggers> as a mode start method. Config section: trigger_player, priority: 0, kwargs: {}
2016-08-22 16:21:13,315 : DEBUG : Events : ConfigPlayer._initialize (priority: 1) responding to event 'init_phase_1' with args {}
2016-08-22 16:21:13,315 : DEBUG : Mode Controller : Registering <bound method ConfigPlayer.mode_start of ConfigPlayer.events> as a mode start method. Config section: event_player, priority: 0, kwargs: {}
2016-08-22 16:21:13,315 : DEBUG : Events : ConfigPlayer._initialize (priority: 1) responding to event 'init_phase_1' with args {}
2016-08-22 16:21:13,315 : DEBUG : Mode Controller : Registering <bound method ConfigPlayer.mode_start of ConfigPlayer.coils> as a mode start method. Config section: coil_player, priority: 0, kwargs: {}
2016-08-22 16:21:13,315 : DEBUG : Events : ConfigPlayer._initialize (priority: 1) responding to event 'init_phase_1' with args {}
2016-08-22 16:21:13,315 : DEBUG : Mode Controller : Registering <bound method ConfigPlayer.mode_start of ConfigPlayer.lights> as a mode start method. Config section: light_player, priority: 0, kwargs: {}
2016-08-22 16:21:13,315 : DEBUG : Events : ConfigPlayer._initialize (priority: 1) responding to event 'init_phase_1' with args {}
2016-08-22 16:21:13,315 : DEBUG : Mode Controller : Registering <bound method ConfigPlayer.mode_start of ConfigPlayer.shows> as a mode start method. Config section: show_player, priority: 0, kwargs: {}
2016-08-22 16:21:13,315 : DEBUG : Events : ConfigPlayer._initialize (priority: 1) responding to event 'init_phase_1' with args {}
2016-08-22 16:21:13,315 : DEBUG : Mode Controller : Registering <bound method ConfigPlayer.mode_start of PluginPlayer.sounds> as a mode start method. Config section: sound_player, priority: 0, kwargs: {}
2016-08-22 16:21:13,315 : DEBUG : Events : ConfigPlayer._initialize (priority: 1) responding to event 'init_phase_1' with args {}
2016-08-22 16:21:13,315 : DEBUG : Mode Controller : Registering <bound method ConfigPlayer.mode_start of PluginPlayer.widgets> as a mode start method. Config section: widget_player, priority: 0, kwargs: {}
2016-08-22 16:21:13,315 : DEBUG : Events : ConfigPlayer._initialize (priority: 1) responding to event 'init_phase_1' with args {}
2016-08-22 16:21:13,315 : DEBUG : Mode Controller : Registering <bound method ConfigPlayer.mode_start of PluginPlayer.slides> as a mode start method. Config section: slide_player, priority: 0, kwargs: {}
2016-08-22 16:21:13,315 : DEBUG : Events : Registered BCP.bcp_trigger as a handler for 'mc_ready', priority: 1, kwargs: {'name': 'mc_ready'}
2016-08-22 16:21:13,315 : DEBUG : Events : Registered BCP.bcp_trigger as a handler for 'mode_attract_started', priority: 1, kwargs: {'name': 'mode_attract_started'}
2016-08-22 16:21:13,316 : DEBUG : Events : vvvv Finished event 'init_phase_1'. Type: None. Callback: None. Args: {}
2016-08-22 16:21:13,316 : DEBUG : Events : ^^^^ Posted event 'init_phase_2'. Type: None, Callback: None, Args: {}
2016-08-22 16:21:13,316 : DEBUG : Events : ============== EVENTS QUEUE =============
2016-08-22 16:21:13,316 : DEBUG : Events : init_phase_2, None, None, {}
2016-08-22 16:21:13,316 : DEBUG : Events : =========================================
2016-08-22 16:21:13,316 : DEBUG : Events : ^^^^ Processing event 'init_phase_2'. Type: None, Callback: None, Args: {}
2016-08-22 16:21:13,316 : DEBUG : Events : SwitchController._initialize_switches (priority: 1000) responding to event 'init_phase_2' with args {}
2016-08-22 16:21:13,316 : DEBUG : Events : ModeController._load_modes (priority: 1) responding to event 'init_phase_2' with args {}
2016-08-22 16:21:13,316 : DEBUG : Mode Controller : Found MPF Mode folders: {'attract': 'attract', 'bonus': 'bonus', 'credits': 'credits', 'carousel': 'carousel', 'game': 'game', 'tilt': 'tilt', 'high_score': 'high_score'}
2016-08-22 16:21:13,316 : DEBUG : Mode Controller : Found Machine-specific Mode folders: {}
2016-08-22 16:21:13,316 : DEBUG : Mode Controller : Processing mode: attract
2016-08-22 16:21:13,317 : DEBUG : YAML File Interface : Loading file: /Applications/MPF.app/Contents/Frameworks/python/3.5.0/lib/python3.5/site-packages/mpf/modes/attract/config/attract.yaml
2016-08-22 16:21:13,318 : DEBUG : Mode Controller : Loading config from /Applications/MPF.app/Contents/Frameworks/python/3.5.0/lib/python3.5/site-packages/mpf/modes/attract/config/attract.yaml
2016-08-22 16:21:13,318 : DEBUG : Mode.attract : Scanning config for mode-based devices
2016-08-22 16:21:13,319 : DEBUG : Events : Registered Mode.start as a handler for 'game_ended', priority: 10, kwargs: {}
2016-08-22 16:21:13,319 : DEBUG : Events : Registered Mode.start as a handler for 'reset_complete', priority: 10, kwargs: {}
2016-08-22 16:21:13,319 : DEBUG : Mode Controller : Loaded code from mpf.modes.attract.code.attract
2016-08-22 16:21:13,319 : DEBUG : Mode Controller : Processing mode: game
2016-08-22 16:21:13,319 : DEBUG : YAML File Interface : Loading file: /Applications/MPF.app/Contents/Frameworks/python/3.5.0/lib/python3.5/site-packages/mpf/modes/game/config/game.yaml
2016-08-22 16:21:13,320 : DEBUG : Mode Controller : Loading config from /Applications/MPF.app/Contents/Frameworks/python/3.5.0/lib/python3.5/site-packages/mpf/modes/game/config/game.yaml
2016-08-22 16:21:13,320 : DEBUG : Mode.game : Scanning config for mode-based devices
2016-08-22 16:21:13,321 : DEBUG : Events : Registered Mode.start as a handler for 'game_start', priority: 20, kwargs: {}
2016-08-22 16:21:13,321 : DEBUG : Mode Controller : Loaded code from mpf.modes.game.code.game
2016-08-22 16:21:13,321 : DEBUG : Events : DeviceManager.create_machinewide_device_control_events (priority: 1) responding to event 'init_phase_2' with args {}
2016-08-22 16:21:13,321 : DEBUG : Events : Registered DeviceManager._control_event_handler as a handler for 'machine_reset_phase_3', priority: 0, kwargs: {'delay_mgr': <mpf.core.delays.DelayManager object at 0x108b75668>, 'ms_delay': 0, 'callback': <bound method Flipper.enable of <flipper.left_flipper>>}
2016-08-22 16:21:13,321 : DEBUG : Events : Registered DeviceManager._control_event_handler as a handler for 'ball_ending', priority: 0, kwargs: {'delay_mgr': <mpf.core.delays.DelayManager object at 0x108b75668>, 'ms_delay': 0, 'callback': <bound method Flipper.disable of <flipper.left_flipper>>}
2016-08-22 16:21:13,321 : DEBUG : Events : Registered DeviceManager._control_event_handler as a handler for 'machine_reset_phase_3', priority: 0, kwargs: {'delay_mgr': <mpf.core.delays.DelayManager object at 0x108b75668>, 'ms_delay': 0, 'callback': <bound method Flipper.enable of <flipper.right_flipper>>}
2016-08-22 16:21:13,321 : DEBUG : Events : Registered DeviceManager._control_event_handler as a handler for 'ball_ending', priority: 0, kwargs: {'delay_mgr': <mpf.core.delays.DelayManager object at 0x108b75668>, 'ms_delay': 0, 'callback': <bound method Flipper.disable of <flipper.right_flipper>>}
2016-08-22 16:21:13,321 : DEBUG : Events : DeviceManager.create_collection_control_events (priority: 1) responding to event 'init_phase_2' with args {}
2016-08-22 16:21:13,321 : DEBUG : Events : Registered DeviceManager._collection_control_event_handler as a handler for 'coils_disable', priority: 1, kwargs: {'method': 'disable', 'collection': 'coils'}
2016-08-22 16:21:13,321 : DEBUG : Events : Registered DeviceManager._collection_control_event_handler as a handler for 'autofires_enable', priority: 1, kwargs: {'method': 'enable', 'collection': 'autofires'}
2016-08-22 16:21:13,322 : DEBUG : Events : Registered DeviceManager._collection_control_event_handler as a handler for 'autofires_disable', priority: 1, kwargs: {'method': 'disable', 'collection': 'autofires'}
2016-08-22 16:21:13,322 : DEBUG : Events : Registered DeviceManager._collection_control_event_handler as a handler for 'gi_enable', priority: 1, kwargs: {'method': 'enable', 'collection': 'gi'}
2016-08-22 16:21:13,322 : DEBUG : Events : Registered DeviceManager._collection_control_event_handler as a handler for 'gi_disable', priority: 1, kwargs: {'method': 'disable', 'collection': 'gi'}
2016-08-22 16:21:13,322 : DEBUG : Events : Registered DeviceManager._collection_control_event_handler as a handler for 'lights_off', priority: 1, kwargs: {'method': 'off', 'collection': 'lights'}
2016-08-22 16:21:13,322 : DEBUG : Events : Registered DeviceManager._collection_control_event_handler as a handler for 'ball_devices_stop', priority: 1, kwargs: {'method': 'stop', 'collection': 'ball_devices'}
2016-08-22 16:21:13,322 : DEBUG : Events : Registered DeviceManager._collection_control_event_handler as a handler for 'ball_devices_eject_all', priority: 1, kwargs: {'method': 'eject_all', 'collection': 'ball_devices'}
2016-08-22 16:21:13,322 : DEBUG : Events : Registered DeviceManager._collection_control_event_handler as a handler for 'flippers_enable', priority: 1, kwargs: {'method': 'enable', 'collection': 'flippers'}
2016-08-22 16:21:13,322 : DEBUG : Events : Registered DeviceManager._collection_control_event_handler as a handler for 'flippers_disable', priority: 1, kwargs: {'method': 'disable', 'collection': 'flippers'}
2016-08-22 16:21:13,322 : DEBUG : Events : Registered DeviceManager._collection_control_event_handler as a handler for 'leds_off', priority: 1, kwargs: {'method': 'off', 'collection': 'leds'}
2016-08-22 16:21:13,322 : DEBUG : Events : BallController._init2 (priority: 1) responding to event 'init_phase_2' with args {}
2016-08-22 16:21:13,322 : DEBUG : Events : Registered BallController._correct_playfield_count as a handler for 'playfield_ball_count_change', priority: 1, kwargs: {}
2016-08-22 16:21:13,322 : DEBUG : BallController : Counting Balls
2016-08-22 16:21:13,322 : DEBUG : Events : vvvv Finished event 'init_phase_2'. Type: None. Callback: None. Args: {}
2016-08-22 16:21:13,322 : DEBUG : Machine : Loading plugins...
2016-08-22 16:21:13,322 : DEBUG : Machine : Loading 'mpf.plugins.auditor.Auditor' plugin
2016-08-22 16:21:13,323 : DEBUG : DataInterface : Loading audits from /Users/jackbot/pinball/taxi/data/audits.yaml
2016-08-22 16:21:13,323 : DEBUG : DataInterface : Didn't find the audits file. No prob. We'll create it when we save.
2016-08-22 16:21:13,323 : DEBUG : Events : Registered Auditor._initialize as a handler for 'init_phase_4', priority: 1, kwargs: {}
2016-08-22 16:21:13,323 : DEBUG : Machine : Loading 'mpf.plugins.info_lights.InfoLights' plugin
2016-08-22 16:21:13,323 : DEBUG : Machine : "info_lights:" section not found in machine configuration, so the Info Lights plugin will not be used.
2016-08-22 16:21:13,324 : DEBUG : Machine : Loading 'mpf.plugins.osc.OSC' plugin
2016-08-22 16:21:13,324 : DEBUG : Machine : "OSC:" section not found in the machine configuration, so the OSC plugin will not be used.
2016-08-22 16:21:13,324 : DEBUG : Machine : Loading 'mpf.plugins.switch_player.SwitchPlayer' plugin
2016-08-22 16:21:13,324 : DEBUG : Machine : "switch_player:" section not found in machine configuration, so the Switch Playerplugin will not be used.
2016-08-22 16:21:13,324 : DEBUG : Events : ^^^^ Posted event 'init_phase_3'. Type: None, Callback: None, Args: {}
2016-08-22 16:21:13,324 : DEBUG : Events : ============== EVENTS QUEUE =============
2016-08-22 16:21:13,324 : DEBUG : Events : init_phase_3, None, None, {}
2016-08-22 16:21:13,324 : DEBUG : Events : =========================================
2016-08-22 16:21:13,325 : DEBUG : Events : ^^^^ Processing event 'init_phase_3'. Type: None, Callback: None, Args: {}
2016-08-22 16:21:13,325 : DEBUG : Events : AssetManager._create_assets (priority: 1) responding to event 'init_phase_3' with args {}
2016-08-22 16:21:13,325 : DEBUG : AssetManager : Processing assets from base folder: /Users/jackbot/pinball/taxi/shows
2016-08-22 16:21:13,325 : DEBUG : AssetManager : Processing assets from base folder: /Applications/MPF.app/Contents/Frameworks/python/3.5.0/lib/python3.5/site-packages/mpf/modes/attract/shows
2016-08-22 16:21:13,325 : DEBUG : AssetManager : Processing assets from base folder: /Applications/MPF.app/Contents/Frameworks/python/3.5.0/lib/python3.5/site-packages/mpf/modes/game/shows
2016-08-22 16:21:13,325 : DEBUG : Machine : Clearing boot hold assets. Holds remaining: {'init'}
2016-08-22 16:21:13,325 : DEBUG : Events : ShowController._initialize (priority: 1) responding to event 'init_phase_3' with args {}
2016-08-22 16:21:13,325 : DEBUG : ShowController : Loading Show None
2016-08-22 16:21:13,326 : DEBUG : ShowController : Loading Show None
2016-08-22 16:21:13,327 : DEBUG : ShowController : Loading Show None
2016-08-22 16:21:13,327 : DEBUG : ShowController : Loading Show None
2016-08-22 16:21:13,328 : DEBUG : Events : vvvv Finished event 'init_phase_3'. Type: None. Callback: None. Args: {}
2016-08-22 16:21:13,328 : DEBUG : Events : ^^^^ Posted event 'init_phase_4'. Type: None, Callback: None, Args: {}
2016-08-22 16:21:13,328 : DEBUG : Events : ============== EVENTS QUEUE =============
2016-08-22 16:21:13,328 : DEBUG : Events : init_phase_4, None, None, {}
2016-08-22 16:21:13,328 : DEBUG : Events : =========================================
2016-08-22 16:21:13,328 : DEBUG : Events : ^^^^ Processing event 'init_phase_4'. Type: None, Callback: None, Args: {}
2016-08-22 16:21:13,328 : DEBUG : Events : Auditor._initialize (priority: 1) responding to event 'init_phase_4' with args {}
2016-08-22 16:21:13,328 : DEBUG : Events : Registered Auditor.enable as a handler for 'game_starting', priority: 1, kwargs: {}
2016-08-22 16:21:13,328 : DEBUG : Events : Registered Auditor.disable as a handler for 'game_ended', priority: 1, kwargs: {}
2016-08-22 16:21:13,328 : DEBUG : Events : Registered Auditor.audit_player as a handler for 'game_ending', priority: 1, kwargs: {}
2016-08-22 16:21:13,329 : DEBUG : Events : vvvv Finished event 'init_phase_4'. Type: None. Callback: None. Args: {}
2016-08-22 16:21:13,329 : DEBUG : Events : ^^^^ Posted event 'init_phase_5'. Type: None, Callback: None, Args: {}
2016-08-22 16:21:13,329 : DEBUG : Events : ============== EVENTS QUEUE =============
2016-08-22 16:21:13,329 : DEBUG : Events : init_phase_5, None, None, {}
2016-08-22 16:21:13,329 : DEBUG : Events : =========================================
2016-08-22 16:21:13,329 : DEBUG : Events : ^^^^ Processing event 'init_phase_5'. Type: None, Callback: None, Args: {}
2016-08-22 16:21:13,329 : DEBUG : Events : vvvv Finished event 'init_phase_5'. Type: None. Callback: None. Args: {}
2016-08-22 16:21:13,329 : DEBUG : Machine : Clearing boot hold init. Holds remaining: set()
2016-08-22 16:21:13,329 : DEBUG : Events : ^^^^ Posted event 'init_done'. Type: None, Callback: None, Args: {}
2016-08-22 16:21:13,329 : DEBUG : Events : ============== EVENTS QUEUE =============
2016-08-22 16:21:13,329 : DEBUG : Events : init_done, None, None, {}
2016-08-22 16:21:13,329 : DEBUG : Events : =========================================
2016-08-22 16:21:13,329 : DEBUG : Events : ^^^^ Processing event 'init_done'. Type: None, Callback: None, Args: {}
2016-08-22 16:21:13,329 : DEBUG : Events : BCP._setup_bcp_connections (priority: 1) responding to event 'init_done' with args {}
2016-08-22 16:21:13,329 : DEBUG : BCPClientSocket.local_display : Setting up BCP Client...
2016-08-22 16:21:13,330 : INFO : BCPClientSocket.local_display : Connecting to BCP Media Controller at localhost:5050...
2016-08-22 16:21:14,154 : DEBUG : BCPClientSocket.local_display : Connected to remote BCP host localhost:5050
2016-08-22 16:21:14,155 : DEBUG : Events : vvvv Finished event 'init_done'. Type: None. Callback: None. Args: {}
2016-08-22 16:21:14,155 : DEBUG : Machine : Resetting...
2016-08-22 16:21:14,155 : DEBUG : Events : ^^^^ Posted event 'machine_reset_phase_1'. Type: None, Callback: None, Args: {}
2016-08-22 16:21:14,155 : DEBUG : Events : ============== EVENTS QUEUE =============
2016-08-22 16:21:14,156 : DEBUG : Events : machine_reset_phase_1, None, None, {}
2016-08-22 16:21:14,156 : DEBUG : Events : =========================================
2016-08-22 16:21:14,157 : DEBUG : Events : ^^^^ Processing event 'machine_reset_phase_1'. Type: None, Callback: None, Args: {}
2016-08-22 16:21:14,157 : DEBUG : Events : BCP.bcp_reset (priority: 1) responding to event 'machine_reset_phase_1' with args {}
2016-08-22 16:21:14,157 : DEBUG : Events : HardwarePlatform._initialize2 (priority: 1) responding to event 'machine_reset_phase_1' with args {}
2016-08-22 16:21:14,157 : DEBUG : Events : vvvv Finished event 'machine_reset_phase_1'. Type: None. Callback: None. Args: {}
2016-08-22 16:21:14,157 : DEBUG : Events : ^^^^ Posted event 'machine_reset_phase_2'. Type: None, Callback: None, Args: {}
2016-08-22 16:21:14,157 : DEBUG : Events : ============== EVENTS QUEUE =============
2016-08-22 16:21:14,157 : DEBUG : Events : machine_reset_phase_2, None, None, {}
2016-08-22 16:21:14,157 : DEBUG : Events : =========================================
2016-08-22 16:21:14,158 : DEBUG : Events : ^^^^ Processing event 'machine_reset_phase_2'. Type: None, Callback: None, Args: {}
2016-08-22 16:21:14,158 : DEBUG : Events : BallController._initialize (priority: 1) responding to event 'machine_reset_phase_2' with args {}
2016-08-22 16:21:14,158 : DEBUG : Events : vvvv Finished event 'machine_reset_phase_2'. Type: None. Callback: None. Args: {}
2016-08-22 16:21:14,158 : DEBUG : Events : ^^^^ Posted event 'machine_reset_phase_3'. Type: None, Callback: None, Args: {}
2016-08-22 16:21:14,158 : DEBUG : Events : ============== EVENTS QUEUE =============
2016-08-22 16:21:14,158 : DEBUG : BCPClientSocket.local_display : Sending "hello?controller_name=Mission%20Pinball%20Framework&version=1.0&controller_version=0.30.26"
2016-08-22 16:21:14,158 : DEBUG : Events : machine_reset_phase_3, None, None, {}
2016-08-22 16:21:14,158 : DEBUG : BCPClientSocket.local_display : Sending "machine_variable?value=FREE%20PLAY&name=credits_string"
2016-08-22 16:21:14,158 : DEBUG : Events : =========================================
2016-08-22 16:21:14,158 : DEBUG : BCPClientSocket.local_display : Sending "reset"
2016-08-22 16:21:14,158 : DEBUG : Events : ^^^^ Processing event 'machine_reset_phase_3'. Type: None, Callback: None, Args: {}
2016-08-22 16:21:14,159 : DEBUG : Events : SwitchController.log_active_switches (priority: 1) responding to event 'machine_reset_phase_3' with args {}
2016-08-22 16:21:14,159 : DEBUG : Events : DeviceManager._control_event_handler (priority: 0) responding to event 'machine_reset_phase_3' with args {'delay_mgr': <mpf.core.delays.DelayManager object at 0x108b75668>, 'callback': <bound method Flipper.enable of <flipper.left_flipper>>, 'ms_delay': 0}
2016-08-22 16:21:14,159 : DEBUG : DeviceManager : _control_event_handler: mode: None, callback: <bound method Flipper.enable of <flipper.left_flipper>>,
2016-08-22 16:21:14,159 : DEBUG : flipper.left_flipper : Enabling flipper with config: {'activation_switch': <switch.s_left_flipper>, 'use_eos': False, 'main_coil': <coil.c_flipper_left_main>, 'hold_coil_overwrite': {'recycle_ms': None, 'hold_power': None, 'hold_power32': None, 'pwm_off_ms': None, 'pulse_power': None, 'pwm_on_ms': None, 'hold_pwm_mask': None, 'pulse_pwm_mask': None, 'pulse_ms': None, 'recycle': None, 'pulse_power32': None}, 'debug': False, 'switch_overwrite': {'debounce': 'quick'}, 'label': '%', 'tags': [], 'hold_coil': <coil.c_flipper_left_hold>, 'eos_switch': None, 'enable_events': {'machine_reset_phase_3': 0}, 'disable_events': {'ball_ending': 0}, 'main_coil_overwrite': {'recycle_ms': None, 'hold_power': None, 'hold_power32': None, 'pwm_off_ms': None, 'pulse_power': None, 'pwm_on_ms': None, 'hold_pwm_mask': None, 'pulse_pwm_mask': None, 'pulse_ms': None, 'recycle': None, 'pulse_power32': None}, 'eos_switch_overwrite': {'debounce': 'quick'}}
2016-08-22 16:21:14,159 : DEBUG : flipper.left_flipper : Enabling main coil pulse rule
2016-08-22 16:21:14,159 : DEBUG : flipper.left_flipper : Enabling hold coil rule
2016-08-22 16:21:14,160 : DEBUG : Events : DeviceManager._control_event_handler (priority: 0) responding to event 'machine_reset_phase_3' with args {'delay_mgr': <mpf.core.delays.DelayManager object at 0x108b75668>, 'callback': <bound method Flipper.enable of <flipper.right_flipper>>, 'ms_delay': 0}
2016-08-22 16:21:14,160 : DEBUG : DeviceManager : _control_event_handler: mode: None, callback: <bound method Flipper.enable of <flipper.right_flipper>>,
2016-08-22 16:21:14,160 : DEBUG : flipper.right_flipper : Enabling flipper with config: {'activation_switch': <switch.s_right_flipper>, 'use_eos': False, 'main_coil': <coil.c_flipper_right_main>, 'hold_coil_overwrite': {'recycle_ms': None, 'hold_power': None, 'hold_power32': None, 'pwm_off_ms': None, 'pulse_power': None, 'pwm_on_ms': None, 'hold_pwm_mask': None, 'pulse_pwm_mask': None, 'pulse_ms': None, 'recycle': None, 'pulse_power32': None}, 'debug': False, 'switch_overwrite': {'debounce': 'quick'}, 'label': '%', 'tags': [], 'hold_coil': <coil.c_flipper_right_hold>, 'eos_switch': None, 'enable_events': {'machine_reset_phase_3': 0}, 'disable_events': {'ball_ending': 0}, 'main_coil_overwrite': {'recycle_ms': None, 'hold_power': None, 'hold_power32': None, 'pwm_off_ms': None, 'pulse_power': None, 'pwm_on_ms': None, 'hold_pwm_mask': None, 'pulse_pwm_mask': None, 'pulse_ms': None, 'recycle': None, 'pulse_power32': None}, 'eos_switch_overwrite': {'debounce': 'quick'}}
2016-08-22 16:21:14,160 : DEBUG : flipper.right_flipper : Enabling main coil pulse rule
2016-08-22 16:21:14,160 : DEBUG : flipper.right_flipper : Enabling hold coil rule
2016-08-22 16:21:14,160 : DEBUG : Events : vvvv Finished event 'machine_reset_phase_3'. Type: None. Callback: None. Args: {}
2016-08-22 16:21:14,160 : DEBUG : Machine : Reset Complete
2016-08-22 16:21:14,160 : DEBUG : Machine : Reset Complete
2016-08-22 16:21:14,160 : DEBUG : Events : ^^^^ Posted event 'reset_complete'. Type: None, Callback: None, Args: {}
2016-08-22 16:21:14,160 : DEBUG : Events : ============== EVENTS QUEUE =============
2016-08-22 16:21:14,160 : DEBUG : Events : reset_complete, None, None, {}
2016-08-22 16:21:14,160 : DEBUG : Events : =========================================
2016-08-22 16:21:14,161 : DEBUG : Machine : Starting the main run loop.
2016-08-22 16:21:14,161 : DEBUG : Events : ^^^^ Processing event 'reset_complete'. Type: None, Callback: None, Args: {}
2016-08-22 16:21:14,161 : DEBUG : Events : Mode.start (priority: 10) responding to event 'reset_complete' with args {}
2016-08-22 16:21:14,161 : DEBUG : Mode.attract : Received request to start
2016-08-22 16:21:14,161 : INFO : Mode.attract : Mode Starting. Priority: 10
2016-08-22 16:21:14,161 : DEBUG : Mode.attract : Registering mode_stop handlers
2016-08-22 16:21:14,161 : DEBUG : Events : Registered Mode.stop as a handler for 'game_start', priority: 11, kwargs: {'mode': <Mode.attract>}
2016-08-22 16:21:14,161 : DEBUG : Mode.attract : Calling mode_start handlers
2016-08-22 16:21:14,161 : DEBUG : Mode.attract : Scanning mode-based config for device control_events
2016-08-22 16:21:14,161 : DEBUG : Events : ^^^^ Posted event 'mode_attract_starting'. Type: queue, Callback: <bound method Mode._started of <Mode.attract>>, Args: {}
2016-08-22 16:21:14,162 : DEBUG : Events : ============== EVENTS QUEUE =============
2016-08-22 16:21:14,162 : DEBUG : Events : mode_attract_starting, queue, <bound method Mode._started of <Mode.attract>>, {}
2016-08-22 16:21:14,162 : DEBUG : Events : =========================================
2016-08-22 16:21:14,162 : DEBUG : Events : vvvv Finished event 'reset_complete'. Type: None. Callback: None. Args: {}
2016-08-22 16:21:14,162 : DEBUG : Events : ^^^^ Processing event 'mode_attract_starting'. Type: queue, Callback: <bound method Mode._started of <Mode.attract>>, Args: {}
2016-08-22 16:21:14,162 : DEBUG : Events : vvvv Finished event 'mode_attract_starting'. Type: queue. Callback: <bound method Mode._started of <Mode.attract>>. Args: {}
2016-08-22 16:21:14,162 : DEBUG : Mode.attract : Mode Started. Priority: 10
2016-08-22 16:21:14,162 : DEBUG : Mode Controller : +=========== ACTIVE MODES ============+
2016-08-22 16:21:14,162 : DEBUG : BCPClientSocket.local_display : Sending "mode_start?priority=int:10&name=attract"
2016-08-22 16:21:14,162 : DEBUG : Mode Controller : | attract : 10                        |
2016-08-22 16:21:14,162 : DEBUG : Mode Controller : +-------------------------------------+
2016-08-22 16:21:14,162 : DEBUG : Events : ^^^^ Posted event 'mode_attract_started'. Type: None, Callback: <bound method Mode._mode_started_callback of <Mode.attract>>, Args: {}
2016-08-22 16:21:14,162 : DEBUG : Events : ============== EVENTS QUEUE =============
2016-08-22 16:21:14,163 : DEBUG : Events : mode_attract_started, None, <bound method Mode._mode_started_callback of <Mode.attract>>, {}
2016-08-22 16:21:14,163 : DEBUG : Events : =========================================
2016-08-22 16:21:14,163 : DEBUG : Events : ^^^^ Processing event 'mode_attract_started'. Type: None, Callback: <bound method Mode._mode_started_callback of <Mode.attract>>, Args: {}
2016-08-22 16:21:14,163 : DEBUG : Events : BCP.bcp_trigger (priority: 1) responding to event 'mode_attract_started' with args {'name': 'mode_attract_started'}
2016-08-22 16:21:14,163 : DEBUG : Events : vvvv Finished event 'mode_attract_started'. Type: None. Callback: <bound method Mode._mode_started_callback of <Mode.attract>>. Args: {}
2016-08-22 16:21:14,163 : DEBUG : BallController : Collecting all balls to devices with tags '['home', 'trough']'
2016-08-22 16:21:14,163 : DEBUG : BallController : Ejecting all balls from: set()
2016-08-22 16:21:14,163 : DEBUG : BallController : All balls are collected
2016-08-22 16:21:14,163 : DEBUG : Events : ^^^^ Posted event 'collecting_balls_complete'. Type: None, Callback: None, Args: {}
2016-08-22 16:21:14,163 : DEBUG : Events : ============== EVENTS QUEUE =============
2016-08-22 16:21:14,163 : DEBUG : Events : collecting_balls_complete, None, None, {}
2016-08-22 16:21:14,163 : DEBUG : Events : =========================================
2016-08-22 16:21:14,163 : DEBUG : Events : ^^^^ Posted event 'enable_volume_keys'. Type: None, Callback: None, Args: {}
2016-08-22 16:21:14,164 : DEBUG : Events : ============== EVENTS QUEUE =============
2016-08-22 16:21:14,164 : DEBUG : Events : collecting_balls_complete, None, None, {}
2016-08-22 16:21:14,164 : DEBUG : Events : enable_volume_keys, None, None, {}
2016-08-22 16:21:14,164 : DEBUG : BCPClientSocket.local_display : Sending "trigger?name=mode_attract_started"
2016-08-22 16:21:14,164 : DEBUG : Events : =========================================
2016-08-22 16:21:14,164 : DEBUG : Mode.attract : Mode Start process complete.
2016-08-22 16:21:14,164 : DEBUG : Events : ^^^^ Processing event 'collecting_balls_complete'. Type: None, Callback: None, Args: {}
2016-08-22 16:21:14,164 : DEBUG : Events : vvvv Finished event 'collecting_balls_complete'. Type: None. Callback: None. Args: {}
2016-08-22 16:21:14,164 : DEBUG : Events : ^^^^ Processing event 'enable_volume_keys'. Type: None, Callback: None, Args: {}
2016-08-22 16:21:14,164 : DEBUG : Events : BCP.enable_volume_keys (priority: 1) responding to event 'enable_volume_keys' with args {}
2016-08-22 16:21:14,164 : DEBUG : Events : vvvv Finished event 'enable_volume_keys'. Type: None. Callback: None. Args: {}
2016-08-22 16:21:14,188 : DEBUG : BCPClientSocket.local_display : Received "b'hello?version=1.0'"
2016-08-22 16:21:14,189 : DEBUG : BCPClientSocket.local_display : Received BCP Hello from host with kwargs: {'version': '1.0'}
2016-08-22 16:21:14,193 : DEBUG : BCPClientSocket.local_display : Received "b'reset_complete'"
2016-08-22 16:21:14,199 : DEBUG : BCP : Processing command: reset_complete {}
2016-08-22 16:21:36,187 : DEBUG : BCPClientSocket.local_display : Received "b'switch?state=int:1&name=s_right_flipper'"
2016-08-22 16:21:36,190 : DEBUG : BCP : Processing command: switch {'state': 1, 'name': 's_right_flipper'}
2016-08-22 16:21:36,190 : DEBUG : SwitchController : Processing switch. Name: s_right_flipper, state: 1, logical: True,
2016-08-22 16:21:36,190 : INFO : SwitchController : <<<<< switch: s_right_flipper, State:1 >>>>>
2016-08-22 16:21:36,190 : DEBUG : Events : ^^^^ Posted event 's_right_flipper_active'. Type: None, Callback: None, Args: {}
2016-08-22 16:21:36,190 : DEBUG : Events : ============== EVENTS QUEUE =============
2016-08-22 16:21:36,191 : DEBUG : Events : s_right_flipper_active, None, None, {}
2016-08-22 16:21:36,191 : DEBUG : Events : =========================================
2016-08-22 16:21:36,191 : DEBUG : Events : ^^^^ Processing event 's_right_flipper_active'. Type: None, Callback: None, Args: {}
2016-08-22 16:21:36,191 : DEBUG : Events : vvvv Finished event 's_right_flipper_active'. Type: None. Callback: None. Args: {}
2016-08-22 16:21:36,331 : DEBUG : BCPClientSocket.local_display : Received "b'switch?state=int:0&name=s_right_flipper'"
2016-08-22 16:21:36,352 : DEBUG : BCP : Processing command: switch {'state': 0, 'name': 's_right_flipper'}
2016-08-22 16:21:36,353 : DEBUG : SwitchController : Processing switch. Name: s_right_flipper, state: 0, logical: True,
2016-08-22 16:21:36,353 : INFO : SwitchController : <<<<< switch: s_right_flipper, State:0 >>>>>
2016-08-22 16:21:36,353 : DEBUG : Events : ^^^^ Posted event 's_right_flipper_inactive'. Type: None, Callback: None, Args: {}
2016-08-22 16:21:36,353 : DEBUG : Events : ============== EVENTS QUEUE =============
2016-08-22 16:21:36,353 : DEBUG : Events : s_right_flipper_inactive, None, None, {}
2016-08-22 16:21:36,353 : DEBUG : Events : =========================================
2016-08-22 16:21:36,354 : DEBUG : Events : ^^^^ Processing event 's_right_flipper_inactive'. Type: None, Callback: None, Args: {}
2016-08-22 16:21:36,354 : DEBUG : Events : vvvv Finished event 's_right_flipper_inactive'. Type: None. Callback: None. Args: {}
2016-08-22 16:21:38,149 : DEBUG : BCPClientSocket.local_display : Received "b'switch?state=int:1&name=s_left_flipper'"
2016-08-22 16:21:38,182 : DEBUG : BCP : Processing command: switch {'state': 1, 'name': 's_left_flipper'}
2016-08-22 16:21:38,183 : DEBUG : SwitchController : Processing switch. Name: s_left_flipper, state: 1, logical: True,
2016-08-22 16:21:38,183 : INFO : SwitchController : <<<<< switch: s_left_flipper, State:1 >>>>>
2016-08-22 16:21:38,183 : DEBUG : Events : ^^^^ Posted event 's_left_flipper_active'. Type: None, Callback: None, Args: {}
2016-08-22 16:21:38,183 : DEBUG : Events : ============== EVENTS QUEUE =============
2016-08-22 16:21:38,183 : DEBUG : Events : s_left_flipper_active, None, None, {}
2016-08-22 16:21:38,183 : DEBUG : Events : =========================================
2016-08-22 16:21:38,183 : DEBUG : Events : ^^^^ Processing event 's_left_flipper_active'. Type: None, Callback: None, Args: {}
2016-08-22 16:21:38,183 : DEBUG : Events : vvvv Finished event 's_left_flipper_active'. Type: None. Callback: None. Args: {}
2016-08-22 16:21:38,210 : DEBUG : BCPClientSocket.local_display : Received "b'switch?state=int:0&name=s_left_flipper'"
2016-08-22 16:21:38,215 : DEBUG : BCP : Processing command: switch {'state': 0, 'name': 's_left_flipper'}
2016-08-22 16:21:38,215 : DEBUG : SwitchController : Processing switch. Name: s_left_flipper, state: 0, logical: True,
2016-08-22 16:21:38,215 : INFO : SwitchController : <<<<< switch: s_left_flipper, State:0 >>>>>
2016-08-22 16:21:38,215 : DEBUG : Events : ^^^^ Posted event 's_left_flipper_inactive'. Type: None, Callback: None, Args: {}
2016-08-22 16:21:38,215 : DEBUG : Events : ============== EVENTS QUEUE =============
2016-08-22 16:21:38,215 : DEBUG : Events : s_left_flipper_inactive, None, None, {}
2016-08-22 16:21:38,215 : DEBUG : Events : =========================================
2016-08-22 16:21:38,216 : DEBUG : Events : ^^^^ Processing event 's_left_flipper_inactive'. Type: None, Callback: None, Args: {}
2016-08-22 16:21:38,216 : DEBUG : Events : vvvv Finished event 's_left_flipper_inactive'. Type: None. Callback: None. Args: {}
2016-08-22 16:21:38,966 : DEBUG : BCPClientSocket.local_display : Received "b'switch?state=int:1&name=s_left_flipper'"
2016-08-22 16:21:38,992 : DEBUG : BCP : Processing command: switch {'state': 1, 'name': 's_left_flipper'}
2016-08-22 16:21:38,992 : DEBUG : SwitchController : Processing switch. Name: s_left_flipper, state: 1, logical: True,
2016-08-22 16:21:38,992 : INFO : SwitchController : <<<<< switch: s_left_flipper, State:1 >>>>>
2016-08-22 16:21:38,992 : DEBUG : Events : ^^^^ Posted event 's_left_flipper_active'. Type: None, Callback: None, Args: {}
2016-08-22 16:21:38,993 : DEBUG : Events : ============== EVENTS QUEUE =============
2016-08-22 16:21:38,993 : DEBUG : Events : s_left_flipper_active, None, None, {}
2016-08-22 16:21:38,993 : DEBUG : Events : =========================================
2016-08-22 16:21:38,993 : DEBUG : Events : ^^^^ Processing event 's_left_flipper_active'. Type: None, Callback: None, Args: {}
2016-08-22 16:21:38,993 : DEBUG : Events : vvvv Finished event 's_left_flipper_active'. Type: None. Callback: None. Args: {}
2016-08-22 16:21:39,753 : DEBUG : BCPClientSocket.local_display : Received "b'switch?state=int:0&name=s_left_flipper'"
2016-08-22 16:21:39,783 : DEBUG : BCP : Processing command: switch {'state': 0, 'name': 's_left_flipper'}
2016-08-22 16:21:39,783 : DEBUG : SwitchController : Processing switch. Name: s_left_flipper, state: 0, logical: True,
2016-08-22 16:21:39,783 : INFO : SwitchController : <<<<< switch: s_left_flipper, State:0 >>>>>
2016-08-22 16:21:39,783 : DEBUG : Events : ^^^^ Posted event 's_left_flipper_inactive'. Type: None, Callback: None, Args: {}
2016-08-22 16:21:39,783 : DEBUG : Events : ============== EVENTS QUEUE =============
2016-08-22 16:21:39,783 : DEBUG : Events : s_left_flipper_inactive, None, None, {}
2016-08-22 16:21:39,783 : DEBUG : Events : =========================================
2016-08-22 16:21:39,784 : DEBUG : Events : ^^^^ Processing event 's_left_flipper_inactive'. Type: None, Callback: None, Args: {}
2016-08-22 16:21:39,784 : DEBUG : Events : vvvv Finished event 's_left_flipper_inactive'. Type: None. Callback: None. Args: {}
2016-08-22 16:21:40,237 : DEBUG : BCPClientSocket.local_display : Received "b'switch?state=int:1&name=s_left_flipper'"
2016-08-22 16:21:40,258 : DEBUG : BCP : Processing command: switch {'state': 1, 'name': 's_left_flipper'}
2016-08-22 16:21:40,258 : DEBUG : SwitchController : Processing switch. Name: s_left_flipper, state: 1, logical: True,
2016-08-22 16:21:40,258 : INFO : SwitchController : <<<<< switch: s_left_flipper, State:1 >>>>>
2016-08-22 16:21:40,258 : DEBUG : Events : ^^^^ Posted event 's_left_flipper_active'. Type: None, Callback: None, Args: {}
2016-08-22 16:21:40,258 : DEBUG : Events : ============== EVENTS QUEUE =============
2016-08-22 16:21:40,259 : DEBUG : Events : s_left_flipper_active, None, None, {}
2016-08-22 16:21:40,259 : DEBUG : Events : =========================================
2016-08-22 16:21:40,259 : DEBUG : Events : ^^^^ Processing event 's_left_flipper_active'. Type: None, Callback: None, Args: {}
2016-08-22 16:21:40,259 : DEBUG : Events : vvvv Finished event 's_left_flipper_active'. Type: None. Callback: None. Args: {}
2016-08-22 16:21:40,718 : DEBUG : BCPClientSocket.local_display : Received "b'switch?state=int:0&name=s_left_flipper'"
2016-08-22 16:21:40,748 : DEBUG : BCP : Processing command: switch {'state': 0, 'name': 's_left_flipper'}
2016-08-22 16:21:40,748 : DEBUG : SwitchController : Processing switch. Name: s_left_flipper, state: 0, logical: True,
2016-08-22 16:21:40,749 : INFO : SwitchController : <<<<< switch: s_left_flipper, State:0 >>>>>
2016-08-22 16:21:40,749 : DEBUG : Events : ^^^^ Posted event 's_left_flipper_inactive'. Type: None, Callback: None, Args: {}
2016-08-22 16:21:40,749 : DEBUG : Events : ============== EVENTS QUEUE =============
2016-08-22 16:21:40,749 : DEBUG : Events : s_left_flipper_inactive, None, None, {}
2016-08-22 16:21:40,749 : DEBUG : Events : =========================================
2016-08-22 16:21:40,749 : DEBUG : Events : ^^^^ Processing event 's_left_flipper_inactive'. Type: None, Callback: None, Args: {}
2016-08-22 16:21:40,749 : DEBUG : Events : vvvv Finished event 's_left_flipper_inactive'. Type: None. Callback: None. Args: {}
2016-08-22 16:21:41,202 : DEBUG : BCPClientSocket.local_display : Received "b'switch?state=int:1&name=s_right_flipper'"
2016-08-22 16:21:41,233 : DEBUG : BCP : Processing command: switch {'state': 1, 'name': 's_right_flipper'}
2016-08-22 16:21:41,233 : DEBUG : SwitchController : Processing switch. Name: s_right_flipper, state: 1, logical: True,
2016-08-22 16:21:41,234 : INFO : SwitchController : <<<<< switch: s_right_flipper, State:1 >>>>>
2016-08-22 16:21:41,234 : DEBUG : Events : ^^^^ Posted event 's_right_flipper_active'. Type: None, Callback: None, Args: {}
2016-08-22 16:21:41,234 : DEBUG : Events : ============== EVENTS QUEUE =============
2016-08-22 16:21:41,234 : DEBUG : Events : s_right_flipper_active, None, None, {}
2016-08-22 16:21:41,234 : DEBUG : Events : =========================================
2016-08-22 16:21:41,234 : DEBUG : Events : ^^^^ Processing event 's_right_flipper_active'. Type: None, Callback: None, Args: {}
2016-08-22 16:21:41,234 : DEBUG : Events : vvvv Finished event 's_right_flipper_active'. Type: None. Callback: None. Args: {}
2016-08-22 16:21:41,718 : DEBUG : BCPClientSocket.local_display : Received "b'switch?state=int:0&name=s_right_flipper'"
2016-08-22 16:21:41,721 : DEBUG : BCP : Processing command: switch {'state': 0, 'name': 's_right_flipper'}
2016-08-22 16:21:41,721 : DEBUG : SwitchController : Processing switch. Name: s_right_flipper, state: 0, logical: True,
2016-08-22 16:21:41,721 : INFO : SwitchController : <<<<< switch: s_right_flipper, State:0 >>>>>
2016-08-22 16:21:41,721 : DEBUG : Events : ^^^^ Posted event 's_right_flipper_inactive'. Type: None, Callback: None, Args: {}
2016-08-22 16:21:41,721 : DEBUG : Events : ============== EVENTS QUEUE =============
2016-08-22 16:21:41,722 : DEBUG : Events : s_right_flipper_inactive, None, None, {}
2016-08-22 16:21:41,722 : DEBUG : Events : =========================================
2016-08-22 16:21:41,722 : DEBUG : Events : ^^^^ Processing event 's_right_flipper_inactive'. Type: None, Callback: None, Args: {}
2016-08-22 16:21:41,722 : DEBUG : Events : vvvv Finished event 's_right_flipper_inactive'. Type: None. Callback: None. Args: {}
2016-08-22 16:21:42,261 : DEBUG : BCPClientSocket.local_display : Received "b'switch?state=int:1&name=s_right_flipper'"
2016-08-22 16:21:42,265 : DEBUG : BCP : Processing command: switch {'state': 1, 'name': 's_right_flipper'}
2016-08-22 16:21:42,265 : DEBUG : SwitchController : Processing switch. Name: s_right_flipper, state: 1, logical: True,
2016-08-22 16:21:42,265 : INFO : SwitchController : <<<<< switch: s_right_flipper, State:1 >>>>>
2016-08-22 16:21:42,265 : DEBUG : Events : ^^^^ Posted event 's_right_flipper_active'. Type: None, Callback: None, Args: {}
2016-08-22 16:21:42,265 : DEBUG : Events : ============== EVENTS QUEUE =============
2016-08-22 16:21:42,265 : DEBUG : Events : s_right_flipper_active, None, None, {}
2016-08-22 16:21:42,265 : DEBUG : Events : =========================================
2016-08-22 16:21:42,265 : DEBUG : Events : ^^^^ Processing event 's_right_flipper_active'. Type: None, Callback: None, Args: {}
2016-08-22 16:21:42,265 : DEBUG : Events : vvvv Finished event 's_right_flipper_active'. Type: None. Callback: None. Args: {}
2016-08-22 16:21:42,744 : DEBUG : BCPClientSocket.local_display : Received "b'switch?state=int:0&name=s_right_flipper'"
2016-08-22 16:21:42,777 : DEBUG : BCP : Processing command: switch {'state': 0, 'name': 's_right_flipper'}
2016-08-22 16:21:42,777 : DEBUG : SwitchController : Processing switch. Name: s_right_flipper, state: 0, logical: True,
2016-08-22 16:21:42,778 : INFO : SwitchController : <<<<< switch: s_right_flipper, State:0 >>>>>
2016-08-22 16:21:42,778 : DEBUG : Events : ^^^^ Posted event 's_right_flipper_inactive'. Type: None, Callback: None, Args: {}
2016-08-22 16:21:42,778 : DEBUG : Events : ============== EVENTS QUEUE =============
2016-08-22 16:21:42,778 : DEBUG : Events : s_right_flipper_inactive, None, None, {}
2016-08-22 16:21:42,778 : DEBUG : Events : =========================================
2016-08-22 16:21:42,778 : DEBUG : Events : ^^^^ Processing event 's_right_flipper_inactive'. Type: None, Callback: None, Args: {}
2016-08-22 16:21:42,778 : DEBUG : Events : vvvv Finished event 's_right_flipper_inactive'. Type: None. Callback: None. Args: {}
2016-08-22 16:44:02,323 : INFO : Machine : Shutting down...
2016-08-22 16:44:02,323 : DEBUG : Events : ^^^^ Posted event 'shutdown'. Type: None, Callback: None, Args: {}
2016-08-22 16:44:02,323 : DEBUG : Events : ============== EVENTS QUEUE =============
2016-08-22 16:44:02,323 : DEBUG : Events : shutdown, None, None, {}
2016-08-22 16:44:02,323 : DEBUG : Events : =========================================
2016-08-22 16:44:02,323 : DEBUG : Events : ^^^^ Processing event 'shutdown'. Type: None, Callback: None, Args: {}
2016-08-22 16:44:02,324 : DEBUG : Events : MachineController.power_off (priority: 1) responding to event 'shutdown' with args {}
2016-08-22 16:44:02,324 : DEBUG : Events : vvvv Finished event 'shutdown'. Type: None. Callback: None. Args: {}
2016-08-22 16:44:02,324 : INFO : Machine : Actual MPF loop rate: 31.03 Hz
2016-08-22 16:44:02,324 : INFO : root : MPF run loop ended.
