2016-08-22 17:58:06,981 : INFO : Machine : Mission Pinball Framework Core Engine v0.30.26
2016-08-22 17:58:06,981 : DEBUG : Machine : Command line arguments: {'mpfconfigfile': '/Applications/MPF.app/Contents/Frameworks/python/3.5.0/lib/python3.5/site-packages/mpf/mpfconfig.yaml', 'create_config_cache': True, 'force_platform': None, 'consoleloglevel': 20, 'pause': False, 'bcp': True, 'loglevel': 10, 'configfile': ['config'], 'logfile': 'logs/2016-08-22-17-58-06-mpf-Jeremys-MacBook-Pro.local.log', 'no_load_cache': False}
2016-08-22 17:58:06,981 : DEBUG : Machine : MPF path: /Applications/MPF.app/Contents/Frameworks/python/3.5.0/lib/python3.5/site-packages/mpf
2016-08-22 17:58:06,981 : INFO : Machine : Machine path: /Users/jackbot/pinball/taxi
2016-08-22 17:58:06,981 : DEBUG : Machine : Command line arguments: {'mpfconfigfile': '/Applications/MPF.app/Contents/Frameworks/python/3.5.0/lib/python3.5/site-packages/mpf/mpfconfig.yaml', 'create_config_cache': True, 'force_platform': None, 'consoleloglevel': 20, 'pause': False, 'bcp': True, 'loglevel': 10, 'configfile': ['config'], 'logfile': 'logs/2016-08-22-17-58-06-mpf-Jeremys-MacBook-Pro.local.log', 'no_load_cache': False}
2016-08-22 17:58:06,982 : DEBUG : Machine : Python version: 3.5.0
2016-08-22 17:58:06,982 : DEBUG : Machine : Platform: darwin
2016-08-22 17:58:06,982 : DEBUG : Machine : Python executable location: /Applications/MPF.app/Contents/Resources/python
2016-08-22 17:58:06,982 : DEBUG : Machine : 32-bit Python? False
2016-08-22 17:58:06,982 : DEBUG : Machine : Machine path: /Users/jackbot/pinball/taxi
2016-08-22 17:58:07,165 : INFO : Machine : Loading config from original files
2016-08-22 17:58:07,166 : DEBUG : YAML File Interface : Loading file: /Applications/MPF.app/Contents/Frameworks/python/3.5.0/lib/python3.5/site-packages/mpf/mpfconfig.yaml
2016-08-22 17:58:07,205 : INFO : Machine : Machine config file #1: /Users/jackbot/pinball/taxi/config/config
2016-08-22 17:58:07,205 : DEBUG : YAML File Interface : Loading file: /Users/jackbot/pinball/taxi/config/config.yaml
2016-08-22 17:58:07,238 : INFO : Machine : Config file cache created: /var/folders/w9/n57l794j2w1bqgd7vztrzgg00000gn/T/6c3af7dff5de8b7b1196672fc5f1a1c6config
2016-08-22 17:58:07,238 : DEBUG : Clock : Starting clock (maximum frames per second=30.0)
2016-08-22 17:58:07,238 : INFO : Machine : Starting clock at 30.0Hz
2016-08-22 17:58:07,238 : DEBUG : Clock : Scheduled a recurring clock callback (callback=<bound method MachineController._check_crash_queue of <mpf.core.machine.MachineController object at 0x1032c45f8>>, timeout=1, priority=1)
2016-08-22 17:58:07,241 : DEBUG : Virtual Platform : Configuring virtual hardware interface.
2016-08-22 17:58:07,241 : DEBUG : Smart Virtual Platform : Configuring smart_virtual hardware interface.
2016-08-22 17:58:07,241 : DEBUG : Machine : Setting default platform to 'smart_virtual'
2016-08-22 17:58:07,241 : DEBUG : Machine : Loading core modules...
2016-08-22 17:58:07,241 : DEBUG : Machine : Loading 'mpf.core.events.EventManager' core module
2016-08-22 17:58:07,241 : DEBUG : Machine : Loading 'mpf.core.mode_controller.ModeController' core module
2016-08-22 17:58:07,242 : DEBUG : Events : Registered ModeController._load_modes as a handler for 'init_phase_2', priority: 1, kwargs: {}
2016-08-22 17:58:07,242 : DEBUG : Events : Registered ModeController._ball_ending as a handler for 'ball_ending', priority: 0, kwargs: {}
2016-08-22 17:58:07,242 : DEBUG : Events : Registered ModeController._ball_starting as a handler for 'ball_starting', priority: 0, kwargs: {}
2016-08-22 17:58:07,243 : DEBUG : Events : Registered ModeController._player_added as a handler for 'player_add_success', priority: 0, kwargs: {}
2016-08-22 17:58:07,243 : DEBUG : Events : Registered ModeController._player_turn_start as a handler for 'player_turn_start', priority: 1000000, kwargs: {}
2016-08-22 17:58:07,243 : DEBUG : Events : Registered ModeController._player_turn_stop as a handler for 'player_turn_stop', priority: 1000000, kwargs: {}
2016-08-22 17:58:07,243 : DEBUG : Machine : Loading 'mpf.core.config_processor.ConfigProcessor' core module
2016-08-22 17:58:07,243 : DEBUG : Machine : Loading 'mpf.core.shot_profile_manager.ShotProfileManager' core module
2016-08-22 17:58:07,243 : DEBUG : ShotProfileManager : Registering Shot Profile: 'default'
2016-08-22 17:58:07,243 : DEBUG : ShotProfileManager : Processed 'default' profile configuration: {'loop': False, 'state_names_to_not_rotate': [], 'show_when_disabled': False, 'player_variable': '%_default', 'block': True, 'advance_on_hit': True, 'state_names_to_rotate': [], 'states': [{'reset': True, 'action': 'play', 'show_tokens': {}, 'priority': 0, 'name': 'unlit', 'manual_advance': False, 'start_step': 1, 'loops': -1, 'sync_ms': 0, 'speed': 1.0, 'key': None, 'show': 'off'}, {'reset': True, 'action': 'play', 'show_tokens': {}, 'priority': 0, 'name': 'lit', 'manual_advance': False, 'start_step': 1, 'loops': -1, 'sync_ms': 0, 'speed': 1.0, 'key': None, 'show': 'on'}], 'rotation_pattern': deque(['right']), 'show': None}
2016-08-22 17:58:07,244 : DEBUG : Mode Controller : Registering <bound method ShotProfileManager.mode_start_for_shots of <mpf.core.shot_profile_manager.ShotProfileManager object at 0x10330dc88>> as a mode start method. Config section: shots, priority: 0, kwargs: {}
2016-08-22 17:58:07,244 : DEBUG : Mode Controller : Registering <bound method ShotProfileManager.mode_start_for_shot_groups of <mpf.core.shot_profile_manager.ShotProfileManager object at 0x10330dc88>> as a mode start method. Config section: shot_groups, priority: 0, kwargs: {}
2016-08-22 17:58:07,244 : DEBUG : Events : Registered ShotProfileManager._player_turn_start as a handler for 'player_turn_start', priority: 1000000, kwargs: {}
2016-08-22 17:58:07,244 : DEBUG : Events : Registered ShotProfileManager._player_turn_stop as a handler for 'player_turn_stop', priority: 0, kwargs: {}
2016-08-22 17:58:07,244 : DEBUG : Machine : Loading 'mpf.core.device_manager.DeviceManager' core module
2016-08-22 17:58:07,244 : DEBUG : Events : Registered DeviceManager._load_device_modules as a handler for 'init_phase_1', priority: 1, kwargs: {}
2016-08-22 17:58:07,244 : DEBUG : Events : Registered DeviceManager.create_machinewide_device_control_events as a handler for 'init_phase_2', priority: 1, kwargs: {}
2016-08-22 17:58:07,244 : DEBUG : Events : Registered DeviceManager.create_collection_control_events as a handler for 'init_phase_2', priority: 1, kwargs: {}
2016-08-22 17:58:07,244 : DEBUG : Machine : Loading 'mpf.core.switch_controller.SwitchController' core module
2016-08-22 17:58:07,244 : DEBUG : Clock : Scheduled a recurring clock callback (callback=<bound method SwitchController._tick of <mpf.core.switch_controller.SwitchController object at 0x103324cc0>>, timeout=0, priority=1000)
2016-08-22 17:58:07,244 : DEBUG : Events : Registered SwitchController._initialize_switches as a handler for 'init_phase_2', priority: 1000, kwargs: {}
2016-08-22 17:58:07,244 : DEBUG : Events : Registered SwitchController.log_active_switches as a handler for 'machine_reset_phase_3', priority: 1, kwargs: {}
2016-08-22 17:58:07,245 : DEBUG : Machine : Loading 'mpf.core.ball_controller.BallController' core module
2016-08-22 17:58:07,245 : DEBUG : BallController : Loading the BallController
2016-08-22 17:58:07,245 : DEBUG : Events : Registered BallController.request_to_start_game as a handler for 'request_to_start_game', priority: 1, kwargs: {}
2016-08-22 17:58:07,245 : DEBUG : Events : Registered BallController._initialize as a handler for 'machine_reset_phase_2', priority: 1, kwargs: {}
2016-08-22 17:58:07,245 : DEBUG : Events : Registered BallController._init2 as a handler for 'init_phase_2', priority: 1, kwargs: {}
2016-08-22 17:58:07,245 : DEBUG : Machine : Loading 'mpf.core.assets.AssetManager' core module
2016-08-22 17:58:07,246 : DEBUG : AssetManager : Initializing...
2016-08-22 17:58:07,246 : DEBUG : Mode Controller : Registering <bound method AssetManager._load_mode_assets of <mpf.core.assets.AssetManager object at 0x10331a0f0>> as a mode start method. Config section: None, priority: 0, kwargs: {}
2016-08-22 17:58:07,246 : DEBUG : Events : Registered AssetManager._create_assets as a handler for 'init_phase_3', priority: 1, kwargs: {}
2016-08-22 17:58:07,246 : DEBUG : Events : Registered AssetManager._bcp_client_asset_load as a handler for 'assets_to_load', priority: 1, kwargs: {}
2016-08-22 17:58:07,246 : DEBUG : Machine : Loading 'mpf.core.show_controller.ShowController' core module
2016-08-22 17:58:07,247 : DEBUG : Clock : Scheduled a recurring clock callback (callback=<bound method ShowController._tick of <mpf.core.show_controller.ShowController object at 0x103313198>>, timeout=0, priority=1)
2016-08-22 17:58:07,247 : DEBUG : Events : Registered ShowController._initialize as a handler for 'init_phase_3', priority: 1, kwargs: {}
2016-08-22 17:58:07,247 : DEBUG : Machine : Loading 'mpf.core.bcp.BCP' core module
2016-08-22 17:58:07,248 : DEBUG : Events : Registered BCP.bcp_trigger as a handler for 'ball_started', priority: 1, kwargs: {'name': 'ball_started'}
2016-08-22 17:58:07,248 : DEBUG : Events : Registered BCP.bcp_trigger as a handler for 'ball_ended', priority: 1, kwargs: {'name': 'ball_ended'}
2016-08-22 17:58:07,248 : DEBUG : Events : Registered BCP.bcp_trigger as a handler for 'player_add_success', priority: 1, kwargs: {'name': 'player_add_success'}
2016-08-22 17:58:07,248 : DEBUG : Events : Registered BCP._bcp_event_callback as a handler for 'player_turn_start', priority: 1, kwargs: {'params': {'player_num': '%number'}, 'command': 'player_turn_start'}
2016-08-22 17:58:07,248 : DEBUG : Events : Registered BCP._bcp_event_callback as a handler for 'clear', priority: 1, kwargs: {'params': {'key': '%key', 'name': 'clear'}, 'command': 'trigger'}
2016-08-22 17:58:07,248 : DEBUG : Events : Registered BCP.bcp_trigger as a handler for 'player_score', priority: 1, kwargs: {'name': 'player_score'}
2016-08-22 17:58:07,248 : DEBUG : Events : Registered BCP._setup_dmds as a handler for 'init_phase_1', priority: 1, kwargs: {}
2016-08-22 17:58:07,248 : DEBUG : Events : Registered BCP._setup_bcp_connections as a handler for 'init_done', priority: 1, kwargs: {}
2016-08-22 17:58:07,248 : DEBUG : Clock : Scheduled a recurring clock callback (callback=<bound method BCP.get_bcp_messages of <BCP Module>>, timeout=0, priority=1)
2016-08-22 17:58:07,248 : DEBUG : Events : Registered BCP.bcp_player_added as a handler for 'player_add_success', priority: 1, kwargs: {}
2016-08-22 17:58:07,248 : DEBUG : Events : Registered BCP.bcp_reset as a handler for 'machine_reset_phase_1', priority: 1, kwargs: {}
2016-08-22 17:58:07,248 : DEBUG : Events : Registered BCP.increase_volume as a handler for 'increase_volume', priority: 1, kwargs: {}
2016-08-22 17:58:07,248 : DEBUG : Events : Registered BCP.decrease_volume as a handler for 'decrease_volume', priority: 1, kwargs: {}
2016-08-22 17:58:07,249 : DEBUG : Events : Registered BCP.enable_volume_keys as a handler for 'enable_volume_keys', priority: 1, kwargs: {}
2016-08-22 17:58:07,249 : DEBUG : Events : Registered BCP.disable_volume_keys as a handler for 'disable_volume_keys', priority: 1, kwargs: {}
2016-08-22 17:58:07,249 : DEBUG : Events : Registered BCP.get_led_coordinates as a handler for 'bcp_get_led_coordinates', priority: 1, kwargs: {}
2016-08-22 17:58:07,249 : DEBUG : Mode Controller : Registering <bound method BCP.bcp_mode_start of <BCP Module>> as a mode start method. Config section: mode, priority: 0, kwargs: {}
2016-08-22 17:58:07,249 : DEBUG : Machine : Loading 'mpf.core.logic_blocks.LogicBlocks' core module
2016-08-22 17:58:07,249 : DEBUG : Mode Controller : Registering <bound method LogicBlocks._process_config of <mpf.core.logic_blocks.LogicBlocks object at 0x10331c898>> as a mode start method. Config section: logic_blocks, priority: 0, kwargs: {}
2016-08-22 17:58:07,249 : DEBUG : Events : Registered LogicBlocks._create_player_logic_blocks as a handler for 'player_add_success', priority: 1, kwargs: {}
2016-08-22 17:58:07,249 : DEBUG : Events : Registered LogicBlocks.player_turn_start as a handler for 'player_turn_start', priority: 1, kwargs: {}
2016-08-22 17:58:07,250 : DEBUG : Events : Registered LogicBlocks.player_turn_stop as a handler for 'player_turn_stop', priority: 1, kwargs: {}
2016-08-22 17:58:07,250 : DEBUG : Machine : Loading 'mpf.core.scoring.ScoreController' core module
2016-08-22 17:58:07,250 : DEBUG : Score : Loading the Score Controller
2016-08-22 17:58:07,250 : DEBUG : Mode Controller : Registering <bound method ScoreController.mode_start of <mpf.core.scoring.ScoreController object at 0x103334630>> as a mode start method. Config section: scoring, priority: 0, kwargs: {}
2016-08-22 17:58:07,250 : DEBUG : Events : Registered HardwarePlatform._initialize2 as a handler for 'machine_reset_phase_1', priority: 1, kwargs: {}
2016-08-22 17:58:07,251 : DEBUG : Events : Registered ConfigPlayer._initialize as a handler for 'init_phase_1', priority: 1, kwargs: {}
2016-08-22 17:58:07,251 : DEBUG : Events : Registered ConfigPlayer._initialize as a handler for 'init_phase_1', priority: 1, kwargs: {}
2016-08-22 17:58:07,251 : DEBUG : Events : Registered ConfigPlayer._initialize as a handler for 'init_phase_1', priority: 1, kwargs: {}
2016-08-22 17:58:07,252 : DEBUG : Events : Registered ConfigPlayer._initialize as a handler for 'init_phase_1', priority: 1, kwargs: {}
2016-08-22 17:58:07,252 : DEBUG : Events : Registered ConfigPlayer._initialize as a handler for 'init_phase_1', priority: 1, kwargs: {}
2016-08-22 17:58:07,252 : DEBUG : Events : Registered ConfigPlayer._initialize as a handler for 'init_phase_1', priority: 1, kwargs: {}
2016-08-22 17:58:07,253 : DEBUG : Events : Registered ConfigPlayer._initialize as a handler for 'init_phase_1', priority: 1, kwargs: {}
2016-08-22 17:58:07,253 : DEBUG : Events : Registered ConfigPlayer._initialize as a handler for 'init_phase_1', priority: 1, kwargs: {}
2016-08-22 17:58:07,253 : DEBUG : Events : Registered ConfigPlayer._initialize as a handler for 'init_phase_1', priority: 1, kwargs: {}
2016-08-22 17:58:07,253 : DEBUG : Machine : Registering Plugin Config Players
2016-08-22 17:58:07,253 : DEBUG : Machine : Registering widget_player = mpfmc.config_players.widget_player:register_with_mpf
2016-08-22 17:58:07,255 : DEBUG : Events : Registered ConfigPlayer._initialize as a handler for 'init_phase_1', priority: 1, kwargs: {}
2016-08-22 17:58:07,255 : DEBUG : Machine : Registering slide_player = mpfmc.config_players.slide_player:register_with_mpf
2016-08-22 17:58:07,256 : DEBUG : Events : Registered ConfigPlayer._initialize as a handler for 'init_phase_1', priority: 1, kwargs: {}
2016-08-22 17:58:07,256 : DEBUG : Machine : Registering sound_player = mpfmc.config_players.sound_player:register_with_mpf
2016-08-22 17:58:07,257 : DEBUG : Events : Registered ConfigPlayer._initialize as a handler for 'init_phase_1', priority: 1, kwargs: {}
2016-08-22 17:58:07,257 : DEBUG : Events : Registered MachineController.power_off as a handler for 'shutdown', priority: 1, kwargs: {}
2016-08-22 17:58:07,257 : DEBUG : Events : Registered MachineController.power_off as a handler for 'sw_shutdown', priority: 1, kwargs: {}
2016-08-22 17:58:07,258 : DEBUG : Events : Registered MachineController.stop as a handler for 'quit', priority: 1, kwargs: {}
2016-08-22 17:58:07,258 : DEBUG : Events : Registered MachineController.stop as a handler for 'sw_quit', priority: 1, kwargs: {}
2016-08-22 17:58:07,258 : DEBUG : DataInterface : Loading machine_vars from /Users/jackbot/pinball/taxi/data/machine_vars.yaml
2016-08-22 17:58:07,258 : DEBUG : YAML File Interface : Loading file: /Users/jackbot/pinball/taxi/data/machine_vars.yaml
2016-08-22 17:58:07,259 : DEBUG : Machine : Setting machine_var 'player1_score' to: 0, (prior: 0, change: 0)
2016-08-22 17:58:07,259 : DEBUG : Events : ^^^^ Posted event 'machine_var_player1_score'. Type: None, Callback: None, Args: {'change': 0, 'value': 0, 'prev_value': 0}
2016-08-22 17:58:07,259 : DEBUG : Events : ============== EVENTS QUEUE =============
2016-08-22 17:58:07,259 : DEBUG : Events : machine_var_player1_score, None, None, {'change': 0, 'value': 0, 'prev_value': 0}
2016-08-22 17:58:07,259 : DEBUG : Events : =========================================
2016-08-22 17:58:07,259 : DEBUG : Events : ^^^^ Posted event 'init_phase_1'. Type: None, Callback: None, Args: {}
2016-08-22 17:58:07,259 : DEBUG : Events : ============== EVENTS QUEUE =============
2016-08-22 17:58:07,259 : DEBUG : Events : machine_var_player1_score, None, None, {'change': 0, 'value': 0, 'prev_value': 0}
2016-08-22 17:58:07,259 : DEBUG : Events : init_phase_1, None, None, {}
2016-08-22 17:58:07,259 : DEBUG : Events : =========================================
2016-08-22 17:58:07,259 : DEBUG : Events : ^^^^ Processing event 'machine_var_player1_score'. Type: None, Callback: None, Args: {'change': 0, 'value': 0, 'prev_value': 0}
2016-08-22 17:58:07,259 : DEBUG : Events : vvvv Finished event 'machine_var_player1_score'. Type: None. Callback: None. Args: {'change': 0, 'value': 0, 'prev_value': 0}
2016-08-22 17:58:07,259 : DEBUG : Events : ^^^^ Processing event 'init_phase_1'. Type: None, Callback: None, Args: {}
2016-08-22 17:58:07,259 : DEBUG : Events : DeviceManager._load_device_modules (priority: 1) responding to event 'init_phase_1' with args {}
2016-08-22 17:58:07,259 : DEBUG : DeviceManager : Loading devices...
2016-08-22 17:58:07,264 : DEBUG : Events : Registered BallSearch.request_to_start_game as a handler for 'request_to_start_game', priority: 1, kwargs: {}
2016-08-22 17:58:07,290 : DEBUG : ball_device.bd_trough : Enabling debug logging
2016-08-22 17:58:07,290 : DEBUG : ball_device.bd_trough : Configuring device with settings: '{'auto_fire_on_unexpected_ball': True, 'max_eject_attempts': 0, 'jam_switch': None, 'tags': ['trough', 'home', 'drain'], 'exit_count_delay': 500, 'entrance_switch': None, 'ball_missing_target': <playfield.playfield>, 'hold_switches': [], 'hold_coil_release_time': 1000, 'mechanical_eject': False, 'hold_coil': None, 'entrance_events': {}, 'target_on_unexpected_ball': None, 'request_ball_events': [], 'entrance_count_delay': 300, 'eject_timeouts': [], 'eject_all_events': {}, 'label': '%', 'captures_from': <playfield.playfield>, 'eject_coil': <coil.c_trough_eject>, 'ball_missing_timeouts': [], 'debug': True, 'ball_switches': [<switch.s_trough1>, <switch.s_trough2>, <switch.s_trough3>, <switch.s_trough4>, <switch.s_trough5>, <switch.s_trough6>, <switch.s_trough_jam>], 'ball_search_order': 100, 'confirm_eject_type': 'target', 'ball_capacity': None, 'entrance_switch_full_timeout': 0, 'eject_events': {}, 'eject_coil_jam_pulse': None, 'confirm_eject_event': None, 'confirm_eject_switch': None, 'hold_events': {}, 'eject_coil_retry_pulse': None, 'eject_targets': [<ball_device.bd_plunger>], 'player_controlled_eject_event': None}'
2016-08-22 17:58:07,290 : DEBUG : ball_device.bd_plunger : Enabling debug logging
2016-08-22 17:58:07,290 : DEBUG : ball_device.bd_plunger : Configuring device with settings: '{'auto_fire_on_unexpected_ball': True, 'entrance_count_delay': 500, 'max_eject_attempts': 0, 'jam_switch': None, 'tags': ['ball_add_live'], 'exit_count_delay': 500, 'entrance_switch': None, 'ball_missing_target': <playfield.playfield>, 'hold_switches': [], 'hold_coil_release_time': 1000, 'label': '%', 'hold_coil': None, 'entrance_events': {}, 'target_on_unexpected_ball': None, 'request_ball_events': [], 'mechanical_eject': True, 'ball_switches': [<switch.s_plunger_lane>], 'eject_all_events': {}, 'player_controlled_eject_event': 'sw_launch', 'captures_from': <playfield.playfield>, 'eject_coil': <coil.c_plunger_eject>, 'ball_missing_timeouts': [], 'debug': True, 'eject_timeouts': [3000], 'ball_search_order': 100, 'confirm_eject_type': 'target', 'ball_capacity': None, 'entrance_switch_full_timeout': 0, 'eject_events': {}, 'eject_coil_jam_pulse': None, 'confirm_eject_event': None, 'confirm_eject_switch': None, 'hold_events': {}, 'eject_coil_retry_pulse': None, 'eject_targets': [<playfield.playfield>]}'
2016-08-22 17:58:07,290 : DEBUG : SwitchController : Registering switch handler: s_trough1, <bound method BallDevice._switch_changed of <ball_device.bd_trough>>, state: 1, ms: 300, info: False, cb_kwargs: {}
2016-08-22 17:58:07,290 : DEBUG : SwitchController : Registering switch handler: s_trough2, <bound method BallDevice._switch_changed of <ball_device.bd_trough>>, state: 1, ms: 300, info: False, cb_kwargs: {}
2016-08-22 17:58:07,290 : DEBUG : SwitchController : Registering switch handler: s_trough3, <bound method BallDevice._switch_changed of <ball_device.bd_trough>>, state: 1, ms: 300, info: False, cb_kwargs: {}
2016-08-22 17:58:07,291 : DEBUG : SwitchController : Registering switch handler: s_trough4, <bound method BallDevice._switch_changed of <ball_device.bd_trough>>, state: 1, ms: 300, info: False, cb_kwargs: {}
2016-08-22 17:58:07,291 : DEBUG : SwitchController : Registering switch handler: s_trough5, <bound method BallDevice._switch_changed of <ball_device.bd_trough>>, state: 1, ms: 300, info: False, cb_kwargs: {}
2016-08-22 17:58:07,291 : DEBUG : SwitchController : Registering switch handler: s_trough6, <bound method BallDevice._switch_changed of <ball_device.bd_trough>>, state: 1, ms: 300, info: False, cb_kwargs: {}
2016-08-22 17:58:07,291 : DEBUG : SwitchController : Registering switch handler: s_trough_jam, <bound method BallDevice._switch_changed of <ball_device.bd_trough>>, state: 1, ms: 300, info: False, cb_kwargs: {}
2016-08-22 17:58:07,291 : DEBUG : SwitchController : Registering switch handler: s_trough1, <bound method BallDevice._switch_changed of <ball_device.bd_trough>>, state: 0, ms: 500, info: False, cb_kwargs: {}
2016-08-22 17:58:07,291 : DEBUG : SwitchController : Registering switch handler: s_trough2, <bound method BallDevice._switch_changed of <ball_device.bd_trough>>, state: 0, ms: 500, info: False, cb_kwargs: {}
2016-08-22 17:58:07,291 : DEBUG : SwitchController : Registering switch handler: s_trough3, <bound method BallDevice._switch_changed of <ball_device.bd_trough>>, state: 0, ms: 500, info: False, cb_kwargs: {}
2016-08-22 17:58:07,291 : DEBUG : SwitchController : Registering switch handler: s_trough4, <bound method BallDevice._switch_changed of <ball_device.bd_trough>>, state: 0, ms: 500, info: False, cb_kwargs: {}
2016-08-22 17:58:07,291 : DEBUG : SwitchController : Registering switch handler: s_trough5, <bound method BallDevice._switch_changed of <ball_device.bd_trough>>, state: 0, ms: 500, info: False, cb_kwargs: {}
2016-08-22 17:58:07,291 : DEBUG : SwitchController : Registering switch handler: s_trough6, <bound method BallDevice._switch_changed of <ball_device.bd_trough>>, state: 0, ms: 500, info: False, cb_kwargs: {}
2016-08-22 17:58:07,291 : DEBUG : SwitchController : Registering switch handler: s_trough_jam, <bound method BallDevice._switch_changed of <ball_device.bd_trough>>, state: 0, ms: 500, info: False, cb_kwargs: {}
2016-08-22 17:58:07,291 : DEBUG : Events : Registered BallDevice._target_ready as a handler for 'balldevice_bd_plunger_ok_to_receive', priority: 1, kwargs: {'target': <ball_device.bd_plunger>}
2016-08-22 17:58:07,291 : DEBUG : Events : Registered BallDevice._initialize_phase_4 as a handler for 'init_phase_4', priority: 1, kwargs: {}
2016-08-22 17:58:07,291 : DEBUG : SwitchController : Registering switch handler: s_plunger_lane, <bound method BallDevice._switch_changed of <ball_device.bd_plunger>>, state: 1, ms: 500, info: False, cb_kwargs: {}
2016-08-22 17:58:07,291 : DEBUG : SwitchController : Registering switch handler: s_plunger_lane, <bound method BallDevice._switch_changed of <ball_device.bd_plunger>>, state: 0, ms: 500, info: False, cb_kwargs: {}
2016-08-22 17:58:07,291 : DEBUG : Events : Registered BallDevice._target_ready as a handler for 'balldevice_playfield_ok_to_receive', priority: 1, kwargs: {'target': <playfield.playfield>}
2016-08-22 17:58:07,292 : DEBUG : ball_device.bd_plunger : EVENT: bd_trough to bd_plunger
2016-08-22 17:58:07,292 : DEBUG : Events : Registered BallDevice._source_device_eject_failed as a handler for 'balldevice_bd_trough_ball_eject_failed', priority: 1, kwargs: {}
2016-08-22 17:58:07,292 : DEBUG : Events : Registered BallDevice._source_device_eject_attempt as a handler for 'balldevice_bd_trough_ball_eject_attempt', priority: 1, kwargs: {}
2016-08-22 17:58:07,292 : DEBUG : Events : Registered BallDevice._source_device_ball_lost as a handler for 'balldevice_bd_trough_ball_lost', priority: 1, kwargs: {}
2016-08-22 17:58:07,292 : DEBUG : Events : Registered BallDevice._source_device_balls_available as a handler for 'balldevice_balls_available', priority: 1, kwargs: {}
2016-08-22 17:58:07,292 : DEBUG : Events : Registered BallDevice._initialize_phase_4 as a handler for 'init_phase_4', priority: 1, kwargs: {}
2016-08-22 17:58:07,292 : DEBUG : Events : Registered Playfield._source_device_eject_success as a handler for 'balldevice_bd_plunger_ball_eject_success', priority: 1, kwargs: {}
2016-08-22 17:58:07,292 : DEBUG : Events : Registered Playfield._source_device_ball_lost as a handler for 'balldevice_bd_plunger_ball_lost', priority: 1, kwargs: {}
2016-08-22 17:58:07,292 : DEBUG : Events : Registered Playfield._source_device_eject_failed as a handler for 'balldevice_bd_plunger_ball_eject_failed', priority: 1, kwargs: {}
2016-08-22 17:58:07,292 : DEBUG : Events : Registered Playfield._source_device_eject_attempt as a handler for 'balldevice_bd_plunger_ball_eject_attempt', priority: 1, kwargs: {}
2016-08-22 17:58:07,292 : DEBUG : Events : Registered Playfield._ball_removed_handler as a handler for 'balldevice_captured_from_playfield', priority: 1, kwargs: {}
2016-08-22 17:58:07,292 : DEBUG : Events : Registered Playfield._playfield_switch_hit as a handler for 'sw_playfield_active', priority: 1, kwargs: {}
2016-08-22 17:58:07,293 : DEBUG : Events : BCP._setup_dmds (priority: 1) responding to event 'init_phase_1' with args {}
2016-08-22 17:58:07,293 : DEBUG : Events : ConfigPlayer._initialize (priority: 1) responding to event 'init_phase_1' with args {}
2016-08-22 17:58:07,293 : DEBUG : Mode Controller : Registering <bound method ConfigPlayer.mode_start of ConfigPlayer.leds> as a mode start method. Config section: led_player, priority: 0, kwargs: {}
2016-08-22 17:58:07,293 : DEBUG : Events : ConfigPlayer._initialize (priority: 1) responding to event 'init_phase_1' with args {}
2016-08-22 17:58:07,293 : DEBUG : Mode Controller : Registering <bound method ConfigPlayer.mode_start of ConfigPlayer.random_events> as a mode start method. Config section: random_event_player, priority: 0, kwargs: {}
2016-08-22 17:58:07,293 : DEBUG : Events : ConfigPlayer._initialize (priority: 1) responding to event 'init_phase_1' with args {}
2016-08-22 17:58:07,293 : DEBUG : Mode Controller : Registering <bound method ConfigPlayer.mode_start of ConfigPlayer.flashers> as a mode start method. Config section: flasher_player, priority: 0, kwargs: {}
2016-08-22 17:58:07,293 : DEBUG : Events : ConfigPlayer._initialize (priority: 1) responding to event 'init_phase_1' with args {}
2016-08-22 17:58:07,294 : DEBUG : Mode Controller : Registering <bound method ConfigPlayer.mode_start of ConfigPlayer.events> as a mode start method. Config section: event_player, priority: 0, kwargs: {}
2016-08-22 17:58:07,294 : DEBUG : Events : ConfigPlayer._initialize (priority: 1) responding to event 'init_phase_1' with args {}
2016-08-22 17:58:07,294 : DEBUG : Mode Controller : Registering <bound method ConfigPlayer.mode_start of ConfigPlayer.coils> as a mode start method. Config section: coil_player, priority: 0, kwargs: {}
2016-08-22 17:58:07,294 : DEBUG : Events : ConfigPlayer._initialize (priority: 1) responding to event 'init_phase_1' with args {}
2016-08-22 17:58:07,294 : DEBUG : Mode Controller : Registering <bound method ConfigPlayer.mode_start of ConfigPlayer.gis> as a mode start method. Config section: gi_player, priority: 0, kwargs: {}
2016-08-22 17:58:07,294 : DEBUG : Events : ConfigPlayer._initialize (priority: 1) responding to event 'init_phase_1' with args {}
2016-08-22 17:58:07,294 : DEBUG : Mode Controller : Registering <bound method ConfigPlayer.mode_start of ConfigPlayer.triggers> as a mode start method. Config section: trigger_player, priority: 0, kwargs: {}
2016-08-22 17:58:07,294 : DEBUG : Events : ConfigPlayer._initialize (priority: 1) responding to event 'init_phase_1' with args {}
2016-08-22 17:58:07,294 : DEBUG : Mode Controller : Registering <bound method ConfigPlayer.mode_start of ConfigPlayer.lights> as a mode start method. Config section: light_player, priority: 0, kwargs: {}
2016-08-22 17:58:07,294 : DEBUG : Events : ConfigPlayer._initialize (priority: 1) responding to event 'init_phase_1' with args {}
2016-08-22 17:58:07,294 : DEBUG : Mode Controller : Registering <bound method ConfigPlayer.mode_start of ConfigPlayer.shows> as a mode start method. Config section: show_player, priority: 0, kwargs: {}
2016-08-22 17:58:07,294 : DEBUG : Events : ConfigPlayer._initialize (priority: 1) responding to event 'init_phase_1' with args {}
2016-08-22 17:58:07,294 : DEBUG : Mode Controller : Registering <bound method ConfigPlayer.mode_start of PluginPlayer.widgets> as a mode start method. Config section: widget_player, priority: 0, kwargs: {}
2016-08-22 17:58:07,294 : DEBUG : Events : ConfigPlayer._initialize (priority: 1) responding to event 'init_phase_1' with args {}
2016-08-22 17:58:07,294 : DEBUG : Mode Controller : Registering <bound method ConfigPlayer.mode_start of PluginPlayer.slides> as a mode start method. Config section: slide_player, priority: 0, kwargs: {}
2016-08-22 17:58:07,294 : DEBUG : Events : Registered BCP.bcp_trigger as a handler for 'mode_attract_started', priority: 1, kwargs: {'name': 'mode_attract_started'}
2016-08-22 17:58:07,295 : DEBUG : Events : Registered BCP.bcp_trigger as a handler for 'mc_ready', priority: 1, kwargs: {'name': 'mc_ready'}
2016-08-22 17:58:07,295 : DEBUG : Events : ConfigPlayer._initialize (priority: 1) responding to event 'init_phase_1' with args {}
2016-08-22 17:58:07,295 : DEBUG : Mode Controller : Registering <bound method ConfigPlayer.mode_start of PluginPlayer.sounds> as a mode start method. Config section: sound_player, priority: 0, kwargs: {}
2016-08-22 17:58:07,295 : DEBUG : Events : vvvv Finished event 'init_phase_1'. Type: None. Callback: None. Args: {}
2016-08-22 17:58:07,295 : DEBUG : Events : ^^^^ Posted event 'init_phase_2'. Type: None, Callback: None, Args: {}
2016-08-22 17:58:07,295 : DEBUG : Events : ============== EVENTS QUEUE =============
2016-08-22 17:58:07,295 : DEBUG : Events : init_phase_2, None, None, {}
2016-08-22 17:58:07,295 : DEBUG : Events : =========================================
2016-08-22 17:58:07,295 : DEBUG : Events : ^^^^ Processing event 'init_phase_2'. Type: None, Callback: None, Args: {}
2016-08-22 17:58:07,295 : DEBUG : Events : SwitchController._initialize_switches (priority: 1000) responding to event 'init_phase_2' with args {}
2016-08-22 17:58:07,295 : DEBUG : Events : ModeController._load_modes (priority: 1) responding to event 'init_phase_2' with args {}
2016-08-22 17:58:07,295 : DEBUG : Mode Controller : Found MPF Mode folders: {'game': 'game', 'credits': 'credits', 'bonus': 'bonus', 'attract': 'attract', 'high_score': 'high_score', 'carousel': 'carousel', 'tilt': 'tilt'}
2016-08-22 17:58:07,296 : DEBUG : Mode Controller : Found Machine-specific Mode folders: {}
2016-08-22 17:58:07,296 : DEBUG : Mode Controller : Processing mode: game
2016-08-22 17:58:07,296 : DEBUG : YAML File Interface : Loading file: /Applications/MPF.app/Contents/Frameworks/python/3.5.0/lib/python3.5/site-packages/mpf/modes/game/config/game.yaml
2016-08-22 17:58:07,297 : DEBUG : Mode Controller : Loading config from /Applications/MPF.app/Contents/Frameworks/python/3.5.0/lib/python3.5/site-packages/mpf/modes/game/config/game.yaml
2016-08-22 17:58:07,297 : DEBUG : Mode.game : Scanning config for mode-based devices
2016-08-22 17:58:07,298 : DEBUG : Events : Registered Mode.start as a handler for 'game_start', priority: 20, kwargs: {}
2016-08-22 17:58:07,298 : DEBUG : Mode Controller : Loaded code from mpf.modes.game.code.game
2016-08-22 17:58:07,298 : DEBUG : Mode Controller : Processing mode: attract
2016-08-22 17:58:07,298 : DEBUG : YAML File Interface : Loading file: /Applications/MPF.app/Contents/Frameworks/python/3.5.0/lib/python3.5/site-packages/mpf/modes/attract/config/attract.yaml
2016-08-22 17:58:07,299 : DEBUG : Mode Controller : Loading config from /Applications/MPF.app/Contents/Frameworks/python/3.5.0/lib/python3.5/site-packages/mpf/modes/attract/config/attract.yaml
2016-08-22 17:58:07,300 : DEBUG : Mode.attract : Scanning config for mode-based devices
2016-08-22 17:58:07,300 : DEBUG : Events : Registered Mode.start as a handler for 'game_ended', priority: 10, kwargs: {}
2016-08-22 17:58:07,300 : DEBUG : Events : Registered Mode.start as a handler for 'reset_complete', priority: 10, kwargs: {}
2016-08-22 17:58:07,300 : DEBUG : Mode Controller : Loaded code from mpf.modes.attract.code.attract
2016-08-22 17:58:07,300 : DEBUG : Events : DeviceManager.create_machinewide_device_control_events (priority: 1) responding to event 'init_phase_2' with args {}
2016-08-22 17:58:07,300 : DEBUG : Events : Registered DeviceManager._control_event_handler as a handler for 'ball_started', priority: 0, kwargs: {'ms_delay': 0, 'delay_mgr': <mpf.core.delays.DelayManager object at 0x1032c4668>, 'callback': <bound method Flipper.enable of <flipper.right_flipper>>}
2016-08-22 17:58:07,300 : DEBUG : Events : Registered DeviceManager._control_event_handler as a handler for 'ball_ending', priority: 0, kwargs: {'ms_delay': 0, 'delay_mgr': <mpf.core.delays.DelayManager object at 0x1032c4668>, 'callback': <bound method Flipper.disable of <flipper.right_flipper>>}
2016-08-22 17:58:07,300 : DEBUG : Events : Registered DeviceManager._control_event_handler as a handler for 'ball_started', priority: 0, kwargs: {'ms_delay': 0, 'delay_mgr': <mpf.core.delays.DelayManager object at 0x1032c4668>, 'callback': <bound method Flipper.enable of <flipper.left_flipper>>}
2016-08-22 17:58:07,301 : DEBUG : Events : Registered DeviceManager._control_event_handler as a handler for 'ball_ending', priority: 0, kwargs: {'ms_delay': 0, 'delay_mgr': <mpf.core.delays.DelayManager object at 0x1032c4668>, 'callback': <bound method Flipper.disable of <flipper.left_flipper>>}
2016-08-22 17:58:07,301 : DEBUG : Events : DeviceManager.create_collection_control_events (priority: 1) responding to event 'init_phase_2' with args {}
2016-08-22 17:58:07,301 : DEBUG : Events : Registered DeviceManager._collection_control_event_handler as a handler for 'lights_off', priority: 1, kwargs: {'method': 'off', 'collection': 'lights'}
2016-08-22 17:58:07,301 : DEBUG : Events : Registered DeviceManager._collection_control_event_handler as a handler for 'flippers_enable', priority: 1, kwargs: {'method': 'enable', 'collection': 'flippers'}
2016-08-22 17:58:07,301 : DEBUG : Events : Registered DeviceManager._collection_control_event_handler as a handler for 'flippers_disable', priority: 1, kwargs: {'method': 'disable', 'collection': 'flippers'}
2016-08-22 17:58:07,301 : DEBUG : Events : Registered DeviceManager._collection_control_event_handler as a handler for 'autofires_enable', priority: 1, kwargs: {'method': 'enable', 'collection': 'autofires'}
2016-08-22 17:58:07,301 : DEBUG : Events : Registered DeviceManager._collection_control_event_handler as a handler for 'autofires_disable', priority: 1, kwargs: {'method': 'disable', 'collection': 'autofires'}
2016-08-22 17:58:07,301 : DEBUG : Events : Registered DeviceManager._collection_control_event_handler as a handler for 'coils_disable', priority: 1, kwargs: {'method': 'disable', 'collection': 'coils'}
2016-08-22 17:58:07,301 : DEBUG : Events : Registered DeviceManager._collection_control_event_handler as a handler for 'ball_devices_stop', priority: 1, kwargs: {'method': 'stop', 'collection': 'ball_devices'}
2016-08-22 17:58:07,301 : DEBUG : Events : Registered DeviceManager._collection_control_event_handler as a handler for 'ball_devices_eject_all', priority: 1, kwargs: {'method': 'eject_all', 'collection': 'ball_devices'}
2016-08-22 17:58:07,301 : DEBUG : Events : Registered DeviceManager._collection_control_event_handler as a handler for 'gi_enable', priority: 1, kwargs: {'method': 'enable', 'collection': 'gi'}
2016-08-22 17:58:07,301 : DEBUG : Events : Registered DeviceManager._collection_control_event_handler as a handler for 'gi_disable', priority: 1, kwargs: {'method': 'disable', 'collection': 'gi'}
2016-08-22 17:58:07,301 : DEBUG : Events : Registered DeviceManager._collection_control_event_handler as a handler for 'leds_off', priority: 1, kwargs: {'method': 'off', 'collection': 'leds'}
2016-08-22 17:58:07,301 : DEBUG : Events : BallController._init2 (priority: 1) responding to event 'init_phase_2' with args {}
2016-08-22 17:58:07,302 : DEBUG : SwitchController : Registering switch handler: s_trough1, <bound method BallController._update_num_balls_known of <mpf.core.ball_controller.BallController object at 0x1033240b8>>, state: 1, ms: 300, info: False, cb_kwargs: {}
2016-08-22 17:58:07,302 : DEBUG : SwitchController : Registering switch handler: s_trough1, <bound method BallController._update_num_balls_known of <mpf.core.ball_controller.BallController object at 0x1033240b8>>, state: 0, ms: 500, info: False, cb_kwargs: {}
2016-08-22 17:58:07,302 : DEBUG : SwitchController : Registering switch handler: s_trough1, <bound method BallController._correct_playfield_count of <mpf.core.ball_controller.BallController object at 0x1033240b8>>, state: 1, ms: 300, info: False, cb_kwargs: {}
2016-08-22 17:58:07,302 : DEBUG : SwitchController : Registering switch handler: s_trough1, <bound method BallController._correct_playfield_count of <mpf.core.ball_controller.BallController object at 0x1033240b8>>, state: 0, ms: 500, info: False, cb_kwargs: {}
2016-08-22 17:58:07,302 : DEBUG : SwitchController : Registering switch handler: s_trough2, <bound method BallController._update_num_balls_known of <mpf.core.ball_controller.BallController object at 0x1033240b8>>, state: 1, ms: 300, info: False, cb_kwargs: {}
2016-08-22 17:58:07,302 : DEBUG : SwitchController : Registering switch handler: s_trough2, <bound method BallController._update_num_balls_known of <mpf.core.ball_controller.BallController object at 0x1033240b8>>, state: 0, ms: 500, info: False, cb_kwargs: {}
2016-08-22 17:58:07,302 : DEBUG : SwitchController : Registering switch handler: s_trough2, <bound method BallController._correct_playfield_count of <mpf.core.ball_controller.BallController object at 0x1033240b8>>, state: 1, ms: 300, info: False, cb_kwargs: {}
2016-08-22 17:58:07,302 : DEBUG : SwitchController : Registering switch handler: s_trough2, <bound method BallController._correct_playfield_count of <mpf.core.ball_controller.BallController object at 0x1033240b8>>, state: 0, ms: 500, info: False, cb_kwargs: {}
2016-08-22 17:58:07,302 : DEBUG : SwitchController : Registering switch handler: s_trough3, <bound method BallController._update_num_balls_known of <mpf.core.ball_controller.BallController object at 0x1033240b8>>, state: 1, ms: 300, info: False, cb_kwargs: {}
2016-08-22 17:58:07,302 : DEBUG : SwitchController : Registering switch handler: s_trough3, <bound method BallController._update_num_balls_known of <mpf.core.ball_controller.BallController object at 0x1033240b8>>, state: 0, ms: 500, info: False, cb_kwargs: {}
2016-08-22 17:58:07,302 : DEBUG : SwitchController : Registering switch handler: s_trough3, <bound method BallController._correct_playfield_count of <mpf.core.ball_controller.BallController object at 0x1033240b8>>, state: 1, ms: 300, info: False, cb_kwargs: {}
2016-08-22 17:58:07,302 : DEBUG : SwitchController : Registering switch handler: s_trough3, <bound method BallController._correct_playfield_count of <mpf.core.ball_controller.BallController object at 0x1033240b8>>, state: 0, ms: 500, info: False, cb_kwargs: {}
2016-08-22 17:58:07,302 : DEBUG : SwitchController : Registering switch handler: s_trough4, <bound method BallController._update_num_balls_known of <mpf.core.ball_controller.BallController object at 0x1033240b8>>, state: 1, ms: 300, info: False, cb_kwargs: {}
2016-08-22 17:58:07,302 : DEBUG : SwitchController : Registering switch handler: s_trough4, <bound method BallController._update_num_balls_known of <mpf.core.ball_controller.BallController object at 0x1033240b8>>, state: 0, ms: 500, info: False, cb_kwargs: {}
2016-08-22 17:58:07,302 : DEBUG : SwitchController : Registering switch handler: s_trough4, <bound method BallController._correct_playfield_count of <mpf.core.ball_controller.BallController object at 0x1033240b8>>, state: 1, ms: 300, info: False, cb_kwargs: {}
2016-08-22 17:58:07,303 : DEBUG : SwitchController : Registering switch handler: s_trough4, <bound method BallController._correct_playfield_count of <mpf.core.ball_controller.BallController object at 0x1033240b8>>, state: 0, ms: 500, info: False, cb_kwargs: {}
2016-08-22 17:58:07,303 : DEBUG : SwitchController : Registering switch handler: s_trough5, <bound method BallController._update_num_balls_known of <mpf.core.ball_controller.BallController object at 0x1033240b8>>, state: 1, ms: 300, info: False, cb_kwargs: {}
2016-08-22 17:58:07,303 : DEBUG : SwitchController : Registering switch handler: s_trough5, <bound method BallController._update_num_balls_known of <mpf.core.ball_controller.BallController object at 0x1033240b8>>, state: 0, ms: 500, info: False, cb_kwargs: {}
2016-08-22 17:58:07,303 : DEBUG : SwitchController : Registering switch handler: s_trough5, <bound method BallController._correct_playfield_count of <mpf.core.ball_controller.BallController object at 0x1033240b8>>, state: 1, ms: 300, info: False, cb_kwargs: {}
2016-08-22 17:58:07,303 : DEBUG : SwitchController : Registering switch handler: s_trough5, <bound method BallController._correct_playfield_count of <mpf.core.ball_controller.BallController object at 0x1033240b8>>, state: 0, ms: 500, info: False, cb_kwargs: {}
2016-08-22 17:58:07,303 : DEBUG : SwitchController : Registering switch handler: s_trough6, <bound method BallController._update_num_balls_known of <mpf.core.ball_controller.BallController object at 0x1033240b8>>, state: 1, ms: 300, info: False, cb_kwargs: {}
2016-08-22 17:58:07,303 : DEBUG : SwitchController : Registering switch handler: s_trough6, <bound method BallController._update_num_balls_known of <mpf.core.ball_controller.BallController object at 0x1033240b8>>, state: 0, ms: 500, info: False, cb_kwargs: {}
2016-08-22 17:58:07,303 : DEBUG : SwitchController : Registering switch handler: s_trough6, <bound method BallController._correct_playfield_count of <mpf.core.ball_controller.BallController object at 0x1033240b8>>, state: 1, ms: 300, info: False, cb_kwargs: {}
2016-08-22 17:58:07,303 : DEBUG : SwitchController : Registering switch handler: s_trough6, <bound method BallController._correct_playfield_count of <mpf.core.ball_controller.BallController object at 0x1033240b8>>, state: 0, ms: 500, info: False, cb_kwargs: {}
2016-08-22 17:58:07,303 : DEBUG : SwitchController : Registering switch handler: s_trough_jam, <bound method BallController._update_num_balls_known of <mpf.core.ball_controller.BallController object at 0x1033240b8>>, state: 1, ms: 300, info: False, cb_kwargs: {}
2016-08-22 17:58:07,303 : DEBUG : SwitchController : Registering switch handler: s_trough_jam, <bound method BallController._update_num_balls_known of <mpf.core.ball_controller.BallController object at 0x1033240b8>>, state: 0, ms: 500, info: False, cb_kwargs: {}
2016-08-22 17:58:07,303 : DEBUG : SwitchController : Registering switch handler: s_trough_jam, <bound method BallController._correct_playfield_count of <mpf.core.ball_controller.BallController object at 0x1033240b8>>, state: 1, ms: 300, info: False, cb_kwargs: {}
2016-08-22 17:58:07,303 : DEBUG : SwitchController : Registering switch handler: s_trough_jam, <bound method BallController._correct_playfield_count of <mpf.core.ball_controller.BallController object at 0x1033240b8>>, state: 0, ms: 500, info: False, cb_kwargs: {}
2016-08-22 17:58:07,303 : DEBUG : SwitchController : Registering switch handler: s_plunger_lane, <bound method BallController._update_num_balls_known of <mpf.core.ball_controller.BallController object at 0x1033240b8>>, state: 1, ms: 500, info: False, cb_kwargs: {}
2016-08-22 17:58:07,303 : DEBUG : SwitchController : Registering switch handler: s_plunger_lane, <bound method BallController._update_num_balls_known of <mpf.core.ball_controller.BallController object at 0x1033240b8>>, state: 0, ms: 500, info: False, cb_kwargs: {}
2016-08-22 17:58:07,303 : DEBUG : SwitchController : Registering switch handler: s_plunger_lane, <bound method BallController._correct_playfield_count of <mpf.core.ball_controller.BallController object at 0x1033240b8>>, state: 1, ms: 500, info: False, cb_kwargs: {}
2016-08-22 17:58:07,303 : DEBUG : SwitchController : Registering switch handler: s_plunger_lane, <bound method BallController._correct_playfield_count of <mpf.core.ball_controller.BallController object at 0x1033240b8>>, state: 0, ms: 500, info: False, cb_kwargs: {}
2016-08-22 17:58:07,304 : DEBUG : Events : Registered BallController._correct_playfield_count as a handler for 'playfield_ball_count_change', priority: 1, kwargs: {}
2016-08-22 17:58:07,304 : DEBUG : BallController : Counting Balls
2016-08-22 17:58:07,304 : DEBUG : BallController : Found new balls. Setting known balls to 6
2016-08-22 17:58:07,304 : DEBUG : DelayManager : Adding delay. Name: '13672571-0dc8-4fcb-b3ea-8fe7ad7668e8' ms: 1, callback: <bound method BallController._handle_new_balls of <mpf.core.ball_controller.BallController object at 0x1033240b8>>, kwargs: {'new_balls': 6}
2016-08-22 17:58:07,304 : DEBUG : Clock : Scheduled a one-time clock callback (callback=functools.partial(<bound method DelayManager._process_delay_callback of <mpf.core.delays.DelayManager object at 0x10331a048>>, UUID('13672571-0dc8-4fcb-b3ea-8fe7ad7668e8'), <bound method BallController._handle_new_balls of <mpf.core.ball_controller.BallController object at 0x1033240b8>>, new_balls=6), timeout=0.001, priority=1)
2016-08-22 17:58:07,304 : DEBUG : Events : vvvv Finished event 'init_phase_2'. Type: None. Callback: None. Args: {}
2016-08-22 17:58:07,304 : DEBUG : Machine : Loading plugins...
2016-08-22 17:58:07,304 : DEBUG : Machine : Loading 'mpf.plugins.auditor.Auditor' plugin
2016-08-22 17:58:07,305 : DEBUG : DataInterface : Loading audits from /Users/jackbot/pinball/taxi/data/audits.yaml
2016-08-22 17:58:07,305 : DEBUG : YAML File Interface : Loading file: /Users/jackbot/pinball/taxi/data/audits.yaml
2016-08-22 17:58:07,309 : DEBUG : Events : Registered Auditor._initialize as a handler for 'init_phase_4', priority: 1, kwargs: {}
2016-08-22 17:58:07,309 : DEBUG : Machine : Loading 'mpf.plugins.info_lights.InfoLights' plugin
2016-08-22 17:58:07,310 : DEBUG : Machine : "info_lights:" section not found in machine configuration, so the Info Lights plugin will not be used.
2016-08-22 17:58:07,310 : DEBUG : Machine : Loading 'mpf.plugins.osc.OSC' plugin
2016-08-22 17:58:07,310 : DEBUG : Machine : "OSC:" section not found in the machine configuration, so the OSC plugin will not be used.
2016-08-22 17:58:07,310 : DEBUG : Machine : Loading 'mpf.plugins.switch_player.SwitchPlayer' plugin
2016-08-22 17:58:07,310 : DEBUG : Machine : "switch_player:" section not found in machine configuration, so the Switch Playerplugin will not be used.
2016-08-22 17:58:07,311 : DEBUG : Events : ^^^^ Posted event 'init_phase_3'. Type: None, Callback: None, Args: {}
2016-08-22 17:58:07,311 : DEBUG : Events : ============== EVENTS QUEUE =============
2016-08-22 17:58:07,311 : DEBUG : Events : init_phase_3, None, None, {}
2016-08-22 17:58:07,311 : DEBUG : Events : =========================================
2016-08-22 17:58:07,311 : DEBUG : Events : ^^^^ Processing event 'init_phase_3'. Type: None, Callback: None, Args: {}
2016-08-22 17:58:07,311 : DEBUG : Events : AssetManager._create_assets (priority: 1) responding to event 'init_phase_3' with args {}
2016-08-22 17:58:07,311 : DEBUG : AssetManager : Processing assets from base folder: /Users/jackbot/pinball/taxi/shows
2016-08-22 17:58:07,311 : DEBUG : AssetManager : Processing assets from base folder: /Applications/MPF.app/Contents/Frameworks/python/3.5.0/lib/python3.5/site-packages/mpf/modes/game/shows
2016-08-22 17:58:07,311 : DEBUG : AssetManager : Processing assets from base folder: /Applications/MPF.app/Contents/Frameworks/python/3.5.0/lib/python3.5/site-packages/mpf/modes/attract/shows
2016-08-22 17:58:07,311 : DEBUG : Machine : Clearing boot hold assets. Holds remaining: {'init'}
2016-08-22 17:58:07,311 : DEBUG : Events : ShowController._initialize (priority: 1) responding to event 'init_phase_3' with args {}
2016-08-22 17:58:07,311 : DEBUG : ShowController : Loading Show None
2016-08-22 17:58:07,312 : DEBUG : ShowController : Loading Show None
2016-08-22 17:58:07,312 : DEBUG : ShowController : Loading Show None
2016-08-22 17:58:07,313 : DEBUG : ShowController : Loading Show None
2016-08-22 17:58:07,313 : DEBUG : Events : vvvv Finished event 'init_phase_3'. Type: None. Callback: None. Args: {}
2016-08-22 17:58:07,313 : DEBUG : Events : ^^^^ Posted event 'init_phase_4'. Type: None, Callback: None, Args: {}
2016-08-22 17:58:07,313 : DEBUG : Events : ============== EVENTS QUEUE =============
2016-08-22 17:58:07,313 : DEBUG : Events : init_phase_4, None, None, {}
2016-08-22 17:58:07,313 : DEBUG : Events : =========================================
2016-08-22 17:58:07,313 : DEBUG : Events : ^^^^ Processing event 'init_phase_4'. Type: None, Callback: None, Args: {}
2016-08-22 17:58:07,313 : DEBUG : Events : BallDevice._initialize_phase_4 (priority: 1) responding to event 'init_phase_4' with args {}
2016-08-22 17:58:07,313 : DEBUG : ball_device.bd_trough : Counting balls
2016-08-22 17:58:07,313 : DEBUG : ball_device.bd_trough : Confirmed active switch: s_trough1
2016-08-22 17:58:07,313 : DEBUG : ball_device.bd_trough : Confirmed active switch: s_trough2
2016-08-22 17:58:07,313 : DEBUG : ball_device.bd_trough : Confirmed active switch: s_trough3
2016-08-22 17:58:07,314 : DEBUG : ball_device.bd_trough : Confirmed active switch: s_trough4
2016-08-22 17:58:07,314 : DEBUG : ball_device.bd_trough : Confirmed active switch: s_trough5
2016-08-22 17:58:07,314 : DEBUG : ball_device.bd_trough : Confirmed active switch: s_trough6
2016-08-22 17:58:07,314 : DEBUG : ball_device.bd_trough : Confirmed inactive switch: s_trough_jam
2016-08-22 17:58:07,314 : DEBUG : ball_device.bd_trough : Counted 6 balls
2016-08-22 17:58:07,314 : DEBUG : ball_device.bd_trough : Switching to state idle
2016-08-22 17:58:07,314 : DEBUG : ball_device.bd_trough : Counting balls
2016-08-22 17:58:07,314 : DEBUG : ball_device.bd_trough : Confirmed active switch: s_trough1
2016-08-22 17:58:07,314 : DEBUG : ball_device.bd_trough : Confirmed active switch: s_trough2
2016-08-22 17:58:07,314 : DEBUG : ball_device.bd_trough : Confirmed active switch: s_trough3
2016-08-22 17:58:07,314 : DEBUG : ball_device.bd_trough : Confirmed active switch: s_trough4
2016-08-22 17:58:07,314 : DEBUG : ball_device.bd_trough : Confirmed active switch: s_trough5
2016-08-22 17:58:07,314 : DEBUG : ball_device.bd_trough : Confirmed active switch: s_trough6
2016-08-22 17:58:07,314 : DEBUG : ball_device.bd_trough : Confirmed inactive switch: s_trough_jam
2016-08-22 17:58:07,314 : DEBUG : ball_device.bd_trough : Counted 6 balls
2016-08-22 17:58:07,314 : DEBUG : Events : ^^^^ Posted event 'balldevice_bd_trough_ok_to_receive'. Type: None, Callback: None, Args: {'balls': 1}
2016-08-22 17:58:07,314 : DEBUG : Events : ============== EVENTS QUEUE =============
2016-08-22 17:58:07,314 : DEBUG : Events : balldevice_bd_trough_ok_to_receive, None, None, {'balls': 1}
2016-08-22 17:58:07,314 : DEBUG : Events : =========================================
2016-08-22 17:58:07,314 : DEBUG : Events : BallDevice._initialize_phase_4 (priority: 1) responding to event 'init_phase_4' with args {}
2016-08-22 17:58:07,314 : DEBUG : ball_device.bd_plunger : Counting balls
2016-08-22 17:58:07,314 : DEBUG : ball_device.bd_plunger : Confirmed inactive switch: s_plunger_lane
2016-08-22 17:58:07,315 : DEBUG : ball_device.bd_plunger : Counted 0 balls
2016-08-22 17:58:07,315 : DEBUG : ball_device.bd_plunger : Switching to state idle
2016-08-22 17:58:07,315 : DEBUG : ball_device.bd_plunger : Counting balls
2016-08-22 17:58:07,315 : DEBUG : ball_device.bd_plunger : Confirmed inactive switch: s_plunger_lane
2016-08-22 17:58:07,315 : DEBUG : ball_device.bd_plunger : Counted 0 balls
2016-08-22 17:58:07,315 : DEBUG : Events : ^^^^ Posted event 'balldevice_bd_plunger_ok_to_receive'. Type: None, Callback: None, Args: {'balls': 1}
2016-08-22 17:58:07,315 : DEBUG : Events : ============== EVENTS QUEUE =============
2016-08-22 17:58:07,315 : DEBUG : Events : balldevice_bd_trough_ok_to_receive, None, None, {'balls': 1}
2016-08-22 17:58:07,315 : DEBUG : Events : balldevice_bd_plunger_ok_to_receive, None, None, {'balls': 1}
2016-08-22 17:58:07,315 : DEBUG : Events : =========================================
2016-08-22 17:58:07,315 : DEBUG : Events : Auditor._initialize (priority: 1) responding to event 'init_phase_4' with args {}
2016-08-22 17:58:07,315 : DEBUG : Events : Registered Auditor.enable as a handler for 'game_starting', priority: 1, kwargs: {}
2016-08-22 17:58:07,315 : DEBUG : Events : Registered Auditor.disable as a handler for 'game_ended', priority: 1, kwargs: {}
2016-08-22 17:58:07,315 : DEBUG : Events : Registered Auditor.audit_player as a handler for 'game_ending', priority: 1, kwargs: {}
2016-08-22 17:58:07,315 : DEBUG : Events : vvvv Finished event 'init_phase_4'. Type: None. Callback: None. Args: {}
2016-08-22 17:58:07,315 : DEBUG : Events : ^^^^ Processing event 'balldevice_bd_trough_ok_to_receive'. Type: None, Callback: None, Args: {'balls': 1}
2016-08-22 17:58:07,315 : DEBUG : Events : vvvv Finished event 'balldevice_bd_trough_ok_to_receive'. Type: None. Callback: None. Args: {'balls': 1}
2016-08-22 17:58:07,315 : DEBUG : Events : ^^^^ Processing event 'balldevice_bd_plunger_ok_to_receive'. Type: None, Callback: None, Args: {'balls': 1}
2016-08-22 17:58:07,316 : DEBUG : Events : BallDevice._target_ready (priority: 1) responding to event 'balldevice_bd_plunger_ok_to_receive' with args {'target': <ball_device.bd_plunger>, 'balls': 1}
2016-08-22 17:58:07,316 : DEBUG : Events : vvvv Finished event 'balldevice_bd_plunger_ok_to_receive'. Type: None. Callback: None. Args: {'balls': 1}
2016-08-22 17:58:07,316 : DEBUG : Events : ^^^^ Posted event 'init_phase_5'. Type: None, Callback: None, Args: {}
2016-08-22 17:58:07,316 : DEBUG : Events : ============== EVENTS QUEUE =============
2016-08-22 17:58:07,316 : DEBUG : Events : init_phase_5, None, None, {}
2016-08-22 17:58:07,316 : DEBUG : Events : =========================================
2016-08-22 17:58:07,316 : DEBUG : Events : ^^^^ Processing event 'init_phase_5'. Type: None, Callback: None, Args: {}
2016-08-22 17:58:07,316 : DEBUG : Events : vvvv Finished event 'init_phase_5'. Type: None. Callback: None. Args: {}
2016-08-22 17:58:07,316 : DEBUG : Machine : Clearing boot hold init. Holds remaining: set()
2016-08-22 17:58:07,316 : DEBUG : Events : ^^^^ Posted event 'init_done'. Type: None, Callback: None, Args: {}
2016-08-22 17:58:07,316 : DEBUG : Events : ============== EVENTS QUEUE =============
2016-08-22 17:58:07,316 : DEBUG : Events : init_done, None, None, {}
2016-08-22 17:58:07,316 : DEBUG : Events : =========================================
2016-08-22 17:58:07,316 : DEBUG : Events : ^^^^ Processing event 'init_done'. Type: None, Callback: None, Args: {}
2016-08-22 17:58:07,316 : DEBUG : Events : BCP._setup_bcp_connections (priority: 1) responding to event 'init_done' with args {}
2016-08-22 17:58:07,316 : DEBUG : BCPClientSocket.local_display : Setting up BCP Client...
2016-08-22 17:58:07,316 : INFO : BCPClientSocket.local_display : Connecting to BCP Media Controller at localhost:5050...
2016-08-22 17:58:08,043 : DEBUG : BCPClientSocket.local_display : Connected to remote BCP host localhost:5050
2016-08-22 17:58:08,044 : DEBUG : Events : vvvv Finished event 'init_done'. Type: None. Callback: None. Args: {}
2016-08-22 17:58:08,044 : DEBUG : Machine : Resetting...
2016-08-22 17:58:08,045 : DEBUG : Events : ^^^^ Posted event 'machine_reset_phase_1'. Type: None, Callback: None, Args: {}
2016-08-22 17:58:08,045 : DEBUG : Events : ============== EVENTS QUEUE =============
2016-08-22 17:58:08,045 : DEBUG : Events : machine_reset_phase_1, None, None, {}
2016-08-22 17:58:08,045 : DEBUG : Events : =========================================
2016-08-22 17:58:08,045 : DEBUG : Events : ^^^^ Processing event 'machine_reset_phase_1'. Type: None, Callback: None, Args: {}
2016-08-22 17:58:08,045 : DEBUG : Events : BCP.bcp_reset (priority: 1) responding to event 'machine_reset_phase_1' with args {}
2016-08-22 17:58:08,045 : DEBUG : Events : HardwarePlatform._initialize2 (priority: 1) responding to event 'machine_reset_phase_1' with args {}
2016-08-22 17:58:08,045 : DEBUG : BCPClientSocket.local_display : Sending "hello?controller_version=0.30.26&version=1.0&controller_name=Mission%20Pinball%20Framework"
2016-08-22 17:58:08,046 : DEBUG : Events : Registered HardwarePlatform.set_target as a handler for 'balldevice_bd_trough_ball_eject_attempt', priority: 1, kwargs: {}
2016-08-22 17:58:08,046 : DEBUG : Events : Registered HardwarePlatform.set_target as a handler for 'balldevice_bd_plunger_ball_eject_attempt', priority: 1, kwargs: {}
2016-08-22 17:58:08,046 : DEBUG : Events : vvvv Finished event 'machine_reset_phase_1'. Type: None. Callback: None. Args: {}
2016-08-22 17:58:08,046 : DEBUG : Events : ^^^^ Posted event 'machine_reset_phase_2'. Type: None, Callback: None, Args: {}
2016-08-22 17:58:08,046 : DEBUG : Events : ============== EVENTS QUEUE =============
2016-08-22 17:58:08,046 : DEBUG : Events : machine_reset_phase_2, None, None, {}
2016-08-22 17:58:08,046 : DEBUG : Events : =========================================
2016-08-22 17:58:08,046 : DEBUG : BCPClientSocket.local_display : Sending "machine_variable?value=int:0&name=player1_score"
2016-08-22 17:58:08,047 : DEBUG : Events : ^^^^ Processing event 'machine_reset_phase_2'. Type: None, Callback: None, Args: {}
2016-08-22 17:58:08,047 : DEBUG : BCPClientSocket.local_display : Sending "machine_variable?value=FREE%20PLAY&name=credits_string"
2016-08-22 17:58:08,047 : DEBUG : Events : BallController._initialize (priority: 1) responding to event 'machine_reset_phase_2' with args {}
2016-08-22 17:58:08,047 : DEBUG : BCPClientSocket.local_display : Sending "reset"
2016-08-22 17:58:08,047 : DEBUG : Events : Registered BallController._ball_drained_handler as a handler for 'balldevice_bd_trough_ball_enter', priority: 1, kwargs: {}
2016-08-22 17:58:08,047 : DEBUG : Events : vvvv Finished event 'machine_reset_phase_2'. Type: None. Callback: None. Args: {}
2016-08-22 17:58:08,047 : DEBUG : Events : ^^^^ Posted event 'machine_reset_phase_3'. Type: None, Callback: None, Args: {}
2016-08-22 17:58:08,048 : DEBUG : Events : ============== EVENTS QUEUE =============
2016-08-22 17:58:08,048 : DEBUG : Events : machine_reset_phase_3, None, None, {}
2016-08-22 17:58:08,048 : DEBUG : Events : =========================================
2016-08-22 17:58:08,048 : DEBUG : Events : ^^^^ Processing event 'machine_reset_phase_3'. Type: None, Callback: None, Args: {}
2016-08-22 17:58:08,048 : DEBUG : Events : SwitchController.log_active_switches (priority: 1) responding to event 'machine_reset_phase_3' with args {}
2016-08-22 17:58:08,048 : INFO : SwitchController : Active Switch|s_trough5
2016-08-22 17:58:08,048 : INFO : SwitchController : Active Switch|s_trough4
2016-08-22 17:58:08,048 : INFO : SwitchController : Active Switch|s_trough1
2016-08-22 17:58:08,048 : INFO : SwitchController : Active Switch|s_trough3
2016-08-22 17:58:08,048 : INFO : SwitchController : Active Switch|s_trough6
2016-08-22 17:58:08,048 : INFO : SwitchController : Active Switch|s_trough2
2016-08-22 17:58:08,048 : DEBUG : Events : vvvv Finished event 'machine_reset_phase_3'. Type: None. Callback: None. Args: {}
2016-08-22 17:58:08,048 : DEBUG : Machine : Reset Complete
2016-08-22 17:58:08,048 : DEBUG : Machine : Reset Complete
2016-08-22 17:58:08,049 : DEBUG : Events : ^^^^ Posted event 'reset_complete'. Type: None, Callback: None, Args: {}
2016-08-22 17:58:08,049 : DEBUG : Events : ============== EVENTS QUEUE =============
2016-08-22 17:58:08,049 : DEBUG : Events : reset_complete, None, None, {}
2016-08-22 17:58:08,049 : DEBUG : Events : =========================================
2016-08-22 17:58:08,049 : DEBUG : Machine : Starting the main run loop.
2016-08-22 17:58:08,049 : DEBUG : Events : ^^^^ Processing event 'reset_complete'. Type: None, Callback: None, Args: {}
2016-08-22 17:58:08,049 : DEBUG : Events : Mode.start (priority: 10) responding to event 'reset_complete' with args {}
2016-08-22 17:58:08,049 : DEBUG : Mode.attract : Received request to start
2016-08-22 17:58:08,049 : INFO : Mode.attract : Mode Starting. Priority: 10
2016-08-22 17:58:08,049 : DEBUG : Mode.attract : Registering mode_stop handlers
2016-08-22 17:58:08,049 : DEBUG : Events : Registered Mode.stop as a handler for 'game_start', priority: 11, kwargs: {'mode': <Mode.attract>}
2016-08-22 17:58:08,049 : DEBUG : Mode.attract : Calling mode_start handlers
2016-08-22 17:58:08,049 : DEBUG : Mode.attract : Scanning mode-based config for device control_events
2016-08-22 17:58:08,050 : DEBUG : BCPClientSocket.local_display : Sending "mode_start?priority=int:10&name=attract"
2016-08-22 17:58:08,050 : DEBUG : Events : ^^^^ Posted event 'mode_attract_starting'. Type: queue, Callback: <bound method Mode._started of <Mode.attract>>, Args: {}
2016-08-22 17:58:08,050 : DEBUG : Events : ============== EVENTS QUEUE =============
2016-08-22 17:58:08,050 : DEBUG : Events : mode_attract_starting, queue, <bound method Mode._started of <Mode.attract>>, {}
2016-08-22 17:58:08,050 : DEBUG : Events : =========================================
2016-08-22 17:58:08,050 : DEBUG : Events : vvvv Finished event 'reset_complete'. Type: None. Callback: None. Args: {}
2016-08-22 17:58:08,050 : DEBUG : Events : ^^^^ Processing event 'mode_attract_starting'. Type: queue, Callback: <bound method Mode._started of <Mode.attract>>, Args: {}
2016-08-22 17:58:08,050 : DEBUG : Events : vvvv Finished event 'mode_attract_starting'. Type: queue. Callback: <bound method Mode._started of <Mode.attract>>. Args: {}
2016-08-22 17:58:08,050 : DEBUG : Mode.attract : Mode Started. Priority: 10
2016-08-22 17:58:08,050 : DEBUG : Mode Controller : +=========== ACTIVE MODES ============+
2016-08-22 17:58:08,050 : DEBUG : Mode Controller : | attract : 10                        |
2016-08-22 17:58:08,050 : DEBUG : Mode Controller : +-------------------------------------+
2016-08-22 17:58:08,050 : DEBUG : Events : ^^^^ Posted event 'mode_attract_started'. Type: None, Callback: <bound method Mode._mode_started_callback of <Mode.attract>>, Args: {}
2016-08-22 17:58:08,051 : DEBUG : Events : ============== EVENTS QUEUE =============
2016-08-22 17:58:08,051 : DEBUG : Events : mode_attract_started, None, <bound method Mode._mode_started_callback of <Mode.attract>>, {}
2016-08-22 17:58:08,051 : DEBUG : Events : =========================================
2016-08-22 17:58:08,051 : DEBUG : Events : ^^^^ Processing event 'mode_attract_started'. Type: None, Callback: <bound method Mode._mode_started_callback of <Mode.attract>>, Args: {}
2016-08-22 17:58:08,051 : DEBUG : Events : BCP.bcp_trigger (priority: 1) responding to event 'mode_attract_started' with args {'name': 'mode_attract_started'}
2016-08-22 17:58:08,051 : DEBUG : Events : vvvv Finished event 'mode_attract_started'. Type: None. Callback: <bound method Mode._mode_started_callback of <Mode.attract>>. Args: {}
2016-08-22 17:58:08,051 : DEBUG : SwitchController : Registering switch handler: s_start, <bound method Attract.start_button_pressed of <Mode.attract>>, state: 1, ms: 0, info: False, cb_kwargs: {}
2016-08-22 17:58:08,051 : DEBUG : SwitchController : Registering switch handler: s_start, <bound method Attract.start_button_released of <Mode.attract>>, state: 0, ms: 0, info: False, cb_kwargs: {}
2016-08-22 17:58:08,051 : DEBUG : BallController : Collecting all balls to devices with tags '['home', 'trough']'
2016-08-22 17:58:08,051 : DEBUG : BallController : Ejecting all balls from: set()
2016-08-22 17:58:08,051 : DEBUG : BallController : All balls are collected
2016-08-22 17:58:08,052 : DEBUG : Events : ^^^^ Posted event 'collecting_balls_complete'. Type: None, Callback: None, Args: {}
2016-08-22 17:58:08,052 : DEBUG : Events : ============== EVENTS QUEUE =============
2016-08-22 17:58:08,052 : DEBUG : Events : collecting_balls_complete, None, None, {}
2016-08-22 17:58:08,052 : DEBUG : Events : =========================================
2016-08-22 17:58:08,052 : DEBUG : Events : ^^^^ Posted event 'enable_volume_keys'. Type: None, Callback: None, Args: {}
2016-08-22 17:58:08,052 : DEBUG : Events : ============== EVENTS QUEUE =============
2016-08-22 17:58:08,052 : DEBUG : BCPClientSocket.local_display : Sending "trigger?name=mode_attract_started"
2016-08-22 17:58:08,052 : DEBUG : Events : collecting_balls_complete, None, None, {}
2016-08-22 17:58:08,052 : DEBUG : Events : enable_volume_keys, None, None, {}
2016-08-22 17:58:08,052 : DEBUG : Events : =========================================
2016-08-22 17:58:08,052 : DEBUG : Mode.attract : Mode Start process complete.
2016-08-22 17:58:08,052 : DEBUG : Events : ^^^^ Processing event 'collecting_balls_complete'. Type: None, Callback: None, Args: {}
2016-08-22 17:58:08,052 : DEBUG : Events : vvvv Finished event 'collecting_balls_complete'. Type: None. Callback: None. Args: {}
2016-08-22 17:58:08,052 : DEBUG : Events : ^^^^ Processing event 'enable_volume_keys'. Type: None, Callback: None, Args: {}
2016-08-22 17:58:08,053 : DEBUG : Events : BCP.enable_volume_keys (priority: 1) responding to event 'enable_volume_keys' with args {}
2016-08-22 17:58:08,053 : DEBUG : Events : vvvv Finished event 'enable_volume_keys'. Type: None. Callback: None. Args: {}
2016-08-22 17:58:08,053 : DEBUG : DelayManager : ---Processing delay: 13672571-0dc8-4fcb-b3ea-8fe7ad7668e8
2016-08-22 17:58:08,063 : DEBUG : BCPClientSocket.local_display : Received "b'hello?version=1.0'"
2016-08-22 17:58:08,063 : DEBUG : BCPClientSocket.local_display : Received BCP Hello from host with kwargs: {'version': '1.0'}
2016-08-22 17:58:08,067 : DEBUG : BCPClientSocket.local_display : Received "b'reset_complete'"
2016-08-22 17:58:08,084 : DEBUG : BCP : Processing command: reset_complete {}
2016-08-22 17:58:17,070 : DEBUG : BCPClientSocket.local_display : Stopping socket client
2016-08-22 17:58:17,071 : INFO : Machine : Shutting down...
2016-08-22 17:58:17,071 : DEBUG : Events : ^^^^ Posted event 'shutdown'. Type: None, Callback: None, Args: {}
2016-08-22 17:58:17,071 : DEBUG : Events : ============== EVENTS QUEUE =============
2016-08-22 17:58:17,071 : DEBUG : Events : shutdown, None, None, {}
2016-08-22 17:58:17,071 : DEBUG : Events : =========================================
2016-08-22 17:58:17,071 : DEBUG : Events : ^^^^ Processing event 'shutdown'. Type: None, Callback: None, Args: {}
2016-08-22 17:58:17,071 : DEBUG : Events : MachineController.power_off (priority: 1) responding to event 'shutdown' with args {}
2016-08-22 17:58:17,071 : DEBUG : Events : vvvv Finished event 'shutdown'. Type: None. Callback: None. Args: {}
2016-08-22 17:58:17,087 : INFO : Machine : Shutting down...
2016-08-22 17:58:17,088 : DEBUG : Events : ^^^^ Posted event 'shutdown'. Type: None, Callback: None, Args: {}
2016-08-22 17:58:17,088 : DEBUG : Events : ============== EVENTS QUEUE =============
2016-08-22 17:58:17,088 : DEBUG : Events : shutdown, None, None, {}
2016-08-22 17:58:17,088 : DEBUG : Events : =========================================
2016-08-22 17:58:17,088 : DEBUG : Events : ^^^^ Processing event 'shutdown'. Type: None, Callback: None, Args: {}
2016-08-22 17:58:17,088 : DEBUG : Events : MachineController.power_off (priority: 1) responding to event 'shutdown' with args {}
2016-08-22 17:58:17,088 : DEBUG : Events : vvvv Finished event 'shutdown'. Type: None. Callback: None. Args: {}
2016-08-22 17:58:17,088 : INFO : Machine : Actual MPF loop rate: 30.0 Hz
2016-08-22 17:58:17,088 : INFO : root : MPF run loop ended.
