2016-08-22 16:05:26,602 : INFO : Machine : Mission Pinball Framework Core Engine v0.30.26
2016-08-22 16:05:26,602 : DEBUG : Machine : Command line arguments: {'loglevel': 10, 'create_config_cache': True, 'logfile': 'logs/2016-08-22-16-05-26-mpf-Jeremys-MacBook-Pro.local.log', 'force_platform': None, 'no_load_cache': False, 'consoleloglevel': 20, 'mpfconfigfile': '/Applications/MPF.app/Contents/Frameworks/python/3.5.0/lib/python3.5/site-packages/mpf/mpfconfig.yaml', 'configfile': ['config'], 'bcp': False, 'pause': False}
2016-08-22 16:05:26,603 : DEBUG : Machine : MPF path: /Applications/MPF.app/Contents/Frameworks/python/3.5.0/lib/python3.5/site-packages/mpf
2016-08-22 16:05:26,603 : INFO : Machine : Machine path: /Users/jackbot/pinball/taxi
2016-08-22 16:05:26,603 : DEBUG : Machine : Command line arguments: {'loglevel': 10, 'create_config_cache': True, 'logfile': 'logs/2016-08-22-16-05-26-mpf-Jeremys-MacBook-Pro.local.log', 'force_platform': None, 'no_load_cache': False, 'consoleloglevel': 20, 'mpfconfigfile': '/Applications/MPF.app/Contents/Frameworks/python/3.5.0/lib/python3.5/site-packages/mpf/mpfconfig.yaml', 'configfile': ['config'], 'bcp': False, 'pause': False}
2016-08-22 16:05:26,603 : DEBUG : Machine : Python version: 3.5.0
2016-08-22 16:05:26,603 : DEBUG : Machine : Platform: darwin
2016-08-22 16:05:26,603 : DEBUG : Machine : Python executable location: /Applications/MPF.app/Contents/Resources/python
2016-08-22 16:05:26,603 : DEBUG : Machine : 32-bit Python? False
2016-08-22 16:05:26,603 : DEBUG : Machine : Machine path: /Users/jackbot/pinball/taxi
2016-08-22 16:05:26,786 : INFO : Machine : Loading cached config: /var/folders/w9/n57l794j2w1bqgd7vztrzgg00000gn/T/6c3af7dff5de8b7b1196672fc5f1a1c6config
2016-08-22 16:05:26,786 : DEBUG : Clock : Starting clock (maximum frames per second=30.0)
2016-08-22 16:05:26,786 : INFO : Machine : Starting clock at 30.0Hz
2016-08-22 16:05:26,786 : DEBUG : Clock : Scheduled a recurring clock callback (callback=<bound method MachineController._check_crash_queue of <mpf.core.machine.MachineController object at 0x101b91630>>, timeout=1, priority=1)
2016-08-22 16:05:26,790 : DEBUG : Virtual Platform : Configuring virtual hardware interface.
2016-08-22 16:05:26,790 : DEBUG : Smart Virtual Platform : Configuring smart_virtual hardware interface.
2016-08-22 16:05:26,790 : DEBUG : Machine : Setting default platform to 'smart_virtual'
2016-08-22 16:05:26,790 : DEBUG : Machine : Loading core modules...
2016-08-22 16:05:26,790 : DEBUG : Machine : Loading 'mpf.core.events.EventManager' core module
2016-08-22 16:05:26,790 : DEBUG : Machine : Loading 'mpf.core.mode_controller.ModeController' core module
2016-08-22 16:05:26,791 : DEBUG : Events : Registered ModeController._load_modes as a handler for 'init_phase_2', priority: 1, kwargs: {}
2016-08-22 16:05:26,791 : DEBUG : Events : Registered ModeController._ball_ending as a handler for 'ball_ending', priority: 0, kwargs: {}
2016-08-22 16:05:26,791 : DEBUG : Events : Registered ModeController._ball_starting as a handler for 'ball_starting', priority: 0, kwargs: {}
2016-08-22 16:05:26,791 : DEBUG : Events : Registered ModeController._player_added as a handler for 'player_add_success', priority: 0, kwargs: {}
2016-08-22 16:05:26,791 : DEBUG : Events : Registered ModeController._player_turn_start as a handler for 'player_turn_start', priority: 1000000, kwargs: {}
2016-08-22 16:05:26,791 : DEBUG : Events : Registered ModeController._player_turn_stop as a handler for 'player_turn_stop', priority: 1000000, kwargs: {}
2016-08-22 16:05:26,791 : DEBUG : Machine : Loading 'mpf.core.config_processor.ConfigProcessor' core module
2016-08-22 16:05:26,791 : DEBUG : Machine : Loading 'mpf.core.shot_profile_manager.ShotProfileManager' core module
2016-08-22 16:05:26,792 : DEBUG : ShotProfileManager : Registering Shot Profile: 'default'
2016-08-22 16:05:26,792 : DEBUG : ShotProfileManager : Processed 'default' profile configuration: {'advance_on_hit': True, 'show_when_disabled': False, 'state_names_to_rotate': [], 'show': None, 'states': [{'start_step': 1, 'speed': 1.0, 'show': 'off', 'name': 'unlit', 'action': 'play', 'reset': True, 'manual_advance': False, 'sync_ms': 0, 'key': None, 'loops': -1, 'priority': 0, 'show_tokens': {}}, {'start_step': 1, 'speed': 1.0, 'show': 'on', 'name': 'lit', 'action': 'play', 'reset': True, 'manual_advance': False, 'sync_ms': 0, 'key': None, 'loops': -1, 'priority': 0, 'show_tokens': {}}], 'loop': False, 'block': True, 'rotation_pattern': deque(['right']), 'state_names_to_not_rotate': [], 'player_variable': '%_default'}
2016-08-22 16:05:26,792 : DEBUG : Mode Controller : Registering <bound method ShotProfileManager.mode_start_for_shots of <mpf.core.shot_profile_manager.ShotProfileManager object at 0x101bd6390>> as a mode start method. Config section: shots, priority: 0, kwargs: {}
2016-08-22 16:05:26,792 : DEBUG : Mode Controller : Registering <bound method ShotProfileManager.mode_start_for_shot_groups of <mpf.core.shot_profile_manager.ShotProfileManager object at 0x101bd6390>> as a mode start method. Config section: shot_groups, priority: 0, kwargs: {}
2016-08-22 16:05:26,792 : DEBUG : Events : Registered ShotProfileManager._player_turn_start as a handler for 'player_turn_start', priority: 1000000, kwargs: {}
2016-08-22 16:05:26,792 : DEBUG : Events : Registered ShotProfileManager._player_turn_stop as a handler for 'player_turn_stop', priority: 0, kwargs: {}
2016-08-22 16:05:26,792 : DEBUG : Machine : Loading 'mpf.core.device_manager.DeviceManager' core module
2016-08-22 16:05:26,792 : DEBUG : Events : Registered DeviceManager._load_device_modules as a handler for 'init_phase_1', priority: 1, kwargs: {}
2016-08-22 16:05:26,792 : DEBUG : Events : Registered DeviceManager.create_machinewide_device_control_events as a handler for 'init_phase_2', priority: 1, kwargs: {}
2016-08-22 16:05:26,792 : DEBUG : Events : Registered DeviceManager.create_collection_control_events as a handler for 'init_phase_2', priority: 1, kwargs: {}
2016-08-22 16:05:26,793 : DEBUG : Machine : Loading 'mpf.core.switch_controller.SwitchController' core module
2016-08-22 16:05:26,793 : DEBUG : Clock : Scheduled a recurring clock callback (callback=<bound method SwitchController._tick of <mpf.core.switch_controller.SwitchController object at 0x101bdc198>>, timeout=0, priority=1000)
2016-08-22 16:05:26,793 : DEBUG : Events : Registered SwitchController._initialize_switches as a handler for 'init_phase_2', priority: 1000, kwargs: {}
2016-08-22 16:05:26,793 : DEBUG : Events : Registered SwitchController.log_active_switches as a handler for 'machine_reset_phase_3', priority: 1, kwargs: {}
2016-08-22 16:05:26,793 : DEBUG : Machine : Loading 'mpf.core.ball_controller.BallController' core module
2016-08-22 16:05:26,793 : DEBUG : BallController : Loading the BallController
2016-08-22 16:05:26,793 : DEBUG : Events : Registered BallController.request_to_start_game as a handler for 'request_to_start_game', priority: 1, kwargs: {}
2016-08-22 16:05:26,794 : DEBUG : Events : Registered BallController._initialize as a handler for 'machine_reset_phase_2', priority: 1, kwargs: {}
2016-08-22 16:05:26,794 : DEBUG : Events : Registered BallController._init2 as a handler for 'init_phase_2', priority: 1, kwargs: {}
2016-08-22 16:05:26,794 : DEBUG : Machine : Loading 'mpf.core.assets.AssetManager' core module
2016-08-22 16:05:26,794 : DEBUG : AssetManager : Initializing...
2016-08-22 16:05:26,795 : DEBUG : Mode Controller : Registering <bound method AssetManager._load_mode_assets of <mpf.core.assets.AssetManager object at 0x101bdce10>> as a mode start method. Config section: None, priority: 0, kwargs: {}
2016-08-22 16:05:26,795 : DEBUG : Events : Registered AssetManager._create_assets as a handler for 'init_phase_3', priority: 1, kwargs: {}
2016-08-22 16:05:26,795 : DEBUG : Events : Registered AssetManager._bcp_client_asset_load as a handler for 'assets_to_load', priority: 1, kwargs: {}
2016-08-22 16:05:26,795 : DEBUG : Machine : Loading 'mpf.core.show_controller.ShowController' core module
2016-08-22 16:05:26,796 : DEBUG : Clock : Scheduled a recurring clock callback (callback=<bound method ShowController._tick of <mpf.core.show_controller.ShowController object at 0x101bea6d8>>, timeout=0, priority=1)
2016-08-22 16:05:26,797 : DEBUG : Events : Registered ShowController._initialize as a handler for 'init_phase_3', priority: 1, kwargs: {}
2016-08-22 16:05:26,797 : DEBUG : Machine : Loading 'mpf.core.bcp.BCP' core module
2016-08-22 16:05:26,797 : DEBUG : Events : Registered BCP.bcp_trigger as a handler for 'ball_started', priority: 1, kwargs: {'name': 'ball_started'}
2016-08-22 16:05:26,797 : DEBUG : Events : Registered BCP.bcp_trigger as a handler for 'ball_ended', priority: 1, kwargs: {'name': 'ball_ended'}
2016-08-22 16:05:26,797 : DEBUG : Events : Registered BCP.bcp_trigger as a handler for 'player_add_success', priority: 1, kwargs: {'name': 'player_add_success'}
2016-08-22 16:05:26,797 : DEBUG : Events : Registered BCP._bcp_event_callback as a handler for 'player_turn_start', priority: 1, kwargs: {'command': 'player_turn_start', 'params': {'player_num': '%number'}}
2016-08-22 16:05:26,797 : DEBUG : Events : Registered BCP._bcp_event_callback as a handler for 'clear', priority: 1, kwargs: {'command': 'trigger', 'params': {'key': '%key', 'name': 'clear'}}
2016-08-22 16:05:26,797 : DEBUG : Events : Registered BCP.bcp_trigger as a handler for 'player_score', priority: 1, kwargs: {'name': 'player_score'}
2016-08-22 16:05:26,797 : DEBUG : Events : Registered BCP._setup_dmds as a handler for 'init_phase_1', priority: 1, kwargs: {}
2016-08-22 16:05:26,797 : DEBUG : Events : Registered BCP._setup_bcp_connections as a handler for 'init_done', priority: 1, kwargs: {}
2016-08-22 16:05:26,797 : DEBUG : Clock : Scheduled a recurring clock callback (callback=<bound method BCP.get_bcp_messages of <BCP Module>>, timeout=0, priority=1)
2016-08-22 16:05:26,797 : DEBUG : Events : Registered BCP.bcp_player_added as a handler for 'player_add_success', priority: 1, kwargs: {}
2016-08-22 16:05:26,798 : DEBUG : Events : Registered BCP.bcp_reset as a handler for 'machine_reset_phase_1', priority: 1, kwargs: {}
2016-08-22 16:05:26,798 : DEBUG : Events : Registered BCP.increase_volume as a handler for 'increase_volume', priority: 1, kwargs: {}
2016-08-22 16:05:26,798 : DEBUG : Events : Registered BCP.decrease_volume as a handler for 'decrease_volume', priority: 1, kwargs: {}
2016-08-22 16:05:26,798 : DEBUG : Events : Registered BCP.enable_volume_keys as a handler for 'enable_volume_keys', priority: 1, kwargs: {}
2016-08-22 16:05:26,798 : DEBUG : Events : Registered BCP.disable_volume_keys as a handler for 'disable_volume_keys', priority: 1, kwargs: {}
2016-08-22 16:05:26,798 : DEBUG : Events : Registered BCP.get_led_coordinates as a handler for 'bcp_get_led_coordinates', priority: 1, kwargs: {}
2016-08-22 16:05:26,798 : DEBUG : Mode Controller : Registering <bound method BCP.bcp_mode_start of <BCP Module>> as a mode start method. Config section: mode, priority: 0, kwargs: {}
2016-08-22 16:05:26,798 : DEBUG : Machine : Loading 'mpf.core.logic_blocks.LogicBlocks' core module
2016-08-22 16:05:26,799 : DEBUG : Mode Controller : Registering <bound method LogicBlocks._process_config of <mpf.core.logic_blocks.LogicBlocks object at 0x101becda0>> as a mode start method. Config section: logic_blocks, priority: 0, kwargs: {}
2016-08-22 16:05:26,799 : DEBUG : Events : Registered LogicBlocks._create_player_logic_blocks as a handler for 'player_add_success', priority: 1, kwargs: {}
2016-08-22 16:05:26,799 : DEBUG : Events : Registered LogicBlocks.player_turn_start as a handler for 'player_turn_start', priority: 1, kwargs: {}
2016-08-22 16:05:26,799 : DEBUG : Events : Registered LogicBlocks.player_turn_stop as a handler for 'player_turn_stop', priority: 1, kwargs: {}
2016-08-22 16:05:26,799 : DEBUG : Machine : Loading 'mpf.core.scoring.ScoreController' core module
2016-08-22 16:05:26,799 : DEBUG : Score : Loading the Score Controller
2016-08-22 16:05:26,799 : DEBUG : Mode Controller : Registering <bound method ScoreController.mode_start of <mpf.core.scoring.ScoreController object at 0x101bf4ac8>> as a mode start method. Config section: scoring, priority: 0, kwargs: {}
2016-08-22 16:05:26,800 : DEBUG : Events : Registered HardwarePlatform._initialize2 as a handler for 'machine_reset_phase_1', priority: 1, kwargs: {}
2016-08-22 16:05:26,800 : DEBUG : Events : Registered ConfigPlayer._initialize as a handler for 'init_phase_1', priority: 1, kwargs: {}
2016-08-22 16:05:26,800 : DEBUG : Events : Registered ConfigPlayer._initialize as a handler for 'init_phase_1', priority: 1, kwargs: {}
2016-08-22 16:05:26,801 : DEBUG : Events : Registered ConfigPlayer._initialize as a handler for 'init_phase_1', priority: 1, kwargs: {}
2016-08-22 16:05:26,801 : DEBUG : Events : Registered ConfigPlayer._initialize as a handler for 'init_phase_1', priority: 1, kwargs: {}
2016-08-22 16:05:26,801 : DEBUG : Events : Registered ConfigPlayer._initialize as a handler for 'init_phase_1', priority: 1, kwargs: {}
2016-08-22 16:05:26,802 : DEBUG : Events : Registered ConfigPlayer._initialize as a handler for 'init_phase_1', priority: 1, kwargs: {}
2016-08-22 16:05:26,802 : DEBUG : Events : Registered ConfigPlayer._initialize as a handler for 'init_phase_1', priority: 1, kwargs: {}
2016-08-22 16:05:26,802 : DEBUG : Events : Registered ConfigPlayer._initialize as a handler for 'init_phase_1', priority: 1, kwargs: {}
2016-08-22 16:05:26,802 : DEBUG : Events : Registered ConfigPlayer._initialize as a handler for 'init_phase_1', priority: 1, kwargs: {}
2016-08-22 16:05:26,802 : DEBUG : Machine : Registering Plugin Config Players
2016-08-22 16:05:26,803 : DEBUG : Machine : Registering sound_player = mpfmc.config_players.sound_player:register_with_mpf
2016-08-22 16:05:26,804 : DEBUG : Events : Registered ConfigPlayer._initialize as a handler for 'init_phase_1', priority: 1, kwargs: {}
2016-08-22 16:05:26,805 : DEBUG : Machine : Registering widget_player = mpfmc.config_players.widget_player:register_with_mpf
2016-08-22 16:05:26,805 : DEBUG : Events : Registered ConfigPlayer._initialize as a handler for 'init_phase_1', priority: 1, kwargs: {}
2016-08-22 16:05:26,805 : DEBUG : Machine : Registering slide_player = mpfmc.config_players.slide_player:register_with_mpf
2016-08-22 16:05:26,806 : DEBUG : Events : Registered ConfigPlayer._initialize as a handler for 'init_phase_1', priority: 1, kwargs: {}
2016-08-22 16:05:26,806 : DEBUG : Events : Registered MachineController.power_off as a handler for 'shutdown', priority: 1, kwargs: {}
2016-08-22 16:05:26,806 : DEBUG : Events : Registered MachineController.power_off as a handler for 'sw_shutdown', priority: 1, kwargs: {}
2016-08-22 16:05:26,807 : DEBUG : Events : Registered MachineController.stop as a handler for 'quit', priority: 1, kwargs: {}
2016-08-22 16:05:26,807 : DEBUG : Events : Registered MachineController.stop as a handler for 'sw_quit', priority: 1, kwargs: {}
2016-08-22 16:05:26,807 : DEBUG : DataInterface : Loading machine_vars from /Users/jackbot/pinball/taxi/data/machine_vars.yaml
2016-08-22 16:05:26,807 : DEBUG : DataInterface : Didn't find the machine_vars file. No prob. We'll create it when we save.
2016-08-22 16:05:26,807 : DEBUG : Events : ^^^^ Posted event 'init_phase_1'. Type: None, Callback: None, Args: {}
2016-08-22 16:05:26,807 : DEBUG : Events : ============== EVENTS QUEUE =============
2016-08-22 16:05:26,807 : DEBUG : Events : init_phase_1, None, None, {}
2016-08-22 16:05:26,807 : DEBUG : Events : =========================================
2016-08-22 16:05:26,807 : DEBUG : Events : ^^^^ Processing event 'init_phase_1'. Type: None, Callback: None, Args: {}
2016-08-22 16:05:26,807 : DEBUG : Events : DeviceManager._load_device_modules (priority: 1) responding to event 'init_phase_1' with args {}
2016-08-22 16:05:26,807 : DEBUG : DeviceManager : Loading devices...
2016-08-22 16:05:26,811 : DEBUG : Events : Registered BallSearch.request_to_start_game as a handler for 'request_to_start_game', priority: 1, kwargs: {}
2016-08-22 16:05:26,833 : DEBUG : Events : Registered Playfield._ball_removed_handler as a handler for 'balldevice_captured_from_playfield', priority: 1, kwargs: {}
2016-08-22 16:05:26,833 : DEBUG : Events : Registered Playfield._playfield_switch_hit as a handler for 'sw_playfield_active', priority: 1, kwargs: {}
2016-08-22 16:05:26,834 : DEBUG : Events : BCP._setup_dmds (priority: 1) responding to event 'init_phase_1' with args {}
2016-08-22 16:05:26,834 : DEBUG : Events : ConfigPlayer._initialize (priority: 1) responding to event 'init_phase_1' with args {}
2016-08-22 16:05:26,834 : DEBUG : Mode Controller : Registering <bound method ConfigPlayer.mode_start of ConfigPlayer.gis> as a mode start method. Config section: gi_player, priority: 0, kwargs: {}
2016-08-22 16:05:26,834 : DEBUG : Events : ConfigPlayer._initialize (priority: 1) responding to event 'init_phase_1' with args {}
2016-08-22 16:05:26,834 : DEBUG : Mode Controller : Registering <bound method ConfigPlayer.mode_start of ConfigPlayer.leds> as a mode start method. Config section: led_player, priority: 0, kwargs: {}
2016-08-22 16:05:26,834 : DEBUG : Events : ConfigPlayer._initialize (priority: 1) responding to event 'init_phase_1' with args {}
2016-08-22 16:05:26,834 : DEBUG : Mode Controller : Registering <bound method ConfigPlayer.mode_start of ConfigPlayer.triggers> as a mode start method. Config section: trigger_player, priority: 0, kwargs: {}
2016-08-22 16:05:26,834 : DEBUG : Events : ConfigPlayer._initialize (priority: 1) responding to event 'init_phase_1' with args {}
2016-08-22 16:05:26,835 : DEBUG : Mode Controller : Registering <bound method ConfigPlayer.mode_start of ConfigPlayer.shows> as a mode start method. Config section: show_player, priority: 0, kwargs: {}
2016-08-22 16:05:26,835 : DEBUG : Events : ConfigPlayer._initialize (priority: 1) responding to event 'init_phase_1' with args {}
2016-08-22 16:05:26,835 : DEBUG : Mode Controller : Registering <bound method ConfigPlayer.mode_start of ConfigPlayer.events> as a mode start method. Config section: event_player, priority: 0, kwargs: {}
2016-08-22 16:05:26,835 : DEBUG : Events : ConfigPlayer._initialize (priority: 1) responding to event 'init_phase_1' with args {}
2016-08-22 16:05:26,835 : DEBUG : Mode Controller : Registering <bound method ConfigPlayer.mode_start of ConfigPlayer.lights> as a mode start method. Config section: light_player, priority: 0, kwargs: {}
2016-08-22 16:05:26,835 : DEBUG : Events : ConfigPlayer._initialize (priority: 1) responding to event 'init_phase_1' with args {}
2016-08-22 16:05:26,835 : DEBUG : Mode Controller : Registering <bound method ConfigPlayer.mode_start of ConfigPlayer.flashers> as a mode start method. Config section: flasher_player, priority: 0, kwargs: {}
2016-08-22 16:05:26,835 : DEBUG : Events : ConfigPlayer._initialize (priority: 1) responding to event 'init_phase_1' with args {}
2016-08-22 16:05:26,835 : DEBUG : Mode Controller : Registering <bound method ConfigPlayer.mode_start of ConfigPlayer.coils> as a mode start method. Config section: coil_player, priority: 0, kwargs: {}
2016-08-22 16:05:26,835 : DEBUG : Events : ConfigPlayer._initialize (priority: 1) responding to event 'init_phase_1' with args {}
2016-08-22 16:05:26,835 : DEBUG : Mode Controller : Registering <bound method ConfigPlayer.mode_start of ConfigPlayer.random_events> as a mode start method. Config section: random_event_player, priority: 0, kwargs: {}
2016-08-22 16:05:26,835 : DEBUG : Events : ConfigPlayer._initialize (priority: 1) responding to event 'init_phase_1' with args {}
2016-08-22 16:05:26,835 : DEBUG : Mode Controller : Registering <bound method ConfigPlayer.mode_start of PluginPlayer.sounds> as a mode start method. Config section: sound_player, priority: 0, kwargs: {}
2016-08-22 16:05:26,835 : DEBUG : Events : ConfigPlayer._initialize (priority: 1) responding to event 'init_phase_1' with args {}
2016-08-22 16:05:26,835 : DEBUG : Mode Controller : Registering <bound method ConfigPlayer.mode_start of PluginPlayer.widgets> as a mode start method. Config section: widget_player, priority: 0, kwargs: {}
2016-08-22 16:05:26,835 : DEBUG : Events : ConfigPlayer._initialize (priority: 1) responding to event 'init_phase_1' with args {}
2016-08-22 16:05:26,835 : DEBUG : Mode Controller : Registering <bound method ConfigPlayer.mode_start of PluginPlayer.slides> as a mode start method. Config section: slide_player, priority: 0, kwargs: {}
2016-08-22 16:05:26,836 : DEBUG : Events : Registered BCP.bcp_trigger as a handler for 'mc_ready', priority: 1, kwargs: {'name': 'mc_ready'}
2016-08-22 16:05:26,836 : DEBUG : Events : Registered BCP.bcp_trigger as a handler for 'mode_attract_started', priority: 1, kwargs: {'name': 'mode_attract_started'}
2016-08-22 16:05:26,836 : DEBUG : Events : vvvv Finished event 'init_phase_1'. Type: None. Callback: None. Args: {}
2016-08-22 16:05:26,836 : DEBUG : Events : ^^^^ Posted event 'init_phase_2'. Type: None, Callback: None, Args: {}
2016-08-22 16:05:26,836 : DEBUG : Events : ============== EVENTS QUEUE =============
2016-08-22 16:05:26,836 : DEBUG : Events : init_phase_2, None, None, {}
2016-08-22 16:05:26,836 : DEBUG : Events : =========================================
2016-08-22 16:05:26,836 : DEBUG : Events : ^^^^ Processing event 'init_phase_2'. Type: None, Callback: None, Args: {}
2016-08-22 16:05:26,836 : DEBUG : Events : SwitchController._initialize_switches (priority: 1000) responding to event 'init_phase_2' with args {}
2016-08-22 16:05:26,836 : DEBUG : Events : ModeController._load_modes (priority: 1) responding to event 'init_phase_2' with args {}
2016-08-22 16:05:26,836 : DEBUG : Mode Controller : Found MPF Mode folders: {'bonus': 'bonus', 'attract': 'attract', 'high_score': 'high_score', 'game': 'game', 'carousel': 'carousel', 'tilt': 'tilt', 'credits': 'credits'}
2016-08-22 16:05:26,836 : DEBUG : Mode Controller : Found Machine-specific Mode folders: {}
2016-08-22 16:05:26,837 : DEBUG : Mode Controller : Processing mode: attract
2016-08-22 16:05:26,837 : DEBUG : YAML File Interface : Loading file: /Applications/MPF.app/Contents/Frameworks/python/3.5.0/lib/python3.5/site-packages/mpf/modes/attract/config/attract.yaml
2016-08-22 16:05:26,838 : DEBUG : Mode Controller : Loading config from /Applications/MPF.app/Contents/Frameworks/python/3.5.0/lib/python3.5/site-packages/mpf/modes/attract/config/attract.yaml
2016-08-22 16:05:26,839 : DEBUG : Mode.attract : Scanning config for mode-based devices
2016-08-22 16:05:26,839 : DEBUG : Events : Registered Mode.start as a handler for 'game_ended', priority: 10, kwargs: {}
2016-08-22 16:05:26,840 : DEBUG : Events : Registered Mode.start as a handler for 'reset_complete', priority: 10, kwargs: {}
2016-08-22 16:05:26,840 : DEBUG : Mode Controller : Loaded code from mpf.modes.attract.code.attract
2016-08-22 16:05:26,840 : DEBUG : Mode Controller : Processing mode: game
2016-08-22 16:05:26,841 : DEBUG : YAML File Interface : Loading file: /Applications/MPF.app/Contents/Frameworks/python/3.5.0/lib/python3.5/site-packages/mpf/modes/game/config/game.yaml
2016-08-22 16:05:26,844 : DEBUG : Mode Controller : Loading config from /Applications/MPF.app/Contents/Frameworks/python/3.5.0/lib/python3.5/site-packages/mpf/modes/game/config/game.yaml
2016-08-22 16:05:26,844 : DEBUG : Mode.game : Scanning config for mode-based devices
2016-08-22 16:05:26,844 : DEBUG : Events : Registered Mode.start as a handler for 'game_start', priority: 20, kwargs: {}
2016-08-22 16:05:26,845 : DEBUG : Mode Controller : Loaded code from mpf.modes.game.code.game
2016-08-22 16:05:26,845 : DEBUG : Events : DeviceManager.create_machinewide_device_control_events (priority: 1) responding to event 'init_phase_2' with args {}
2016-08-22 16:05:26,845 : DEBUG : Events : Registered DeviceManager._control_event_handler as a handler for 'ball_ending', priority: 0, kwargs: {'callback': <bound method Flipper.disable of <flipper.right_flipper>>, 'ms_delay': 0, 'delay_mgr': <mpf.core.delays.DelayManager object at 0x101b916a0>}
2016-08-22 16:05:26,845 : DEBUG : Events : Registered DeviceManager._control_event_handler as a handler for 'machine_reset_phase_3', priority: 0, kwargs: {'callback': <bound method Flipper.enable of <flipper.right_flipper>>, 'ms_delay': 0, 'delay_mgr': <mpf.core.delays.DelayManager object at 0x101b916a0>}
2016-08-22 16:05:26,845 : DEBUG : Events : Registered DeviceManager._control_event_handler as a handler for 'ball_ending', priority: 0, kwargs: {'callback': <bound method Flipper.disable of <flipper.left_flipper>>, 'ms_delay': 0, 'delay_mgr': <mpf.core.delays.DelayManager object at 0x101b916a0>}
2016-08-22 16:05:26,845 : DEBUG : Events : Registered DeviceManager._control_event_handler as a handler for 'machine_reset_phase_3', priority: 0, kwargs: {'callback': <bound method Flipper.enable of <flipper.left_flipper>>, 'ms_delay': 0, 'delay_mgr': <mpf.core.delays.DelayManager object at 0x101b916a0>}
2016-08-22 16:05:26,846 : DEBUG : Events : DeviceManager.create_collection_control_events (priority: 1) responding to event 'init_phase_2' with args {}
2016-08-22 16:05:26,846 : DEBUG : Events : Registered DeviceManager._collection_control_event_handler as a handler for 'gi_enable', priority: 1, kwargs: {'collection': 'gi', 'method': 'enable'}
2016-08-22 16:05:26,846 : DEBUG : Events : Registered DeviceManager._collection_control_event_handler as a handler for 'gi_disable', priority: 1, kwargs: {'collection': 'gi', 'method': 'disable'}
2016-08-22 16:05:26,846 : DEBUG : Events : Registered DeviceManager._collection_control_event_handler as a handler for 'lights_off', priority: 1, kwargs: {'collection': 'lights', 'method': 'off'}
2016-08-22 16:05:26,846 : DEBUG : Events : Registered DeviceManager._collection_control_event_handler as a handler for 'coils_disable', priority: 1, kwargs: {'collection': 'coils', 'method': 'disable'}
2016-08-22 16:05:26,846 : DEBUG : Events : Registered DeviceManager._collection_control_event_handler as a handler for 'leds_off', priority: 1, kwargs: {'collection': 'leds', 'method': 'off'}
2016-08-22 16:05:26,846 : DEBUG : Events : Registered DeviceManager._collection_control_event_handler as a handler for 'ball_devices_stop', priority: 1, kwargs: {'collection': 'ball_devices', 'method': 'stop'}
2016-08-22 16:05:26,846 : DEBUG : Events : Registered DeviceManager._collection_control_event_handler as a handler for 'ball_devices_eject_all', priority: 1, kwargs: {'collection': 'ball_devices', 'method': 'eject_all'}
2016-08-22 16:05:26,846 : DEBUG : Events : Registered DeviceManager._collection_control_event_handler as a handler for 'autofires_enable', priority: 1, kwargs: {'collection': 'autofires', 'method': 'enable'}
2016-08-22 16:05:26,847 : DEBUG : Events : Registered DeviceManager._collection_control_event_handler as a handler for 'autofires_disable', priority: 1, kwargs: {'collection': 'autofires', 'method': 'disable'}
2016-08-22 16:05:26,847 : DEBUG : Events : Registered DeviceManager._collection_control_event_handler as a handler for 'flippers_enable', priority: 1, kwargs: {'collection': 'flippers', 'method': 'enable'}
2016-08-22 16:05:26,847 : DEBUG : Events : Registered DeviceManager._collection_control_event_handler as a handler for 'flippers_disable', priority: 1, kwargs: {'collection': 'flippers', 'method': 'disable'}
2016-08-22 16:05:26,847 : DEBUG : Events : BallController._init2 (priority: 1) responding to event 'init_phase_2' with args {}
2016-08-22 16:05:26,847 : DEBUG : Events : Registered BallController._correct_playfield_count as a handler for 'playfield_ball_count_change', priority: 1, kwargs: {}
2016-08-22 16:05:26,847 : DEBUG : BallController : Counting Balls
2016-08-22 16:05:26,847 : DEBUG : Events : vvvv Finished event 'init_phase_2'. Type: None. Callback: None. Args: {}
2016-08-22 16:05:26,847 : DEBUG : Machine : Loading plugins...
2016-08-22 16:05:26,847 : DEBUG : Machine : Loading 'mpf.plugins.auditor.Auditor' plugin
2016-08-22 16:05:26,848 : DEBUG : DataInterface : Loading audits from /Users/jackbot/pinball/taxi/data/audits.yaml
2016-08-22 16:05:26,848 : DEBUG : DataInterface : Didn't find the audits file. No prob. We'll create it when we save.
2016-08-22 16:05:26,849 : DEBUG : Events : Registered Auditor._initialize as a handler for 'init_phase_4', priority: 1, kwargs: {}
2016-08-22 16:05:26,849 : DEBUG : Machine : Loading 'mpf.plugins.info_lights.InfoLights' plugin
2016-08-22 16:05:26,849 : DEBUG : Machine : "info_lights:" section not found in machine configuration, so the Info Lights plugin will not be used.
2016-08-22 16:05:26,849 : DEBUG : Machine : Loading 'mpf.plugins.osc.OSC' plugin
2016-08-22 16:05:26,849 : DEBUG : Machine : "OSC:" section not found in the machine configuration, so the OSC plugin will not be used.
2016-08-22 16:05:26,850 : DEBUG : Machine : Loading 'mpf.plugins.switch_player.SwitchPlayer' plugin
2016-08-22 16:05:26,850 : DEBUG : Machine : "switch_player:" section not found in machine configuration, so the Switch Playerplugin will not be used.
2016-08-22 16:05:26,850 : DEBUG : Events : ^^^^ Posted event 'init_phase_3'. Type: None, Callback: None, Args: {}
2016-08-22 16:05:26,850 : DEBUG : Events : ============== EVENTS QUEUE =============
2016-08-22 16:05:26,850 : DEBUG : Events : init_phase_3, None, None, {}
2016-08-22 16:05:26,850 : DEBUG : Events : =========================================
2016-08-22 16:05:26,850 : DEBUG : Events : ^^^^ Processing event 'init_phase_3'. Type: None, Callback: None, Args: {}
2016-08-22 16:05:26,850 : DEBUG : Events : AssetManager._create_assets (priority: 1) responding to event 'init_phase_3' with args {}
2016-08-22 16:05:26,850 : DEBUG : AssetManager : Processing assets from base folder: /Users/jackbot/pinball/taxi/shows
2016-08-22 16:05:26,850 : DEBUG : AssetManager : Processing assets from base folder: /Applications/MPF.app/Contents/Frameworks/python/3.5.0/lib/python3.5/site-packages/mpf/modes/attract/shows
2016-08-22 16:05:26,850 : DEBUG : AssetManager : Processing assets from base folder: /Applications/MPF.app/Contents/Frameworks/python/3.5.0/lib/python3.5/site-packages/mpf/modes/game/shows
2016-08-22 16:05:26,850 : DEBUG : Machine : Clearing boot hold assets. Holds remaining: {'init'}
2016-08-22 16:05:26,850 : DEBUG : Events : ShowController._initialize (priority: 1) responding to event 'init_phase_3' with args {}
2016-08-22 16:05:26,851 : DEBUG : ShowController : Loading Show None
2016-08-22 16:05:26,851 : DEBUG : ShowController : Loading Show None
2016-08-22 16:05:26,852 : DEBUG : ShowController : Loading Show None
2016-08-22 16:05:26,852 : DEBUG : ShowController : Loading Show None
2016-08-22 16:05:26,852 : DEBUG : Events : vvvv Finished event 'init_phase_3'. Type: None. Callback: None. Args: {}
2016-08-22 16:05:26,852 : DEBUG : Events : ^^^^ Posted event 'init_phase_4'. Type: None, Callback: None, Args: {}
2016-08-22 16:05:26,852 : DEBUG : Events : ============== EVENTS QUEUE =============
2016-08-22 16:05:26,853 : DEBUG : Events : init_phase_4, None, None, {}
2016-08-22 16:05:26,853 : DEBUG : Events : =========================================
2016-08-22 16:05:26,853 : DEBUG : Events : ^^^^ Processing event 'init_phase_4'. Type: None, Callback: None, Args: {}
2016-08-22 16:05:26,853 : DEBUG : Events : Auditor._initialize (priority: 1) responding to event 'init_phase_4' with args {}
2016-08-22 16:05:26,853 : DEBUG : Events : Registered Auditor.enable as a handler for 'game_starting', priority: 1, kwargs: {}
2016-08-22 16:05:26,853 : DEBUG : Events : Registered Auditor.disable as a handler for 'game_ended', priority: 1, kwargs: {}
2016-08-22 16:05:26,853 : DEBUG : Events : Registered Auditor.audit_player as a handler for 'game_ending', priority: 1, kwargs: {}
2016-08-22 16:05:26,853 : DEBUG : Events : vvvv Finished event 'init_phase_4'. Type: None. Callback: None. Args: {}
2016-08-22 16:05:26,853 : DEBUG : Events : ^^^^ Posted event 'init_phase_5'. Type: None, Callback: None, Args: {}
2016-08-22 16:05:26,853 : DEBUG : Events : ============== EVENTS QUEUE =============
2016-08-22 16:05:26,853 : DEBUG : Events : init_phase_5, None, None, {}
2016-08-22 16:05:26,853 : DEBUG : Events : =========================================
2016-08-22 16:05:26,853 : DEBUG : Events : ^^^^ Processing event 'init_phase_5'. Type: None, Callback: None, Args: {}
2016-08-22 16:05:26,853 : DEBUG : Events : vvvv Finished event 'init_phase_5'. Type: None. Callback: None. Args: {}
2016-08-22 16:05:26,853 : DEBUG : Machine : Clearing boot hold init. Holds remaining: set()
2016-08-22 16:05:26,853 : DEBUG : Events : ^^^^ Posted event 'init_done'. Type: None, Callback: None, Args: {}
2016-08-22 16:05:26,853 : DEBUG : Events : ============== EVENTS QUEUE =============
2016-08-22 16:05:26,853 : DEBUG : Events : init_done, None, None, {}
2016-08-22 16:05:26,853 : DEBUG : Events : =========================================
2016-08-22 16:05:26,853 : DEBUG : Events : ^^^^ Processing event 'init_done'. Type: None, Callback: None, Args: {}
2016-08-22 16:05:26,854 : DEBUG : Events : BCP._setup_bcp_connections (priority: 1) responding to event 'init_done' with args {}
2016-08-22 16:05:26,854 : DEBUG : Events : vvvv Finished event 'init_done'. Type: None. Callback: None. Args: {}
2016-08-22 16:05:26,854 : DEBUG : Machine : Resetting...
2016-08-22 16:05:26,854 : DEBUG : Events : ^^^^ Posted event 'machine_reset_phase_1'. Type: None, Callback: None, Args: {}
2016-08-22 16:05:26,854 : DEBUG : Events : ============== EVENTS QUEUE =============
2016-08-22 16:05:26,854 : DEBUG : Events : machine_reset_phase_1, None, None, {}
2016-08-22 16:05:26,854 : DEBUG : Events : =========================================
2016-08-22 16:05:26,854 : DEBUG : Events : ^^^^ Processing event 'machine_reset_phase_1'. Type: None, Callback: None, Args: {}
2016-08-22 16:05:26,854 : DEBUG : Events : BCP.bcp_reset (priority: 1) responding to event 'machine_reset_phase_1' with args {}
2016-08-22 16:05:26,854 : DEBUG : Events : HardwarePlatform._initialize2 (priority: 1) responding to event 'machine_reset_phase_1' with args {}
2016-08-22 16:05:26,854 : DEBUG : Events : vvvv Finished event 'machine_reset_phase_1'. Type: None. Callback: None. Args: {}
2016-08-22 16:05:26,854 : DEBUG : Events : ^^^^ Posted event 'machine_reset_phase_2'. Type: None, Callback: None, Args: {}
2016-08-22 16:05:26,854 : DEBUG : Events : ============== EVENTS QUEUE =============
2016-08-22 16:05:26,854 : DEBUG : Events : machine_reset_phase_2, None, None, {}
2016-08-22 16:05:26,854 : DEBUG : Events : =========================================
2016-08-22 16:05:26,854 : DEBUG : Events : ^^^^ Processing event 'machine_reset_phase_2'. Type: None, Callback: None, Args: {}
2016-08-22 16:05:26,854 : DEBUG : Events : BallController._initialize (priority: 1) responding to event 'machine_reset_phase_2' with args {}
2016-08-22 16:05:26,854 : DEBUG : Events : vvvv Finished event 'machine_reset_phase_2'. Type: None. Callback: None. Args: {}
2016-08-22 16:05:26,854 : DEBUG : Events : ^^^^ Posted event 'machine_reset_phase_3'. Type: None, Callback: None, Args: {}
2016-08-22 16:05:26,854 : DEBUG : Events : ============== EVENTS QUEUE =============
2016-08-22 16:05:26,854 : DEBUG : Events : machine_reset_phase_3, None, None, {}
2016-08-22 16:05:26,854 : DEBUG : Events : =========================================
2016-08-22 16:05:26,854 : DEBUG : Events : ^^^^ Processing event 'machine_reset_phase_3'. Type: None, Callback: None, Args: {}
2016-08-22 16:05:26,855 : DEBUG : Events : SwitchController.log_active_switches (priority: 1) responding to event 'machine_reset_phase_3' with args {}
2016-08-22 16:05:26,855 : DEBUG : Events : DeviceManager._control_event_handler (priority: 0) responding to event 'machine_reset_phase_3' with args {'callback': <bound method Flipper.enable of <flipper.right_flipper>>, 'ms_delay': 0, 'delay_mgr': <mpf.core.delays.DelayManager object at 0x101b916a0>}
2016-08-22 16:05:26,855 : DEBUG : DeviceManager : _control_event_handler: mode: None, callback: <bound method Flipper.enable of <flipper.right_flipper>>,
2016-08-22 16:05:26,855 : DEBUG : flipper.right_flipper : Enabling flipper with config: {'tags': [], 'disable_events': {'ball_ending': 0}, 'enable_events': {'machine_reset_phase_3': 0}, 'activation_switch': <switch.s_right_flipper>, 'main_coil_overwrite': {'pwm_off_ms': None, 'pulse_power32': None, 'pulse_pwm_mask': None, 'pulse_ms': None, 'recycle': None, 'pwm_on_ms': None, 'hold_power': None, 'recycle_ms': None, 'hold_power32': None, 'hold_pwm_mask': None, 'pulse_power': None}, 'eos_switch_overwrite': {'debounce': 'quick'}, 'debug': False, 'main_coil': <coil.c_flipper_right_main>, 'label': '%', 'eos_switch': None, 'hold_coil_overwrite': {'pwm_off_ms': None, 'pulse_power32': None, 'pulse_pwm_mask': None, 'pulse_ms': None, 'recycle': None, 'pwm_on_ms': None, 'hold_power': None, 'recycle_ms': None, 'hold_power32': None, 'hold_pwm_mask': None, 'pulse_power': None}, 'use_eos': False, 'hold_coil': <coil.c_flipper_right_hold>, 'switch_overwrite': {'debounce': 'quick'}}
2016-08-22 16:05:26,855 : DEBUG : flipper.right_flipper : Enabling main coil pulse rule
2016-08-22 16:05:26,855 : DEBUG : flipper.right_flipper : Enabling hold coil rule
2016-08-22 16:05:26,855 : DEBUG : Events : DeviceManager._control_event_handler (priority: 0) responding to event 'machine_reset_phase_3' with args {'callback': <bound method Flipper.enable of <flipper.left_flipper>>, 'ms_delay': 0, 'delay_mgr': <mpf.core.delays.DelayManager object at 0x101b916a0>}
2016-08-22 16:05:26,855 : DEBUG : DeviceManager : _control_event_handler: mode: None, callback: <bound method Flipper.enable of <flipper.left_flipper>>,
2016-08-22 16:05:26,855 : DEBUG : flipper.left_flipper : Enabling flipper with config: {'tags': [], 'disable_events': {'ball_ending': 0}, 'enable_events': {'machine_reset_phase_3': 0}, 'activation_switch': <switch.s_left_flipper>, 'main_coil_overwrite': {'pwm_off_ms': None, 'pulse_power32': None, 'pulse_pwm_mask': None, 'pulse_ms': None, 'recycle': None, 'pwm_on_ms': None, 'hold_power': None, 'recycle_ms': None, 'hold_power32': None, 'hold_pwm_mask': None, 'pulse_power': None}, 'eos_switch_overwrite': {'debounce': 'quick'}, 'debug': False, 'main_coil': <coil.c_flipper_left_main>, 'label': '%', 'eos_switch': None, 'hold_coil_overwrite': {'pwm_off_ms': None, 'pulse_power32': None, 'pulse_pwm_mask': None, 'pulse_ms': None, 'recycle': None, 'pwm_on_ms': None, 'hold_power': None, 'recycle_ms': None, 'hold_power32': None, 'hold_pwm_mask': None, 'pulse_power': None}, 'use_eos': False, 'hold_coil': <coil.c_flipper_left_hold>, 'switch_overwrite': {'debounce': 'quick'}}
2016-08-22 16:05:26,855 : DEBUG : flipper.left_flipper : Enabling main coil pulse rule
2016-08-22 16:05:26,855 : DEBUG : flipper.left_flipper : Enabling hold coil rule
2016-08-22 16:05:26,855 : DEBUG : Events : vvvv Finished event 'machine_reset_phase_3'. Type: None. Callback: None. Args: {}
2016-08-22 16:05:26,855 : DEBUG : Machine : Reset Complete
2016-08-22 16:05:26,855 : DEBUG : Machine : Reset Complete
2016-08-22 16:05:26,856 : DEBUG : Events : ^^^^ Posted event 'reset_complete'. Type: None, Callback: None, Args: {}
2016-08-22 16:05:26,856 : DEBUG : Events : ============== EVENTS QUEUE =============
2016-08-22 16:05:26,856 : DEBUG : Events : reset_complete, None, None, {}
2016-08-22 16:05:26,856 : DEBUG : Events : =========================================
2016-08-22 16:05:26,856 : DEBUG : Machine : Starting the main run loop.
2016-08-22 16:05:26,856 : DEBUG : Events : ^^^^ Processing event 'reset_complete'. Type: None, Callback: None, Args: {}
2016-08-22 16:05:26,856 : DEBUG : Events : Mode.start (priority: 10) responding to event 'reset_complete' with args {}
2016-08-22 16:05:26,856 : DEBUG : Mode.attract : Received request to start
2016-08-22 16:05:26,856 : INFO : Mode.attract : Mode Starting. Priority: 10
2016-08-22 16:05:26,856 : DEBUG : Mode.attract : Registering mode_stop handlers
2016-08-22 16:05:26,856 : DEBUG : Events : Registered Mode.stop as a handler for 'game_start', priority: 11, kwargs: {'mode': <Mode.attract>}
2016-08-22 16:05:26,856 : DEBUG : Mode.attract : Calling mode_start handlers
2016-08-22 16:05:26,856 : DEBUG : Mode.attract : Scanning mode-based config for device control_events
2016-08-22 16:05:26,856 : DEBUG : Events : ^^^^ Posted event 'mode_attract_starting'. Type: queue, Callback: <bound method Mode._started of <Mode.attract>>, Args: {}
2016-08-22 16:05:26,856 : DEBUG : Events : ============== EVENTS QUEUE =============
2016-08-22 16:05:26,856 : DEBUG : Events : mode_attract_starting, queue, <bound method Mode._started of <Mode.attract>>, {}
2016-08-22 16:05:26,856 : DEBUG : Events : =========================================
2016-08-22 16:05:26,856 : DEBUG : Events : vvvv Finished event 'reset_complete'. Type: None. Callback: None. Args: {}
2016-08-22 16:05:26,857 : DEBUG : Events : ^^^^ Processing event 'mode_attract_starting'. Type: queue, Callback: <bound method Mode._started of <Mode.attract>>, Args: {}
2016-08-22 16:05:26,857 : DEBUG : Events : vvvv Finished event 'mode_attract_starting'. Type: queue. Callback: <bound method Mode._started of <Mode.attract>>. Args: {}
2016-08-22 16:05:26,857 : DEBUG : Mode.attract : Mode Started. Priority: 10
2016-08-22 16:05:26,857 : DEBUG : Mode Controller : +=========== ACTIVE MODES ============+
2016-08-22 16:05:26,857 : DEBUG : Mode Controller : | attract : 10                        |
2016-08-22 16:05:26,857 : DEBUG : Mode Controller : +-------------------------------------+
2016-08-22 16:05:26,857 : DEBUG : Events : ^^^^ Posted event 'mode_attract_started'. Type: None, Callback: <bound method Mode._mode_started_callback of <Mode.attract>>, Args: {}
2016-08-22 16:05:26,857 : DEBUG : Events : ============== EVENTS QUEUE =============
2016-08-22 16:05:26,857 : DEBUG : Events : mode_attract_started, None, <bound method Mode._mode_started_callback of <Mode.attract>>, {}
2016-08-22 16:05:26,857 : DEBUG : Events : =========================================
2016-08-22 16:05:26,857 : DEBUG : Events : ^^^^ Processing event 'mode_attract_started'. Type: None, Callback: <bound method Mode._mode_started_callback of <Mode.attract>>, Args: {}
2016-08-22 16:05:26,857 : DEBUG : Events : BCP.bcp_trigger (priority: 1) responding to event 'mode_attract_started' with args {'name': 'mode_attract_started'}
2016-08-22 16:05:26,857 : DEBUG : Events : vvvv Finished event 'mode_attract_started'. Type: None. Callback: <bound method Mode._mode_started_callback of <Mode.attract>>. Args: {}
2016-08-22 16:05:26,857 : DEBUG : BallController : Collecting all balls to devices with tags '['home', 'trough']'
2016-08-22 16:05:26,857 : DEBUG : BallController : Ejecting all balls from: set()
2016-08-22 16:05:26,857 : DEBUG : BallController : All balls are collected
2016-08-22 16:05:26,857 : DEBUG : Events : ^^^^ Posted event 'collecting_balls_complete'. Type: None, Callback: None, Args: {}
2016-08-22 16:05:26,857 : DEBUG : Events : ============== EVENTS QUEUE =============
2016-08-22 16:05:26,858 : DEBUG : Events : collecting_balls_complete, None, None, {}
2016-08-22 16:05:26,858 : DEBUG : Events : =========================================
2016-08-22 16:05:26,858 : DEBUG : Events : ^^^^ Posted event 'enable_volume_keys'. Type: None, Callback: None, Args: {}
2016-08-22 16:05:26,858 : DEBUG : Events : ============== EVENTS QUEUE =============
2016-08-22 16:05:26,858 : DEBUG : Events : collecting_balls_complete, None, None, {}
2016-08-22 16:05:26,858 : DEBUG : Events : enable_volume_keys, None, None, {}
2016-08-22 16:05:26,858 : DEBUG : Events : =========================================
2016-08-22 16:05:26,858 : DEBUG : Mode.attract : Mode Start process complete.
2016-08-22 16:05:26,858 : DEBUG : Events : ^^^^ Processing event 'collecting_balls_complete'. Type: None, Callback: None, Args: {}
2016-08-22 16:05:26,858 : DEBUG : Events : vvvv Finished event 'collecting_balls_complete'. Type: None. Callback: None. Args: {}
2016-08-22 16:05:26,858 : DEBUG : Events : ^^^^ Processing event 'enable_volume_keys'. Type: None, Callback: None, Args: {}
2016-08-22 16:05:26,858 : DEBUG : Events : BCP.enable_volume_keys (priority: 1) responding to event 'enable_volume_keys' with args {}
2016-08-22 16:05:26,858 : DEBUG : Events : vvvv Finished event 'enable_volume_keys'. Type: None. Callback: None. Args: {}
2016-08-22 16:07:56,764 : INFO : Machine : Shutting down...
2016-08-22 16:07:56,764 : DEBUG : Events : ^^^^ Posted event 'shutdown'. Type: None, Callback: None, Args: {}
2016-08-22 16:07:56,764 : DEBUG : Events : ============== EVENTS QUEUE =============
2016-08-22 16:07:56,764 : DEBUG : Events : shutdown, None, None, {}
2016-08-22 16:07:56,764 : DEBUG : Events : =========================================
2016-08-22 16:07:56,764 : DEBUG : Events : ^^^^ Processing event 'shutdown'. Type: None, Callback: None, Args: {}
2016-08-22 16:07:56,764 : DEBUG : Events : MachineController.power_off (priority: 1) responding to event 'shutdown' with args {}
2016-08-22 16:07:56,765 : DEBUG : Events : vvvv Finished event 'shutdown'. Type: None. Callback: None. Args: {}
2016-08-22 16:07:56,765 : INFO : Machine : Actual MPF loop rate: 30.79 Hz
2016-08-22 16:07:56,765 : INFO : root : MPF run loop ended.
