2016-08-22 17:37:26,966 : INFO : Machine : Mission Pinball Framework Core Engine v0.30.26
2016-08-22 17:37:26,966 : DEBUG : Machine : Command line arguments: {'create_config_cache': True, 'consoleloglevel': 20, 'force_platform': 'virtual', 'configfile': ['config'], 'bcp': True, 'loglevel': 10, 'mpfconfigfile': '/Applications/MPF.app/Contents/Frameworks/python/3.5.0/lib/python3.5/site-packages/mpf/mpfconfig.yaml', 'no_load_cache': False, 'logfile': 'logs/2016-08-22-17-37-26-mpf-Jeremys-MacBook-Pro.local.log', 'pause': False}
2016-08-22 17:37:26,966 : DEBUG : Machine : MPF path: /Applications/MPF.app/Contents/Frameworks/python/3.5.0/lib/python3.5/site-packages/mpf
2016-08-22 17:37:26,966 : INFO : Machine : Machine path: /Users/jackbot/pinball/taxi
2016-08-22 17:37:26,966 : DEBUG : Machine : Command line arguments: {'create_config_cache': True, 'consoleloglevel': 20, 'force_platform': 'virtual', 'configfile': ['config'], 'bcp': True, 'loglevel': 10, 'mpfconfigfile': '/Applications/MPF.app/Contents/Frameworks/python/3.5.0/lib/python3.5/site-packages/mpf/mpfconfig.yaml', 'no_load_cache': False, 'logfile': 'logs/2016-08-22-17-37-26-mpf-Jeremys-MacBook-Pro.local.log', 'pause': False}
2016-08-22 17:37:26,966 : DEBUG : Machine : Python version: 3.5.0
2016-08-22 17:37:26,967 : DEBUG : Machine : Platform: darwin
2016-08-22 17:37:26,967 : DEBUG : Machine : Python executable location: /Applications/MPF.app/Contents/Resources/python
2016-08-22 17:37:26,967 : DEBUG : Machine : 32-bit Python? False
2016-08-22 17:37:26,967 : DEBUG : Machine : Machine path: /Users/jackbot/pinball/taxi
2016-08-22 17:37:27,154 : INFO : Machine : Loading config from original files
2016-08-22 17:37:27,154 : DEBUG : YAML File Interface : Loading file: /Applications/MPF.app/Contents/Frameworks/python/3.5.0/lib/python3.5/site-packages/mpf/mpfconfig.yaml
2016-08-22 17:37:27,199 : INFO : Machine : Machine config file #1: /Users/jackbot/pinball/taxi/config/config
2016-08-22 17:37:27,200 : DEBUG : YAML File Interface : Loading file: /Users/jackbot/pinball/taxi/config/config.yaml
2016-08-22 17:37:27,231 : INFO : Machine : Config file cache created: /var/folders/w9/n57l794j2w1bqgd7vztrzgg00000gn/T/6c3af7dff5de8b7b1196672fc5f1a1c6config
2016-08-22 17:37:27,231 : DEBUG : Clock : Starting clock (maximum frames per second=30.0)
2016-08-22 17:37:27,231 : INFO : Machine : Starting clock at 30.0Hz
2016-08-22 17:37:27,231 : DEBUG : Clock : Scheduled a recurring clock callback (callback=<bound method MachineController._check_crash_queue of <mpf.core.machine.MachineController object at 0x1053cd9b0>>, timeout=1, priority=1)
2016-08-22 17:37:27,234 : DEBUG : Virtual Platform : Configuring virtual hardware interface.
2016-08-22 17:37:27,234 : DEBUG : Machine : Setting default platform to 'virtual'
2016-08-22 17:37:27,234 : DEBUG : Machine : Loading core modules...
2016-08-22 17:37:27,234 : DEBUG : Machine : Loading 'mpf.core.events.EventManager' core module
2016-08-22 17:37:27,234 : DEBUG : Machine : Loading 'mpf.core.mode_controller.ModeController' core module
2016-08-22 17:37:27,235 : DEBUG : Events : Registered ModeController._load_modes as a handler for 'init_phase_2', priority: 1, kwargs: {}
2016-08-22 17:37:27,235 : DEBUG : Events : Registered ModeController._ball_ending as a handler for 'ball_ending', priority: 0, kwargs: {}
2016-08-22 17:37:27,236 : DEBUG : Events : Registered ModeController._ball_starting as a handler for 'ball_starting', priority: 0, kwargs: {}
2016-08-22 17:37:27,236 : DEBUG : Events : Registered ModeController._player_added as a handler for 'player_add_success', priority: 0, kwargs: {}
2016-08-22 17:37:27,236 : DEBUG : Events : Registered ModeController._player_turn_start as a handler for 'player_turn_start', priority: 1000000, kwargs: {}
2016-08-22 17:37:27,236 : DEBUG : Events : Registered ModeController._player_turn_stop as a handler for 'player_turn_stop', priority: 1000000, kwargs: {}
2016-08-22 17:37:27,236 : DEBUG : Machine : Loading 'mpf.core.config_processor.ConfigProcessor' core module
2016-08-22 17:37:27,236 : DEBUG : Machine : Loading 'mpf.core.shot_profile_manager.ShotProfileManager' core module
2016-08-22 17:37:27,236 : DEBUG : ShotProfileManager : Registering Shot Profile: 'default'
2016-08-22 17:37:27,236 : DEBUG : ShotProfileManager : Processed 'default' profile configuration: {'states': [{'sync_ms': 0, 'loops': -1, 'speed': 1.0, 'priority': 0, 'key': None, 'show': 'off', 'start_step': 1, 'action': 'play', 'name': 'unlit', 'reset': True, 'manual_advance': False, 'show_tokens': {}}, {'sync_ms': 0, 'loops': -1, 'speed': 1.0, 'priority': 0, 'key': None, 'show': 'on', 'start_step': 1, 'action': 'play', 'name': 'lit', 'reset': True, 'manual_advance': False, 'show_tokens': {}}], 'rotation_pattern': deque(['right']), 'advance_on_hit': True, 'state_names_to_rotate': [], 'state_names_to_not_rotate': [], 'loop': False, 'show_when_disabled': False, 'show': None, 'player_variable': '%_default', 'block': True}
2016-08-22 17:37:27,237 : DEBUG : Mode Controller : Registering <bound method ShotProfileManager.mode_start_for_shots of <mpf.core.shot_profile_manager.ShotProfileManager object at 0x10541b2b0>> as a mode start method. Config section: shots, priority: 0, kwargs: {}
2016-08-22 17:37:27,237 : DEBUG : Mode Controller : Registering <bound method ShotProfileManager.mode_start_for_shot_groups of <mpf.core.shot_profile_manager.ShotProfileManager object at 0x10541b2b0>> as a mode start method. Config section: shot_groups, priority: 0, kwargs: {}
2016-08-22 17:37:27,237 : DEBUG : Events : Registered ShotProfileManager._player_turn_start as a handler for 'player_turn_start', priority: 1000000, kwargs: {}
2016-08-22 17:37:27,237 : DEBUG : Events : Registered ShotProfileManager._player_turn_stop as a handler for 'player_turn_stop', priority: 0, kwargs: {}
2016-08-22 17:37:27,237 : DEBUG : Machine : Loading 'mpf.core.device_manager.DeviceManager' core module
2016-08-22 17:37:27,237 : DEBUG : Events : Registered DeviceManager._load_device_modules as a handler for 'init_phase_1', priority: 1, kwargs: {}
2016-08-22 17:37:27,237 : DEBUG : Events : Registered DeviceManager.create_machinewide_device_control_events as a handler for 'init_phase_2', priority: 1, kwargs: {}
2016-08-22 17:37:27,237 : DEBUG : Events : Registered DeviceManager.create_collection_control_events as a handler for 'init_phase_2', priority: 1, kwargs: {}
2016-08-22 17:37:27,237 : DEBUG : Machine : Loading 'mpf.core.switch_controller.SwitchController' core module
2016-08-22 17:37:27,237 : DEBUG : Clock : Scheduled a recurring clock callback (callback=<bound method SwitchController._tick of <mpf.core.switch_controller.SwitchController object at 0x1054374e0>>, timeout=0, priority=1000)
2016-08-22 17:37:27,237 : DEBUG : Events : Registered SwitchController._initialize_switches as a handler for 'init_phase_2', priority: 1000, kwargs: {}
2016-08-22 17:37:27,238 : DEBUG : Events : Registered SwitchController.log_active_switches as a handler for 'machine_reset_phase_3', priority: 1, kwargs: {}
2016-08-22 17:37:27,238 : DEBUG : Machine : Loading 'mpf.core.ball_controller.BallController' core module
2016-08-22 17:37:27,238 : DEBUG : BallController : Loading the BallController
2016-08-22 17:37:27,238 : DEBUG : Events : Registered BallController.request_to_start_game as a handler for 'request_to_start_game', priority: 1, kwargs: {}
2016-08-22 17:37:27,238 : DEBUG : Events : Registered BallController._initialize as a handler for 'machine_reset_phase_2', priority: 1, kwargs: {}
2016-08-22 17:37:27,238 : DEBUG : Events : Registered BallController._init2 as a handler for 'init_phase_2', priority: 1, kwargs: {}
2016-08-22 17:37:27,238 : DEBUG : Machine : Loading 'mpf.core.assets.AssetManager' core module
2016-08-22 17:37:27,239 : DEBUG : AssetManager : Initializing...
2016-08-22 17:37:27,239 : DEBUG : Mode Controller : Registering <bound method AssetManager._load_mode_assets of <mpf.core.assets.AssetManager object at 0x105437f60>> as a mode start method. Config section: None, priority: 0, kwargs: {}
2016-08-22 17:37:27,239 : DEBUG : Events : Registered AssetManager._create_assets as a handler for 'init_phase_3', priority: 1, kwargs: {}
2016-08-22 17:37:27,239 : DEBUG : Events : Registered AssetManager._bcp_client_asset_load as a handler for 'assets_to_load', priority: 1, kwargs: {}
2016-08-22 17:37:27,239 : DEBUG : Machine : Loading 'mpf.core.show_controller.ShowController' core module
2016-08-22 17:37:27,240 : DEBUG : Clock : Scheduled a recurring clock callback (callback=<bound method ShowController._tick of <mpf.core.show_controller.ShowController object at 0x10540ba90>>, timeout=0, priority=1)
2016-08-22 17:37:27,240 : DEBUG : Events : Registered ShowController._initialize as a handler for 'init_phase_3', priority: 1, kwargs: {}
2016-08-22 17:37:27,240 : DEBUG : Machine : Loading 'mpf.core.bcp.BCP' core module
2016-08-22 17:37:27,241 : DEBUG : Events : Registered BCP.bcp_trigger as a handler for 'ball_started', priority: 1, kwargs: {'name': 'ball_started'}
2016-08-22 17:37:27,241 : DEBUG : Events : Registered BCP.bcp_trigger as a handler for 'ball_ended', priority: 1, kwargs: {'name': 'ball_ended'}
2016-08-22 17:37:27,241 : DEBUG : Events : Registered BCP.bcp_trigger as a handler for 'player_add_success', priority: 1, kwargs: {'name': 'player_add_success'}
2016-08-22 17:37:27,241 : DEBUG : Events : Registered BCP._bcp_event_callback as a handler for 'player_turn_start', priority: 1, kwargs: {'params': {'player_num': '%number'}, 'command': 'player_turn_start'}
2016-08-22 17:37:27,241 : DEBUG : Events : Registered BCP._bcp_event_callback as a handler for 'clear', priority: 1, kwargs: {'params': {'name': 'clear', 'key': '%key'}, 'command': 'trigger'}
2016-08-22 17:37:27,241 : DEBUG : Events : Registered BCP.bcp_trigger as a handler for 'player_score', priority: 1, kwargs: {'name': 'player_score'}
2016-08-22 17:37:27,241 : DEBUG : Events : Registered BCP._setup_dmds as a handler for 'init_phase_1', priority: 1, kwargs: {}
2016-08-22 17:37:27,241 : DEBUG : Events : Registered BCP._setup_bcp_connections as a handler for 'init_done', priority: 1, kwargs: {}
2016-08-22 17:37:27,241 : DEBUG : Clock : Scheduled a recurring clock callback (callback=<bound method BCP.get_bcp_messages of <BCP Module>>, timeout=0, priority=1)
2016-08-22 17:37:27,241 : DEBUG : Events : Registered BCP.bcp_player_added as a handler for 'player_add_success', priority: 1, kwargs: {}
2016-08-22 17:37:27,242 : DEBUG : Events : Registered BCP.bcp_reset as a handler for 'machine_reset_phase_1', priority: 1, kwargs: {}
2016-08-22 17:37:27,242 : DEBUG : Events : Registered BCP.increase_volume as a handler for 'increase_volume', priority: 1, kwargs: {}
2016-08-22 17:37:27,242 : DEBUG : Events : Registered BCP.decrease_volume as a handler for 'decrease_volume', priority: 1, kwargs: {}
2016-08-22 17:37:27,242 : DEBUG : Events : Registered BCP.enable_volume_keys as a handler for 'enable_volume_keys', priority: 1, kwargs: {}
2016-08-22 17:37:27,242 : DEBUG : Events : Registered BCP.disable_volume_keys as a handler for 'disable_volume_keys', priority: 1, kwargs: {}
2016-08-22 17:37:27,242 : DEBUG : Events : Registered BCP.get_led_coordinates as a handler for 'bcp_get_led_coordinates', priority: 1, kwargs: {}
2016-08-22 17:37:27,242 : DEBUG : Mode Controller : Registering <bound method BCP.bcp_mode_start of <BCP Module>> as a mode start method. Config section: mode, priority: 0, kwargs: {}
2016-08-22 17:37:27,242 : DEBUG : Machine : Loading 'mpf.core.logic_blocks.LogicBlocks' core module
2016-08-22 17:37:27,245 : DEBUG : Mode Controller : Registering <bound method LogicBlocks._process_config of <mpf.core.logic_blocks.LogicBlocks object at 0x105420550>> as a mode start method. Config section: logic_blocks, priority: 0, kwargs: {}
2016-08-22 17:37:27,245 : DEBUG : Events : Registered LogicBlocks._create_player_logic_blocks as a handler for 'player_add_success', priority: 1, kwargs: {}
2016-08-22 17:37:27,245 : DEBUG : Events : Registered LogicBlocks.player_turn_start as a handler for 'player_turn_start', priority: 1, kwargs: {}
2016-08-22 17:37:27,245 : DEBUG : Events : Registered LogicBlocks.player_turn_stop as a handler for 'player_turn_stop', priority: 1, kwargs: {}
2016-08-22 17:37:27,245 : DEBUG : Machine : Loading 'mpf.core.scoring.ScoreController' core module
2016-08-22 17:37:27,245 : DEBUG : Score : Loading the Score Controller
2016-08-22 17:37:27,246 : DEBUG : Mode Controller : Registering <bound method ScoreController.mode_start of <mpf.core.scoring.ScoreController object at 0x1054296a0>> as a mode start method. Config section: scoring, priority: 0, kwargs: {}
2016-08-22 17:37:27,246 : DEBUG : Events : Registered ConfigPlayer._initialize as a handler for 'init_phase_1', priority: 1, kwargs: {}
2016-08-22 17:37:27,246 : DEBUG : Events : Registered ConfigPlayer._initialize as a handler for 'init_phase_1', priority: 1, kwargs: {}
2016-08-22 17:37:27,247 : DEBUG : Events : Registered ConfigPlayer._initialize as a handler for 'init_phase_1', priority: 1, kwargs: {}
2016-08-22 17:37:27,247 : DEBUG : Events : Registered ConfigPlayer._initialize as a handler for 'init_phase_1', priority: 1, kwargs: {}
2016-08-22 17:37:27,247 : DEBUG : Events : Registered ConfigPlayer._initialize as a handler for 'init_phase_1', priority: 1, kwargs: {}
2016-08-22 17:37:27,247 : DEBUG : Events : Registered ConfigPlayer._initialize as a handler for 'init_phase_1', priority: 1, kwargs: {}
2016-08-22 17:37:27,248 : DEBUG : Events : Registered ConfigPlayer._initialize as a handler for 'init_phase_1', priority: 1, kwargs: {}
2016-08-22 17:37:27,248 : DEBUG : Events : Registered ConfigPlayer._initialize as a handler for 'init_phase_1', priority: 1, kwargs: {}
2016-08-22 17:37:27,248 : DEBUG : Events : Registered ConfigPlayer._initialize as a handler for 'init_phase_1', priority: 1, kwargs: {}
2016-08-22 17:37:27,248 : DEBUG : Machine : Registering Plugin Config Players
2016-08-22 17:37:27,248 : DEBUG : Machine : Registering widget_player = mpfmc.config_players.widget_player:register_with_mpf
2016-08-22 17:37:27,250 : DEBUG : Events : Registered ConfigPlayer._initialize as a handler for 'init_phase_1', priority: 1, kwargs: {}
2016-08-22 17:37:27,250 : DEBUG : Machine : Registering slide_player = mpfmc.config_players.slide_player:register_with_mpf
2016-08-22 17:37:27,251 : DEBUG : Events : Registered ConfigPlayer._initialize as a handler for 'init_phase_1', priority: 1, kwargs: {}
2016-08-22 17:37:27,251 : DEBUG : Machine : Registering sound_player = mpfmc.config_players.sound_player:register_with_mpf
2016-08-22 17:37:27,252 : DEBUG : Events : Registered ConfigPlayer._initialize as a handler for 'init_phase_1', priority: 1, kwargs: {}
2016-08-22 17:37:27,252 : DEBUG : Events : Registered MachineController.power_off as a handler for 'shutdown', priority: 1, kwargs: {}
2016-08-22 17:37:27,252 : DEBUG : Events : Registered MachineController.power_off as a handler for 'sw_shutdown', priority: 1, kwargs: {}
2016-08-22 17:37:27,252 : DEBUG : Events : Registered MachineController.stop as a handler for 'quit', priority: 1, kwargs: {}
2016-08-22 17:37:27,252 : DEBUG : Events : Registered MachineController.stop as a handler for 'sw_quit', priority: 1, kwargs: {}
2016-08-22 17:37:27,253 : DEBUG : DataInterface : Loading machine_vars from /Users/jackbot/pinball/taxi/data/machine_vars.yaml
2016-08-22 17:37:27,253 : DEBUG : DataInterface : Didn't find the machine_vars file. No prob. We'll create it when we save.
2016-08-22 17:37:27,253 : DEBUG : Events : ^^^^ Posted event 'init_phase_1'. Type: None, Callback: None, Args: {}
2016-08-22 17:37:27,253 : DEBUG : Events : ============== EVENTS QUEUE =============
2016-08-22 17:37:27,253 : DEBUG : Events : init_phase_1, None, None, {}
2016-08-22 17:37:27,253 : DEBUG : Events : =========================================
2016-08-22 17:37:27,253 : DEBUG : Events : ^^^^ Processing event 'init_phase_1'. Type: None, Callback: None, Args: {}
2016-08-22 17:37:27,253 : DEBUG : Events : DeviceManager._load_device_modules (priority: 1) responding to event 'init_phase_1' with args {}
2016-08-22 17:37:27,253 : DEBUG : DeviceManager : Loading devices...
2016-08-22 17:37:27,257 : DEBUG : Events : Registered BallSearch.request_to_start_game as a handler for 'request_to_start_game', priority: 1, kwargs: {}
2016-08-22 17:37:27,284 : DEBUG : ball_device.bd_trough : Enabling debug logging
2016-08-22 17:37:27,284 : DEBUG : ball_device.bd_trough : Configuring device with settings: '{'exit_count_delay': 500, 'request_ball_events': [], 'label': '%', 'auto_fire_on_unexpected_ball': True, 'hold_coil_release_time': 1000, 'eject_targets': [<ball_device.bd_plunger>], 'mechanical_eject': False, 'hold_events': {}, 'eject_coil_retry_pulse': None, 'eject_coil_jam_pulse': None, 'eject_all_events': {}, 'confirm_eject_type': 'target', 'entrance_count_delay': 300, 'tags': ['trough', 'home', 'drain'], 'max_eject_attempts': 0, 'jam_switch': None, 'eject_timeouts': [], 'ball_missing_timeouts': [], 'entrance_events': {}, 'eject_events': {}, 'ball_capacity': None, 'player_controlled_eject_event': None, 'debug': True, 'ball_missing_target': <playfield.playfield>, 'eject_coil': <coil.c_trough_eject>, 'hold_switches': [], 'ball_search_order': 100, 'entrance_switch': None, 'confirm_eject_event': None, 'hold_coil': None, 'target_on_unexpected_ball': None, 'ball_switches': [<switch.s_trough1>, <switch.s_trough2>, <switch.s_trough3>, <switch.s_trough4>, <switch.s_trough5>, <switch.s_trough6>, <switch.s_trough_jam>], 'entrance_switch_full_timeout': 0, 'confirm_eject_switch': None, 'captures_from': <playfield.playfield>}'
2016-08-22 17:37:27,284 : DEBUG : ball_device.bd_plunger : Enabling debug logging
2016-08-22 17:37:27,284 : DEBUG : ball_device.bd_plunger : Configuring device with settings: '{'exit_count_delay': 500, 'request_ball_events': [], 'label': '%', 'auto_fire_on_unexpected_ball': True, 'hold_coil_release_time': 1000, 'eject_targets': [<playfield.playfield>], 'mechanical_eject': True, 'hold_events': {}, 'eject_coil_retry_pulse': None, 'eject_coil_jam_pulse': None, 'eject_all_events': {}, 'confirm_eject_type': 'target', 'entrance_count_delay': 500, 'tags': ['ball_add_live'], 'max_eject_attempts': 0, 'jam_switch': None, 'eject_timeouts': [3000], 'ball_missing_timeouts': [], 'entrance_events': {}, 'eject_events': {}, 'ball_capacity': None, 'player_controlled_eject_event': 'sw_launch', 'debug': True, 'ball_missing_target': <playfield.playfield>, 'eject_coil': <coil.c_plunger_eject>, 'hold_switches': [], 'ball_search_order': 100, 'entrance_switch': None, 'confirm_eject_event': None, 'hold_coil': None, 'target_on_unexpected_ball': None, 'ball_switches': [<switch.s_plunger_lane>], 'entrance_switch_full_timeout': 0, 'confirm_eject_switch': None, 'captures_from': <playfield.playfield>}'
2016-08-22 17:37:27,285 : DEBUG : SwitchController : Registering switch handler: s_trough1, <bound method BallDevice._switch_changed of <ball_device.bd_trough>>, state: 1, ms: 300, info: False, cb_kwargs: {}
2016-08-22 17:37:27,285 : DEBUG : SwitchController : Registering switch handler: s_trough2, <bound method BallDevice._switch_changed of <ball_device.bd_trough>>, state: 1, ms: 300, info: False, cb_kwargs: {}
2016-08-22 17:37:27,285 : DEBUG : SwitchController : Registering switch handler: s_trough3, <bound method BallDevice._switch_changed of <ball_device.bd_trough>>, state: 1, ms: 300, info: False, cb_kwargs: {}
2016-08-22 17:37:27,285 : DEBUG : SwitchController : Registering switch handler: s_trough4, <bound method BallDevice._switch_changed of <ball_device.bd_trough>>, state: 1, ms: 300, info: False, cb_kwargs: {}
2016-08-22 17:37:27,285 : DEBUG : SwitchController : Registering switch handler: s_trough5, <bound method BallDevice._switch_changed of <ball_device.bd_trough>>, state: 1, ms: 300, info: False, cb_kwargs: {}
2016-08-22 17:37:27,285 : DEBUG : SwitchController : Registering switch handler: s_trough6, <bound method BallDevice._switch_changed of <ball_device.bd_trough>>, state: 1, ms: 300, info: False, cb_kwargs: {}
2016-08-22 17:37:27,285 : DEBUG : SwitchController : Registering switch handler: s_trough_jam, <bound method BallDevice._switch_changed of <ball_device.bd_trough>>, state: 1, ms: 300, info: False, cb_kwargs: {}
2016-08-22 17:37:27,285 : DEBUG : SwitchController : Registering switch handler: s_trough1, <bound method BallDevice._switch_changed of <ball_device.bd_trough>>, state: 0, ms: 500, info: False, cb_kwargs: {}
2016-08-22 17:37:27,285 : DEBUG : SwitchController : Registering switch handler: s_trough2, <bound method BallDevice._switch_changed of <ball_device.bd_trough>>, state: 0, ms: 500, info: False, cb_kwargs: {}
2016-08-22 17:37:27,285 : DEBUG : SwitchController : Registering switch handler: s_trough3, <bound method BallDevice._switch_changed of <ball_device.bd_trough>>, state: 0, ms: 500, info: False, cb_kwargs: {}
2016-08-22 17:37:27,286 : DEBUG : SwitchController : Registering switch handler: s_trough4, <bound method BallDevice._switch_changed of <ball_device.bd_trough>>, state: 0, ms: 500, info: False, cb_kwargs: {}
2016-08-22 17:37:27,286 : DEBUG : SwitchController : Registering switch handler: s_trough5, <bound method BallDevice._switch_changed of <ball_device.bd_trough>>, state: 0, ms: 500, info: False, cb_kwargs: {}
2016-08-22 17:37:27,286 : DEBUG : SwitchController : Registering switch handler: s_trough6, <bound method BallDevice._switch_changed of <ball_device.bd_trough>>, state: 0, ms: 500, info: False, cb_kwargs: {}
2016-08-22 17:37:27,286 : DEBUG : SwitchController : Registering switch handler: s_trough_jam, <bound method BallDevice._switch_changed of <ball_device.bd_trough>>, state: 0, ms: 500, info: False, cb_kwargs: {}
2016-08-22 17:37:27,286 : DEBUG : Events : Registered BallDevice._target_ready as a handler for 'balldevice_bd_plunger_ok_to_receive', priority: 1, kwargs: {'target': <ball_device.bd_plunger>}
2016-08-22 17:37:27,286 : DEBUG : Events : Registered BallDevice._initialize_phase_4 as a handler for 'init_phase_4', priority: 1, kwargs: {}
2016-08-22 17:37:27,286 : DEBUG : SwitchController : Registering switch handler: s_plunger_lane, <bound method BallDevice._switch_changed of <ball_device.bd_plunger>>, state: 1, ms: 500, info: False, cb_kwargs: {}
2016-08-22 17:37:27,286 : DEBUG : SwitchController : Registering switch handler: s_plunger_lane, <bound method BallDevice._switch_changed of <ball_device.bd_plunger>>, state: 0, ms: 500, info: False, cb_kwargs: {}
2016-08-22 17:37:27,286 : DEBUG : Events : Registered BallDevice._target_ready as a handler for 'balldevice_playfield_ok_to_receive', priority: 1, kwargs: {'target': <playfield.playfield>}
2016-08-22 17:37:27,286 : DEBUG : ball_device.bd_plunger : EVENT: bd_trough to bd_plunger
2016-08-22 17:37:27,286 : DEBUG : Events : Registered BallDevice._source_device_eject_failed as a handler for 'balldevice_bd_trough_ball_eject_failed', priority: 1, kwargs: {}
2016-08-22 17:37:27,286 : DEBUG : Events : Registered BallDevice._source_device_eject_attempt as a handler for 'balldevice_bd_trough_ball_eject_attempt', priority: 1, kwargs: {}
2016-08-22 17:37:27,286 : DEBUG : Events : Registered BallDevice._source_device_ball_lost as a handler for 'balldevice_bd_trough_ball_lost', priority: 1, kwargs: {}
2016-08-22 17:37:27,286 : DEBUG : Events : Registered BallDevice._source_device_balls_available as a handler for 'balldevice_balls_available', priority: 1, kwargs: {}
2016-08-22 17:37:27,287 : DEBUG : Events : Registered BallDevice._initialize_phase_4 as a handler for 'init_phase_4', priority: 1, kwargs: {}
2016-08-22 17:37:27,287 : DEBUG : Events : Registered Playfield._source_device_eject_success as a handler for 'balldevice_bd_plunger_ball_eject_success', priority: 1, kwargs: {}
2016-08-22 17:37:27,287 : DEBUG : Events : Registered Playfield._source_device_ball_lost as a handler for 'balldevice_bd_plunger_ball_lost', priority: 1, kwargs: {}
2016-08-22 17:37:27,287 : DEBUG : Events : Registered Playfield._source_device_eject_failed as a handler for 'balldevice_bd_plunger_ball_eject_failed', priority: 1, kwargs: {}
2016-08-22 17:37:27,287 : DEBUG : Events : Registered Playfield._source_device_eject_attempt as a handler for 'balldevice_bd_plunger_ball_eject_attempt', priority: 1, kwargs: {}
2016-08-22 17:37:27,287 : DEBUG : Events : Registered Playfield._ball_removed_handler as a handler for 'balldevice_captured_from_playfield', priority: 1, kwargs: {}
2016-08-22 17:37:27,287 : DEBUG : Events : Registered Playfield._playfield_switch_hit as a handler for 'sw_playfield_active', priority: 1, kwargs: {}
2016-08-22 17:37:27,288 : DEBUG : Events : BCP._setup_dmds (priority: 1) responding to event 'init_phase_1' with args {}
2016-08-22 17:37:27,288 : DEBUG : Events : ConfigPlayer._initialize (priority: 1) responding to event 'init_phase_1' with args {}
2016-08-22 17:37:27,288 : DEBUG : Mode Controller : Registering <bound method ConfigPlayer.mode_start of ConfigPlayer.events> as a mode start method. Config section: event_player, priority: 0, kwargs: {}
2016-08-22 17:37:27,288 : DEBUG : Events : ConfigPlayer._initialize (priority: 1) responding to event 'init_phase_1' with args {}
2016-08-22 17:37:27,288 : DEBUG : Mode Controller : Registering <bound method ConfigPlayer.mode_start of ConfigPlayer.random_events> as a mode start method. Config section: random_event_player, priority: 0, kwargs: {}
2016-08-22 17:37:27,288 : DEBUG : Events : ConfigPlayer._initialize (priority: 1) responding to event 'init_phase_1' with args {}
2016-08-22 17:37:27,288 : DEBUG : Mode Controller : Registering <bound method ConfigPlayer.mode_start of ConfigPlayer.lights> as a mode start method. Config section: light_player, priority: 0, kwargs: {}
2016-08-22 17:37:27,288 : DEBUG : Events : ConfigPlayer._initialize (priority: 1) responding to event 'init_phase_1' with args {}
2016-08-22 17:37:27,288 : DEBUG : Mode Controller : Registering <bound method ConfigPlayer.mode_start of ConfigPlayer.leds> as a mode start method. Config section: led_player, priority: 0, kwargs: {}
2016-08-22 17:37:27,288 : DEBUG : Events : ConfigPlayer._initialize (priority: 1) responding to event 'init_phase_1' with args {}
2016-08-22 17:37:27,288 : DEBUG : Mode Controller : Registering <bound method ConfigPlayer.mode_start of ConfigPlayer.gis> as a mode start method. Config section: gi_player, priority: 0, kwargs: {}
2016-08-22 17:37:27,288 : DEBUG : Events : ConfigPlayer._initialize (priority: 1) responding to event 'init_phase_1' with args {}
2016-08-22 17:37:27,288 : DEBUG : Mode Controller : Registering <bound method ConfigPlayer.mode_start of ConfigPlayer.shows> as a mode start method. Config section: show_player, priority: 0, kwargs: {}
2016-08-22 17:37:27,288 : DEBUG : Events : ConfigPlayer._initialize (priority: 1) responding to event 'init_phase_1' with args {}
2016-08-22 17:37:27,288 : DEBUG : Mode Controller : Registering <bound method ConfigPlayer.mode_start of ConfigPlayer.flashers> as a mode start method. Config section: flasher_player, priority: 0, kwargs: {}
2016-08-22 17:37:27,288 : DEBUG : Events : ConfigPlayer._initialize (priority: 1) responding to event 'init_phase_1' with args {}
2016-08-22 17:37:27,289 : DEBUG : Mode Controller : Registering <bound method ConfigPlayer.mode_start of ConfigPlayer.coils> as a mode start method. Config section: coil_player, priority: 0, kwargs: {}
2016-08-22 17:37:27,289 : DEBUG : Events : ConfigPlayer._initialize (priority: 1) responding to event 'init_phase_1' with args {}
2016-08-22 17:37:27,289 : DEBUG : Mode Controller : Registering <bound method ConfigPlayer.mode_start of ConfigPlayer.triggers> as a mode start method. Config section: trigger_player, priority: 0, kwargs: {}
2016-08-22 17:37:27,289 : DEBUG : Events : ConfigPlayer._initialize (priority: 1) responding to event 'init_phase_1' with args {}
2016-08-22 17:37:27,289 : DEBUG : Mode Controller : Registering <bound method ConfigPlayer.mode_start of PluginPlayer.widgets> as a mode start method. Config section: widget_player, priority: 0, kwargs: {}
2016-08-22 17:37:27,289 : DEBUG : Events : ConfigPlayer._initialize (priority: 1) responding to event 'init_phase_1' with args {}
2016-08-22 17:37:27,289 : DEBUG : Mode Controller : Registering <bound method ConfigPlayer.mode_start of PluginPlayer.slides> as a mode start method. Config section: slide_player, priority: 0, kwargs: {}
2016-08-22 17:37:27,289 : DEBUG : Events : Registered BCP.bcp_trigger as a handler for 'mc_ready', priority: 1, kwargs: {'name': 'mc_ready'}
2016-08-22 17:37:27,289 : DEBUG : Events : Registered BCP.bcp_trigger as a handler for 'mode_attract_started', priority: 1, kwargs: {'name': 'mode_attract_started'}
2016-08-22 17:37:27,289 : DEBUG : Events : ConfigPlayer._initialize (priority: 1) responding to event 'init_phase_1' with args {}
2016-08-22 17:37:27,289 : DEBUG : Mode Controller : Registering <bound method ConfigPlayer.mode_start of PluginPlayer.sounds> as a mode start method. Config section: sound_player, priority: 0, kwargs: {}
2016-08-22 17:37:27,289 : DEBUG : Events : vvvv Finished event 'init_phase_1'. Type: None. Callback: None. Args: {}
2016-08-22 17:37:27,289 : DEBUG : Events : ^^^^ Posted event 'init_phase_2'. Type: None, Callback: None, Args: {}
2016-08-22 17:37:27,289 : DEBUG : Events : ============== EVENTS QUEUE =============
2016-08-22 17:37:27,289 : DEBUG : Events : init_phase_2, None, None, {}
2016-08-22 17:37:27,289 : DEBUG : Events : =========================================
2016-08-22 17:37:27,289 : DEBUG : Events : ^^^^ Processing event 'init_phase_2'. Type: None, Callback: None, Args: {}
2016-08-22 17:37:27,290 : DEBUG : Events : SwitchController._initialize_switches (priority: 1000) responding to event 'init_phase_2' with args {}
2016-08-22 17:37:27,290 : DEBUG : Events : ModeController._load_modes (priority: 1) responding to event 'init_phase_2' with args {}
2016-08-22 17:37:27,290 : DEBUG : Mode Controller : Found MPF Mode folders: {'tilt': 'tilt', 'attract': 'attract', 'credits': 'credits', 'bonus': 'bonus', 'high_score': 'high_score', 'carousel': 'carousel', 'game': 'game'}
2016-08-22 17:37:27,290 : DEBUG : Mode Controller : Found Machine-specific Mode folders: {}
2016-08-22 17:37:27,290 : DEBUG : Mode Controller : Processing mode: game
2016-08-22 17:37:27,290 : DEBUG : YAML File Interface : Loading file: /Applications/MPF.app/Contents/Frameworks/python/3.5.0/lib/python3.5/site-packages/mpf/modes/game/config/game.yaml
2016-08-22 17:37:27,292 : DEBUG : Mode Controller : Loading config from /Applications/MPF.app/Contents/Frameworks/python/3.5.0/lib/python3.5/site-packages/mpf/modes/game/config/game.yaml
2016-08-22 17:37:27,292 : DEBUG : Mode.game : Scanning config for mode-based devices
2016-08-22 17:37:27,292 : DEBUG : Events : Registered Mode.start as a handler for 'game_start', priority: 20, kwargs: {}
2016-08-22 17:37:27,292 : DEBUG : Mode Controller : Loaded code from mpf.modes.game.code.game
2016-08-22 17:37:27,292 : DEBUG : Mode Controller : Processing mode: attract
2016-08-22 17:37:27,292 : DEBUG : YAML File Interface : Loading file: /Applications/MPF.app/Contents/Frameworks/python/3.5.0/lib/python3.5/site-packages/mpf/modes/attract/config/attract.yaml
2016-08-22 17:37:27,293 : DEBUG : Mode Controller : Loading config from /Applications/MPF.app/Contents/Frameworks/python/3.5.0/lib/python3.5/site-packages/mpf/modes/attract/config/attract.yaml
2016-08-22 17:37:27,294 : DEBUG : Mode.attract : Scanning config for mode-based devices
2016-08-22 17:37:27,294 : DEBUG : Events : Registered Mode.start as a handler for 'game_ended', priority: 10, kwargs: {}
2016-08-22 17:37:27,294 : DEBUG : Events : Registered Mode.start as a handler for 'reset_complete', priority: 10, kwargs: {}
2016-08-22 17:37:27,294 : DEBUG : Mode Controller : Loaded code from mpf.modes.attract.code.attract
2016-08-22 17:37:27,294 : DEBUG : Events : DeviceManager.create_machinewide_device_control_events (priority: 1) responding to event 'init_phase_2' with args {}
2016-08-22 17:37:27,294 : DEBUG : Events : Registered DeviceManager._control_event_handler as a handler for 'ball_ending', priority: 0, kwargs: {'ms_delay': 0, 'delay_mgr': <mpf.core.delays.DelayManager object at 0x1053cda20>, 'callback': <bound method Flipper.disable of <flipper.right_flipper>>}
2016-08-22 17:37:27,295 : DEBUG : Events : Registered DeviceManager._control_event_handler as a handler for 'machine_reset_phase_3', priority: 0, kwargs: {'ms_delay': 0, 'delay_mgr': <mpf.core.delays.DelayManager object at 0x1053cda20>, 'callback': <bound method Flipper.enable of <flipper.right_flipper>>}
2016-08-22 17:37:27,295 : DEBUG : Events : Registered DeviceManager._control_event_handler as a handler for 'ball_ending', priority: 0, kwargs: {'ms_delay': 0, 'delay_mgr': <mpf.core.delays.DelayManager object at 0x1053cda20>, 'callback': <bound method Flipper.disable of <flipper.left_flipper>>}
2016-08-22 17:37:27,295 : DEBUG : Events : Registered DeviceManager._control_event_handler as a handler for 'machine_reset_phase_3', priority: 0, kwargs: {'ms_delay': 0, 'delay_mgr': <mpf.core.delays.DelayManager object at 0x1053cda20>, 'callback': <bound method Flipper.enable of <flipper.left_flipper>>}
2016-08-22 17:37:27,295 : DEBUG : Events : DeviceManager.create_collection_control_events (priority: 1) responding to event 'init_phase_2' with args {}
2016-08-22 17:37:27,295 : DEBUG : Events : Registered DeviceManager._collection_control_event_handler as a handler for 'ball_devices_stop', priority: 1, kwargs: {'method': 'stop', 'collection': 'ball_devices'}
2016-08-22 17:37:27,295 : DEBUG : Events : Registered DeviceManager._collection_control_event_handler as a handler for 'ball_devices_eject_all', priority: 1, kwargs: {'method': 'eject_all', 'collection': 'ball_devices'}
2016-08-22 17:37:27,295 : DEBUG : Events : Registered DeviceManager._collection_control_event_handler as a handler for 'coils_disable', priority: 1, kwargs: {'method': 'disable', 'collection': 'coils'}
2016-08-22 17:37:27,295 : DEBUG : Events : Registered DeviceManager._collection_control_event_handler as a handler for 'lights_off', priority: 1, kwargs: {'method': 'off', 'collection': 'lights'}
2016-08-22 17:37:27,295 : DEBUG : Events : Registered DeviceManager._collection_control_event_handler as a handler for 'autofires_enable', priority: 1, kwargs: {'method': 'enable', 'collection': 'autofires'}
2016-08-22 17:37:27,295 : DEBUG : Events : Registered DeviceManager._collection_control_event_handler as a handler for 'autofires_disable', priority: 1, kwargs: {'method': 'disable', 'collection': 'autofires'}
2016-08-22 17:37:27,295 : DEBUG : Events : Registered DeviceManager._collection_control_event_handler as a handler for 'leds_off', priority: 1, kwargs: {'method': 'off', 'collection': 'leds'}
2016-08-22 17:37:27,295 : DEBUG : Events : Registered DeviceManager._collection_control_event_handler as a handler for 'gi_enable', priority: 1, kwargs: {'method': 'enable', 'collection': 'gi'}
2016-08-22 17:37:27,295 : DEBUG : Events : Registered DeviceManager._collection_control_event_handler as a handler for 'gi_disable', priority: 1, kwargs: {'method': 'disable', 'collection': 'gi'}
2016-08-22 17:37:27,295 : DEBUG : Events : Registered DeviceManager._collection_control_event_handler as a handler for 'flippers_enable', priority: 1, kwargs: {'method': 'enable', 'collection': 'flippers'}
2016-08-22 17:37:27,295 : DEBUG : Events : Registered DeviceManager._collection_control_event_handler as a handler for 'flippers_disable', priority: 1, kwargs: {'method': 'disable', 'collection': 'flippers'}
2016-08-22 17:37:27,295 : DEBUG : Events : BallController._init2 (priority: 1) responding to event 'init_phase_2' with args {}
2016-08-22 17:37:27,296 : DEBUG : SwitchController : Registering switch handler: s_trough1, <bound method BallController._update_num_balls_known of <mpf.core.ball_controller.BallController object at 0x105437400>>, state: 1, ms: 300, info: False, cb_kwargs: {}
2016-08-22 17:37:27,296 : DEBUG : SwitchController : Registering switch handler: s_trough1, <bound method BallController._update_num_balls_known of <mpf.core.ball_controller.BallController object at 0x105437400>>, state: 0, ms: 500, info: False, cb_kwargs: {}
2016-08-22 17:37:27,296 : DEBUG : SwitchController : Registering switch handler: s_trough1, <bound method BallController._correct_playfield_count of <mpf.core.ball_controller.BallController object at 0x105437400>>, state: 1, ms: 300, info: False, cb_kwargs: {}
2016-08-22 17:37:27,296 : DEBUG : SwitchController : Registering switch handler: s_trough1, <bound method BallController._correct_playfield_count of <mpf.core.ball_controller.BallController object at 0x105437400>>, state: 0, ms: 500, info: False, cb_kwargs: {}
2016-08-22 17:37:27,296 : DEBUG : SwitchController : Registering switch handler: s_trough2, <bound method BallController._update_num_balls_known of <mpf.core.ball_controller.BallController object at 0x105437400>>, state: 1, ms: 300, info: False, cb_kwargs: {}
2016-08-22 17:37:27,296 : DEBUG : SwitchController : Registering switch handler: s_trough2, <bound method BallController._update_num_balls_known of <mpf.core.ball_controller.BallController object at 0x105437400>>, state: 0, ms: 500, info: False, cb_kwargs: {}
2016-08-22 17:37:27,296 : DEBUG : SwitchController : Registering switch handler: s_trough2, <bound method BallController._correct_playfield_count of <mpf.core.ball_controller.BallController object at 0x105437400>>, state: 1, ms: 300, info: False, cb_kwargs: {}
2016-08-22 17:37:27,296 : DEBUG : SwitchController : Registering switch handler: s_trough2, <bound method BallController._correct_playfield_count of <mpf.core.ball_controller.BallController object at 0x105437400>>, state: 0, ms: 500, info: False, cb_kwargs: {}
2016-08-22 17:37:27,296 : DEBUG : SwitchController : Registering switch handler: s_trough3, <bound method BallController._update_num_balls_known of <mpf.core.ball_controller.BallController object at 0x105437400>>, state: 1, ms: 300, info: False, cb_kwargs: {}
2016-08-22 17:37:27,296 : DEBUG : SwitchController : Registering switch handler: s_trough3, <bound method BallController._update_num_balls_known of <mpf.core.ball_controller.BallController object at 0x105437400>>, state: 0, ms: 500, info: False, cb_kwargs: {}
2016-08-22 17:37:27,296 : DEBUG : SwitchController : Registering switch handler: s_trough3, <bound method BallController._correct_playfield_count of <mpf.core.ball_controller.BallController object at 0x105437400>>, state: 1, ms: 300, info: False, cb_kwargs: {}
2016-08-22 17:37:27,296 : DEBUG : SwitchController : Registering switch handler: s_trough3, <bound method BallController._correct_playfield_count of <mpf.core.ball_controller.BallController object at 0x105437400>>, state: 0, ms: 500, info: False, cb_kwargs: {}
2016-08-22 17:37:27,296 : DEBUG : SwitchController : Registering switch handler: s_trough4, <bound method BallController._update_num_balls_known of <mpf.core.ball_controller.BallController object at 0x105437400>>, state: 1, ms: 300, info: False, cb_kwargs: {}
2016-08-22 17:37:27,296 : DEBUG : SwitchController : Registering switch handler: s_trough4, <bound method BallController._update_num_balls_known of <mpf.core.ball_controller.BallController object at 0x105437400>>, state: 0, ms: 500, info: False, cb_kwargs: {}
2016-08-22 17:37:27,296 : DEBUG : SwitchController : Registering switch handler: s_trough4, <bound method BallController._correct_playfield_count of <mpf.core.ball_controller.BallController object at 0x105437400>>, state: 1, ms: 300, info: False, cb_kwargs: {}
2016-08-22 17:37:27,296 : DEBUG : SwitchController : Registering switch handler: s_trough4, <bound method BallController._correct_playfield_count of <mpf.core.ball_controller.BallController object at 0x105437400>>, state: 0, ms: 500, info: False, cb_kwargs: {}
2016-08-22 17:37:27,296 : DEBUG : SwitchController : Registering switch handler: s_trough5, <bound method BallController._update_num_balls_known of <mpf.core.ball_controller.BallController object at 0x105437400>>, state: 1, ms: 300, info: False, cb_kwargs: {}
2016-08-22 17:37:27,296 : DEBUG : SwitchController : Registering switch handler: s_trough5, <bound method BallController._update_num_balls_known of <mpf.core.ball_controller.BallController object at 0x105437400>>, state: 0, ms: 500, info: False, cb_kwargs: {}
2016-08-22 17:37:27,296 : DEBUG : SwitchController : Registering switch handler: s_trough5, <bound method BallController._correct_playfield_count of <mpf.core.ball_controller.BallController object at 0x105437400>>, state: 1, ms: 300, info: False, cb_kwargs: {}
2016-08-22 17:37:27,296 : DEBUG : SwitchController : Registering switch handler: s_trough5, <bound method BallController._correct_playfield_count of <mpf.core.ball_controller.BallController object at 0x105437400>>, state: 0, ms: 500, info: False, cb_kwargs: {}
2016-08-22 17:37:27,297 : DEBUG : SwitchController : Registering switch handler: s_trough6, <bound method BallController._update_num_balls_known of <mpf.core.ball_controller.BallController object at 0x105437400>>, state: 1, ms: 300, info: False, cb_kwargs: {}
2016-08-22 17:37:27,297 : DEBUG : SwitchController : Registering switch handler: s_trough6, <bound method BallController._update_num_balls_known of <mpf.core.ball_controller.BallController object at 0x105437400>>, state: 0, ms: 500, info: False, cb_kwargs: {}
2016-08-22 17:37:27,297 : DEBUG : SwitchController : Registering switch handler: s_trough6, <bound method BallController._correct_playfield_count of <mpf.core.ball_controller.BallController object at 0x105437400>>, state: 1, ms: 300, info: False, cb_kwargs: {}
2016-08-22 17:37:27,297 : DEBUG : SwitchController : Registering switch handler: s_trough6, <bound method BallController._correct_playfield_count of <mpf.core.ball_controller.BallController object at 0x105437400>>, state: 0, ms: 500, info: False, cb_kwargs: {}
2016-08-22 17:37:27,297 : DEBUG : SwitchController : Registering switch handler: s_trough_jam, <bound method BallController._update_num_balls_known of <mpf.core.ball_controller.BallController object at 0x105437400>>, state: 1, ms: 300, info: False, cb_kwargs: {}
2016-08-22 17:37:27,297 : DEBUG : SwitchController : Registering switch handler: s_trough_jam, <bound method BallController._update_num_balls_known of <mpf.core.ball_controller.BallController object at 0x105437400>>, state: 0, ms: 500, info: False, cb_kwargs: {}
2016-08-22 17:37:27,297 : DEBUG : SwitchController : Registering switch handler: s_trough_jam, <bound method BallController._correct_playfield_count of <mpf.core.ball_controller.BallController object at 0x105437400>>, state: 1, ms: 300, info: False, cb_kwargs: {}
2016-08-22 17:37:27,297 : DEBUG : SwitchController : Registering switch handler: s_trough_jam, <bound method BallController._correct_playfield_count of <mpf.core.ball_controller.BallController object at 0x105437400>>, state: 0, ms: 500, info: False, cb_kwargs: {}
2016-08-22 17:37:27,297 : DEBUG : SwitchController : Registering switch handler: s_plunger_lane, <bound method BallController._update_num_balls_known of <mpf.core.ball_controller.BallController object at 0x105437400>>, state: 1, ms: 500, info: False, cb_kwargs: {}
2016-08-22 17:37:27,297 : DEBUG : SwitchController : Registering switch handler: s_plunger_lane, <bound method BallController._update_num_balls_known of <mpf.core.ball_controller.BallController object at 0x105437400>>, state: 0, ms: 500, info: False, cb_kwargs: {}
2016-08-22 17:37:27,297 : DEBUG : SwitchController : Registering switch handler: s_plunger_lane, <bound method BallController._correct_playfield_count of <mpf.core.ball_controller.BallController object at 0x105437400>>, state: 1, ms: 500, info: False, cb_kwargs: {}
2016-08-22 17:37:27,297 : DEBUG : SwitchController : Registering switch handler: s_plunger_lane, <bound method BallController._correct_playfield_count of <mpf.core.ball_controller.BallController object at 0x105437400>>, state: 0, ms: 500, info: False, cb_kwargs: {}
2016-08-22 17:37:27,297 : DEBUG : Events : Registered BallController._correct_playfield_count as a handler for 'playfield_ball_count_change', priority: 1, kwargs: {}
2016-08-22 17:37:27,297 : DEBUG : BallController : Counting Balls
2016-08-22 17:37:27,297 : DEBUG : BallController : Found new balls. Setting known balls to 6
2016-08-22 17:37:27,297 : DEBUG : DelayManager : Adding delay. Name: '999c1cda-f153-4d75-8e01-d2aa91e9b14e' ms: 1, callback: <bound method BallController._handle_new_balls of <mpf.core.ball_controller.BallController object at 0x105437400>>, kwargs: {'new_balls': 6}
2016-08-22 17:37:27,297 : DEBUG : Clock : Scheduled a one-time clock callback (callback=functools.partial(<bound method DelayManager._process_delay_callback of <mpf.core.delays.DelayManager object at 0x1054379e8>>, UUID('999c1cda-f153-4d75-8e01-d2aa91e9b14e'), <bound method BallController._handle_new_balls of <mpf.core.ball_controller.BallController object at 0x105437400>>, new_balls=6), timeout=0.001, priority=1)
2016-08-22 17:37:27,298 : DEBUG : Events : vvvv Finished event 'init_phase_2'. Type: None. Callback: None. Args: {}
2016-08-22 17:37:27,298 : DEBUG : Machine : Loading plugins...
2016-08-22 17:37:27,298 : DEBUG : Machine : Loading 'mpf.plugins.auditor.Auditor' plugin
2016-08-22 17:37:27,298 : DEBUG : DataInterface : Loading audits from /Users/jackbot/pinball/taxi/data/audits.yaml
2016-08-22 17:37:27,298 : DEBUG : DataInterface : Didn't find the audits file. No prob. We'll create it when we save.
2016-08-22 17:37:27,298 : DEBUG : Events : Registered Auditor._initialize as a handler for 'init_phase_4', priority: 1, kwargs: {}
2016-08-22 17:37:27,298 : DEBUG : Machine : Loading 'mpf.plugins.info_lights.InfoLights' plugin
2016-08-22 17:37:27,299 : DEBUG : Machine : "info_lights:" section not found in machine configuration, so the Info Lights plugin will not be used.
2016-08-22 17:37:27,299 : DEBUG : Machine : Loading 'mpf.plugins.osc.OSC' plugin
2016-08-22 17:37:27,299 : DEBUG : Machine : "OSC:" section not found in the machine configuration, so the OSC plugin will not be used.
2016-08-22 17:37:27,299 : DEBUG : Machine : Loading 'mpf.plugins.switch_player.SwitchPlayer' plugin
2016-08-22 17:37:27,299 : DEBUG : Machine : "switch_player:" section not found in machine configuration, so the Switch Playerplugin will not be used.
2016-08-22 17:37:27,299 : DEBUG : Events : ^^^^ Posted event 'init_phase_3'. Type: None, Callback: None, Args: {}
2016-08-22 17:37:27,299 : DEBUG : Events : ============== EVENTS QUEUE =============
2016-08-22 17:37:27,300 : DEBUG : Events : init_phase_3, None, None, {}
2016-08-22 17:37:27,300 : DEBUG : Events : =========================================
2016-08-22 17:37:27,300 : DEBUG : Events : ^^^^ Processing event 'init_phase_3'. Type: None, Callback: None, Args: {}
2016-08-22 17:37:27,300 : DEBUG : Events : AssetManager._create_assets (priority: 1) responding to event 'init_phase_3' with args {}
2016-08-22 17:37:27,300 : DEBUG : AssetManager : Processing assets from base folder: /Users/jackbot/pinball/taxi/shows
2016-08-22 17:37:27,300 : DEBUG : AssetManager : Processing assets from base folder: /Applications/MPF.app/Contents/Frameworks/python/3.5.0/lib/python3.5/site-packages/mpf/modes/game/shows
2016-08-22 17:37:27,300 : DEBUG : AssetManager : Processing assets from base folder: /Applications/MPF.app/Contents/Frameworks/python/3.5.0/lib/python3.5/site-packages/mpf/modes/attract/shows
2016-08-22 17:37:27,300 : DEBUG : Machine : Clearing boot hold assets. Holds remaining: {'init'}
2016-08-22 17:37:27,300 : DEBUG : Events : ShowController._initialize (priority: 1) responding to event 'init_phase_3' with args {}
2016-08-22 17:37:27,300 : DEBUG : ShowController : Loading Show None
2016-08-22 17:37:27,301 : DEBUG : ShowController : Loading Show None
2016-08-22 17:37:27,301 : DEBUG : ShowController : Loading Show None
2016-08-22 17:37:27,301 : DEBUG : ShowController : Loading Show None
2016-08-22 17:37:27,302 : DEBUG : Events : vvvv Finished event 'init_phase_3'. Type: None. Callback: None. Args: {}
2016-08-22 17:37:27,302 : DEBUG : Events : ^^^^ Posted event 'init_phase_4'. Type: None, Callback: None, Args: {}
2016-08-22 17:37:27,302 : DEBUG : Events : ============== EVENTS QUEUE =============
2016-08-22 17:37:27,302 : DEBUG : Events : init_phase_4, None, None, {}
2016-08-22 17:37:27,302 : DEBUG : Events : =========================================
2016-08-22 17:37:27,302 : DEBUG : Events : ^^^^ Processing event 'init_phase_4'. Type: None, Callback: None, Args: {}
2016-08-22 17:37:27,302 : DEBUG : Events : BallDevice._initialize_phase_4 (priority: 1) responding to event 'init_phase_4' with args {}
2016-08-22 17:37:27,302 : DEBUG : ball_device.bd_trough : Counting balls
2016-08-22 17:37:27,302 : DEBUG : ball_device.bd_trough : Confirmed active switch: s_trough1
2016-08-22 17:37:27,302 : DEBUG : ball_device.bd_trough : Confirmed active switch: s_trough2
2016-08-22 17:37:27,302 : DEBUG : ball_device.bd_trough : Confirmed active switch: s_trough3
2016-08-22 17:37:27,302 : DEBUG : ball_device.bd_trough : Confirmed active switch: s_trough4
2016-08-22 17:37:27,302 : DEBUG : ball_device.bd_trough : Confirmed active switch: s_trough5
2016-08-22 17:37:27,302 : DEBUG : ball_device.bd_trough : Confirmed active switch: s_trough6
2016-08-22 17:37:27,302 : DEBUG : ball_device.bd_trough : Confirmed inactive switch: s_trough_jam
2016-08-22 17:37:27,302 : DEBUG : ball_device.bd_trough : Counted 6 balls
2016-08-22 17:37:27,302 : DEBUG : ball_device.bd_trough : Switching to state idle
2016-08-22 17:37:27,302 : DEBUG : ball_device.bd_trough : Counting balls
2016-08-22 17:37:27,303 : DEBUG : ball_device.bd_trough : Confirmed active switch: s_trough1
2016-08-22 17:37:27,303 : DEBUG : ball_device.bd_trough : Confirmed active switch: s_trough2
2016-08-22 17:37:27,303 : DEBUG : ball_device.bd_trough : Confirmed active switch: s_trough3
2016-08-22 17:37:27,303 : DEBUG : ball_device.bd_trough : Confirmed active switch: s_trough4
2016-08-22 17:37:27,303 : DEBUG : ball_device.bd_trough : Confirmed active switch: s_trough5
2016-08-22 17:37:27,303 : DEBUG : ball_device.bd_trough : Confirmed active switch: s_trough6
2016-08-22 17:37:27,303 : DEBUG : ball_device.bd_trough : Confirmed inactive switch: s_trough_jam
2016-08-22 17:37:27,303 : DEBUG : ball_device.bd_trough : Counted 6 balls
2016-08-22 17:37:27,303 : DEBUG : Events : ^^^^ Posted event 'balldevice_bd_trough_ok_to_receive'. Type: None, Callback: None, Args: {'balls': 1}
2016-08-22 17:37:27,303 : DEBUG : Events : ============== EVENTS QUEUE =============
2016-08-22 17:37:27,303 : DEBUG : Events : balldevice_bd_trough_ok_to_receive, None, None, {'balls': 1}
2016-08-22 17:37:27,303 : DEBUG : Events : =========================================
2016-08-22 17:37:27,303 : DEBUG : Events : BallDevice._initialize_phase_4 (priority: 1) responding to event 'init_phase_4' with args {}
2016-08-22 17:37:27,303 : DEBUG : ball_device.bd_plunger : Counting balls
2016-08-22 17:37:27,303 : DEBUG : ball_device.bd_plunger : Confirmed inactive switch: s_plunger_lane
2016-08-22 17:37:27,303 : DEBUG : ball_device.bd_plunger : Counted 0 balls
2016-08-22 17:37:27,303 : DEBUG : ball_device.bd_plunger : Switching to state idle
2016-08-22 17:37:27,303 : DEBUG : ball_device.bd_plunger : Counting balls
2016-08-22 17:37:27,303 : DEBUG : ball_device.bd_plunger : Confirmed inactive switch: s_plunger_lane
2016-08-22 17:37:27,303 : DEBUG : ball_device.bd_plunger : Counted 0 balls
2016-08-22 17:37:27,303 : DEBUG : Events : ^^^^ Posted event 'balldevice_bd_plunger_ok_to_receive'. Type: None, Callback: None, Args: {'balls': 1}
2016-08-22 17:37:27,303 : DEBUG : Events : ============== EVENTS QUEUE =============
2016-08-22 17:37:27,303 : DEBUG : Events : balldevice_bd_trough_ok_to_receive, None, None, {'balls': 1}
2016-08-22 17:37:27,303 : DEBUG : Events : balldevice_bd_plunger_ok_to_receive, None, None, {'balls': 1}
2016-08-22 17:37:27,304 : DEBUG : Events : =========================================
2016-08-22 17:37:27,304 : DEBUG : Events : Auditor._initialize (priority: 1) responding to event 'init_phase_4' with args {}
2016-08-22 17:37:27,304 : DEBUG : Events : Registered Auditor.enable as a handler for 'game_starting', priority: 1, kwargs: {}
2016-08-22 17:37:27,304 : DEBUG : Events : Registered Auditor.disable as a handler for 'game_ended', priority: 1, kwargs: {}
2016-08-22 17:37:27,304 : DEBUG : Events : Registered Auditor.audit_player as a handler for 'game_ending', priority: 1, kwargs: {}
2016-08-22 17:37:27,304 : DEBUG : Events : vvvv Finished event 'init_phase_4'. Type: None. Callback: None. Args: {}
2016-08-22 17:37:27,304 : DEBUG : Events : ^^^^ Processing event 'balldevice_bd_trough_ok_to_receive'. Type: None, Callback: None, Args: {'balls': 1}
2016-08-22 17:37:27,304 : DEBUG : Events : vvvv Finished event 'balldevice_bd_trough_ok_to_receive'. Type: None. Callback: None. Args: {'balls': 1}
2016-08-22 17:37:27,304 : DEBUG : Events : ^^^^ Processing event 'balldevice_bd_plunger_ok_to_receive'. Type: None, Callback: None, Args: {'balls': 1}
2016-08-22 17:37:27,304 : DEBUG : Events : BallDevice._target_ready (priority: 1) responding to event 'balldevice_bd_plunger_ok_to_receive' with args {'target': <ball_device.bd_plunger>, 'balls': 1}
2016-08-22 17:37:27,304 : DEBUG : Events : vvvv Finished event 'balldevice_bd_plunger_ok_to_receive'. Type: None. Callback: None. Args: {'balls': 1}
2016-08-22 17:37:27,304 : DEBUG : Events : ^^^^ Posted event 'init_phase_5'. Type: None, Callback: None, Args: {}
2016-08-22 17:37:27,304 : DEBUG : Events : ============== EVENTS QUEUE =============
2016-08-22 17:37:27,304 : DEBUG : Events : init_phase_5, None, None, {}
2016-08-22 17:37:27,304 : DEBUG : Events : =========================================
2016-08-22 17:37:27,304 : DEBUG : Events : ^^^^ Processing event 'init_phase_5'. Type: None, Callback: None, Args: {}
2016-08-22 17:37:27,304 : DEBUG : Events : vvvv Finished event 'init_phase_5'. Type: None. Callback: None. Args: {}
2016-08-22 17:37:27,304 : DEBUG : Machine : Clearing boot hold init. Holds remaining: set()
2016-08-22 17:37:27,304 : DEBUG : Events : ^^^^ Posted event 'init_done'. Type: None, Callback: None, Args: {}
2016-08-22 17:37:27,304 : DEBUG : Events : ============== EVENTS QUEUE =============
2016-08-22 17:37:27,305 : DEBUG : Events : init_done, None, None, {}
2016-08-22 17:37:27,305 : DEBUG : Events : =========================================
2016-08-22 17:37:27,305 : DEBUG : Events : ^^^^ Processing event 'init_done'. Type: None, Callback: None, Args: {}
2016-08-22 17:37:27,305 : DEBUG : Events : BCP._setup_bcp_connections (priority: 1) responding to event 'init_done' with args {}
2016-08-22 17:37:27,305 : DEBUG : BCPClientSocket.local_display : Setting up BCP Client...
2016-08-22 17:37:27,305 : INFO : BCPClientSocket.local_display : Connecting to BCP Media Controller at localhost:5050...
