2016-08-22 17:56:28,228 : INFO : kivy : Factory: 179 symbols loaded
2016-08-22 17:56:28,229 : DEBUG : kivy : Cache: register <kv.lang> with limit=None, timeout=None
2016-08-22 17:56:28,299 : DEBUG : kivy : Cache: register <kv.image> with limit=None, timeout=60
2016-08-22 17:56:28,299 : DEBUG : kivy : Cache: register <kv.atlas> with limit=None, timeout=None
2016-08-22 17:56:28,321 : INFO : kivy : Image: Providers: img_tex, img_imageio, img_dds, img_gif, img_sdl2 (img_pil, img_ffpyplayer ignored)
2016-08-22 17:56:28,322 : DEBUG : kivy : Cache: register <kv.texture> with limit=1000, timeout=60
2016-08-22 17:56:28,322 : DEBUG : kivy : Cache: register <kv.shader> with limit=1000, timeout=3600
2016-08-22 17:56:28,455 : INFO : kivy : VideoGstplayer: Using Gstreamer 1.4.5.0
2016-08-22 17:56:28,456 : INFO : kivy : Video: Provider: gstplayer
2016-08-22 17:56:28,468 : INFO : kivy : Loading MPF-MC controller
2016-08-22 17:56:28,468 : INFO : mpfmc : Mission Pinball Framework Media Controller v0.30.1
2016-08-22 17:56:28,469 : INFO : mpfmc : Machine path: /Users/jackbot/pinball/taxi
2016-08-22 17:56:28,469 : INFO : mpfmc : Starting clock at 30.0Hz
2016-08-22 17:56:28,469 : DEBUG : Events : Registered ModeController._load_modes as a handler for 'init_phase_2', priority: 1, kwargs: {}
2016-08-22 17:56:28,474 : INFO : kivy : Text: Provider: sdl2
2016-08-22 17:56:28,480 : DEBUG : Events : Registered ConfigCollection.create_entries_from_root_config as a handler for 'init_phase_1', priority: 1, kwargs: {}
2016-08-22 17:56:28,480 : DEBUG : Events : Registered ConfigCollection.create_entries_from_root_config as a handler for 'init_phase_1', priority: 1, kwargs: {}
2016-08-22 17:56:28,481 : DEBUG : Events : Registered ConfigCollection.create_entries_from_root_config as a handler for 'init_phase_1', priority: 1, kwargs: {}
2016-08-22 17:56:28,481 : DEBUG : Events : Registered ConfigCollection.create_entries_from_root_config as a handler for 'init_phase_1', priority: 1, kwargs: {}
2016-08-22 17:56:28,667 : DEBUG : Events : Registered ConfigProcessor._init as a handler for 'init_phase_1', priority: 1, kwargs: {}
2016-08-22 17:56:28,688 : INFO : kivy : OSC: using <multiprocessing> for socket
2016-08-22 17:56:28,690 : INFO : kivy : Window: Provider: sdl2
2016-08-22 17:56:28,780 : INFO : kivy : GL: OpenGL version <b'2.1 INTEL-10.14.73'>
2016-08-22 17:56:28,780 : INFO : kivy : GL: OpenGL vendor <b'Intel Inc.'>
2016-08-22 17:56:28,780 : INFO : kivy : GL: OpenGL renderer <b'Intel Iris Pro OpenGL Engine'>
2016-08-22 17:56:28,780 : INFO : kivy : GL: OpenGL parsed version: 2, 1
2016-08-22 17:56:28,780 : INFO : kivy : GL: Shading version <b'1.20'>
2016-08-22 17:56:28,781 : INFO : kivy : GL: Texture max size <16384>
2016-08-22 17:56:28,781 : INFO : kivy : GL: Texture max units <16>
2016-08-22 17:56:28,789 : DEBUG : kivy : Shader: Fragment compiled successfully
2016-08-22 17:56:28,791 : DEBUG : kivy : Shader: Vertex compiled successfully
2016-08-22 17:56:28,792 : DEBUG : kivy : ImageImageIO: Load </Applications/MPF.app/Contents/Resources/kivy/kivy/data/glsl/default.png>
2016-08-22 17:56:28,794 : INFO : kivy : Window: auto add sdl2 input provider
2016-08-22 17:56:28,795 : INFO : kivy : Window: virtual keyboard not allowed, single mode, not docked
2016-08-22 17:56:28,797 : DEBUG : kivy : Resource: add </Applications/MPF.app/Contents/Frameworks/python/3.5.0/lib/python3.5/site-packages/mpfmc/fonts> in path list
2016-08-22 17:56:28,797 : DEBUG : SoundSystem : Loading the Sound System
2016-08-22 17:56:28,797 : INFO : SoundSystem : SoundSystem: Using default 'sound_system' settings
2016-08-22 17:56:28,815 : INFO : AudioInterface : Initialized 0.30.0
2016-08-22 17:56:28,816 : DEBUG : AudioInterface : Loaded SDL 2.0.4
2016-08-22 17:56:28,816 : DEBUG : AudioInterface : Loaded SDL_Mixer 2.0.0
2016-08-22 17:56:28,816 : DEBUG : AudioInterface : Settings requested - rate: 44100, channels: 1, buffer: 2048 samples
2016-08-22 17:56:28,816 : DEBUG : AudioInterface : Settings in use - rate: 44100, channels: 1, buffer: 2048 samples
2016-08-22 17:56:28,816 : DEBUG : AudioInterface : Silence audio chunk initialized (required for SDL_Mixer callback)
2016-08-22 17:56:28,816 : DEBUG : AudioInterface : SDL_Mixer - Allocated 1 channel for final audio output
2016-08-22 17:56:28,817 : DEBUG : AudioInterface.Track.0.default : Allocated track audio buffer (4096 bytes)
2016-08-22 17:56:28,817 : DEBUG : AudioInterface : The 'default' track has successfully been created.
2016-08-22 17:56:28,817 : DEBUG : AudioInterface : Enabling audio playback
2016-08-22 17:56:28,817 : DEBUG : AssetManager : Initializing...
2016-08-22 17:56:28,818 : DEBUG : Events : Registered AssetManager._create_assets as a handler for 'init_phase_3', priority: 1, kwargs: {}
2016-08-22 17:56:28,818 : DEBUG : Events : Registered AssetManager._bcp_client_asset_load as a handler for 'assets_to_load', priority: 1, kwargs: {}
2016-08-22 17:56:28,818 : DEBUG : Events : Registered BcpProcessor._start_socket_thread as a handler for 'init_done', priority: 1, kwargs: {}
2016-08-22 17:56:28,819 : DEBUG : kivy : App: Loading kv </Applications/MPF.app/Contents/Frameworks/python/3.5.0/lib/python3.5/site-packages/mpfmc/core/mpfmc.kv>
2016-08-22 17:56:28,819 : DEBUG : kivy : App: kv </Applications/MPF.app/Contents/Frameworks/python/3.5.0/lib/python3.5/site-packages/mpfmc/core/mpfmc.kv> not found
2016-08-22 17:56:28,820 : DEBUG : kivy : Base: Create provider from mouse
2016-08-22 17:56:28,820 : INFO : kivy : Base: Start application main loop
2016-08-22 17:56:28,893 : DEBUG : Events : ^^^^ Posted event 'display_window_ready'. Type: None, Callback: None, Args: {}
2016-08-22 17:56:28,894 : DEBUG : Events : ============== EVENTS QUEUE =============
2016-08-22 17:56:28,894 : DEBUG : Events : display_window_ready, None, None, {}
2016-08-22 17:56:28,894 : DEBUG : Events : =========================================
2016-08-22 17:56:28,894 : DEBUG : Events : ^^^^ Processing event 'display_window_ready'. Type: None, Callback: None, Args: {}
2016-08-22 17:56:28,894 : DEBUG : Events : vvvv Finished event 'display_window_ready'. Type: None. Callback: None. Args: {}
2016-08-22 17:56:28,921 : DEBUG : Events : ^^^^ Posted event 'display_window_initialized'. Type: None, Callback: None, Args: {}
2016-08-22 17:56:28,921 : DEBUG : Events : ============== EVENTS QUEUE =============
2016-08-22 17:56:28,921 : DEBUG : Events : display_window_initialized, None, None, {}
2016-08-22 17:56:28,922 : DEBUG : Events : =========================================
2016-08-22 17:56:28,922 : DEBUG : Events : ^^^^ Processing event 'display_window_initialized'. Type: None, Callback: None, Args: {}
2016-08-22 17:56:28,922 : DEBUG : Events : vvvv Finished event 'display_window_initialized'. Type: None. Callback: None. Args: {}
2016-08-22 17:56:28,954 : DEBUG : Events : ^^^^ Posted event 'displays_initialized'. Type: None, Callback: None, Args: {}
2016-08-22 17:56:28,954 : DEBUG : Events : ============== EVENTS QUEUE =============
2016-08-22 17:56:28,954 : DEBUG : Events : displays_initialized, None, None, {}
2016-08-22 17:56:28,954 : DEBUG : Events : =========================================
2016-08-22 17:56:28,955 : DEBUG : Events : ^^^^ Processing event 'displays_initialized'. Type: None, Callback: None, Args: {}
2016-08-22 17:56:28,955 : DEBUG : Events : vvvv Finished event 'displays_initialized'. Type: None. Callback: None. Args: {}
2016-08-22 17:56:28,956 : DEBUG : Events : Registered McConfigPlayer._initialize as a handler for 'init_phase_1', priority: 1, kwargs: {}
2016-08-22 17:56:28,957 : DEBUG : Events : Registered McConfigPlayer._initialize as a handler for 'init_phase_1', priority: 1, kwargs: {}
2016-08-22 17:56:28,957 : DEBUG : Events : Registered McConfigPlayer._initialize as a handler for 'init_phase_1', priority: 1, kwargs: {}
2016-08-22 17:56:28,957 : DEBUG : Events : ^^^^ Posted event 'init_phase_1'. Type: None, Callback: None, Args: {}
2016-08-22 17:56:28,957 : DEBUG : Events : ============== EVENTS QUEUE =============
2016-08-22 17:56:28,958 : DEBUG : Events : init_phase_1, None, None, {}
2016-08-22 17:56:28,958 : DEBUG : Events : =========================================
2016-08-22 17:56:28,958 : DEBUG : Events : ^^^^ Processing event 'init_phase_1'. Type: None, Callback: None, Args: {}
2016-08-22 17:56:28,958 : DEBUG : Events : ConfigCollection.create_entries_from_root_config (priority: 1) responding to event 'init_phase_1' with args {}
2016-08-22 17:56:28,958 : DEBUG : Events : ConfigCollection.create_entries_from_root_config (priority: 1) responding to event 'init_phase_1' with args {}
2016-08-22 17:56:28,958 : DEBUG : Events : ConfigCollection.create_entries_from_root_config (priority: 1) responding to event 'init_phase_1' with args {}
2016-08-22 17:56:28,961 : DEBUG : Events : ConfigCollection.create_entries_from_root_config (priority: 1) responding to event 'init_phase_1' with args {}
2016-08-22 17:56:28,961 : DEBUG : Events : ConfigProcessor._init (priority: 1) responding to event 'init_phase_1' with args {}
2016-08-22 17:56:28,961 : DEBUG : Events : McConfigPlayer._initialize (priority: 1) responding to event 'init_phase_1' with args {}
2016-08-22 17:56:28,961 : DEBUG : Events : Registered McConfigPlayer.play_from_trigger as a handler for 'widgets_play', priority: 1, kwargs: {}
2016-08-22 17:56:28,961 : DEBUG : Events : Registered McConfigPlayer.clear_from_trigger as a handler for 'widgets_clear', priority: 1, kwargs: {}
2016-08-22 17:56:28,961 : DEBUG : Events : McConfigPlayer._initialize (priority: 1) responding to event 'init_phase_1' with args {}
2016-08-22 17:56:28,962 : DEBUG : Events : Registered ConfigPlayer.config_play_callback as a handler for 'mc_ready', priority: 0, kwargs: {'mode': None, 'settings': {'slides': {'welcome_slide': {'target': None, 'action': 'play', 'show': True, 'transition_out': None, 'expire': None, 'persist': False, 'transition': None, 'priority': None, 'force': False}}}}
2016-08-22 17:56:28,962 : DEBUG : Events : Registered ConfigPlayer.config_play_callback as a handler for 'ball_started', priority: 0, kwargs: {'mode': None, 'settings': {'slides': {'ball_started': {'target': None, 'action': 'play', 'show': True, 'transition_out': None, 'expire': None, 'persist': False, 'transition': None, 'priority': None, 'force': False}}}}
2016-08-22 17:56:28,962 : DEBUG : Events : Registered ConfigPlayer.config_play_callback as a handler for 'mode_attract_started', priority: 0, kwargs: {'mode': None, 'settings': {'slides': {'attract_started': {'target': None, 'action': 'play', 'show': True, 'transition_out': None, 'expire': None, 'persist': False, 'transition': None, 'priority': None, 'force': False}}}}
2016-08-22 17:56:28,962 : DEBUG : Events : Registered McConfigPlayer.play_from_trigger as a handler for 'slides_play', priority: 1, kwargs: {}
2016-08-22 17:56:28,962 : DEBUG : Events : Registered McConfigPlayer.clear_from_trigger as a handler for 'slides_clear', priority: 1, kwargs: {}
2016-08-22 17:56:28,962 : DEBUG : Events : McConfigPlayer._initialize (priority: 1) responding to event 'init_phase_1' with args {}
2016-08-22 17:56:28,963 : DEBUG : Events : Registered McConfigPlayer.play_from_trigger as a handler for 'sounds_play', priority: 1, kwargs: {}
2016-08-22 17:56:28,963 : DEBUG : Events : Registered McConfigPlayer.clear_from_trigger as a handler for 'sounds_clear', priority: 1, kwargs: {}
2016-08-22 17:56:28,963 : DEBUG : Events : vvvv Finished event 'init_phase_1'. Type: None. Callback: None. Args: {}
2016-08-22 17:56:28,963 : DEBUG : Events : ^^^^ Posted event 'mc_ready'. Type: None, Callback: None, Args: {}
2016-08-22 17:56:28,963 : DEBUG : Events : ============== EVENTS QUEUE =============
2016-08-22 17:56:28,963 : DEBUG : Events : mc_ready, None, None, {}
2016-08-22 17:56:28,963 : DEBUG : Events : =========================================
2016-08-22 17:56:28,963 : DEBUG : Events : ^^^^ Processing event 'mc_ready'. Type: None, Callback: None, Args: {}
2016-08-22 17:56:28,964 : DEBUG : Events : ConfigPlayer.config_play_callback (priority: 0) responding to event 'mc_ready' with args {'mode': None, 'settings': {'slides': {'welcome_slide': {'target': None, 'action': 'play', 'show': True, 'transition_out': None, 'expire': None, 'persist': False, 'transition': None, 'priority': None, 'force': False}}}}
2016-08-22 17:56:28,966 : DEBUG : kivy : Resource: add </Library/Fonts> in path list
2016-08-22 17:56:28,967 : DEBUG : kivy : Resource: add </System/Library/Fonts> in path list
2016-08-22 17:56:28,967 : DEBUG : kivy : Resource: add </Users/jackbot/Library/Fonts> in path list
2016-08-22 17:56:28,967 : DEBUG : kivy : Resource: add </Applications/MPF.app/Contents/Resources/kivy/kivy/data/fonts> in path list
2016-08-22 17:56:28,968 : INFO : kivy : GL: NPOT texture support is available
2016-08-22 17:56:28,969 : DEBUG : Events : vvvv Finished event 'mc_ready'. Type: None. Callback: None. Args: {}
2016-08-22 17:56:28,969 : DEBUG : Events : ^^^^ Posted event 'init_phase_2'. Type: None, Callback: None, Args: {}
2016-08-22 17:56:28,969 : DEBUG : Events : ============== EVENTS QUEUE =============
2016-08-22 17:56:28,970 : DEBUG : Events : init_phase_2, None, None, {}
2016-08-22 17:56:28,970 : DEBUG : Events : =========================================
2016-08-22 17:56:28,970 : DEBUG : Events : ^^^^ Processing event 'init_phase_2'. Type: None, Callback: None, Args: {}
2016-08-22 17:56:28,970 : DEBUG : Events : ModeController._load_modes (priority: 1) responding to event 'init_phase_2' with args {}
2016-08-22 17:56:28,970 : DEBUG : ModeController : Found MPF Mode folders: {'attract': 'attract', 'credits': 'credits', 'game': 'game', 'carousel': 'carousel', 'high_score': 'high_score', 'tilt': 'tilt', 'bonus': 'bonus'}
2016-08-22 17:56:28,970 : DEBUG : ModeController : Found Machine-specific Mode folders: {}
2016-08-22 17:56:28,973 : DEBUG : Events : vvvv Finished event 'init_phase_2'. Type: None. Callback: None. Args: {}
2016-08-22 17:56:28,973 : DEBUG : Events : ^^^^ Posted event 'init_phase_3'. Type: None, Callback: None, Args: {}
2016-08-22 17:56:28,974 : DEBUG : Events : ============== EVENTS QUEUE =============
2016-08-22 17:56:28,974 : DEBUG : Events : init_phase_3, None, None, {}
2016-08-22 17:56:28,974 : DEBUG : Events : =========================================
2016-08-22 17:56:28,974 : DEBUG : Events : ^^^^ Processing event 'init_phase_3'. Type: None, Callback: None, Args: {}
2016-08-22 17:56:28,974 : DEBUG : Events : AssetManager._create_assets (priority: 1) responding to event 'init_phase_3' with args {}
2016-08-22 17:56:28,974 : DEBUG : AssetManager : Processing assets from base folder: /Users/jackbot/pinball/taxi/images
2016-08-22 17:56:28,974 : DEBUG : AssetManager : Processing assets from base folder: /Users/jackbot/pinball/taxi/videos
2016-08-22 17:56:28,974 : DEBUG : AssetManager : Processing assets from base folder: /Users/jackbot/pinball/taxi/sounds
2016-08-22 17:56:28,974 : DEBUG : AssetManager : Processing assets from base folder: /Applications/MPF.app/Contents/Frameworks/python/3.5.0/lib/python3.5/site-packages/mpf/modes/attract/images
2016-08-22 17:56:28,975 : DEBUG : AssetManager : Processing assets from base folder: /Applications/MPF.app/Contents/Frameworks/python/3.5.0/lib/python3.5/site-packages/mpf/modes/attract/videos
2016-08-22 17:56:28,975 : DEBUG : AssetManager : Processing assets from base folder: /Applications/MPF.app/Contents/Frameworks/python/3.5.0/lib/python3.5/site-packages/mpf/modes/attract/sounds
2016-08-22 17:56:28,975 : DEBUG : AssetManager : Processing assets from base folder: /Applications/MPF.app/Contents/Frameworks/python/3.5.0/lib/python3.5/site-packages/mpf/modes/game/images
2016-08-22 17:56:28,975 : DEBUG : AssetManager : Processing assets from base folder: /Applications/MPF.app/Contents/Frameworks/python/3.5.0/lib/python3.5/site-packages/mpf/modes/game/videos
2016-08-22 17:56:28,975 : DEBUG : AssetManager : Processing assets from base folder: /Applications/MPF.app/Contents/Frameworks/python/3.5.0/lib/python3.5/site-packages/mpf/modes/game/sounds
2016-08-22 17:56:28,975 : DEBUG : Events : vvvv Finished event 'init_phase_3'. Type: None. Callback: None. Args: {}
2016-08-22 17:56:28,975 : DEBUG : Events : ^^^^ Posted event 'init_phase_4'. Type: None, Callback: None, Args: {}
2016-08-22 17:56:28,975 : DEBUG : Events : ============== EVENTS QUEUE =============
2016-08-22 17:56:28,976 : DEBUG : Events : init_phase_4, None, None, {}
2016-08-22 17:56:28,976 : DEBUG : Events : =========================================
2016-08-22 17:56:28,976 : DEBUG : Events : ^^^^ Processing event 'init_phase_4'. Type: None, Callback: None, Args: {}
2016-08-22 17:56:28,976 : DEBUG : Events : vvvv Finished event 'init_phase_4'. Type: None. Callback: None. Args: {}
2016-08-22 17:56:28,976 : DEBUG : Events : ^^^^ Posted event 'init_phase_5'. Type: None, Callback: None, Args: {}
2016-08-22 17:56:28,976 : DEBUG : Events : ============== EVENTS QUEUE =============
2016-08-22 17:56:28,976 : DEBUG : Events : init_phase_5, None, None, {}
2016-08-22 17:56:28,976 : DEBUG : Events : =========================================
2016-08-22 17:56:28,976 : DEBUG : Events : ^^^^ Processing event 'init_phase_5'. Type: None, Callback: None, Args: {}
2016-08-22 17:56:28,977 : DEBUG : Events : vvvv Finished event 'init_phase_5'. Type: None. Callback: None. Args: {}
2016-08-22 17:56:28,977 : DEBUG : Events : ^^^^ Posted event 'init_done'. Type: None, Callback: None, Args: {}
2016-08-22 17:56:28,977 : DEBUG : Events : ============== EVENTS QUEUE =============
2016-08-22 17:56:28,977 : DEBUG : Events : init_done, None, None, {}
2016-08-22 17:56:28,977 : DEBUG : Events : =========================================
2016-08-22 17:56:28,977 : DEBUG : Events : ^^^^ Processing event 'init_done'. Type: None, Callback: None, Args: {}
2016-08-22 17:56:28,977 : DEBUG : Events : BcpProcessor._start_socket_thread (priority: 1) responding to event 'init_done' with args {}
2016-08-22 17:56:28,977 : INFO : MPF-MC BCP Server : Starting up on localhost port 5050
2016-08-22 17:56:28,979 : INFO : MPF-MC BCP Server : Waiting for a connection...
2016-08-22 17:56:28,979 : DEBUG : Events : vvvv Finished event 'init_done'. Type: None. Callback: None. Args: {}
2016-08-22 17:56:28,979 : DEBUG : Events : ^^^^ Posted event 'client_disconnected'. Type: None, Callback: None, Args: {'host': '127.0.0.1', 'port': 5050}
2016-08-22 17:56:28,979 : DEBUG : Events : ^^^^ Posted event 'mc_reset_phase_1'. Type: None, Callback: None, Args: {}
2016-08-22 17:56:28,979 : DEBUG : Events : ============== EVENTS QUEUE =============
2016-08-22 17:56:28,979 : DEBUG : Events : ============== EVENTS QUEUE =============
2016-08-22 17:56:28,980 : DEBUG : Events : client_disconnected, None, None, {'host': '127.0.0.1', 'port': 5050}
2016-08-22 17:56:28,980 : DEBUG : Events : client_disconnected, None, None, {'host': '127.0.0.1', 'port': 5050}
2016-08-22 17:56:28,980 : DEBUG : Events : mc_reset_phase_1, None, None, {}
2016-08-22 17:56:28,980 : DEBUG : Events : mc_reset_phase_1, None, None, {}
2016-08-22 17:56:28,980 : DEBUG : Events : =========================================
2016-08-22 17:56:28,980 : DEBUG : Events : =========================================
2016-08-22 17:56:28,980 : DEBUG : Events : ^^^^ Processing event 'client_disconnected'. Type: None, Callback: None, Args: {'host': '127.0.0.1', 'port': 5050}
2016-08-22 17:56:28,981 : DEBUG : Events : vvvv Finished event 'client_disconnected'. Type: None. Callback: None. Args: {'host': '127.0.0.1', 'port': 5050}
2016-08-22 17:56:28,981 : DEBUG : Events : ^^^^ Processing event 'mc_reset_phase_1'. Type: None, Callback: None, Args: {}
2016-08-22 17:56:28,981 : DEBUG : Events : vvvv Finished event 'mc_reset_phase_1'. Type: None. Callback: None. Args: {}
2016-08-22 17:56:28,981 : DEBUG : Events : ^^^^ Posted event 'mc_reset_phase_2'. Type: None, Callback: None, Args: {}
2016-08-22 17:56:28,981 : DEBUG : Events : ============== EVENTS QUEUE =============
2016-08-22 17:56:28,981 : DEBUG : Events : mc_reset_phase_2, None, None, {}
2016-08-22 17:56:28,981 : DEBUG : Events : =========================================
2016-08-22 17:56:28,981 : DEBUG : Events : ^^^^ Processing event 'mc_reset_phase_2'. Type: None, Callback: None, Args: {}
2016-08-22 17:56:28,981 : DEBUG : Events : vvvv Finished event 'mc_reset_phase_2'. Type: None. Callback: None. Args: {}
2016-08-22 17:56:28,981 : DEBUG : Events : ^^^^ Posted event 'mc_reset_phase_3'. Type: None, Callback: None, Args: {}
2016-08-22 17:56:28,982 : DEBUG : Events : ============== EVENTS QUEUE =============
2016-08-22 17:56:28,982 : DEBUG : Events : mc_reset_phase_3, None, None, {}
2016-08-22 17:56:28,982 : DEBUG : Events : =========================================
2016-08-22 17:56:28,982 : DEBUG : Events : ^^^^ Processing event 'mc_reset_phase_3'. Type: None, Callback: None, Args: {}
2016-08-22 17:56:28,982 : DEBUG : Events : vvvv Finished event 'mc_reset_phase_3'. Type: None. Callback: None. Args: {}
2016-08-22 17:56:29,078 : INFO : MPF-MC BCP Server : Received connection from: 127.0.0.1:50666
2016-08-22 17:56:29,078 : DEBUG : Events : ^^^^ Posted event 'client_connected'. Type: None, Callback: None, Args: {'address': '127.0.0.1', 'port': 50666}
2016-08-22 17:56:29,078 : DEBUG : Events : ============== EVENTS QUEUE =============
2016-08-22 17:56:29,079 : DEBUG : Events : client_connected, None, None, {'address': '127.0.0.1', 'port': 50666}
2016-08-22 17:56:29,079 : DEBUG : Events : =========================================
2016-08-22 17:56:29,080 : DEBUG : MPF-MC BCP Server : Received "hello?controller_version=0.30.26&controller_name=Mission%20Pinball%20Framework&version=1.0"
2016-08-22 17:56:29,082 : DEBUG : MPF-MC BCP Server : Received "machine_variable?value=FREE%20PLAY&name=credits_string"
2016-08-22 17:56:29,082 : DEBUG : MPF-MC BCP Server : Received "machine_variable?value=int:0&name=player1_score"
2016-08-22 17:56:29,082 : DEBUG : MPF-MC BCP Server : Received "reset"
2016-08-22 17:56:29,084 : DEBUG : MPF-MC BCP Server : Received "mode_start?name=attract&priority=int:10"
2016-08-22 17:56:29,087 : DEBUG : MPF-MC BCP Server : Received "trigger?name=mode_attract_started"
2016-08-22 17:56:29,103 : DEBUG : BcpProcessor : Processing command: hello {'controller_version': '0.30.26', 'controller_name': 'Mission Pinball Framework', 'version': '1.0'}
2016-08-22 17:56:29,104 : DEBUG : BcpProcessor : Processing command: machine_variable {'value': 'FREE PLAY', 'name': 'credits_string'}
2016-08-22 17:56:29,104 : DEBUG : mpfmc : Setting machine_var 'credits_string' to: FREE PLAY, (prior: None, change: True)
2016-08-22 17:56:29,104 : DEBUG : Events : ^^^^ Posted event 'machine_var_credits_string'. Type: None, Callback: None, Args: {'prev_value': None, 'value': 'FREE PLAY', 'change': True}
2016-08-22 17:56:29,105 : DEBUG : Events : ============== EVENTS QUEUE =============
2016-08-22 17:56:29,105 : DEBUG : Events : client_connected, None, None, {'address': '127.0.0.1', 'port': 50666}
2016-08-22 17:56:29,105 : DEBUG : Events : machine_var_credits_string, None, None, {'prev_value': None, 'value': 'FREE PLAY', 'change': True}
2016-08-22 17:56:29,105 : DEBUG : Events : =========================================
2016-08-22 17:56:29,105 : DEBUG : BcpProcessor : Processing command: machine_variable {'value': 0, 'name': 'player1_score'}
2016-08-22 17:56:29,106 : DEBUG : mpfmc : Setting machine_var 'player1_score' to: 0, (prior: None, change: True)
2016-08-22 17:56:29,106 : DEBUG : Events : ^^^^ Posted event 'machine_var_player1_score'. Type: None, Callback: None, Args: {'prev_value': None, 'value': 0, 'change': True}
2016-08-22 17:56:29,106 : DEBUG : Events : ============== EVENTS QUEUE =============
2016-08-22 17:56:29,106 : DEBUG : Events : client_connected, None, None, {'address': '127.0.0.1', 'port': 50666}
2016-08-22 17:56:29,106 : DEBUG : Events : machine_var_credits_string, None, None, {'prev_value': None, 'value': 'FREE PLAY', 'change': True}
2016-08-22 17:56:29,106 : DEBUG : Events : machine_var_player1_score, None, None, {'prev_value': None, 'value': 0, 'change': True}
2016-08-22 17:56:29,107 : DEBUG : Events : =========================================
2016-08-22 17:56:29,107 : DEBUG : BcpProcessor : Processing command: reset {}
2016-08-22 17:56:29,107 : DEBUG : Events : ^^^^ Posted event 'mc_reset_phase_1'. Type: None, Callback: None, Args: {}
2016-08-22 17:56:29,107 : DEBUG : Events : ============== EVENTS QUEUE =============
2016-08-22 17:56:29,107 : DEBUG : Events : client_connected, None, None, {'address': '127.0.0.1', 'port': 50666}
2016-08-22 17:56:29,108 : DEBUG : Events : machine_var_credits_string, None, None, {'prev_value': None, 'value': 'FREE PLAY', 'change': True}
2016-08-22 17:56:29,108 : DEBUG : Events : machine_var_player1_score, None, None, {'prev_value': None, 'value': 0, 'change': True}
2016-08-22 17:56:29,108 : DEBUG : Events : mc_reset_phase_1, None, None, {}
2016-08-22 17:56:29,108 : DEBUG : Events : =========================================
2016-08-22 17:56:29,108 : DEBUG : Events : ^^^^ Processing event 'client_connected'. Type: None, Callback: None, Args: {'address': '127.0.0.1', 'port': 50666}
2016-08-22 17:56:29,108 : DEBUG : Events : vvvv Finished event 'client_connected'. Type: None. Callback: None. Args: {'address': '127.0.0.1', 'port': 50666}
2016-08-22 17:56:29,109 : DEBUG : Events : ^^^^ Processing event 'machine_var_credits_string'. Type: None, Callback: None, Args: {'prev_value': None, 'value': 'FREE PLAY', 'change': True}
2016-08-22 17:56:29,109 : DEBUG : Events : vvvv Finished event 'machine_var_credits_string'. Type: None. Callback: None. Args: {'prev_value': None, 'value': 'FREE PLAY', 'change': True}
2016-08-22 17:56:29,109 : DEBUG : Events : ^^^^ Processing event 'machine_var_player1_score'. Type: None, Callback: None, Args: {'prev_value': None, 'value': 0, 'change': True}
2016-08-22 17:56:29,109 : DEBUG : Events : vvvv Finished event 'machine_var_player1_score'. Type: None. Callback: None. Args: {'prev_value': None, 'value': 0, 'change': True}
2016-08-22 17:56:29,109 : DEBUG : Events : ^^^^ Processing event 'mc_reset_phase_1'. Type: None, Callback: None, Args: {}
2016-08-22 17:56:29,109 : DEBUG : Events : vvvv Finished event 'mc_reset_phase_1'. Type: None. Callback: None. Args: {}
2016-08-22 17:56:29,109 : DEBUG : Events : ^^^^ Posted event 'mc_reset_phase_2'. Type: None, Callback: None, Args: {}
2016-08-22 17:56:29,110 : DEBUG : Events : ============== EVENTS QUEUE =============
2016-08-22 17:56:29,110 : DEBUG : Events : mc_reset_phase_2, None, None, {}
2016-08-22 17:56:29,110 : DEBUG : Events : =========================================
2016-08-22 17:56:29,110 : DEBUG : Events : ^^^^ Processing event 'mc_reset_phase_2'. Type: None, Callback: None, Args: {}
2016-08-22 17:56:29,110 : DEBUG : Events : vvvv Finished event 'mc_reset_phase_2'. Type: None. Callback: None. Args: {}
2016-08-22 17:56:29,110 : DEBUG : Events : ^^^^ Posted event 'mc_reset_phase_3'. Type: None, Callback: None, Args: {}
2016-08-22 17:56:29,110 : DEBUG : Events : ============== EVENTS QUEUE =============
2016-08-22 17:56:29,110 : DEBUG : Events : mc_reset_phase_3, None, None, {}
2016-08-22 17:56:29,111 : DEBUG : Events : =========================================
2016-08-22 17:56:29,111 : DEBUG : Events : ^^^^ Processing event 'mc_reset_phase_3'. Type: None, Callback: None, Args: {}
2016-08-22 17:56:29,111 : DEBUG : Events : vvvv Finished event 'mc_reset_phase_3'. Type: None. Callback: None. Args: {}
2016-08-22 17:56:29,111 : DEBUG : BcpProcessor : Processing command: mode_start {'name': 'attract', 'priority': 10}
2016-08-22 17:56:29,111 : DEBUG : Mode.attract : Mode Start. Priority: 10
2016-08-22 17:56:29,111 : DEBUG : BcpProcessor : Processing command: trigger {'name': 'mode_attract_started'}
2016-08-22 17:56:29,111 : DEBUG : Events : ^^^^ Posted event 'mode_attract_started'. Type: None, Callback: None, Args: {}
2016-08-22 17:56:29,112 : DEBUG : Events : ============== EVENTS QUEUE =============
2016-08-22 17:56:29,112 : DEBUG : Events : mode_attract_started, None, None, {}
2016-08-22 17:56:29,112 : DEBUG : Events : =========================================
2016-08-22 17:56:29,112 : DEBUG : Events : ^^^^ Processing event 'mode_attract_started'. Type: None, Callback: None, Args: {}
2016-08-22 17:56:29,112 : DEBUG : Events : ConfigPlayer.config_play_callback (priority: 0) responding to event 'mode_attract_started' with args {'mode': None, 'settings': {'slides': {'attract_started': {'target': None, 'action': 'play', 'show': True, 'transition_out': None, 'expire': None, 'persist': False, 'transition': None, 'priority': None, 'force': False}}}}
2016-08-22 17:56:29,115 : DEBUG : Events : vvvv Finished event 'mode_attract_started'. Type: None. Callback: None. Args: {}
2016-08-22 17:56:34,437 : DEBUG : MPF-MC BCP Server : Received "mode_start?name=game&priority=int:20"
2016-08-22 17:56:34,439 : DEBUG : MPF-MC BCP Server : Received "mode_stop?name=attract"
2016-08-22 17:56:34,439 : DEBUG : MPF-MC BCP Server : Received "trigger?key=attract&name=clear"
2016-08-22 17:56:34,445 : DEBUG : MPF-MC BCP Server : Received "machine_variable?prev_value=int:0&value=int:0&name=player1_score&change=int:0"
2016-08-22 17:56:34,446 : DEBUG : MPF-MC BCP Server : Received "trigger?player=%3CPlayer%201%3E&name=player_add_success&num=int:1"
2016-08-22 17:56:34,447 : DEBUG : MPF-MC BCP Server : Received "player_added?player_num=int:1"
2016-08-22 17:56:34,447 : DEBUG : MPF-MC BCP Server : Received "player_turn_start?player_num=1"
2016-08-22 17:56:34,448 : DEBUG : MPF-MC BCP Server : Received "player_variable?prev_value=int:0&value=int:1&player_num=int:1&name=ball&change=int:1"
2016-08-22 17:56:34,453 : DEBUG : MPF-MC BCP Server : Received "trigger?player=int:1&ball=int:1&name=ball_started"
2016-08-22 17:56:34,454 : DEBUG : BcpProcessor : Processing command: mode_start {'name': 'game', 'priority': 20}
2016-08-22 17:56:34,454 : DEBUG : Events : ^^^^ Posted event 'game_started'. Type: None, Callback: None, Args: {}
2016-08-22 17:56:34,455 : DEBUG : Events : ============== EVENTS QUEUE =============
2016-08-22 17:56:34,455 : DEBUG : Events : game_started, None, None, {}
2016-08-22 17:56:34,455 : DEBUG : Events : =========================================
2016-08-22 17:56:34,455 : DEBUG : Mode.game : Mode Start. Priority: 20
2016-08-22 17:56:34,455 : DEBUG : BcpProcessor : Processing command: mode_stop {'name': 'attract'}
2016-08-22 17:56:34,455 : DEBUG : Mode.attract : Mode Stop.
2016-08-22 17:56:34,455 : DEBUG : BcpProcessor : Processing command: trigger {'key': 'attract', 'name': 'clear'}
2016-08-22 17:56:34,455 : DEBUG : Events : ^^^^ Posted event 'clear'. Type: None, Callback: None, Args: {'key': 'attract'}
2016-08-22 17:56:34,456 : DEBUG : Events : ============== EVENTS QUEUE =============
2016-08-22 17:56:34,456 : DEBUG : Events : game_started, None, None, {}
2016-08-22 17:56:34,456 : DEBUG : Events : clear, None, None, {'key': 'attract'}
2016-08-22 17:56:34,456 : DEBUG : Events : =========================================
2016-08-22 17:56:34,456 : DEBUG : BcpProcessor : Processing command: machine_variable {'prev_value': 0, 'value': 0, 'name': 'player1_score', 'change': 0}
2016-08-22 17:56:34,456 : DEBUG : BcpProcessor : Processing command: trigger {'player': '<Player 1>', 'name': 'player_add_success', 'num': 1}
2016-08-22 17:56:34,456 : DEBUG : Events : ^^^^ Posted event 'player_add_success'. Type: None, Callback: None, Args: {'player': '<Player 1>', 'num': 1}
2016-08-22 17:56:34,456 : DEBUG : Events : ============== EVENTS QUEUE =============
2016-08-22 17:56:34,456 : DEBUG : Events : game_started, None, None, {}
2016-08-22 17:56:34,456 : DEBUG : Events : clear, None, None, {'key': 'attract'}
2016-08-22 17:56:34,457 : DEBUG : Events : player_add_success, None, None, {'player': '<Player 1>', 'num': 1}
2016-08-22 17:56:34,457 : DEBUG : Events : =========================================
2016-08-22 17:56:34,457 : DEBUG : BcpProcessor : Processing command: player_added {'player_num': 1}
2016-08-22 17:56:34,457 : DEBUG : Player : Creating new player: Player 1. (player index '0')
2016-08-22 17:56:34,457 : DEBUG : Events : ^^^^ Posted event 'player_add_success'. Type: None, Callback: <bound method Player._player_add_done of <Player 1>>, Args: {'player': <Player 1>, 'num': 1}
2016-08-22 17:56:34,457 : DEBUG : Events : ============== EVENTS QUEUE =============
2016-08-22 17:56:34,457 : DEBUG : Events : game_started, None, None, {}
2016-08-22 17:56:34,457 : DEBUG : Events : clear, None, None, {'key': 'attract'}
2016-08-22 17:56:34,457 : DEBUG : Events : player_add_success, None, None, {'player': '<Player 1>', 'num': 1}
2016-08-22 17:56:34,457 : DEBUG : Events : player_add_success, None, <bound method Player._player_add_done of <Player 1>>, {'player': <Player 1>, 'num': 1}
2016-08-22 17:56:34,457 : DEBUG : Events : =========================================
2016-08-22 17:56:34,458 : DEBUG : Events : ^^^^ Posted event 'player_add_success'. Type: None, Callback: None, Args: {'player': <Player 1>, 'num': 1}
2016-08-22 17:56:34,458 : DEBUG : Events : ============== EVENTS QUEUE =============
2016-08-22 17:56:34,458 : DEBUG : Events : game_started, None, None, {}
2016-08-22 17:56:34,458 : DEBUG : Events : clear, None, None, {'key': 'attract'}
2016-08-22 17:56:34,458 : DEBUG : Events : player_add_success, None, None, {'player': '<Player 1>', 'num': 1}
2016-08-22 17:56:34,458 : DEBUG : Events : player_add_success, None, <bound method Player._player_add_done of <Player 1>>, {'player': <Player 1>, 'num': 1}
2016-08-22 17:56:34,458 : DEBUG : Events : player_add_success, None, None, {'player': <Player 1>, 'num': 1}
2016-08-22 17:56:34,458 : DEBUG : Events : =========================================
2016-08-22 17:56:34,458 : DEBUG : BcpProcessor : Processing command: player_turn_start {'player_num': '1'}
2016-08-22 17:56:34,458 : DEBUG : Events : ^^^^ Posted event 'player_turn_start'. Type: None, Callback: None, Args: {'number': 1, 'player': <Player 1>}
2016-08-22 17:56:34,458 : DEBUG : Events : ============== EVENTS QUEUE =============
2016-08-22 17:56:34,459 : DEBUG : Events : game_started, None, None, {}
2016-08-22 17:56:34,459 : DEBUG : Events : clear, None, None, {'key': 'attract'}
2016-08-22 17:56:34,459 : DEBUG : Events : player_add_success, None, None, {'player': '<Player 1>', 'num': 1}
2016-08-22 17:56:34,459 : DEBUG : Events : player_add_success, None, <bound method Player._player_add_done of <Player 1>>, {'player': <Player 1>, 'num': 1}
2016-08-22 17:56:34,459 : DEBUG : Events : player_add_success, None, None, {'player': <Player 1>, 'num': 1}
2016-08-22 17:56:34,459 : DEBUG : Events : player_turn_start, None, None, {'number': 1, 'player': <Player 1>}
2016-08-22 17:56:34,459 : DEBUG : Events : =========================================
2016-08-22 17:56:34,459 : DEBUG : BcpProcessor : Processing command: player_variable {'prev_value': 0, 'player_num': 1, 'value': 1, 'name': 'ball', 'change': 1}
2016-08-22 17:56:34,459 : DEBUG : Player : Setting 'ball' to: 1, (prior: 0, change: 1)
2016-08-22 17:56:34,459 : DEBUG : Events : ^^^^ Posted event 'player_ball'. Type: None, Callback: None, Args: {'prev_value': 0, 'player_num': 1, 'value': 1, 'change': 1}
2016-08-22 17:56:34,459 : DEBUG : Events : ============== EVENTS QUEUE =============
2016-08-22 17:56:34,460 : DEBUG : Events : game_started, None, None, {}
2016-08-22 17:56:34,460 : DEBUG : Events : clear, None, None, {'key': 'attract'}
2016-08-22 17:56:34,460 : DEBUG : Events : player_add_success, None, None, {'player': '<Player 1>', 'num': 1}
2016-08-22 17:56:34,460 : DEBUG : Events : player_add_success, None, <bound method Player._player_add_done of <Player 1>>, {'player': <Player 1>, 'num': 1}
2016-08-22 17:56:34,460 : DEBUG : Events : player_add_success, None, None, {'player': <Player 1>, 'num': 1}
2016-08-22 17:56:34,460 : DEBUG : Events : player_turn_start, None, None, {'number': 1, 'player': <Player 1>}
2016-08-22 17:56:34,460 : DEBUG : Events : player_ball, None, None, {'prev_value': 0, 'player_num': 1, 'value': 1, 'change': 1}
2016-08-22 17:56:34,460 : DEBUG : Events : =========================================
2016-08-22 17:56:34,460 : DEBUG : BcpProcessor : Processing command: trigger {'player': 1, 'ball': 1, 'name': 'ball_started'}
2016-08-22 17:56:34,460 : DEBUG : Events : ^^^^ Posted event 'ball_started'. Type: None, Callback: None, Args: {'player': 1, 'ball': 1}
2016-08-22 17:56:34,460 : DEBUG : Events : ============== EVENTS QUEUE =============
2016-08-22 17:56:34,461 : DEBUG : Events : game_started, None, None, {}
2016-08-22 17:56:34,461 : DEBUG : Events : clear, None, None, {'key': 'attract'}
2016-08-22 17:56:34,461 : DEBUG : Events : player_add_success, None, None, {'player': '<Player 1>', 'num': 1}
2016-08-22 17:56:34,461 : DEBUG : Events : player_add_success, None, <bound method Player._player_add_done of <Player 1>>, {'player': <Player 1>, 'num': 1}
2016-08-22 17:56:34,461 : DEBUG : Events : player_add_success, None, None, {'player': <Player 1>, 'num': 1}
2016-08-22 17:56:34,461 : DEBUG : Events : player_turn_start, None, None, {'number': 1, 'player': <Player 1>}
2016-08-22 17:56:34,461 : DEBUG : Events : player_ball, None, None, {'prev_value': 0, 'player_num': 1, 'value': 1, 'change': 1}
2016-08-22 17:56:34,461 : DEBUG : Events : ball_started, None, None, {'player': 1, 'ball': 1}
2016-08-22 17:56:34,461 : DEBUG : Events : =========================================
2016-08-22 17:56:34,461 : DEBUG : Events : ^^^^ Processing event 'game_started'. Type: None, Callback: None, Args: {}
2016-08-22 17:56:34,462 : DEBUG : Events : vvvv Finished event 'game_started'. Type: None. Callback: None. Args: {}
2016-08-22 17:56:34,462 : DEBUG : Events : ^^^^ Processing event 'clear'. Type: None, Callback: None, Args: {'key': 'attract'}
2016-08-22 17:56:34,462 : DEBUG : Events : vvvv Finished event 'clear'. Type: None. Callback: None. Args: {'key': 'attract'}
2016-08-22 17:56:34,462 : DEBUG : Events : ^^^^ Processing event 'player_add_success'. Type: None, Callback: None, Args: {'player': '<Player 1>', 'num': 1}
2016-08-22 17:56:34,462 : DEBUG : Events : vvvv Finished event 'player_add_success'. Type: None. Callback: None. Args: {'player': '<Player 1>', 'num': 1}
2016-08-22 17:56:34,462 : DEBUG : Events : ^^^^ Processing event 'player_add_success'. Type: None, Callback: <bound method Player._player_add_done of <Player 1>>, Args: {'player': <Player 1>, 'num': 1}
2016-08-22 17:56:34,462 : DEBUG : Events : vvvv Finished event 'player_add_success'. Type: None. Callback: <bound method Player._player_add_done of <Player 1>>. Args: {'player': <Player 1>, 'num': 1}
2016-08-22 17:56:34,462 : DEBUG : Events : ^^^^ Processing event 'player_add_success'. Type: None, Callback: None, Args: {'player': <Player 1>, 'num': 1}
2016-08-22 17:56:34,462 : DEBUG : Events : vvvv Finished event 'player_add_success'. Type: None. Callback: None. Args: {'player': <Player 1>, 'num': 1}
2016-08-22 17:56:34,462 : DEBUG : Events : ^^^^ Processing event 'player_turn_start'. Type: None, Callback: None, Args: {'number': 1, 'player': <Player 1>}
2016-08-22 17:56:34,462 : DEBUG : Events : vvvv Finished event 'player_turn_start'. Type: None. Callback: None. Args: {'number': 1, 'player': <Player 1>}
2016-08-22 17:56:34,463 : DEBUG : Events : ^^^^ Processing event 'player_ball'. Type: None, Callback: None, Args: {'prev_value': 0, 'player_num': 1, 'value': 1, 'change': 1}
2016-08-22 17:56:34,463 : DEBUG : Events : vvvv Finished event 'player_ball'. Type: None. Callback: None. Args: {'prev_value': 0, 'player_num': 1, 'value': 1, 'change': 1}
2016-08-22 17:56:34,463 : DEBUG : Events : ^^^^ Processing event 'ball_started'. Type: None, Callback: None, Args: {'player': 1, 'ball': 1}
2016-08-22 17:56:34,463 : DEBUG : Events : ConfigPlayer.config_play_callback (priority: 0) responding to event 'ball_started' with args {'mode': None, 'ball': 1, 'player': 1, 'settings': {'slides': {'ball_started': {'target': None, 'action': 'play', 'show': True, 'transition_out': None, 'expire': None, 'persist': False, 'transition': None, 'priority': None, 'force': False}}}}
2016-08-22 17:56:34,464 : DEBUG : Events : Registered Text._player_var_change as a handler for 'player_number', priority: 1, kwargs: {}
2016-08-22 17:56:34,464 : DEBUG : Events : Registered Text._player_var_change as a handler for 'player_turn_start', priority: 1, kwargs: {}
2016-08-22 17:56:34,464 : DEBUG : Events : Registered Text._player_var_change as a handler for 'player_ball', priority: 1, kwargs: {}
2016-08-22 17:56:34,465 : DEBUG : Events : Registered Text._player_var_change as a handler for 'player_turn_start', priority: 1, kwargs: {}
2016-08-22 17:56:34,465 : DEBUG : Events : Registered Text._player_var_change as a handler for 'player_number', priority: 1, kwargs: {}
2016-08-22 17:56:34,465 : DEBUG : Events : Registered Text._player_var_change as a handler for 'player_turn_start', priority: 1, kwargs: {}
2016-08-22 17:56:34,465 : DEBUG : Events : vvvv Finished event 'ball_started'. Type: None. Callback: None. Args: {'player': 1, 'ball': 1}
2016-08-22 17:56:34,466 : DEBUG : Player : Setting 'score' to: 0, (prior: 0, change: 0)
2016-08-22 17:56:34,466 : DEBUG : Events : ^^^^ Posted event 'player_score'. Type: None, Callback: None, Args: {'prev_value': 0, 'player_num': 1, 'value': 0, 'change': 0}
2016-08-22 17:56:34,466 : DEBUG : Events : ============== EVENTS QUEUE =============
2016-08-22 17:56:34,466 : DEBUG : Events : player_score, None, None, {'prev_value': 0, 'player_num': 1, 'value': 0, 'change': 0}
2016-08-22 17:56:34,466 : DEBUG : Events : =========================================
2016-08-22 17:56:34,466 : DEBUG : Events : ^^^^ Processing event 'player_score'. Type: None, Callback: None, Args: {'prev_value': 0, 'player_num': 1, 'value': 0, 'change': 0}
2016-08-22 17:56:34,466 : DEBUG : Events : vvvv Finished event 'player_score'. Type: None. Callback: None. Args: {'prev_value': 0, 'player_num': 1, 'value': 0, 'change': 0}
2016-08-22 17:56:40,876 : INFO : kivy : Base: Leaving application in progress...
2016-08-22 17:56:40,907 : INFO : mpfmc : Stopping...
2016-08-22 17:56:40,908 : INFO : mpfmc : Loop rate 32.84Hz
2016-08-22 17:56:40,908 : INFO : kivy : MC run loop ended.
2016-08-22 17:56:40,908 : INFO : kivy : Stopping child threads... (3 remaining)
2016-08-22 17:56:41,448 : INFO : MPF-MC BCP Server : Stopping BCP sending thread
2016-08-22 17:56:41,916 : INFO : kivy : All child threads stopped.
