2016-08-24 11:25:05,344 : INFO : kivy : Factory: 179 symbols loaded
2016-08-24 11:25:05,346 : DEBUG : kivy : Cache: register <kv.lang> with limit=None, timeout=None
2016-08-24 11:25:05,437 : DEBUG : kivy : Cache: register <kv.image> with limit=None, timeout=60
2016-08-24 11:25:05,437 : DEBUG : kivy : Cache: register <kv.atlas> with limit=None, timeout=None
2016-08-24 11:25:05,470 : INFO : kivy : Image: Providers: img_tex, img_imageio, img_dds, img_gif, img_sdl2 (img_pil, img_ffpyplayer ignored)
2016-08-24 11:25:05,471 : DEBUG : kivy : Cache: register <kv.texture> with limit=1000, timeout=60
2016-08-24 11:25:05,471 : DEBUG : kivy : Cache: register <kv.shader> with limit=1000, timeout=3600
2016-08-24 11:25:05,668 : INFO : kivy : VideoGstplayer: Using Gstreamer 1.4.5.0
2016-08-24 11:25:05,669 : INFO : kivy : Video: Provider: gstplayer
2016-08-24 11:25:05,692 : INFO : kivy : Loading MPF-MC controller
2016-08-24 11:25:05,693 : INFO : mpfmc : Mission Pinball Framework Media Controller v0.30.1
2016-08-24 11:25:05,694 : INFO : mpfmc : Machine path: /Users/jackbot/pinball/taxi
2016-08-24 11:25:05,694 : INFO : mpfmc : Starting clock at 30.0Hz
2016-08-24 11:25:05,694 : DEBUG : Events : Registered ModeController._load_modes as a handler for 'init_phase_2', priority: 1, kwargs: {}
2016-08-24 11:25:05,705 : INFO : kivy : Text: Provider: sdl2
2016-08-24 11:25:05,716 : DEBUG : Events : Registered ConfigCollection.create_entries_from_root_config as a handler for 'init_phase_1', priority: 1, kwargs: {}
2016-08-24 11:25:05,717 : DEBUG : Events : Registered ConfigCollection.create_entries_from_root_config as a handler for 'init_phase_1', priority: 1, kwargs: {}
2016-08-24 11:25:05,718 : DEBUG : Events : Registered ConfigCollection.create_entries_from_root_config as a handler for 'init_phase_1', priority: 1, kwargs: {}
2016-08-24 11:25:05,718 : DEBUG : Events : Registered ConfigCollection.create_entries_from_root_config as a handler for 'init_phase_1', priority: 1, kwargs: {}
2016-08-24 11:25:05,903 : DEBUG : Events : Registered ConfigProcessor._init as a handler for 'init_phase_1', priority: 1, kwargs: {}
2016-08-24 11:25:05,943 : INFO : kivy : OSC: using <multiprocessing> for socket
2016-08-24 11:25:05,947 : INFO : kivy : Window: Provider: sdl2
2016-08-24 11:25:06,047 : INFO : kivy : GL: OpenGL version <b'2.1 INTEL-10.14.73'>
2016-08-24 11:25:06,047 : INFO : kivy : GL: OpenGL vendor <b'Intel Inc.'>
2016-08-24 11:25:06,048 : INFO : kivy : GL: OpenGL renderer <b'Intel Iris Pro OpenGL Engine'>
2016-08-24 11:25:06,048 : INFO : kivy : GL: OpenGL parsed version: 2, 1
2016-08-24 11:25:06,048 : INFO : kivy : GL: Shading version <b'1.20'>
2016-08-24 11:25:06,049 : INFO : kivy : GL: Texture max size <16384>
2016-08-24 11:25:06,049 : INFO : kivy : GL: Texture max units <16>
2016-08-24 11:25:06,062 : DEBUG : kivy : Shader: Fragment compiled successfully
2016-08-24 11:25:06,063 : DEBUG : kivy : Shader: Vertex compiled successfully
2016-08-24 11:25:06,064 : DEBUG : kivy : ImageImageIO: Load </Applications/MPF.app/Contents/Resources/kivy/kivy/data/glsl/default.png>
2016-08-24 11:25:06,068 : INFO : kivy : Window: auto add sdl2 input provider
2016-08-24 11:25:06,068 : INFO : kivy : Window: virtual keyboard not allowed, single mode, not docked
2016-08-24 11:25:06,072 : DEBUG : kivy : Resource: add </Applications/MPF.app/Contents/Frameworks/python/3.5.0/lib/python3.5/site-packages/mpfmc/fonts> in path list
2016-08-24 11:25:06,072 : DEBUG : SoundSystem : Loading the Sound System
2016-08-24 11:25:06,072 : INFO : SoundSystem : SoundSystem: Using default 'sound_system' settings
2016-08-24 11:25:06,098 : INFO : AudioInterface : Initialized 0.30.0
2016-08-24 11:25:06,098 : DEBUG : AudioInterface : Loaded SDL 2.0.4
2016-08-24 11:25:06,098 : DEBUG : AudioInterface : Loaded SDL_Mixer 2.0.0
2016-08-24 11:25:06,099 : DEBUG : AudioInterface : Settings requested - rate: 44100, channels: 1, buffer: 2048 samples
2016-08-24 11:25:06,099 : DEBUG : AudioInterface : Settings in use - rate: 44100, channels: 1, buffer: 2048 samples
2016-08-24 11:25:06,099 : DEBUG : AudioInterface : Silence audio chunk initialized (required for SDL_Mixer callback)
2016-08-24 11:25:06,099 : DEBUG : AudioInterface : SDL_Mixer - Allocated 1 channel for final audio output
2016-08-24 11:25:06,100 : DEBUG : AudioInterface.Track.0.default : Allocated track audio buffer (4096 bytes)
2016-08-24 11:25:06,100 : DEBUG : AudioInterface : The 'default' track has successfully been created.
2016-08-24 11:25:06,100 : DEBUG : AudioInterface : Enabling audio playback
2016-08-24 11:25:06,100 : DEBUG : AssetManager : Initializing...
2016-08-24 11:25:06,100 : DEBUG : Events : Registered AssetManager._create_assets as a handler for 'init_phase_3', priority: 1, kwargs: {}
2016-08-24 11:25:06,101 : DEBUG : Events : Registered AssetManager._bcp_client_asset_load as a handler for 'assets_to_load', priority: 1, kwargs: {}
2016-08-24 11:25:06,101 : DEBUG : Events : Registered BcpProcessor._start_socket_thread as a handler for 'init_done', priority: 1, kwargs: {}
2016-08-24 11:25:06,101 : DEBUG : kivy : App: Loading kv </Applications/MPF.app/Contents/Frameworks/python/3.5.0/lib/python3.5/site-packages/mpfmc/core/mpfmc.kv>
2016-08-24 11:25:06,101 : DEBUG : kivy : App: kv </Applications/MPF.app/Contents/Frameworks/python/3.5.0/lib/python3.5/site-packages/mpfmc/core/mpfmc.kv> not found
2016-08-24 11:25:06,102 : DEBUG : kivy : Base: Create provider from mouse
2016-08-24 11:25:06,102 : INFO : kivy : Base: Start application main loop
2016-08-24 11:25:06,181 : DEBUG : Events : ^^^^ Posted event 'display_window_ready'. Type: None, Callback: None, Args: {}
2016-08-24 11:25:06,181 : DEBUG : Events : ============== EVENTS QUEUE =============
2016-08-24 11:25:06,181 : DEBUG : Events : display_window_ready, None, None, {}
2016-08-24 11:25:06,181 : DEBUG : Events : =========================================
2016-08-24 11:25:06,182 : DEBUG : Events : ^^^^ Processing event 'display_window_ready'. Type: None, Callback: None, Args: {}
2016-08-24 11:25:06,182 : DEBUG : Events : vvvv Finished event 'display_window_ready'. Type: None. Callback: None. Args: {}
2016-08-24 11:25:06,206 : DEBUG : Events : ^^^^ Posted event 'display_window_initialized'. Type: None, Callback: None, Args: {}
2016-08-24 11:25:06,206 : DEBUG : Events : ============== EVENTS QUEUE =============
2016-08-24 11:25:06,206 : DEBUG : Events : display_window_initialized, None, None, {}
2016-08-24 11:25:06,206 : DEBUG : Events : =========================================
2016-08-24 11:25:06,207 : DEBUG : Events : ^^^^ Processing event 'display_window_initialized'. Type: None, Callback: None, Args: {}
2016-08-24 11:25:06,207 : DEBUG : Events : vvvv Finished event 'display_window_initialized'. Type: None. Callback: None. Args: {}
2016-08-24 11:25:06,240 : DEBUG : Events : ^^^^ Posted event 'displays_initialized'. Type: None, Callback: None, Args: {}
2016-08-24 11:25:06,241 : DEBUG : Events : ============== EVENTS QUEUE =============
2016-08-24 11:25:06,241 : DEBUG : Events : displays_initialized, None, None, {}
2016-08-24 11:25:06,241 : DEBUG : Events : =========================================
2016-08-24 11:25:06,241 : DEBUG : Events : ^^^^ Processing event 'displays_initialized'. Type: None, Callback: None, Args: {}
2016-08-24 11:25:06,241 : DEBUG : Events : vvvv Finished event 'displays_initialized'. Type: None. Callback: None. Args: {}
2016-08-24 11:25:06,243 : DEBUG : Events : Registered McConfigPlayer._initialize as a handler for 'init_phase_1', priority: 1, kwargs: {}
2016-08-24 11:25:06,244 : DEBUG : Events : Registered McConfigPlayer._initialize as a handler for 'init_phase_1', priority: 1, kwargs: {}
2016-08-24 11:25:06,244 : DEBUG : Events : Registered McConfigPlayer._initialize as a handler for 'init_phase_1', priority: 1, kwargs: {}
2016-08-24 11:25:06,245 : DEBUG : Events : ^^^^ Posted event 'init_phase_1'. Type: None, Callback: None, Args: {}
2016-08-24 11:25:06,245 : DEBUG : Events : ============== EVENTS QUEUE =============
2016-08-24 11:25:06,245 : DEBUG : Events : init_phase_1, None, None, {}
2016-08-24 11:25:06,245 : DEBUG : Events : =========================================
2016-08-24 11:25:06,245 : DEBUG : Events : ^^^^ Processing event 'init_phase_1'. Type: None, Callback: None, Args: {}
2016-08-24 11:25:06,245 : DEBUG : Events : ConfigCollection.create_entries_from_root_config (priority: 1) responding to event 'init_phase_1' with args {}
2016-08-24 11:25:06,245 : DEBUG : Events : ConfigCollection.create_entries_from_root_config (priority: 1) responding to event 'init_phase_1' with args {}
2016-08-24 11:25:06,248 : DEBUG : Events : ConfigCollection.create_entries_from_root_config (priority: 1) responding to event 'init_phase_1' with args {}
2016-08-24 11:25:06,249 : DEBUG : Events : ConfigCollection.create_entries_from_root_config (priority: 1) responding to event 'init_phase_1' with args {}
2016-08-24 11:25:06,249 : DEBUG : Events : ConfigProcessor._init (priority: 1) responding to event 'init_phase_1' with args {}
2016-08-24 11:25:06,249 : DEBUG : Events : McConfigPlayer._initialize (priority: 1) responding to event 'init_phase_1' with args {}
2016-08-24 11:25:06,249 : DEBUG : Events : Registered McConfigPlayer.play_from_trigger as a handler for 'widgets_play', priority: 1, kwargs: {}
2016-08-24 11:25:06,249 : DEBUG : Events : Registered McConfigPlayer.clear_from_trigger as a handler for 'widgets_clear', priority: 1, kwargs: {}
2016-08-24 11:25:06,249 : DEBUG : Events : McConfigPlayer._initialize (priority: 1) responding to event 'init_phase_1' with args {}
2016-08-24 11:25:06,250 : DEBUG : Events : Registered ConfigPlayer.config_play_callback as a handler for 'ball_started', priority: 0, kwargs: {'mode': None, 'settings': {'slides': {'ball_started': {'transition': None, 'action': 'play', 'persist': False, 'priority': None, 'show': True, 'force': False, 'target': None, 'expire': None, 'transition_out': None}}}}
2016-08-24 11:25:06,250 : DEBUG : Events : Registered ConfigPlayer.config_play_callback as a handler for 'mc_ready', priority: 0, kwargs: {'mode': None, 'settings': {'slides': {'welcome_slide': {'transition': None, 'action': 'play', 'persist': False, 'priority': None, 'show': True, 'force': False, 'target': None, 'expire': None, 'transition_out': None}}}}
2016-08-24 11:25:06,250 : DEBUG : Events : Registered ConfigPlayer.config_play_callback as a handler for 'mode_attract_started', priority: 0, kwargs: {'mode': None, 'settings': {'slides': {'attract_started': {'transition': None, 'action': 'play', 'persist': False, 'priority': None, 'show': True, 'force': False, 'target': None, 'expire': None, 'transition_out': None}}}}
2016-08-24 11:25:06,250 : DEBUG : Events : Registered McConfigPlayer.play_from_trigger as a handler for 'slides_play', priority: 1, kwargs: {}
2016-08-24 11:25:06,250 : DEBUG : Events : Registered McConfigPlayer.clear_from_trigger as a handler for 'slides_clear', priority: 1, kwargs: {}
2016-08-24 11:25:06,250 : DEBUG : Events : McConfigPlayer._initialize (priority: 1) responding to event 'init_phase_1' with args {}
2016-08-24 11:25:06,251 : DEBUG : Events : Registered McConfigPlayer.play_from_trigger as a handler for 'sounds_play', priority: 1, kwargs: {}
2016-08-24 11:25:06,251 : DEBUG : Events : Registered McConfigPlayer.clear_from_trigger as a handler for 'sounds_clear', priority: 1, kwargs: {}
2016-08-24 11:25:06,251 : DEBUG : Events : vvvv Finished event 'init_phase_1'. Type: None. Callback: None. Args: {}
2016-08-24 11:25:06,251 : DEBUG : Events : ^^^^ Posted event 'mc_ready'. Type: None, Callback: None, Args: {}
2016-08-24 11:25:06,251 : DEBUG : Events : ============== EVENTS QUEUE =============
2016-08-24 11:25:06,251 : DEBUG : Events : mc_ready, None, None, {}
2016-08-24 11:25:06,251 : DEBUG : Events : =========================================
2016-08-24 11:25:06,251 : DEBUG : Events : ^^^^ Processing event 'mc_ready'. Type: None, Callback: None, Args: {}
2016-08-24 11:25:06,251 : DEBUG : Events : ConfigPlayer.config_play_callback (priority: 0) responding to event 'mc_ready' with args {'mode': None, 'settings': {'slides': {'welcome_slide': {'transition': None, 'action': 'play', 'persist': False, 'priority': None, 'show': True, 'force': False, 'target': None, 'expire': None, 'transition_out': None}}}}
2016-08-24 11:25:06,254 : DEBUG : kivy : Resource: add </Library/Fonts> in path list
2016-08-24 11:25:06,255 : DEBUG : kivy : Resource: add </System/Library/Fonts> in path list
2016-08-24 11:25:06,255 : DEBUG : kivy : Resource: add </Users/jackbot/Library/Fonts> in path list
2016-08-24 11:25:06,256 : DEBUG : kivy : Resource: add </Applications/MPF.app/Contents/Resources/kivy/kivy/data/fonts> in path list
2016-08-24 11:25:06,267 : INFO : kivy : GL: NPOT texture support is available
2016-08-24 11:25:06,268 : DEBUG : Events : vvvv Finished event 'mc_ready'. Type: None. Callback: None. Args: {}
2016-08-24 11:25:06,269 : DEBUG : Events : ^^^^ Posted event 'init_phase_2'. Type: None, Callback: None, Args: {}
2016-08-24 11:25:06,269 : DEBUG : Events : ============== EVENTS QUEUE =============
2016-08-24 11:25:06,269 : DEBUG : Events : init_phase_2, None, None, {}
2016-08-24 11:25:06,269 : DEBUG : Events : =========================================
2016-08-24 11:25:06,269 : DEBUG : Events : ^^^^ Processing event 'init_phase_2'. Type: None, Callback: None, Args: {}
2016-08-24 11:25:06,269 : DEBUG : Events : ModeController._load_modes (priority: 1) responding to event 'init_phase_2' with args {}
2016-08-24 11:25:06,270 : DEBUG : ModeController : Found MPF Mode folders: {'attract': 'attract', 'high_score': 'high_score', 'credits': 'credits', 'game': 'game', 'tilt': 'tilt', 'bonus': 'bonus', 'carousel': 'carousel'}
2016-08-24 11:25:06,270 : DEBUG : ModeController : Found Machine-specific Mode folders: {}
2016-08-24 11:25:06,273 : DEBUG : Events : vvvv Finished event 'init_phase_2'. Type: None. Callback: None. Args: {}
2016-08-24 11:25:06,273 : DEBUG : Events : ^^^^ Posted event 'init_phase_3'. Type: None, Callback: None, Args: {}
2016-08-24 11:25:06,274 : DEBUG : Events : ============== EVENTS QUEUE =============
2016-08-24 11:25:06,274 : DEBUG : Events : init_phase_3, None, None, {}
2016-08-24 11:25:06,274 : DEBUG : Events : =========================================
2016-08-24 11:25:06,274 : DEBUG : Events : ^^^^ Processing event 'init_phase_3'. Type: None, Callback: None, Args: {}
2016-08-24 11:25:06,274 : DEBUG : Events : AssetManager._create_assets (priority: 1) responding to event 'init_phase_3' with args {}
2016-08-24 11:25:06,274 : DEBUG : AssetManager : Processing assets from base folder: /Users/jackbot/pinball/taxi/images
2016-08-24 11:25:06,274 : DEBUG : AssetManager : Processing assets from base folder: /Users/jackbot/pinball/taxi/videos
2016-08-24 11:25:06,274 : DEBUG : AssetManager : Processing assets from base folder: /Users/jackbot/pinball/taxi/sounds
2016-08-24 11:25:06,275 : DEBUG : AssetManager : Processing assets from base folder: /Applications/MPF.app/Contents/Frameworks/python/3.5.0/lib/python3.5/site-packages/mpf/modes/game/images
2016-08-24 11:25:06,275 : DEBUG : AssetManager : Processing assets from base folder: /Applications/MPF.app/Contents/Frameworks/python/3.5.0/lib/python3.5/site-packages/mpf/modes/game/videos
2016-08-24 11:25:06,275 : DEBUG : AssetManager : Processing assets from base folder: /Applications/MPF.app/Contents/Frameworks/python/3.5.0/lib/python3.5/site-packages/mpf/modes/game/sounds
2016-08-24 11:25:06,275 : DEBUG : AssetManager : Processing assets from base folder: /Applications/MPF.app/Contents/Frameworks/python/3.5.0/lib/python3.5/site-packages/mpf/modes/attract/images
2016-08-24 11:25:06,275 : DEBUG : AssetManager : Processing assets from base folder: /Applications/MPF.app/Contents/Frameworks/python/3.5.0/lib/python3.5/site-packages/mpf/modes/attract/videos
2016-08-24 11:25:06,275 : DEBUG : AssetManager : Processing assets from base folder: /Applications/MPF.app/Contents/Frameworks/python/3.5.0/lib/python3.5/site-packages/mpf/modes/attract/sounds
2016-08-24 11:25:06,275 : DEBUG : Events : vvvv Finished event 'init_phase_3'. Type: None. Callback: None. Args: {}
2016-08-24 11:25:06,275 : DEBUG : Events : ^^^^ Posted event 'init_phase_4'. Type: None, Callback: None, Args: {}
2016-08-24 11:25:06,275 : DEBUG : Events : ============== EVENTS QUEUE =============
2016-08-24 11:25:06,276 : DEBUG : Events : init_phase_4, None, None, {}
2016-08-24 11:25:06,276 : DEBUG : Events : =========================================
2016-08-24 11:25:06,276 : DEBUG : Events : ^^^^ Processing event 'init_phase_4'. Type: None, Callback: None, Args: {}
2016-08-24 11:25:06,276 : DEBUG : Events : vvvv Finished event 'init_phase_4'. Type: None. Callback: None. Args: {}
2016-08-24 11:25:06,276 : DEBUG : Events : ^^^^ Posted event 'init_phase_5'. Type: None, Callback: None, Args: {}
2016-08-24 11:25:06,276 : DEBUG : Events : ============== EVENTS QUEUE =============
2016-08-24 11:25:06,276 : DEBUG : Events : init_phase_5, None, None, {}
2016-08-24 11:25:06,276 : DEBUG : Events : =========================================
2016-08-24 11:25:06,276 : DEBUG : Events : ^^^^ Processing event 'init_phase_5'. Type: None, Callback: None, Args: {}
2016-08-24 11:25:06,276 : DEBUG : Events : vvvv Finished event 'init_phase_5'. Type: None. Callback: None. Args: {}
2016-08-24 11:25:06,277 : DEBUG : Events : ^^^^ Posted event 'init_done'. Type: None, Callback: None, Args: {}
2016-08-24 11:25:06,277 : DEBUG : Events : ============== EVENTS QUEUE =============
2016-08-24 11:25:06,277 : DEBUG : Events : init_done, None, None, {}
2016-08-24 11:25:06,277 : DEBUG : Events : =========================================
2016-08-24 11:25:06,277 : DEBUG : Events : ^^^^ Processing event 'init_done'. Type: None, Callback: None, Args: {}
2016-08-24 11:25:06,277 : DEBUG : Events : BcpProcessor._start_socket_thread (priority: 1) responding to event 'init_done' with args {}
2016-08-24 11:25:06,277 : INFO : MPF-MC BCP Server : Starting up on localhost port 5050
2016-08-24 11:25:06,278 : INFO : MPF-MC BCP Server : Waiting for a connection...
2016-08-24 11:25:06,279 : DEBUG : Events : ^^^^ Posted event 'client_disconnected'. Type: None, Callback: None, Args: {'host': '127.0.0.1', 'port': 5050}
2016-08-24 11:25:06,279 : DEBUG : Events : ============== EVENTS QUEUE =============
2016-08-24 11:25:06,279 : DEBUG : Events : client_disconnected, None, None, {'host': '127.0.0.1', 'port': 5050}
2016-08-24 11:25:06,279 : DEBUG : Events : =========================================
2016-08-24 11:25:06,279 : DEBUG : Events : vvvv Finished event 'init_done'. Type: None. Callback: None. Args: {}
2016-08-24 11:25:06,279 : DEBUG : Events : ^^^^ Processing event 'client_disconnected'. Type: None, Callback: None, Args: {'host': '127.0.0.1', 'port': 5050}
2016-08-24 11:25:06,279 : DEBUG : Events : vvvv Finished event 'client_disconnected'. Type: None. Callback: None. Args: {'host': '127.0.0.1', 'port': 5050}
2016-08-24 11:25:06,280 : DEBUG : Events : ^^^^ Posted event 'mc_reset_phase_1'. Type: None, Callback: None, Args: {}
2016-08-24 11:25:06,280 : DEBUG : Events : ============== EVENTS QUEUE =============
2016-08-24 11:25:06,280 : DEBUG : Events : mc_reset_phase_1, None, None, {}
2016-08-24 11:25:06,280 : DEBUG : Events : =========================================
2016-08-24 11:25:06,280 : DEBUG : Events : ^^^^ Processing event 'mc_reset_phase_1'. Type: None, Callback: None, Args: {}
2016-08-24 11:25:06,280 : DEBUG : Events : vvvv Finished event 'mc_reset_phase_1'. Type: None. Callback: None. Args: {}
2016-08-24 11:25:06,280 : DEBUG : Events : ^^^^ Posted event 'mc_reset_phase_2'. Type: None, Callback: None, Args: {}
2016-08-24 11:25:06,280 : DEBUG : Events : ============== EVENTS QUEUE =============
2016-08-24 11:25:06,280 : DEBUG : Events : mc_reset_phase_2, None, None, {}
2016-08-24 11:25:06,280 : DEBUG : Events : =========================================
2016-08-24 11:25:06,280 : DEBUG : Events : ^^^^ Processing event 'mc_reset_phase_2'. Type: None, Callback: None, Args: {}
2016-08-24 11:25:06,281 : DEBUG : Events : vvvv Finished event 'mc_reset_phase_2'. Type: None. Callback: None. Args: {}
2016-08-24 11:25:06,281 : DEBUG : Events : ^^^^ Posted event 'mc_reset_phase_3'. Type: None, Callback: None, Args: {}
2016-08-24 11:25:06,281 : DEBUG : Events : ============== EVENTS QUEUE =============
2016-08-24 11:25:06,281 : DEBUG : Events : mc_reset_phase_3, None, None, {}
2016-08-24 11:25:06,281 : DEBUG : Events : =========================================
2016-08-24 11:25:06,281 : DEBUG : Events : ^^^^ Processing event 'mc_reset_phase_3'. Type: None, Callback: None, Args: {}
2016-08-24 11:25:06,281 : DEBUG : Events : vvvv Finished event 'mc_reset_phase_3'. Type: None. Callback: None. Args: {}
2016-08-24 11:25:06,319 : INFO : MPF-MC BCP Server : Received connection from: 127.0.0.1:51940
2016-08-24 11:25:06,319 : DEBUG : Events : ^^^^ Posted event 'client_connected'. Type: None, Callback: None, Args: {'address': '127.0.0.1', 'port': 51940}
2016-08-24 11:25:06,319 : DEBUG : Events : ============== EVENTS QUEUE =============
2016-08-24 11:25:06,319 : DEBUG : Events : client_connected, None, None, {'address': '127.0.0.1', 'port': 51940}
2016-08-24 11:25:06,320 : DEBUG : Events : =========================================
2016-08-24 11:25:06,321 : DEBUG : MPF-MC BCP Server : Received "hello?controller_version=0.30.26&controller_name=Mission%20Pinball%20Framework&version=1.0"
2016-08-24 11:25:06,323 : DEBUG : BcpProcessor : Processing command: hello {'controller_version': '0.30.26', 'controller_name': 'Mission Pinball Framework', 'version': '1.0'}
2016-08-24 11:25:06,323 : DEBUG : MPF-MC BCP Server : Received "machine_variable?name=player1_score&value=int:0"
2016-08-24 11:25:06,323 : DEBUG : Events : ^^^^ Processing event 'client_connected'. Type: None, Callback: None, Args: {'address': '127.0.0.1', 'port': 51940}
2016-08-24 11:25:06,324 : DEBUG : MPF-MC BCP Server : Received "machine_variable?name=credits_string&value=FREE%20PLAY"
2016-08-24 11:25:06,324 : DEBUG : Events : vvvv Finished event 'client_connected'. Type: None. Callback: None. Args: {'address': '127.0.0.1', 'port': 51940}
2016-08-24 11:25:06,324 : DEBUG : MPF-MC BCP Server : Received "reset"
2016-08-24 11:25:06,325 : DEBUG : MPF-MC BCP Server : Received "mode_start?name=attract&priority=int:10"
2016-08-24 11:25:06,327 : DEBUG : MPF-MC BCP Server : Received "trigger?name=mode_attract_started"
2016-08-24 11:25:06,353 : DEBUG : BcpProcessor : Processing command: machine_variable {'name': 'player1_score', 'value': 0}
2016-08-24 11:25:06,353 : DEBUG : mpfmc : Setting machine_var 'player1_score' to: 0, (prior: None, change: True)
2016-08-24 11:25:06,353 : DEBUG : Events : ^^^^ Posted event 'machine_var_player1_score'. Type: None, Callback: None, Args: {'value': 0, 'change': True, 'prev_value': None}
2016-08-24 11:25:06,353 : DEBUG : Events : ============== EVENTS QUEUE =============
2016-08-24 11:25:06,353 : DEBUG : Events : machine_var_player1_score, None, None, {'value': 0, 'change': True, 'prev_value': None}
2016-08-24 11:25:06,353 : DEBUG : Events : =========================================
2016-08-24 11:25:06,354 : DEBUG : BcpProcessor : Processing command: machine_variable {'name': 'credits_string', 'value': 'FREE PLAY'}
2016-08-24 11:25:06,354 : DEBUG : mpfmc : Setting machine_var 'credits_string' to: FREE PLAY, (prior: None, change: True)
2016-08-24 11:25:06,354 : DEBUG : Events : ^^^^ Posted event 'machine_var_credits_string'. Type: None, Callback: None, Args: {'value': 'FREE PLAY', 'change': True, 'prev_value': None}
2016-08-24 11:25:06,354 : DEBUG : Events : ============== EVENTS QUEUE =============
2016-08-24 11:25:06,354 : DEBUG : Events : machine_var_player1_score, None, None, {'value': 0, 'change': True, 'prev_value': None}
2016-08-24 11:25:06,354 : DEBUG : Events : machine_var_credits_string, None, None, {'value': 'FREE PLAY', 'change': True, 'prev_value': None}
2016-08-24 11:25:06,354 : DEBUG : Events : =========================================
2016-08-24 11:25:06,354 : DEBUG : BcpProcessor : Processing command: reset {}
2016-08-24 11:25:06,354 : DEBUG : Events : ^^^^ Posted event 'mc_reset_phase_1'. Type: None, Callback: None, Args: {}
2016-08-24 11:25:06,354 : DEBUG : Events : ============== EVENTS QUEUE =============
2016-08-24 11:25:06,355 : DEBUG : Events : machine_var_player1_score, None, None, {'value': 0, 'change': True, 'prev_value': None}
2016-08-24 11:25:06,355 : DEBUG : Events : machine_var_credits_string, None, None, {'value': 'FREE PLAY', 'change': True, 'prev_value': None}
2016-08-24 11:25:06,355 : DEBUG : Events : mc_reset_phase_1, None, None, {}
2016-08-24 11:25:06,355 : DEBUG : Events : =========================================
2016-08-24 11:25:06,355 : DEBUG : Events : ^^^^ Processing event 'machine_var_player1_score'. Type: None, Callback: None, Args: {'value': 0, 'change': True, 'prev_value': None}
2016-08-24 11:25:06,355 : DEBUG : Events : vvvv Finished event 'machine_var_player1_score'. Type: None. Callback: None. Args: {'value': 0, 'change': True, 'prev_value': None}
2016-08-24 11:25:06,355 : DEBUG : Events : ^^^^ Processing event 'machine_var_credits_string'. Type: None, Callback: None, Args: {'value': 'FREE PLAY', 'change': True, 'prev_value': None}
2016-08-24 11:25:06,355 : DEBUG : Events : vvvv Finished event 'machine_var_credits_string'. Type: None. Callback: None. Args: {'value': 'FREE PLAY', 'change': True, 'prev_value': None}
2016-08-24 11:25:06,355 : DEBUG : Events : ^^^^ Processing event 'mc_reset_phase_1'. Type: None, Callback: None, Args: {}
2016-08-24 11:25:06,355 : DEBUG : Events : vvvv Finished event 'mc_reset_phase_1'. Type: None. Callback: None. Args: {}
2016-08-24 11:25:06,356 : DEBUG : Events : ^^^^ Posted event 'mc_reset_phase_2'. Type: None, Callback: None, Args: {}
2016-08-24 11:25:06,356 : DEBUG : Events : ============== EVENTS QUEUE =============
2016-08-24 11:25:06,356 : DEBUG : Events : mc_reset_phase_2, None, None, {}
2016-08-24 11:25:06,356 : DEBUG : Events : =========================================
2016-08-24 11:25:06,356 : DEBUG : Events : ^^^^ Processing event 'mc_reset_phase_2'. Type: None, Callback: None, Args: {}
2016-08-24 11:25:06,356 : DEBUG : Events : vvvv Finished event 'mc_reset_phase_2'. Type: None. Callback: None. Args: {}
2016-08-24 11:25:06,356 : DEBUG : Events : ^^^^ Posted event 'mc_reset_phase_3'. Type: None, Callback: None, Args: {}
2016-08-24 11:25:06,356 : DEBUG : Events : ============== EVENTS QUEUE =============
2016-08-24 11:25:06,356 : DEBUG : Events : mc_reset_phase_3, None, None, {}
2016-08-24 11:25:06,356 : DEBUG : Events : =========================================
2016-08-24 11:25:06,357 : DEBUG : Events : ^^^^ Processing event 'mc_reset_phase_3'. Type: None, Callback: None, Args: {}
2016-08-24 11:25:06,357 : DEBUG : Events : vvvv Finished event 'mc_reset_phase_3'. Type: None. Callback: None. Args: {}
2016-08-24 11:25:06,357 : DEBUG : BcpProcessor : Processing command: mode_start {'name': 'attract', 'priority': 10}
2016-08-24 11:25:06,357 : DEBUG : Mode.attract : Mode Start. Priority: 10
2016-08-24 11:25:06,357 : DEBUG : BcpProcessor : Processing command: trigger {'name': 'mode_attract_started'}
2016-08-24 11:25:06,357 : DEBUG : Events : ^^^^ Posted event 'mode_attract_started'. Type: None, Callback: None, Args: {}
2016-08-24 11:25:06,357 : DEBUG : Events : ============== EVENTS QUEUE =============
2016-08-24 11:25:06,357 : DEBUG : Events : mode_attract_started, None, None, {}
2016-08-24 11:25:06,357 : DEBUG : Events : =========================================
2016-08-24 11:25:06,358 : DEBUG : Events : ^^^^ Processing event 'mode_attract_started'. Type: None, Callback: None, Args: {}
2016-08-24 11:25:06,358 : DEBUG : Events : ConfigPlayer.config_play_callback (priority: 0) responding to event 'mode_attract_started' with args {'mode': None, 'settings': {'slides': {'attract_started': {'transition': None, 'action': 'play', 'persist': False, 'priority': None, 'show': True, 'force': False, 'target': None, 'expire': None, 'transition_out': None}}}}
2016-08-24 11:25:06,360 : DEBUG : Events : vvvv Finished event 'mode_attract_started'. Type: None. Callback: None. Args: {}
2016-08-24 11:25:17,666 : DEBUG : MPF-MC BCP Server : Received "mode_start?name=game&priority=int:20"
2016-08-24 11:25:17,668 : DEBUG : MPF-MC BCP Server : Received "mode_stop?name=attract"
2016-08-24 11:25:17,668 : DEBUG : BcpProcessor : Processing command: mode_start {'name': 'game', 'priority': 20}
2016-08-24 11:25:17,669 : DEBUG : Events : ^^^^ Posted event 'game_started'. Type: None, Callback: None, Args: {}
2016-08-24 11:25:17,669 : DEBUG : Events : ============== EVENTS QUEUE =============
2016-08-24 11:25:17,669 : DEBUG : Events : game_started, None, None, {}
2016-08-24 11:25:17,669 : DEBUG : Events : =========================================
2016-08-24 11:25:17,669 : DEBUG : Mode.game : Mode Start. Priority: 20
2016-08-24 11:25:17,669 : DEBUG : BcpProcessor : Processing command: mode_stop {'name': 'attract'}
2016-08-24 11:25:17,670 : DEBUG : Mode.attract : Mode Stop.
2016-08-24 11:25:17,670 : DEBUG : Events : ^^^^ Processing event 'game_started'. Type: None, Callback: None, Args: {}
2016-08-24 11:25:17,670 : DEBUG : Events : vvvv Finished event 'game_started'. Type: None. Callback: None. Args: {}
2016-08-24 11:25:17,670 : DEBUG : MPF-MC BCP Server : Received "trigger?name=clear&key=attract"
2016-08-24 11:25:17,673 : DEBUG : MPF-MC BCP Server : Received "machine_variable?name=player1_score&change=int:0&prev_value=int:0&value=int:0"
2016-08-24 11:25:17,675 : DEBUG : MPF-MC BCP Server : Received "trigger?player=%3CPlayer%201%3E&name=player_add_success&num=int:1"
2016-08-24 11:25:17,675 : DEBUG : MPF-MC BCP Server : Received "player_added?player_num=int:1"
2016-08-24 11:25:17,676 : DEBUG : MPF-MC BCP Server : Received "player_turn_start?player_num=1"
2016-08-24 11:25:17,678 : DEBUG : MPF-MC BCP Server : Received "player_variable?name=ball&change=int:1&prev_value=int:0&player_num=int:1&value=int:1"
2016-08-24 11:25:17,682 : DEBUG : MPF-MC BCP Server : Received "trigger?player=int:1&ball=int:1&name=ball_started"
2016-08-24 11:25:17,699 : DEBUG : BcpProcessor : Processing command: trigger {'name': 'clear', 'key': 'attract'}
2016-08-24 11:25:17,699 : DEBUG : Events : ^^^^ Posted event 'clear'. Type: None, Callback: None, Args: {'key': 'attract'}
2016-08-24 11:25:17,699 : DEBUG : Events : ============== EVENTS QUEUE =============
2016-08-24 11:25:17,700 : DEBUG : Events : clear, None, None, {'key': 'attract'}
2016-08-24 11:25:17,700 : DEBUG : Events : =========================================
2016-08-24 11:25:17,700 : DEBUG : BcpProcessor : Processing command: machine_variable {'name': 'player1_score', 'change': 0, 'prev_value': 0, 'value': 0}
2016-08-24 11:25:17,701 : DEBUG : BcpProcessor : Processing command: trigger {'player': '<Player 1>', 'name': 'player_add_success', 'num': 1}
2016-08-24 11:25:17,701 : DEBUG : Events : ^^^^ Posted event 'player_add_success'. Type: None, Callback: None, Args: {'player': '<Player 1>', 'num': 1}
2016-08-24 11:25:17,701 : DEBUG : Events : ============== EVENTS QUEUE =============
2016-08-24 11:25:17,702 : DEBUG : Events : clear, None, None, {'key': 'attract'}
2016-08-24 11:25:17,702 : DEBUG : Events : player_add_success, None, None, {'player': '<Player 1>', 'num': 1}
2016-08-24 11:25:17,702 : DEBUG : Events : =========================================
2016-08-24 11:25:17,702 : DEBUG : BcpProcessor : Processing command: player_added {'player_num': 1}
2016-08-24 11:25:17,703 : DEBUG : Player : Creating new player: Player 1. (player index '0')
2016-08-24 11:25:17,703 : DEBUG : Events : ^^^^ Posted event 'player_add_success'. Type: None, Callback: <bound method Player._player_add_done of <Player 1>>, Args: {'player': <Player 1>, 'num': 1}
2016-08-24 11:25:17,703 : DEBUG : Events : ============== EVENTS QUEUE =============
2016-08-24 11:25:17,703 : DEBUG : Events : clear, None, None, {'key': 'attract'}
2016-08-24 11:25:17,703 : DEBUG : Events : player_add_success, None, None, {'player': '<Player 1>', 'num': 1}
2016-08-24 11:25:17,704 : DEBUG : Events : player_add_success, None, <bound method Player._player_add_done of <Player 1>>, {'player': <Player 1>, 'num': 1}
2016-08-24 11:25:17,704 : DEBUG : Events : =========================================
2016-08-24 11:25:17,704 : DEBUG : Events : ^^^^ Posted event 'player_add_success'. Type: None, Callback: None, Args: {'player': <Player 1>, 'num': 1}
2016-08-24 11:25:17,704 : DEBUG : Events : ============== EVENTS QUEUE =============
2016-08-24 11:25:17,705 : DEBUG : Events : clear, None, None, {'key': 'attract'}
2016-08-24 11:25:17,705 : DEBUG : Events : player_add_success, None, None, {'player': '<Player 1>', 'num': 1}
2016-08-24 11:25:17,705 : DEBUG : Events : player_add_success, None, <bound method Player._player_add_done of <Player 1>>, {'player': <Player 1>, 'num': 1}
2016-08-24 11:25:17,705 : DEBUG : Events : player_add_success, None, None, {'player': <Player 1>, 'num': 1}
2016-08-24 11:25:17,706 : DEBUG : Events : =========================================
2016-08-24 11:25:17,706 : DEBUG : BcpProcessor : Processing command: player_turn_start {'player_num': '1'}
2016-08-24 11:25:17,707 : DEBUG : Events : ^^^^ Posted event 'player_turn_start'. Type: None, Callback: None, Args: {'player': <Player 1>, 'number': 1}
2016-08-24 11:25:17,707 : DEBUG : Events : ============== EVENTS QUEUE =============
2016-08-24 11:25:17,707 : DEBUG : Events : clear, None, None, {'key': 'attract'}
2016-08-24 11:25:17,707 : DEBUG : Events : player_add_success, None, None, {'player': '<Player 1>', 'num': 1}
2016-08-24 11:25:17,708 : DEBUG : Events : player_add_success, None, <bound method Player._player_add_done of <Player 1>>, {'player': <Player 1>, 'num': 1}
2016-08-24 11:25:17,708 : DEBUG : Events : player_add_success, None, None, {'player': <Player 1>, 'num': 1}
2016-08-24 11:25:17,708 : DEBUG : Events : player_turn_start, None, None, {'player': <Player 1>, 'number': 1}
2016-08-24 11:25:17,708 : DEBUG : Events : =========================================
2016-08-24 11:25:17,708 : DEBUG : BcpProcessor : Processing command: player_variable {'name': 'ball', 'change': 1, 'prev_value': 0, 'player_num': 1, 'value': 1}
2016-08-24 11:25:17,709 : DEBUG : Player : Setting 'ball' to: 1, (prior: 0, change: 1)
2016-08-24 11:25:17,709 : DEBUG : Events : ^^^^ Posted event 'player_ball'. Type: None, Callback: None, Args: {'value': 1, 'change': 1, 'prev_value': 0, 'player_num': 1}
2016-08-24 11:25:17,709 : DEBUG : Events : ============== EVENTS QUEUE =============
2016-08-24 11:25:17,709 : DEBUG : Events : clear, None, None, {'key': 'attract'}
2016-08-24 11:25:17,709 : DEBUG : Events : player_add_success, None, None, {'player': '<Player 1>', 'num': 1}
2016-08-24 11:25:17,709 : DEBUG : Events : player_add_success, None, <bound method Player._player_add_done of <Player 1>>, {'player': <Player 1>, 'num': 1}
2016-08-24 11:25:17,709 : DEBUG : Events : player_add_success, None, None, {'player': <Player 1>, 'num': 1}
2016-08-24 11:25:17,709 : DEBUG : Events : player_turn_start, None, None, {'player': <Player 1>, 'number': 1}
2016-08-24 11:25:17,710 : DEBUG : Events : player_ball, None, None, {'value': 1, 'change': 1, 'prev_value': 0, 'player_num': 1}
2016-08-24 11:25:17,710 : DEBUG : Events : =========================================
2016-08-24 11:25:17,710 : DEBUG : BcpProcessor : Processing command: trigger {'player': 1, 'ball': 1, 'name': 'ball_started'}
2016-08-24 11:25:17,710 : DEBUG : Events : ^^^^ Posted event 'ball_started'. Type: None, Callback: None, Args: {'player': 1, 'ball': 1}
2016-08-24 11:25:17,710 : DEBUG : Events : ============== EVENTS QUEUE =============
2016-08-24 11:25:17,710 : DEBUG : Events : clear, None, None, {'key': 'attract'}
2016-08-24 11:25:17,710 : DEBUG : Events : player_add_success, None, None, {'player': '<Player 1>', 'num': 1}
2016-08-24 11:25:17,710 : DEBUG : Events : player_add_success, None, <bound method Player._player_add_done of <Player 1>>, {'player': <Player 1>, 'num': 1}
2016-08-24 11:25:17,710 : DEBUG : Events : player_add_success, None, None, {'player': <Player 1>, 'num': 1}
2016-08-24 11:25:17,711 : DEBUG : Events : player_turn_start, None, None, {'player': <Player 1>, 'number': 1}
2016-08-24 11:25:17,711 : DEBUG : Events : player_ball, None, None, {'value': 1, 'change': 1, 'prev_value': 0, 'player_num': 1}
2016-08-24 11:25:17,711 : DEBUG : Events : ball_started, None, None, {'player': 1, 'ball': 1}
2016-08-24 11:25:17,711 : DEBUG : Events : =========================================
2016-08-24 11:25:17,711 : DEBUG : Events : ^^^^ Processing event 'clear'. Type: None, Callback: None, Args: {'key': 'attract'}
2016-08-24 11:25:17,711 : DEBUG : Events : vvvv Finished event 'clear'. Type: None. Callback: None. Args: {'key': 'attract'}
2016-08-24 11:25:17,711 : DEBUG : Events : ^^^^ Processing event 'player_add_success'. Type: None, Callback: None, Args: {'player': '<Player 1>', 'num': 1}
2016-08-24 11:25:17,712 : DEBUG : Events : vvvv Finished event 'player_add_success'. Type: None. Callback: None. Args: {'player': '<Player 1>', 'num': 1}
2016-08-24 11:25:17,712 : DEBUG : Events : ^^^^ Processing event 'player_add_success'. Type: None, Callback: <bound method Player._player_add_done of <Player 1>>, Args: {'player': <Player 1>, 'num': 1}
2016-08-24 11:25:17,712 : DEBUG : Events : vvvv Finished event 'player_add_success'. Type: None. Callback: <bound method Player._player_add_done of <Player 1>>. Args: {'player': <Player 1>, 'num': 1}
2016-08-24 11:25:17,712 : DEBUG : Events : ^^^^ Processing event 'player_add_success'. Type: None, Callback: None, Args: {'player': <Player 1>, 'num': 1}
2016-08-24 11:25:17,712 : DEBUG : Events : vvvv Finished event 'player_add_success'. Type: None. Callback: None. Args: {'player': <Player 1>, 'num': 1}
2016-08-24 11:25:17,712 : DEBUG : Events : ^^^^ Processing event 'player_turn_start'. Type: None, Callback: None, Args: {'player': <Player 1>, 'number': 1}
2016-08-24 11:25:17,712 : DEBUG : Events : vvvv Finished event 'player_turn_start'. Type: None. Callback: None. Args: {'player': <Player 1>, 'number': 1}
2016-08-24 11:25:17,712 : DEBUG : Events : ^^^^ Processing event 'player_ball'. Type: None, Callback: None, Args: {'value': 1, 'change': 1, 'prev_value': 0, 'player_num': 1}
2016-08-24 11:25:17,712 : DEBUG : Events : vvvv Finished event 'player_ball'. Type: None. Callback: None. Args: {'value': 1, 'change': 1, 'prev_value': 0, 'player_num': 1}
2016-08-24 11:25:17,712 : DEBUG : Events : ^^^^ Processing event 'ball_started'. Type: None, Callback: None, Args: {'player': 1, 'ball': 1}
2016-08-24 11:25:17,713 : DEBUG : Events : ConfigPlayer.config_play_callback (priority: 0) responding to event 'ball_started' with args {'player': 1, 'ball': 1, 'mode': None, 'settings': {'slides': {'ball_started': {'transition': None, 'action': 'play', 'persist': False, 'priority': None, 'show': True, 'force': False, 'target': None, 'expire': None, 'transition_out': None}}}}
2016-08-24 11:25:17,714 : DEBUG : Events : Registered Text._player_var_change as a handler for 'player_number', priority: 1, kwargs: {}
2016-08-24 11:25:17,714 : DEBUG : Events : Registered Text._player_var_change as a handler for 'player_turn_start', priority: 1, kwargs: {}
2016-08-24 11:25:17,714 : DEBUG : Events : Registered Text._player_var_change as a handler for 'player_ball', priority: 1, kwargs: {}
2016-08-24 11:25:17,714 : DEBUG : Events : Registered Text._player_var_change as a handler for 'player_turn_start', priority: 1, kwargs: {}
2016-08-24 11:25:17,715 : DEBUG : Events : Registered Text._player_var_change as a handler for 'player_number', priority: 1, kwargs: {}
2016-08-24 11:25:17,715 : DEBUG : Events : Registered Text._player_var_change as a handler for 'player_turn_start', priority: 1, kwargs: {}
2016-08-24 11:25:17,715 : DEBUG : Events : vvvv Finished event 'ball_started'. Type: None. Callback: None. Args: {'player': 1, 'ball': 1}
2016-08-24 11:25:17,716 : DEBUG : Player : Setting 'score' to: 0, (prior: 0, change: 0)
2016-08-24 11:25:17,716 : DEBUG : Events : ^^^^ Posted event 'player_score'. Type: None, Callback: None, Args: {'value': 0, 'change': 0, 'prev_value': 0, 'player_num': 1}
2016-08-24 11:25:17,716 : DEBUG : Events : ============== EVENTS QUEUE =============
2016-08-24 11:25:17,716 : DEBUG : Events : player_score, None, None, {'value': 0, 'change': 0, 'prev_value': 0, 'player_num': 1}
2016-08-24 11:25:17,716 : DEBUG : Events : =========================================
2016-08-24 11:25:17,716 : DEBUG : Events : ^^^^ Processing event 'player_score'. Type: None, Callback: None, Args: {'value': 0, 'change': 0, 'prev_value': 0, 'player_num': 1}
2016-08-24 11:25:17,716 : DEBUG : Events : vvvv Finished event 'player_score'. Type: None. Callback: None. Args: {'value': 0, 'change': 0, 'prev_value': 0, 'player_num': 1}
2016-08-24 11:25:27,794 : DEBUG : MPF-MC BCP Server : Received "trigger?name=ball_ended"
2016-08-24 11:25:27,797 : DEBUG : MPF-MC BCP Server : Received "player_turn_start?player_num=1"
2016-08-24 11:25:27,798 : DEBUG : MPF-MC BCP Server : Received "player_variable?name=ball&change=int:1&prev_value=int:1&player_num=int:1&value=int:2"
2016-08-24 11:25:27,802 : DEBUG : MPF-MC BCP Server : Received "trigger?player=int:1&ball=int:2&name=ball_started"
2016-08-24 11:25:27,817 : DEBUG : BcpProcessor : Processing command: trigger {'name': 'ball_ended'}
2016-08-24 11:25:27,817 : DEBUG : Events : ^^^^ Posted event 'ball_ended'. Type: None, Callback: None, Args: {}
2016-08-24 11:25:27,817 : DEBUG : Events : ============== EVENTS QUEUE =============
2016-08-24 11:25:27,817 : DEBUG : Events : ball_ended, None, None, {}
2016-08-24 11:25:27,818 : DEBUG : Events : =========================================
2016-08-24 11:25:27,818 : DEBUG : BcpProcessor : Processing command: player_turn_start {'player_num': '1'}
2016-08-24 11:25:27,818 : DEBUG : BcpProcessor : Processing command: player_variable {'name': 'ball', 'change': 1, 'prev_value': 1, 'player_num': 1, 'value': 2}
2016-08-24 11:25:27,818 : DEBUG : Player : Setting 'ball' to: 2, (prior: 1, change: 1)
2016-08-24 11:25:27,818 : DEBUG : Events : ^^^^ Posted event 'player_ball'. Type: None, Callback: None, Args: {'value': 2, 'change': 1, 'prev_value': 1, 'player_num': 1}
2016-08-24 11:25:27,819 : DEBUG : Events : ============== EVENTS QUEUE =============
2016-08-24 11:25:27,819 : DEBUG : Events : ball_ended, None, None, {}
2016-08-24 11:25:27,819 : DEBUG : Events : player_ball, None, None, {'value': 2, 'change': 1, 'prev_value': 1, 'player_num': 1}
2016-08-24 11:25:27,819 : DEBUG : Events : =========================================
2016-08-24 11:25:27,820 : DEBUG : BcpProcessor : Processing command: trigger {'player': 1, 'ball': 2, 'name': 'ball_started'}
2016-08-24 11:25:27,820 : DEBUG : Events : ^^^^ Posted event 'ball_started'. Type: None, Callback: None, Args: {'player': 1, 'ball': 2}
2016-08-24 11:25:27,820 : DEBUG : Events : ============== EVENTS QUEUE =============
2016-08-24 11:25:27,820 : DEBUG : Events : ball_ended, None, None, {}
2016-08-24 11:25:27,820 : DEBUG : Events : player_ball, None, None, {'value': 2, 'change': 1, 'prev_value': 1, 'player_num': 1}
2016-08-24 11:25:27,821 : DEBUG : Events : ball_started, None, None, {'player': 1, 'ball': 2}
2016-08-24 11:25:27,821 : DEBUG : Events : =========================================
2016-08-24 11:25:27,821 : DEBUG : Events : ^^^^ Processing event 'ball_ended'. Type: None, Callback: None, Args: {}
2016-08-24 11:25:27,821 : DEBUG : Events : vvvv Finished event 'ball_ended'. Type: None. Callback: None. Args: {}
2016-08-24 11:25:27,821 : DEBUG : Events : ^^^^ Processing event 'player_ball'. Type: None, Callback: None, Args: {'value': 2, 'change': 1, 'prev_value': 1, 'player_num': 1}
2016-08-24 11:25:27,821 : DEBUG : Events : Text._player_var_change (priority: 1) responding to event 'player_ball' with args {'value': 2, 'change': 1, 'prev_value': 1, 'player_num': 1}
2016-08-24 11:25:27,822 : DEBUG : Events : vvvv Finished event 'player_ball'. Type: None. Callback: None. Args: {'value': 2, 'change': 1, 'prev_value': 1, 'player_num': 1}
2016-08-24 11:25:27,822 : DEBUG : Events : ^^^^ Processing event 'ball_started'. Type: None, Callback: None, Args: {'player': 1, 'ball': 2}
2016-08-24 11:25:27,822 : DEBUG : Events : ConfigPlayer.config_play_callback (priority: 0) responding to event 'ball_started' with args {'player': 1, 'ball': 2, 'mode': None, 'settings': {'slides': {'ball_started': {'transition': None, 'action': 'play', 'persist': False, 'priority': None, 'show': True, 'force': False, 'target': None, 'expire': None, 'transition_out': None}}}}
2016-08-24 11:25:27,823 : DEBUG : Events : Registered Text._player_var_change as a handler for 'player_number', priority: 1, kwargs: {}
2016-08-24 11:25:27,823 : DEBUG : Events : Registered Text._player_var_change as a handler for 'player_turn_start', priority: 1, kwargs: {}
2016-08-24 11:25:27,823 : DEBUG : Events : vvvv Finished event 'ball_started'. Type: None. Callback: None. Args: {'player': 1, 'ball': 2}
2016-08-24 11:25:34,003 : DEBUG : MPF-MC BCP Server : Received "trigger?name=ball_ended"
2016-08-24 11:25:34,005 : DEBUG : MPF-MC BCP Server : Received "player_turn_start?player_num=1"
2016-08-24 11:25:34,005 : DEBUG : MPF-MC BCP Server : Received "player_variable?name=ball&change=int:1&prev_value=int:2&player_num=int:1&value=int:3"
2016-08-24 11:25:34,010 : DEBUG : MPF-MC BCP Server : Received "trigger?player=int:1&ball=int:3&name=ball_started"
2016-08-24 11:25:34,029 : DEBUG : BcpProcessor : Processing command: trigger {'name': 'ball_ended'}
2016-08-24 11:25:34,030 : DEBUG : Events : ^^^^ Posted event 'ball_ended'. Type: None, Callback: None, Args: {}
2016-08-24 11:25:34,030 : DEBUG : Events : ============== EVENTS QUEUE =============
2016-08-24 11:25:34,030 : DEBUG : Events : ball_ended, None, None, {}
2016-08-24 11:25:34,030 : DEBUG : Events : =========================================
2016-08-24 11:25:34,031 : DEBUG : BcpProcessor : Processing command: player_turn_start {'player_num': '1'}
2016-08-24 11:25:34,031 : DEBUG : BcpProcessor : Processing command: player_variable {'name': 'ball', 'change': 1, 'prev_value': 2, 'player_num': 1, 'value': 3}
2016-08-24 11:25:34,031 : DEBUG : Player : Setting 'ball' to: 3, (prior: 2, change: 1)
2016-08-24 11:25:34,031 : DEBUG : Events : ^^^^ Posted event 'player_ball'. Type: None, Callback: None, Args: {'value': 3, 'change': 1, 'prev_value': 2, 'player_num': 1}
2016-08-24 11:25:34,031 : DEBUG : Events : ============== EVENTS QUEUE =============
2016-08-24 11:25:34,032 : DEBUG : Events : ball_ended, None, None, {}
2016-08-24 11:25:34,032 : DEBUG : Events : player_ball, None, None, {'value': 3, 'change': 1, 'prev_value': 2, 'player_num': 1}
2016-08-24 11:25:34,032 : DEBUG : Events : =========================================
2016-08-24 11:25:34,032 : DEBUG : BcpProcessor : Processing command: trigger {'player': 1, 'ball': 3, 'name': 'ball_started'}
2016-08-24 11:25:34,032 : DEBUG : Events : ^^^^ Posted event 'ball_started'. Type: None, Callback: None, Args: {'player': 1, 'ball': 3}
2016-08-24 11:25:34,033 : DEBUG : Events : ============== EVENTS QUEUE =============
2016-08-24 11:25:34,033 : DEBUG : Events : ball_ended, None, None, {}
2016-08-24 11:25:34,033 : DEBUG : Events : player_ball, None, None, {'value': 3, 'change': 1, 'prev_value': 2, 'player_num': 1}
2016-08-24 11:25:34,033 : DEBUG : Events : ball_started, None, None, {'player': 1, 'ball': 3}
2016-08-24 11:25:34,033 : DEBUG : Events : =========================================
2016-08-24 11:25:34,034 : DEBUG : Events : ^^^^ Processing event 'ball_ended'. Type: None, Callback: None, Args: {}
2016-08-24 11:25:34,034 : DEBUG : Events : vvvv Finished event 'ball_ended'. Type: None. Callback: None. Args: {}
2016-08-24 11:25:34,034 : DEBUG : Events : ^^^^ Processing event 'player_ball'. Type: None, Callback: None, Args: {'value': 3, 'change': 1, 'prev_value': 2, 'player_num': 1}
2016-08-24 11:25:34,034 : DEBUG : Events : Text._player_var_change (priority: 1) responding to event 'player_ball' with args {'value': 3, 'change': 1, 'prev_value': 2, 'player_num': 1}
2016-08-24 11:25:34,034 : DEBUG : Events : vvvv Finished event 'player_ball'. Type: None. Callback: None. Args: {'value': 3, 'change': 1, 'prev_value': 2, 'player_num': 1}
2016-08-24 11:25:34,035 : DEBUG : Events : ^^^^ Processing event 'ball_started'. Type: None, Callback: None, Args: {'player': 1, 'ball': 3}
2016-08-24 11:25:34,035 : DEBUG : Events : ConfigPlayer.config_play_callback (priority: 0) responding to event 'ball_started' with args {'player': 1, 'ball': 3, 'mode': None, 'settings': {'slides': {'ball_started': {'transition': None, 'action': 'play', 'persist': False, 'priority': None, 'show': True, 'force': False, 'target': None, 'expire': None, 'transition_out': None}}}}
2016-08-24 11:25:34,035 : DEBUG : Events : Registered Text._player_var_change as a handler for 'player_number', priority: 1, kwargs: {}
2016-08-24 11:25:34,035 : DEBUG : Events : Registered Text._player_var_change as a handler for 'player_turn_start', priority: 1, kwargs: {}
2016-08-24 11:25:34,036 : DEBUG : Events : vvvv Finished event 'ball_started'. Type: None. Callback: None. Args: {'player': 1, 'ball': 3}
2016-08-24 11:25:36,118 : DEBUG : MPF-MC BCP Server : Received "trigger?name=ball_ended"
2016-08-24 11:25:36,121 : DEBUG : MPF-MC BCP Server : Received "mode_start?name=attract&priority=int:10"
2016-08-24 11:25:36,124 : DEBUG : MPF-MC BCP Server : Received "trigger?name=mode_attract_started"
2016-08-24 11:25:36,125 : DEBUG : MPF-MC BCP Server : Received "mode_stop?name=game"
2016-08-24 11:25:36,127 : DEBUG : MPF-MC BCP Server : Received "trigger?name=clear&key=game"
2016-08-24 11:25:36,147 : DEBUG : BcpProcessor : Processing command: trigger {'name': 'ball_ended'}
2016-08-24 11:25:36,147 : DEBUG : Events : ^^^^ Posted event 'ball_ended'. Type: None, Callback: None, Args: {}
2016-08-24 11:25:36,147 : DEBUG : Events : ============== EVENTS QUEUE =============
2016-08-24 11:25:36,148 : DEBUG : Events : ball_ended, None, None, {}
2016-08-24 11:25:36,148 : DEBUG : Events : =========================================
2016-08-24 11:25:36,148 : DEBUG : BcpProcessor : Processing command: mode_start {'name': 'attract', 'priority': 10}
2016-08-24 11:25:36,148 : DEBUG : Mode.attract : Mode Start. Priority: 10
2016-08-24 11:25:36,148 : DEBUG : BcpProcessor : Processing command: trigger {'name': 'mode_attract_started'}
2016-08-24 11:25:36,148 : DEBUG : Events : ^^^^ Posted event 'mode_attract_started'. Type: None, Callback: None, Args: {}
2016-08-24 11:25:36,149 : DEBUG : Events : ============== EVENTS QUEUE =============
2016-08-24 11:25:36,149 : DEBUG : Events : ball_ended, None, None, {}
2016-08-24 11:25:36,149 : DEBUG : Events : mode_attract_started, None, None, {}
2016-08-24 11:25:36,149 : DEBUG : Events : =========================================
2016-08-24 11:25:36,149 : DEBUG : BcpProcessor : Processing command: mode_stop {'name': 'game'}
2016-08-24 11:25:36,149 : DEBUG : Events : ^^^^ Posted event 'game_ended'. Type: None, Callback: None, Args: {}
2016-08-24 11:25:36,149 : DEBUG : Events : ============== EVENTS QUEUE =============
2016-08-24 11:25:36,150 : DEBUG : Events : ball_ended, None, None, {}
2016-08-24 11:25:36,150 : DEBUG : Events : mode_attract_started, None, None, {}
2016-08-24 11:25:36,150 : DEBUG : Events : game_ended, None, None, {}
2016-08-24 11:25:36,150 : DEBUG : Events : =========================================
2016-08-24 11:25:36,150 : DEBUG : Mode.game : Mode Stop.
2016-08-24 11:25:36,150 : DEBUG : BcpProcessor : Processing command: trigger {'name': 'clear', 'key': 'game'}
2016-08-24 11:25:36,150 : DEBUG : Events : ^^^^ Posted event 'clear'. Type: None, Callback: None, Args: {'key': 'game'}
2016-08-24 11:25:36,151 : DEBUG : Events : ============== EVENTS QUEUE =============
2016-08-24 11:25:36,151 : DEBUG : Events : ball_ended, None, None, {}
2016-08-24 11:25:36,151 : DEBUG : Events : mode_attract_started, None, None, {}
2016-08-24 11:25:36,151 : DEBUG : Events : game_ended, None, None, {}
2016-08-24 11:25:36,151 : DEBUG : Events : clear, None, None, {'key': 'game'}
2016-08-24 11:25:36,151 : DEBUG : Events : =========================================
2016-08-24 11:25:36,151 : DEBUG : Events : ^^^^ Processing event 'ball_ended'. Type: None, Callback: None, Args: {}
2016-08-24 11:25:36,152 : DEBUG : Events : vvvv Finished event 'ball_ended'. Type: None. Callback: None. Args: {}
2016-08-24 11:25:36,152 : DEBUG : Events : ^^^^ Processing event 'mode_attract_started'. Type: None, Callback: None, Args: {}
2016-08-24 11:25:36,152 : DEBUG : Events : ConfigPlayer.config_play_callback (priority: 0) responding to event 'mode_attract_started' with args {'mode': None, 'settings': {'slides': {'attract_started': {'transition': None, 'action': 'play', 'persist': False, 'priority': None, 'show': True, 'force': False, 'target': None, 'expire': None, 'transition_out': None}}}}
2016-08-24 11:25:36,152 : DEBUG : Events : vvvv Finished event 'mode_attract_started'. Type: None. Callback: None. Args: {}
2016-08-24 11:25:36,153 : DEBUG : Events : ^^^^ Processing event 'game_ended'. Type: None, Callback: None, Args: {}
2016-08-24 11:25:36,153 : DEBUG : Events : vvvv Finished event 'game_ended'. Type: None. Callback: None. Args: {}
2016-08-24 11:25:36,153 : DEBUG : Events : ^^^^ Processing event 'clear'. Type: None, Callback: None, Args: {'key': 'game'}
2016-08-24 11:25:36,153 : DEBUG : Events : vvvv Finished event 'clear'. Type: None. Callback: None. Args: {'key': 'game'}
2016-08-24 11:25:43,578 : DEBUG : MPF-MC BCP Server : Received "mode_start?name=game&priority=int:20"
2016-08-24 11:25:43,579 : DEBUG : MPF-MC BCP Server : Received "mode_stop?name=attract"
2016-08-24 11:25:43,580 : DEBUG : MPF-MC BCP Server : Received "trigger?name=clear&key=attract"
2016-08-24 11:25:43,584 : DEBUG : MPF-MC BCP Server : Received "machine_variable?name=player1_score&change=int:0&prev_value=int:0&value=int:0"
2016-08-24 11:25:43,586 : DEBUG : MPF-MC BCP Server : Received "trigger?player=%3CPlayer%201%3E&name=player_add_success&num=int:1"
2016-08-24 11:25:43,586 : DEBUG : MPF-MC BCP Server : Received "player_added?player_num=int:1"
2016-08-24 11:25:43,587 : DEBUG : MPF-MC BCP Server : Received "player_turn_start?player_num=1"
2016-08-24 11:25:43,589 : DEBUG : MPF-MC BCP Server : Received "player_variable?name=ball&change=int:1&prev_value=int:0&player_num=int:1&value=int:1"
2016-08-24 11:25:43,591 : DEBUG : BcpProcessor : Processing command: mode_start {'name': 'game', 'priority': 20}
2016-08-24 11:25:43,592 : DEBUG : Events : ^^^^ Posted event 'game_started'. Type: None, Callback: None, Args: {}
2016-08-24 11:25:43,592 : DEBUG : Events : ============== EVENTS QUEUE =============
2016-08-24 11:25:43,592 : DEBUG : Events : game_started, None, None, {}
2016-08-24 11:25:43,592 : DEBUG : Events : =========================================
2016-08-24 11:25:43,592 : DEBUG : Mode.game : Mode Start. Priority: 20
2016-08-24 11:25:43,592 : DEBUG : BcpProcessor : Processing command: mode_stop {'name': 'attract'}
2016-08-24 11:25:43,593 : DEBUG : Mode.attract : Mode Stop.
2016-08-24 11:25:43,593 : DEBUG : BcpProcessor : Processing command: trigger {'name': 'clear', 'key': 'attract'}
2016-08-24 11:25:43,593 : DEBUG : Events : ^^^^ Posted event 'clear'. Type: None, Callback: None, Args: {'key': 'attract'}
2016-08-24 11:25:43,593 : DEBUG : Events : ============== EVENTS QUEUE =============
2016-08-24 11:25:43,593 : DEBUG : Events : game_started, None, None, {}
2016-08-24 11:25:43,593 : DEBUG : Events : clear, None, None, {'key': 'attract'}
2016-08-24 11:25:43,593 : DEBUG : Events : =========================================
2016-08-24 11:25:43,593 : DEBUG : BcpProcessor : Processing command: machine_variable {'name': 'player1_score', 'change': 0, 'prev_value': 0, 'value': 0}
2016-08-24 11:25:43,594 : DEBUG : BcpProcessor : Processing command: trigger {'player': '<Player 1>', 'name': 'player_add_success', 'num': 1}
2016-08-24 11:25:43,594 : DEBUG : Events : ^^^^ Posted event 'player_add_success'. Type: None, Callback: None, Args: {'player': '<Player 1>', 'num': 1}
2016-08-24 11:25:43,594 : DEBUG : Events : ============== EVENTS QUEUE =============
2016-08-24 11:25:43,594 : DEBUG : Events : game_started, None, None, {}
2016-08-24 11:25:43,594 : DEBUG : Events : clear, None, None, {'key': 'attract'}
2016-08-24 11:25:43,594 : DEBUG : Events : player_add_success, None, None, {'player': '<Player 1>', 'num': 1}
2016-08-24 11:25:43,595 : DEBUG : Events : =========================================
2016-08-24 11:25:43,595 : DEBUG : BcpProcessor : Processing command: player_added {'player_num': 1}
2016-08-24 11:25:43,595 : DEBUG : Player : Creating new player: Player 1. (player index '0')
2016-08-24 11:25:43,595 : DEBUG : Events : ^^^^ Posted event 'player_add_success'. Type: None, Callback: <bound method Player._player_add_done of <Player 1>>, Args: {'player': <Player 1>, 'num': 1}
2016-08-24 11:25:43,595 : DEBUG : Events : ============== EVENTS QUEUE =============
2016-08-24 11:25:43,596 : DEBUG : Events : game_started, None, None, {}
2016-08-24 11:25:43,596 : DEBUG : Events : clear, None, None, {'key': 'attract'}
2016-08-24 11:25:43,596 : DEBUG : Events : player_add_success, None, None, {'player': '<Player 1>', 'num': 1}
2016-08-24 11:25:43,596 : DEBUG : MPF-MC BCP Server : Received "trigger?player=int:1&ball=int:1&name=ball_started"
2016-08-24 11:25:43,596 : DEBUG : Events : player_add_success, None, <bound method Player._player_add_done of <Player 1>>, {'player': <Player 1>, 'num': 1}
2016-08-24 11:25:43,597 : DEBUG : Events : =========================================
2016-08-24 11:25:43,597 : DEBUG : Events : ^^^^ Posted event 'player_add_success'. Type: None, Callback: None, Args: {'player': <Player 1>, 'num': 1}
2016-08-24 11:25:43,597 : DEBUG : Events : ============== EVENTS QUEUE =============
2016-08-24 11:25:43,597 : DEBUG : Events : game_started, None, None, {}
2016-08-24 11:25:43,597 : DEBUG : Events : clear, None, None, {'key': 'attract'}
2016-08-24 11:25:43,597 : DEBUG : Events : player_add_success, None, None, {'player': '<Player 1>', 'num': 1}
2016-08-24 11:25:43,597 : DEBUG : Events : player_add_success, None, <bound method Player._player_add_done of <Player 1>>, {'player': <Player 1>, 'num': 1}
2016-08-24 11:25:43,597 : DEBUG : Events : player_add_success, None, None, {'player': <Player 1>, 'num': 1}
2016-08-24 11:25:43,597 : DEBUG : Events : =========================================
2016-08-24 11:25:43,598 : DEBUG : BcpProcessor : Processing command: player_turn_start {'player_num': '1'}
2016-08-24 11:25:43,598 : DEBUG : Events : ^^^^ Posted event 'player_turn_start'. Type: None, Callback: None, Args: {'player': <Player 1>, 'number': 1}
2016-08-24 11:25:43,598 : DEBUG : Events : ============== EVENTS QUEUE =============
2016-08-24 11:25:43,598 : DEBUG : Events : game_started, None, None, {}
2016-08-24 11:25:43,598 : DEBUG : Events : clear, None, None, {'key': 'attract'}
2016-08-24 11:25:43,598 : DEBUG : Events : player_add_success, None, None, {'player': '<Player 1>', 'num': 1}
2016-08-24 11:25:43,598 : DEBUG : Events : player_add_success, None, <bound method Player._player_add_done of <Player 1>>, {'player': <Player 1>, 'num': 1}
2016-08-24 11:25:43,598 : DEBUG : Events : player_add_success, None, None, {'player': <Player 1>, 'num': 1}
2016-08-24 11:25:43,598 : DEBUG : Events : player_turn_start, None, None, {'player': <Player 1>, 'number': 1}
2016-08-24 11:25:43,598 : DEBUG : Events : =========================================
2016-08-24 11:25:43,599 : DEBUG : BcpProcessor : Processing command: player_variable {'name': 'ball', 'change': 1, 'prev_value': 0, 'player_num': 1, 'value': 1}
2016-08-24 11:25:43,599 : DEBUG : Player : Setting 'ball' to: 1, (prior: 0, change: 1)
2016-08-24 11:25:43,599 : DEBUG : Events : ^^^^ Posted event 'player_ball'. Type: None, Callback: None, Args: {'value': 1, 'change': 1, 'prev_value': 0, 'player_num': 1}
2016-08-24 11:25:43,599 : DEBUG : Events : ============== EVENTS QUEUE =============
2016-08-24 11:25:43,599 : DEBUG : Events : game_started, None, None, {}
2016-08-24 11:25:43,599 : DEBUG : Events : clear, None, None, {'key': 'attract'}
2016-08-24 11:25:43,599 : DEBUG : Events : player_add_success, None, None, {'player': '<Player 1>', 'num': 1}
2016-08-24 11:25:43,599 : DEBUG : Events : player_add_success, None, <bound method Player._player_add_done of <Player 1>>, {'player': <Player 1>, 'num': 1}
2016-08-24 11:25:43,599 : DEBUG : Events : player_add_success, None, None, {'player': <Player 1>, 'num': 1}
2016-08-24 11:25:43,599 : DEBUG : Events : player_turn_start, None, None, {'player': <Player 1>, 'number': 1}
2016-08-24 11:25:43,600 : DEBUG : Events : player_ball, None, None, {'value': 1, 'change': 1, 'prev_value': 0, 'player_num': 1}
2016-08-24 11:25:43,600 : DEBUG : Events : =========================================
2016-08-24 11:25:43,600 : DEBUG : BcpProcessor : Processing command: trigger {'player': 1, 'ball': 1, 'name': 'ball_started'}
2016-08-24 11:25:43,600 : DEBUG : Events : ^^^^ Posted event 'ball_started'. Type: None, Callback: None, Args: {'player': 1, 'ball': 1}
2016-08-24 11:25:43,600 : DEBUG : Events : ============== EVENTS QUEUE =============
2016-08-24 11:25:43,600 : DEBUG : Events : game_started, None, None, {}
2016-08-24 11:25:43,600 : DEBUG : Events : clear, None, None, {'key': 'attract'}
2016-08-24 11:25:43,600 : DEBUG : Events : player_add_success, None, None, {'player': '<Player 1>', 'num': 1}
2016-08-24 11:25:43,600 : DEBUG : Events : player_add_success, None, <bound method Player._player_add_done of <Player 1>>, {'player': <Player 1>, 'num': 1}
2016-08-24 11:25:43,600 : DEBUG : Events : player_add_success, None, None, {'player': <Player 1>, 'num': 1}
2016-08-24 11:25:43,600 : DEBUG : Events : player_turn_start, None, None, {'player': <Player 1>, 'number': 1}
2016-08-24 11:25:43,601 : DEBUG : Events : player_ball, None, None, {'value': 1, 'change': 1, 'prev_value': 0, 'player_num': 1}
2016-08-24 11:25:43,601 : DEBUG : Events : ball_started, None, None, {'player': 1, 'ball': 1}
2016-08-24 11:25:43,601 : DEBUG : Events : =========================================
2016-08-24 11:25:43,601 : DEBUG : Events : ^^^^ Processing event 'game_started'. Type: None, Callback: None, Args: {}
2016-08-24 11:25:43,601 : DEBUG : Events : vvvv Finished event 'game_started'. Type: None. Callback: None. Args: {}
2016-08-24 11:25:43,601 : DEBUG : Events : ^^^^ Processing event 'clear'. Type: None, Callback: None, Args: {'key': 'attract'}
2016-08-24 11:25:43,601 : DEBUG : Events : vvvv Finished event 'clear'. Type: None. Callback: None. Args: {'key': 'attract'}
2016-08-24 11:25:43,601 : DEBUG : Events : ^^^^ Processing event 'player_add_success'. Type: None, Callback: None, Args: {'player': '<Player 1>', 'num': 1}
2016-08-24 11:25:43,602 : DEBUG : Events : vvvv Finished event 'player_add_success'. Type: None. Callback: None. Args: {'player': '<Player 1>', 'num': 1}
2016-08-24 11:25:43,602 : DEBUG : Events : ^^^^ Processing event 'player_add_success'. Type: None, Callback: <bound method Player._player_add_done of <Player 1>>, Args: {'player': <Player 1>, 'num': 1}
2016-08-24 11:25:43,602 : DEBUG : Events : vvvv Finished event 'player_add_success'. Type: None. Callback: <bound method Player._player_add_done of <Player 1>>. Args: {'player': <Player 1>, 'num': 1}
2016-08-24 11:25:43,602 : DEBUG : Events : ^^^^ Processing event 'player_add_success'. Type: None, Callback: None, Args: {'player': <Player 1>, 'num': 1}
2016-08-24 11:25:43,602 : DEBUG : Events : vvvv Finished event 'player_add_success'. Type: None. Callback: None. Args: {'player': <Player 1>, 'num': 1}
2016-08-24 11:25:43,602 : DEBUG : Events : ^^^^ Processing event 'player_turn_start'. Type: None, Callback: None, Args: {'player': <Player 1>, 'number': 1}
2016-08-24 11:25:43,602 : DEBUG : Events : Text._player_var_change (priority: 1) responding to event 'player_turn_start' with args {'player': <Player 1>, 'number': 1}
2016-08-24 11:25:43,602 : DEBUG : Events : Text._player_var_change (priority: 1) responding to event 'player_turn_start' with args {'player': <Player 1>, 'number': 1}
2016-08-24 11:25:43,603 : DEBUG : Events : Text._player_var_change (priority: 1) responding to event 'player_turn_start' with args {'player': <Player 1>, 'number': 1}
2016-08-24 11:25:43,603 : DEBUG : Events : Text._player_var_change (priority: 1) responding to event 'player_turn_start' with args {'player': <Player 1>, 'number': 1}
2016-08-24 11:25:43,603 : DEBUG : Events : Text._player_var_change (priority: 1) responding to event 'player_turn_start' with args {'player': <Player 1>, 'number': 1}
2016-08-24 11:25:43,603 : DEBUG : Events : vvvv Finished event 'player_turn_start'. Type: None. Callback: None. Args: {'player': <Player 1>, 'number': 1}
2016-08-24 11:25:43,603 : DEBUG : Events : ^^^^ Processing event 'player_ball'. Type: None, Callback: None, Args: {'value': 1, 'change': 1, 'prev_value': 0, 'player_num': 1}
2016-08-24 11:25:43,603 : DEBUG : Events : Text._player_var_change (priority: 1) responding to event 'player_ball' with args {'value': 1, 'change': 1, 'prev_value': 0, 'player_num': 1}
2016-08-24 11:25:43,603 : DEBUG : Events : vvvv Finished event 'player_ball'. Type: None. Callback: None. Args: {'value': 1, 'change': 1, 'prev_value': 0, 'player_num': 1}
2016-08-24 11:25:43,604 : DEBUG : Events : ^^^^ Processing event 'ball_started'. Type: None, Callback: None, Args: {'player': 1, 'ball': 1}
2016-08-24 11:25:43,604 : DEBUG : Events : ConfigPlayer.config_play_callback (priority: 0) responding to event 'ball_started' with args {'player': 1, 'ball': 1, 'mode': None, 'settings': {'slides': {'ball_started': {'transition': None, 'action': 'play', 'persist': False, 'priority': None, 'show': True, 'force': False, 'target': None, 'expire': None, 'transition_out': None}}}}
2016-08-24 11:25:43,604 : DEBUG : Events : Registered Text._player_var_change as a handler for 'player_number', priority: 1, kwargs: {}
2016-08-24 11:25:43,604 : DEBUG : Events : Registered Text._player_var_change as a handler for 'player_turn_start', priority: 1, kwargs: {}
2016-08-24 11:25:43,604 : DEBUG : Events : vvvv Finished event 'ball_started'. Type: None. Callback: None. Args: {'player': 1, 'ball': 1}
2016-08-24 11:25:43,605 : DEBUG : Player : Setting 'score' to: 0, (prior: 0, change: 0)
2016-08-24 11:25:43,605 : DEBUG : Events : ^^^^ Posted event 'player_score'. Type: None, Callback: None, Args: {'value': 0, 'change': 0, 'prev_value': 0, 'player_num': 1}
2016-08-24 11:25:43,605 : DEBUG : Events : ============== EVENTS QUEUE =============
2016-08-24 11:25:43,605 : DEBUG : Events : player_score, None, None, {'value': 0, 'change': 0, 'prev_value': 0, 'player_num': 1}
2016-08-24 11:25:43,605 : DEBUG : Events : =========================================
2016-08-24 11:25:43,605 : DEBUG : Events : ^^^^ Processing event 'player_score'. Type: None, Callback: None, Args: {'value': 0, 'change': 0, 'prev_value': 0, 'player_num': 1}
2016-08-24 11:25:43,605 : DEBUG : Events : vvvv Finished event 'player_score'. Type: None. Callback: None. Args: {'value': 0, 'change': 0, 'prev_value': 0, 'player_num': 1}
2016-08-24 11:25:44,182 : DEBUG : MPF-MC BCP Server : Received "machine_variable?name=player2_score&change=int:0&prev_value=int:0&value=int:0"
2016-08-24 11:25:44,182 : DEBUG : MPF-MC BCP Server : Received "trigger?player=%3CPlayer%202%3E&name=player_add_success&num=int:2"
2016-08-24 11:25:44,183 : DEBUG : MPF-MC BCP Server : Received "player_added?player_num=int:2"
2016-08-24 11:25:44,199 : DEBUG : BcpProcessor : Processing command: machine_variable {'name': 'player2_score', 'change': 0, 'prev_value': 0, 'value': 0}
2016-08-24 11:25:44,199 : DEBUG : BcpProcessor : Processing command: trigger {'player': '<Player 2>', 'name': 'player_add_success', 'num': 2}
2016-08-24 11:25:44,199 : DEBUG : Events : ^^^^ Posted event 'player_add_success'. Type: None, Callback: None, Args: {'player': '<Player 2>', 'num': 2}
2016-08-24 11:25:44,200 : DEBUG : Events : ============== EVENTS QUEUE =============
2016-08-24 11:25:44,200 : DEBUG : Events : player_add_success, None, None, {'player': '<Player 2>', 'num': 2}
2016-08-24 11:25:44,200 : DEBUG : Events : =========================================
2016-08-24 11:25:44,200 : DEBUG : BcpProcessor : Processing command: player_added {'player_num': 2}
2016-08-24 11:25:44,201 : DEBUG : Player : Creating new player: Player 2. (player index '1')
2016-08-24 11:25:44,201 : DEBUG : Events : ^^^^ Posted event 'player_add_success'. Type: None, Callback: <bound method Player._player_add_done of <Player 2>>, Args: {'player': <Player 2>, 'num': 2}
2016-08-24 11:25:44,201 : DEBUG : Events : ============== EVENTS QUEUE =============
2016-08-24 11:25:44,201 : DEBUG : Events : player_add_success, None, None, {'player': '<Player 2>', 'num': 2}
2016-08-24 11:25:44,201 : DEBUG : Events : player_add_success, None, <bound method Player._player_add_done of <Player 2>>, {'player': <Player 2>, 'num': 2}
2016-08-24 11:25:44,202 : DEBUG : Events : =========================================
2016-08-24 11:25:44,202 : DEBUG : Events : ^^^^ Posted event 'player_add_success'. Type: None, Callback: None, Args: {'player': <Player 2>, 'num': 2}
2016-08-24 11:25:44,202 : DEBUG : Events : ============== EVENTS QUEUE =============
2016-08-24 11:25:44,202 : DEBUG : Events : player_add_success, None, None, {'player': '<Player 2>', 'num': 2}
2016-08-24 11:25:44,202 : DEBUG : Events : player_add_success, None, <bound method Player._player_add_done of <Player 2>>, {'player': <Player 2>, 'num': 2}
2016-08-24 11:25:44,202 : DEBUG : Events : player_add_success, None, None, {'player': <Player 2>, 'num': 2}
2016-08-24 11:25:44,203 : DEBUG : Events : =========================================
2016-08-24 11:25:44,203 : DEBUG : Events : ^^^^ Processing event 'player_add_success'. Type: None, Callback: None, Args: {'player': '<Player 2>', 'num': 2}
2016-08-24 11:25:44,203 : DEBUG : Events : vvvv Finished event 'player_add_success'. Type: None. Callback: None. Args: {'player': '<Player 2>', 'num': 2}
2016-08-24 11:25:44,203 : DEBUG : Events : ^^^^ Processing event 'player_add_success'. Type: None, Callback: <bound method Player._player_add_done of <Player 2>>, Args: {'player': <Player 2>, 'num': 2}
2016-08-24 11:25:44,204 : DEBUG : Events : vvvv Finished event 'player_add_success'. Type: None. Callback: <bound method Player._player_add_done of <Player 2>>. Args: {'player': <Player 2>, 'num': 2}
2016-08-24 11:25:44,204 : DEBUG : Events : ^^^^ Processing event 'player_add_success'. Type: None, Callback: None, Args: {'player': <Player 2>, 'num': 2}
2016-08-24 11:25:44,204 : DEBUG : Events : vvvv Finished event 'player_add_success'. Type: None. Callback: None. Args: {'player': <Player 2>, 'num': 2}
2016-08-24 11:25:44,204 : DEBUG : Player : Setting 'score' to: 0, (prior: 0, change: 0)
2016-08-24 11:25:44,204 : DEBUG : Events : ^^^^ Posted event 'player_score'. Type: None, Callback: None, Args: {'value': 0, 'change': 0, 'prev_value': 0, 'player_num': 2}
2016-08-24 11:25:44,204 : DEBUG : Events : ============== EVENTS QUEUE =============
2016-08-24 11:25:44,205 : DEBUG : Events : player_score, None, None, {'value': 0, 'change': 0, 'prev_value': 0, 'player_num': 2}
2016-08-24 11:25:44,205 : DEBUG : Events : =========================================
2016-08-24 11:25:44,205 : DEBUG : Events : ^^^^ Processing event 'player_score'. Type: None, Callback: None, Args: {'value': 0, 'change': 0, 'prev_value': 0, 'player_num': 2}
2016-08-24 11:25:44,205 : DEBUG : Events : vvvv Finished event 'player_score'. Type: None. Callback: None. Args: {'value': 0, 'change': 0, 'prev_value': 0, 'player_num': 2}
2016-08-24 11:25:45,511 : DEBUG : MPF-MC BCP Server : Received "machine_variable?name=player3_score&change=int:0&prev_value=int:0&value=int:0"
2016-08-24 11:25:45,512 : DEBUG : MPF-MC BCP Server : Received "trigger?player=%3CPlayer%203%3E&name=player_add_success&num=int:3"
2016-08-24 11:25:45,512 : DEBUG : MPF-MC BCP Server : Received "player_added?player_num=int:3"
2016-08-24 11:25:45,529 : DEBUG : BcpProcessor : Processing command: machine_variable {'name': 'player3_score', 'change': 0, 'prev_value': 0, 'value': 0}
2016-08-24 11:25:45,529 : DEBUG : BcpProcessor : Processing command: trigger {'player': '<Player 3>', 'name': 'player_add_success', 'num': 3}
2016-08-24 11:25:45,529 : DEBUG : Events : ^^^^ Posted event 'player_add_success'. Type: None, Callback: None, Args: {'player': '<Player 3>', 'num': 3}
2016-08-24 11:25:45,529 : DEBUG : Events : ============== EVENTS QUEUE =============
2016-08-24 11:25:45,530 : DEBUG : Events : player_add_success, None, None, {'player': '<Player 3>', 'num': 3}
2016-08-24 11:25:45,530 : DEBUG : Events : =========================================
2016-08-24 11:25:45,530 : DEBUG : BcpProcessor : Processing command: player_added {'player_num': 3}
2016-08-24 11:25:45,530 : DEBUG : Player : Creating new player: Player 3. (player index '2')
2016-08-24 11:25:45,530 : DEBUG : Events : ^^^^ Posted event 'player_add_success'. Type: None, Callback: <bound method Player._player_add_done of <Player 3>>, Args: {'player': <Player 3>, 'num': 3}
2016-08-24 11:25:45,530 : DEBUG : Events : ============== EVENTS QUEUE =============
2016-08-24 11:25:45,530 : DEBUG : Events : player_add_success, None, None, {'player': '<Player 3>', 'num': 3}
2016-08-24 11:25:45,530 : DEBUG : Events : player_add_success, None, <bound method Player._player_add_done of <Player 3>>, {'player': <Player 3>, 'num': 3}
2016-08-24 11:25:45,530 : DEBUG : Events : =========================================
2016-08-24 11:25:45,530 : DEBUG : Events : ^^^^ Posted event 'player_add_success'. Type: None, Callback: None, Args: {'player': <Player 3>, 'num': 3}
2016-08-24 11:25:45,531 : DEBUG : Events : ============== EVENTS QUEUE =============
2016-08-24 11:25:45,531 : DEBUG : Events : player_add_success, None, None, {'player': '<Player 3>', 'num': 3}
2016-08-24 11:25:45,531 : DEBUG : Events : player_add_success, None, <bound method Player._player_add_done of <Player 3>>, {'player': <Player 3>, 'num': 3}
2016-08-24 11:25:45,531 : DEBUG : Events : player_add_success, None, None, {'player': <Player 3>, 'num': 3}
2016-08-24 11:25:45,531 : DEBUG : Events : =========================================
2016-08-24 11:25:45,531 : DEBUG : Events : ^^^^ Processing event 'player_add_success'. Type: None, Callback: None, Args: {'player': '<Player 3>', 'num': 3}
2016-08-24 11:25:45,531 : DEBUG : Events : vvvv Finished event 'player_add_success'. Type: None. Callback: None. Args: {'player': '<Player 3>', 'num': 3}
2016-08-24 11:25:45,531 : DEBUG : Events : ^^^^ Processing event 'player_add_success'. Type: None, Callback: <bound method Player._player_add_done of <Player 3>>, Args: {'player': <Player 3>, 'num': 3}
2016-08-24 11:25:45,532 : DEBUG : Events : vvvv Finished event 'player_add_success'. Type: None. Callback: <bound method Player._player_add_done of <Player 3>>. Args: {'player': <Player 3>, 'num': 3}
2016-08-24 11:25:45,532 : DEBUG : Events : ^^^^ Processing event 'player_add_success'. Type: None, Callback: None, Args: {'player': <Player 3>, 'num': 3}
2016-08-24 11:25:45,532 : DEBUG : Events : vvvv Finished event 'player_add_success'. Type: None. Callback: None. Args: {'player': <Player 3>, 'num': 3}
2016-08-24 11:25:45,532 : DEBUG : Player : Setting 'score' to: 0, (prior: 0, change: 0)
2016-08-24 11:25:45,532 : DEBUG : Events : ^^^^ Posted event 'player_score'. Type: None, Callback: None, Args: {'value': 0, 'change': 0, 'prev_value': 0, 'player_num': 3}
2016-08-24 11:25:45,532 : DEBUG : Events : ============== EVENTS QUEUE =============
2016-08-24 11:25:45,532 : DEBUG : Events : player_score, None, None, {'value': 0, 'change': 0, 'prev_value': 0, 'player_num': 3}
2016-08-24 11:25:45,532 : DEBUG : Events : =========================================
2016-08-24 11:25:45,532 : DEBUG : Events : ^^^^ Processing event 'player_score'. Type: None, Callback: None, Args: {'value': 0, 'change': 0, 'prev_value': 0, 'player_num': 3}
2016-08-24 11:25:45,532 : DEBUG : Events : vvvv Finished event 'player_score'. Type: None. Callback: None. Args: {'value': 0, 'change': 0, 'prev_value': 0, 'player_num': 3}
2016-08-24 11:25:46,319 : DEBUG : MPF-MC BCP Server : Received "machine_variable?name=player4_score&change=int:0&prev_value=int:0&value=int:0"
2016-08-24 11:25:46,320 : DEBUG : MPF-MC BCP Server : Received "trigger?player=%3CPlayer%204%3E&name=player_add_success&num=int:4"
2016-08-24 11:25:46,320 : DEBUG : MPF-MC BCP Server : Received "player_added?player_num=int:4"
2016-08-24 11:25:46,347 : DEBUG : BcpProcessor : Processing command: machine_variable {'name': 'player4_score', 'change': 0, 'prev_value': 0, 'value': 0}
2016-08-24 11:25:46,347 : DEBUG : BcpProcessor : Processing command: trigger {'player': '<Player 4>', 'name': 'player_add_success', 'num': 4}
2016-08-24 11:25:46,347 : DEBUG : Events : ^^^^ Posted event 'player_add_success'. Type: None, Callback: None, Args: {'player': '<Player 4>', 'num': 4}
2016-08-24 11:25:46,347 : DEBUG : Events : ============== EVENTS QUEUE =============
2016-08-24 11:25:46,348 : DEBUG : Events : player_add_success, None, None, {'player': '<Player 4>', 'num': 4}
2016-08-24 11:25:46,348 : DEBUG : Events : =========================================
2016-08-24 11:25:46,348 : DEBUG : BcpProcessor : Processing command: player_added {'player_num': 4}
2016-08-24 11:25:46,348 : DEBUG : Player : Creating new player: Player 4. (player index '3')
2016-08-24 11:25:46,348 : DEBUG : Events : ^^^^ Posted event 'player_add_success'. Type: None, Callback: <bound method Player._player_add_done of <Player 4>>, Args: {'player': <Player 4>, 'num': 4}
2016-08-24 11:25:46,349 : DEBUG : Events : ============== EVENTS QUEUE =============
2016-08-24 11:25:46,349 : DEBUG : Events : player_add_success, None, None, {'player': '<Player 4>', 'num': 4}
2016-08-24 11:25:46,349 : DEBUG : Events : player_add_success, None, <bound method Player._player_add_done of <Player 4>>, {'player': <Player 4>, 'num': 4}
2016-08-24 11:25:46,349 : DEBUG : Events : =========================================
2016-08-24 11:25:46,349 : DEBUG : Events : ^^^^ Posted event 'player_add_success'. Type: None, Callback: None, Args: {'player': <Player 4>, 'num': 4}
2016-08-24 11:25:46,349 : DEBUG : Events : ============== EVENTS QUEUE =============
2016-08-24 11:25:46,350 : DEBUG : Events : player_add_success, None, None, {'player': '<Player 4>', 'num': 4}
2016-08-24 11:25:46,350 : DEBUG : Events : player_add_success, None, <bound method Player._player_add_done of <Player 4>>, {'player': <Player 4>, 'num': 4}
2016-08-24 11:25:46,350 : DEBUG : Events : player_add_success, None, None, {'player': <Player 4>, 'num': 4}
2016-08-24 11:25:46,350 : DEBUG : Events : =========================================
2016-08-24 11:25:46,351 : DEBUG : Events : ^^^^ Processing event 'player_add_success'. Type: None, Callback: None, Args: {'player': '<Player 4>', 'num': 4}
2016-08-24 11:25:46,351 : DEBUG : Events : vvvv Finished event 'player_add_success'. Type: None. Callback: None. Args: {'player': '<Player 4>', 'num': 4}
2016-08-24 11:25:46,351 : DEBUG : Events : ^^^^ Processing event 'player_add_success'. Type: None, Callback: <bound method Player._player_add_done of <Player 4>>, Args: {'player': <Player 4>, 'num': 4}
2016-08-24 11:25:46,351 : DEBUG : Events : vvvv Finished event 'player_add_success'. Type: None. Callback: <bound method Player._player_add_done of <Player 4>>. Args: {'player': <Player 4>, 'num': 4}
2016-08-24 11:25:46,351 : DEBUG : Events : ^^^^ Processing event 'player_add_success'. Type: None, Callback: None, Args: {'player': <Player 4>, 'num': 4}
2016-08-24 11:25:46,351 : DEBUG : Events : vvvv Finished event 'player_add_success'. Type: None. Callback: None. Args: {'player': <Player 4>, 'num': 4}
2016-08-24 11:25:46,351 : DEBUG : Player : Setting 'score' to: 0, (prior: 0, change: 0)
2016-08-24 11:25:46,352 : DEBUG : Events : ^^^^ Posted event 'player_score'. Type: None, Callback: None, Args: {'value': 0, 'change': 0, 'prev_value': 0, 'player_num': 4}
2016-08-24 11:25:46,352 : DEBUG : Events : ============== EVENTS QUEUE =============
2016-08-24 11:25:46,352 : DEBUG : Events : player_score, None, None, {'value': 0, 'change': 0, 'prev_value': 0, 'player_num': 4}
2016-08-24 11:25:46,352 : DEBUG : Events : =========================================
2016-08-24 11:25:46,352 : DEBUG : Events : ^^^^ Processing event 'player_score'. Type: None, Callback: None, Args: {'value': 0, 'change': 0, 'prev_value': 0, 'player_num': 4}
2016-08-24 11:25:46,352 : DEBUG : Events : vvvv Finished event 'player_score'. Type: None. Callback: None. Args: {'value': 0, 'change': 0, 'prev_value': 0, 'player_num': 4}
2016-08-24 11:26:06,968 : INFO : kivy : Base: Leaving application in progress...
2016-08-24 11:26:07,002 : INFO : mpfmc : Stopping...
2016-08-24 11:26:07,003 : INFO : mpfmc : Loop rate 32.99Hz
2016-08-24 11:26:07,003 : INFO : kivy : MC run loop ended.
2016-08-24 11:26:07,003 : INFO : kivy : Stopping child threads... (3 remaining)
2016-08-24 11:26:07,113 : INFO : MPF-MC BCP Server : Stopping BCP sending thread
2016-08-24 11:26:07,408 : INFO : kivy : All child threads stopped.
