2016-08-22 15:51:43,646 : INFO : kivy : Factory: 179 symbols loaded
2016-08-22 15:51:43,647 : DEBUG : kivy : Cache: register <kv.lang> with limit=None, timeout=None
2016-08-22 15:51:43,719 : DEBUG : kivy : Cache: register <kv.image> with limit=None, timeout=60
2016-08-22 15:51:43,719 : DEBUG : kivy : Cache: register <kv.atlas> with limit=None, timeout=None
2016-08-22 15:51:43,738 : INFO : kivy : Image: Providers: img_tex, img_imageio, img_dds, img_gif, img_sdl2 (img_pil, img_ffpyplayer ignored)
2016-08-22 15:51:43,739 : DEBUG : kivy : Cache: register <kv.texture> with limit=1000, timeout=60
2016-08-22 15:51:43,739 : DEBUG : kivy : Cache: register <kv.shader> with limit=1000, timeout=3600
2016-08-22 15:51:43,866 : INFO : kivy : VideoGstplayer: Using Gstreamer 1.4.5.0
2016-08-22 15:51:43,866 : INFO : kivy : Video: Provider: gstplayer
2016-08-22 15:51:43,878 : INFO : kivy : Loading MPF-MC controller
2016-08-22 15:51:43,878 : INFO : mpfmc : Mission Pinball Framework Media Controller v0.30.1
2016-08-22 15:51:43,879 : INFO : mpfmc : Machine path: /Users/jackbot/pinball/taxi
2016-08-22 15:51:43,879 : INFO : mpfmc : Starting clock at 30.0Hz
2016-08-22 15:51:43,879 : DEBUG : Events : Registered ModeController._load_modes as a handler for 'init_phase_2', priority: 1, kwargs: {}
2016-08-22 15:51:43,880 : DEBUG : Events : Registered ConfigCollection.create_entries_from_root_config as a handler for 'init_phase_1', priority: 1, kwargs: {}
2016-08-22 15:51:43,880 : DEBUG : Events : Registered ConfigCollection.create_entries_from_root_config as a handler for 'init_phase_1', priority: 1, kwargs: {}
2016-08-22 15:51:43,884 : INFO : kivy : Text: Provider: sdl2
2016-08-22 15:51:43,890 : DEBUG : Events : Registered ConfigCollection.create_entries_from_root_config as a handler for 'init_phase_1', priority: 1, kwargs: {}
2016-08-22 15:51:43,890 : DEBUG : Events : Registered ConfigCollection.create_entries_from_root_config as a handler for 'init_phase_1', priority: 1, kwargs: {}
2016-08-22 15:51:44,072 : DEBUG : Events : Registered ConfigProcessor._init as a handler for 'init_phase_1', priority: 1, kwargs: {}
2016-08-22 15:51:44,082 : INFO : kivy : OSC: using <multiprocessing> for socket
2016-08-22 15:51:44,084 : INFO : kivy : Window: Provider: sdl2
2016-08-22 15:51:44,177 : INFO : kivy : GL: OpenGL version <b'2.1 INTEL-10.14.73'>
2016-08-22 15:51:44,178 : INFO : kivy : GL: OpenGL vendor <b'Intel Inc.'>
2016-08-22 15:51:44,178 : INFO : kivy : GL: OpenGL renderer <b'Intel Iris Pro OpenGL Engine'>
2016-08-22 15:51:44,178 : INFO : kivy : GL: OpenGL parsed version: 2, 1
2016-08-22 15:51:44,178 : INFO : kivy : GL: Shading version <b'1.20'>
2016-08-22 15:51:44,178 : INFO : kivy : GL: Texture max size <16384>
2016-08-22 15:51:44,178 : INFO : kivy : GL: Texture max units <16>
2016-08-22 15:51:44,189 : DEBUG : kivy : Shader: Fragment compiled successfully
2016-08-22 15:51:44,191 : DEBUG : kivy : Shader: Vertex compiled successfully
2016-08-22 15:51:44,191 : DEBUG : kivy : ImageImageIO: Load </Applications/MPF.app/Contents/Resources/kivy/kivy/data/glsl/default.png>
2016-08-22 15:51:44,192 : INFO : kivy : Window: auto add sdl2 input provider
2016-08-22 15:51:44,193 : INFO : kivy : Window: virtual keyboard not allowed, single mode, not docked
2016-08-22 15:51:44,194 : DEBUG : kivy : Resource: add </Applications/MPF.app/Contents/Frameworks/python/3.5.0/lib/python3.5/site-packages/mpfmc/fonts> in path list
2016-08-22 15:51:44,194 : DEBUG : SoundSystem : Loading the Sound System
2016-08-22 15:51:44,195 : INFO : SoundSystem : SoundSystem: Using default 'sound_system' settings
2016-08-22 15:51:44,216 : INFO : AudioInterface : Initialized 0.30.0
2016-08-22 15:51:44,216 : DEBUG : AudioInterface : Loaded SDL 2.0.4
2016-08-22 15:51:44,217 : DEBUG : AudioInterface : Loaded SDL_Mixer 2.0.0
2016-08-22 15:51:44,217 : DEBUG : AudioInterface : Settings requested - rate: 44100, channels: 1, buffer: 2048 samples
2016-08-22 15:51:44,217 : DEBUG : AudioInterface : Settings in use - rate: 44100, channels: 1, buffer: 2048 samples
2016-08-22 15:51:44,217 : DEBUG : AudioInterface : Silence audio chunk initialized (required for SDL_Mixer callback)
2016-08-22 15:51:44,217 : DEBUG : AudioInterface : SDL_Mixer - Allocated 1 channel for final audio output
2016-08-22 15:51:44,217 : DEBUG : AudioInterface.Track.0.default : Allocated track audio buffer (4096 bytes)
2016-08-22 15:51:44,217 : DEBUG : AudioInterface : The 'default' track has successfully been created.
2016-08-22 15:51:44,218 : DEBUG : AudioInterface : Enabling audio playback
2016-08-22 15:51:44,218 : DEBUG : AssetManager : Initializing...
2016-08-22 15:51:44,218 : DEBUG : Events : Registered AssetManager._create_assets as a handler for 'init_phase_3', priority: 1, kwargs: {}
2016-08-22 15:51:44,218 : DEBUG : Events : Registered AssetManager._bcp_client_asset_load as a handler for 'assets_to_load', priority: 1, kwargs: {}
2016-08-22 15:51:44,219 : DEBUG : kivy : App: Loading kv </Applications/MPF.app/Contents/Frameworks/python/3.5.0/lib/python3.5/site-packages/mpfmc/core/mpfmc.kv>
2016-08-22 15:51:44,219 : DEBUG : kivy : App: kv </Applications/MPF.app/Contents/Frameworks/python/3.5.0/lib/python3.5/site-packages/mpfmc/core/mpfmc.kv> not found
2016-08-22 15:51:44,219 : DEBUG : kivy : Base: Create provider from mouse
2016-08-22 15:51:44,220 : INFO : kivy : Base: Start application main loop
2016-08-22 15:51:44,279 : DEBUG : Events : ^^^^ Posted event 'display_window_ready'. Type: None, Callback: None, Args: {}
2016-08-22 15:51:44,279 : DEBUG : Events : ============== EVENTS QUEUE =============
2016-08-22 15:51:44,279 : DEBUG : Events : display_window_ready, None, None, {}
2016-08-22 15:51:44,279 : DEBUG : Events : =========================================
2016-08-22 15:51:44,307 : DEBUG : Events : ^^^^ Processing event 'display_window_ready'. Type: None, Callback: None, Args: {}
2016-08-22 15:51:44,307 : DEBUG : Events : vvvv Finished event 'display_window_ready'. Type: None. Callback: None. Args: {}
2016-08-22 15:51:44,307 : DEBUG : Events : ^^^^ Posted event 'display_window_initialized'. Type: None, Callback: None, Args: {}
2016-08-22 15:51:44,307 : DEBUG : Events : ============== EVENTS QUEUE =============
2016-08-22 15:51:44,307 : DEBUG : Events : display_window_initialized, None, None, {}
2016-08-22 15:51:44,308 : DEBUG : Events : =========================================
2016-08-22 15:51:44,337 : DEBUG : Events : ^^^^ Processing event 'display_window_initialized'. Type: None, Callback: None, Args: {}
2016-08-22 15:51:44,338 : DEBUG : Events : vvvv Finished event 'display_window_initialized'. Type: None. Callback: None. Args: {}
2016-08-22 15:51:44,340 : DEBUG : Events : ^^^^ Posted event 'displays_initialized'. Type: None, Callback: None, Args: {}
2016-08-22 15:51:44,340 : DEBUG : Events : ============== EVENTS QUEUE =============
2016-08-22 15:51:44,341 : DEBUG : Events : displays_initialized, None, None, {}
2016-08-22 15:51:44,341 : DEBUG : Events : =========================================
2016-08-22 15:51:44,341 : DEBUG : Events : ^^^^ Processing event 'displays_initialized'. Type: None, Callback: None, Args: {}
2016-08-22 15:51:44,341 : DEBUG : Events : vvvv Finished event 'displays_initialized'. Type: None. Callback: None. Args: {}
2016-08-22 15:51:44,343 : DEBUG : Events : Registered McConfigPlayer._initialize as a handler for 'init_phase_1', priority: 1, kwargs: {}
2016-08-22 15:51:44,344 : DEBUG : Events : Registered McConfigPlayer._initialize as a handler for 'init_phase_1', priority: 1, kwargs: {}
2016-08-22 15:51:44,344 : DEBUG : Events : Registered McConfigPlayer._initialize as a handler for 'init_phase_1', priority: 1, kwargs: {}
2016-08-22 15:51:44,344 : DEBUG : Events : ^^^^ Posted event 'init_phase_1'. Type: None, Callback: None, Args: {}
2016-08-22 15:51:44,345 : DEBUG : Events : ============== EVENTS QUEUE =============
2016-08-22 15:51:44,345 : DEBUG : Events : init_phase_1, None, None, {}
2016-08-22 15:51:44,345 : DEBUG : Events : =========================================
2016-08-22 15:51:44,345 : DEBUG : Events : ^^^^ Processing event 'init_phase_1'. Type: None, Callback: None, Args: {}
2016-08-22 15:51:44,345 : DEBUG : Events : ConfigCollection.create_entries_from_root_config (priority: 1) responding to event 'init_phase_1' with args {}
2016-08-22 15:51:44,345 : DEBUG : Events : ConfigCollection.create_entries_from_root_config (priority: 1) responding to event 'init_phase_1' with args {}
2016-08-22 15:51:44,347 : DEBUG : Events : ConfigCollection.create_entries_from_root_config (priority: 1) responding to event 'init_phase_1' with args {}
2016-08-22 15:51:44,347 : DEBUG : Events : ConfigCollection.create_entries_from_root_config (priority: 1) responding to event 'init_phase_1' with args {}
2016-08-22 15:51:44,347 : DEBUG : Events : ConfigProcessor._init (priority: 1) responding to event 'init_phase_1' with args {}
2016-08-22 15:51:44,347 : DEBUG : Events : McConfigPlayer._initialize (priority: 1) responding to event 'init_phase_1' with args {}
2016-08-22 15:51:44,347 : DEBUG : Events : Registered McConfigPlayer.play_from_trigger as a handler for 'sounds_play', priority: 1, kwargs: {}
2016-08-22 15:51:44,348 : DEBUG : Events : Registered McConfigPlayer.clear_from_trigger as a handler for 'sounds_clear', priority: 1, kwargs: {}
2016-08-22 15:51:44,348 : DEBUG : Events : McConfigPlayer._initialize (priority: 1) responding to event 'init_phase_1' with args {}
2016-08-22 15:51:44,348 : DEBUG : Events : Registered McConfigPlayer.play_from_trigger as a handler for 'widgets_play', priority: 1, kwargs: {}
2016-08-22 15:51:44,348 : DEBUG : Events : Registered McConfigPlayer.clear_from_trigger as a handler for 'widgets_clear', priority: 1, kwargs: {}
2016-08-22 15:51:44,348 : DEBUG : Events : McConfigPlayer._initialize (priority: 1) responding to event 'init_phase_1' with args {}
2016-08-22 15:51:44,348 : DEBUG : Events : Registered ConfigPlayer.config_play_callback as a handler for 'mc_ready', priority: 0, kwargs: {'mode': None, 'settings': {'slides': {'welcome_slide': {'show': True, 'force': False, 'transition_out': None, 'priority': None, 'expire': None, 'target': None, 'action': 'play', 'transition': None, 'persist': False}}}}
2016-08-22 15:51:44,349 : DEBUG : Events : Registered McConfigPlayer.play_from_trigger as a handler for 'slides_play', priority: 1, kwargs: {}
2016-08-22 15:51:44,349 : DEBUG : Events : Registered McConfigPlayer.clear_from_trigger as a handler for 'slides_clear', priority: 1, kwargs: {}
2016-08-22 15:51:44,349 : DEBUG : Events : vvvv Finished event 'init_phase_1'. Type: None. Callback: None. Args: {}
2016-08-22 15:51:44,349 : DEBUG : Events : ^^^^ Posted event 'mc_ready'. Type: None, Callback: None, Args: {}
2016-08-22 15:51:44,349 : DEBUG : Events : ============== EVENTS QUEUE =============
2016-08-22 15:51:44,349 : DEBUG : Events : mc_ready, None, None, {}
2016-08-22 15:51:44,349 : DEBUG : Events : =========================================
2016-08-22 15:51:44,349 : DEBUG : Events : ^^^^ Processing event 'mc_ready'. Type: None, Callback: None, Args: {}
2016-08-22 15:51:44,349 : DEBUG : Events : ConfigPlayer.config_play_callback (priority: 0) responding to event 'mc_ready' with args {'mode': None, 'settings': {'slides': {'welcome_slide': {'show': True, 'force': False, 'transition_out': None, 'priority': None, 'expire': None, 'target': None, 'action': 'play', 'transition': None, 'persist': False}}}}
2016-08-22 15:51:44,352 : DEBUG : kivy : Resource: add </Library/Fonts> in path list
2016-08-22 15:51:44,352 : DEBUG : kivy : Resource: add </System/Library/Fonts> in path list
2016-08-22 15:51:44,352 : DEBUG : kivy : Resource: add </Users/jackbot/Library/Fonts> in path list
2016-08-22 15:51:44,352 : DEBUG : kivy : Resource: add </Applications/MPF.app/Contents/Resources/kivy/kivy/data/fonts> in path list
2016-08-22 15:51:44,353 : INFO : kivy : GL: NPOT texture support is available
2016-08-22 15:51:44,355 : DEBUG : Events : vvvv Finished event 'mc_ready'. Type: None. Callback: None. Args: {}
2016-08-22 15:51:44,355 : DEBUG : Events : ^^^^ Posted event 'init_phase_2'. Type: None, Callback: None, Args: {}
2016-08-22 15:51:44,355 : DEBUG : Events : ============== EVENTS QUEUE =============
2016-08-22 15:51:44,355 : DEBUG : Events : init_phase_2, None, None, {}
2016-08-22 15:51:44,355 : DEBUG : Events : =========================================
2016-08-22 15:51:44,355 : DEBUG : Events : ^^^^ Processing event 'init_phase_2'. Type: None, Callback: None, Args: {}
2016-08-22 15:51:44,356 : DEBUG : Events : ModeController._load_modes (priority: 1) responding to event 'init_phase_2' with args {}
2016-08-22 15:51:44,356 : DEBUG : ModeController : Found MPF Mode folders: {'bonus': 'bonus', 'credits': 'credits', 'carousel': 'carousel', 'tilt': 'tilt', 'game': 'game', 'attract': 'attract', 'high_score': 'high_score'}
2016-08-22 15:51:44,356 : DEBUG : ModeController : Found Machine-specific Mode folders: {}
2016-08-22 15:51:44,359 : DEBUG : Events : vvvv Finished event 'init_phase_2'. Type: None. Callback: None. Args: {}
2016-08-22 15:51:44,359 : DEBUG : Events : ^^^^ Posted event 'init_phase_3'. Type: None, Callback: None, Args: {}
2016-08-22 15:51:44,359 : DEBUG : Events : ============== EVENTS QUEUE =============
2016-08-22 15:51:44,359 : DEBUG : Events : init_phase_3, None, None, {}
2016-08-22 15:51:44,360 : DEBUG : Events : =========================================
2016-08-22 15:51:44,360 : DEBUG : Events : ^^^^ Processing event 'init_phase_3'. Type: None, Callback: None, Args: {}
2016-08-22 15:51:44,360 : DEBUG : Events : AssetManager._create_assets (priority: 1) responding to event 'init_phase_3' with args {}
2016-08-22 15:51:44,360 : DEBUG : AssetManager : Processing assets from base folder: /Users/jackbot/pinball/taxi/images
2016-08-22 15:51:44,360 : DEBUG : AssetManager : Processing assets from base folder: /Users/jackbot/pinball/taxi/videos
2016-08-22 15:51:44,360 : DEBUG : AssetManager : Processing assets from base folder: /Users/jackbot/pinball/taxi/sounds
2016-08-22 15:51:44,360 : DEBUG : AssetManager : Processing assets from base folder: /Applications/MPF.app/Contents/Frameworks/python/3.5.0/lib/python3.5/site-packages/mpf/modes/game/images
2016-08-22 15:51:44,361 : DEBUG : AssetManager : Processing assets from base folder: /Applications/MPF.app/Contents/Frameworks/python/3.5.0/lib/python3.5/site-packages/mpf/modes/game/videos
2016-08-22 15:51:44,361 : DEBUG : AssetManager : Processing assets from base folder: /Applications/MPF.app/Contents/Frameworks/python/3.5.0/lib/python3.5/site-packages/mpf/modes/game/sounds
2016-08-22 15:51:44,361 : DEBUG : AssetManager : Processing assets from base folder: /Applications/MPF.app/Contents/Frameworks/python/3.5.0/lib/python3.5/site-packages/mpf/modes/attract/images
2016-08-22 15:51:44,361 : DEBUG : AssetManager : Processing assets from base folder: /Applications/MPF.app/Contents/Frameworks/python/3.5.0/lib/python3.5/site-packages/mpf/modes/attract/videos
2016-08-22 15:51:44,361 : DEBUG : AssetManager : Processing assets from base folder: /Applications/MPF.app/Contents/Frameworks/python/3.5.0/lib/python3.5/site-packages/mpf/modes/attract/sounds
2016-08-22 15:51:44,361 : DEBUG : Events : vvvv Finished event 'init_phase_3'. Type: None. Callback: None. Args: {}
2016-08-22 15:51:44,361 : DEBUG : Events : ^^^^ Posted event 'init_phase_4'. Type: None, Callback: None, Args: {}
2016-08-22 15:51:44,361 : DEBUG : Events : ============== EVENTS QUEUE =============
2016-08-22 15:51:44,361 : DEBUG : Events : init_phase_4, None, None, {}
2016-08-22 15:51:44,362 : DEBUG : Events : =========================================
2016-08-22 15:51:44,362 : DEBUG : Events : ^^^^ Processing event 'init_phase_4'. Type: None, Callback: None, Args: {}
2016-08-22 15:51:44,362 : DEBUG : Events : vvvv Finished event 'init_phase_4'. Type: None. Callback: None. Args: {}
2016-08-22 15:51:44,362 : DEBUG : Events : ^^^^ Posted event 'init_phase_5'. Type: None, Callback: None, Args: {}
2016-08-22 15:51:44,362 : DEBUG : Events : ============== EVENTS QUEUE =============
2016-08-22 15:51:44,362 : DEBUG : Events : init_phase_5, None, None, {}
2016-08-22 15:51:44,362 : DEBUG : Events : =========================================
2016-08-22 15:51:44,362 : DEBUG : Events : ^^^^ Processing event 'init_phase_5'. Type: None, Callback: None, Args: {}
2016-08-22 15:51:44,362 : DEBUG : Events : vvvv Finished event 'init_phase_5'. Type: None. Callback: None. Args: {}
2016-08-22 15:51:44,363 : DEBUG : Events : ^^^^ Posted event 'init_done'. Type: None, Callback: None, Args: {}
2016-08-22 15:51:44,363 : DEBUG : Events : ============== EVENTS QUEUE =============
2016-08-22 15:51:44,363 : DEBUG : Events : init_done, None, None, {}
2016-08-22 15:51:44,363 : DEBUG : Events : =========================================
2016-08-22 15:51:44,363 : DEBUG : Events : ^^^^ Processing event 'init_done'. Type: None, Callback: None, Args: {}
2016-08-22 15:51:44,363 : DEBUG : Events : vvvv Finished event 'init_done'. Type: None. Callback: None. Args: {}
2016-08-22 15:51:44,363 : DEBUG : Events : ^^^^ Posted event 'mc_reset_phase_1'. Type: None, Callback: None, Args: {}
2016-08-22 15:51:44,363 : DEBUG : Events : ============== EVENTS QUEUE =============
2016-08-22 15:51:44,363 : DEBUG : Events : mc_reset_phase_1, None, None, {}
2016-08-22 15:51:44,363 : DEBUG : Events : =========================================
2016-08-22 15:51:44,364 : DEBUG : Events : ^^^^ Processing event 'mc_reset_phase_1'. Type: None, Callback: None, Args: {}
2016-08-22 15:51:44,364 : DEBUG : Events : vvvv Finished event 'mc_reset_phase_1'. Type: None. Callback: None. Args: {}
2016-08-22 15:51:44,364 : DEBUG : Events : ^^^^ Posted event 'mc_reset_phase_2'. Type: None, Callback: None, Args: {}
2016-08-22 15:51:44,364 : DEBUG : Events : ============== EVENTS QUEUE =============
2016-08-22 15:51:44,364 : DEBUG : Events : mc_reset_phase_2, None, None, {}
2016-08-22 15:51:44,364 : DEBUG : Events : =========================================
2016-08-22 15:51:44,364 : DEBUG : Events : ^^^^ Processing event 'mc_reset_phase_2'. Type: None, Callback: None, Args: {}
2016-08-22 15:51:44,364 : DEBUG : Events : vvvv Finished event 'mc_reset_phase_2'. Type: None. Callback: None. Args: {}
2016-08-22 15:51:44,364 : DEBUG : Events : ^^^^ Posted event 'mc_reset_phase_3'. Type: None, Callback: None, Args: {}
2016-08-22 15:51:44,364 : DEBUG : Events : ============== EVENTS QUEUE =============
2016-08-22 15:51:44,364 : DEBUG : Events : mc_reset_phase_3, None, None, {}
2016-08-22 15:51:44,365 : DEBUG : Events : =========================================
2016-08-22 15:51:44,365 : DEBUG : Events : ^^^^ Processing event 'mc_reset_phase_3'. Type: None, Callback: None, Args: {}
2016-08-22 15:51:44,365 : DEBUG : Events : vvvv Finished event 'mc_reset_phase_3'. Type: None. Callback: None. Args: {}
2016-08-22 15:54:16,372 : INFO : kivy : Base: Leaving application in progress...
2016-08-22 15:54:16,405 : INFO : mpfmc : Stopping...
2016-08-22 15:54:16,405 : INFO : mpfmc : Loop rate 33.1Hz
2016-08-22 15:54:16,405 : INFO : kivy : MC run loop ended.
2016-08-22 15:54:16,406 : INFO : kivy : Stopping child threads... (1 remaining)
2016-08-22 15:54:16,809 : INFO : kivy : All child threads stopped.
