2016-08-22 17:58:43,927 : INFO : kivy : Factory: 179 symbols loaded
2016-08-22 17:58:43,928 : DEBUG : kivy : Cache: register <kv.lang> with limit=None, timeout=None
2016-08-22 17:58:43,999 : DEBUG : kivy : Cache: register <kv.image> with limit=None, timeout=60
2016-08-22 17:58:44,000 : DEBUG : kivy : Cache: register <kv.atlas> with limit=None, timeout=None
2016-08-22 17:58:44,018 : INFO : kivy : Image: Providers: img_tex, img_imageio, img_dds, img_gif, img_sdl2 (img_pil, img_ffpyplayer ignored)
2016-08-22 17:58:44,018 : DEBUG : kivy : Cache: register <kv.texture> with limit=1000, timeout=60
2016-08-22 17:58:44,018 : DEBUG : kivy : Cache: register <kv.shader> with limit=1000, timeout=3600
2016-08-22 17:58:44,152 : INFO : kivy : VideoGstplayer: Using Gstreamer 1.4.5.0
2016-08-22 17:58:44,152 : INFO : kivy : Video: Provider: gstplayer
2016-08-22 17:58:44,165 : INFO : kivy : Loading MPF-MC controller
2016-08-22 17:58:44,166 : INFO : mpfmc : Mission Pinball Framework Media Controller v0.30.1
2016-08-22 17:58:44,166 : INFO : mpfmc : Machine path: /Users/jackbot/pinball/taxi
2016-08-22 17:58:44,166 : INFO : mpfmc : Starting clock at 30.0Hz
2016-08-22 17:58:44,167 : DEBUG : Events : Registered ModeController._load_modes as a handler for 'init_phase_2', priority: 1, kwargs: {}
2016-08-22 17:58:44,168 : DEBUG : Events : Registered ConfigCollection.create_entries_from_root_config as a handler for 'init_phase_1', priority: 1, kwargs: {}
2016-08-22 17:58:44,169 : DEBUG : Events : Registered ConfigCollection.create_entries_from_root_config as a handler for 'init_phase_1', priority: 1, kwargs: {}
2016-08-22 17:58:44,169 : DEBUG : Events : Registered ConfigCollection.create_entries_from_root_config as a handler for 'init_phase_1', priority: 1, kwargs: {}
2016-08-22 17:58:44,173 : INFO : kivy : Text: Provider: sdl2
2016-08-22 17:58:44,179 : DEBUG : Events : Registered ConfigCollection.create_entries_from_root_config as a handler for 'init_phase_1', priority: 1, kwargs: {}
2016-08-22 17:58:44,369 : DEBUG : Events : Registered ConfigProcessor._init as a handler for 'init_phase_1', priority: 1, kwargs: {}
2016-08-22 17:58:44,391 : INFO : kivy : OSC: using <multiprocessing> for socket
2016-08-22 17:58:44,393 : INFO : kivy : Window: Provider: sdl2
2016-08-22 17:58:44,489 : INFO : kivy : GL: OpenGL version <b'2.1 INTEL-10.14.73'>
2016-08-22 17:58:44,489 : INFO : kivy : GL: OpenGL vendor <b'Intel Inc.'>
2016-08-22 17:58:44,489 : INFO : kivy : GL: OpenGL renderer <b'Intel Iris Pro OpenGL Engine'>
2016-08-22 17:58:44,489 : INFO : kivy : GL: OpenGL parsed version: 2, 1
2016-08-22 17:58:44,489 : INFO : kivy : GL: Shading version <b'1.20'>
2016-08-22 17:58:44,489 : INFO : kivy : GL: Texture max size <16384>
2016-08-22 17:58:44,489 : INFO : kivy : GL: Texture max units <16>
2016-08-22 17:58:44,503 : DEBUG : kivy : Shader: Fragment compiled successfully
2016-08-22 17:58:44,504 : DEBUG : kivy : Shader: Vertex compiled successfully
2016-08-22 17:58:44,505 : DEBUG : kivy : ImageImageIO: Load </Applications/MPF.app/Contents/Resources/kivy/kivy/data/glsl/default.png>
2016-08-22 17:58:44,506 : INFO : kivy : Window: auto add sdl2 input provider
2016-08-22 17:58:44,506 : INFO : kivy : Window: virtual keyboard not allowed, single mode, not docked
2016-08-22 17:58:44,508 : DEBUG : kivy : Resource: add </Applications/MPF.app/Contents/Frameworks/python/3.5.0/lib/python3.5/site-packages/mpfmc/fonts> in path list
2016-08-22 17:58:44,508 : DEBUG : SoundSystem : Loading the Sound System
2016-08-22 17:58:44,509 : INFO : SoundSystem : SoundSystem: Using default 'sound_system' settings
2016-08-22 17:58:44,531 : INFO : AudioInterface : Initialized 0.30.0
2016-08-22 17:58:44,531 : DEBUG : AudioInterface : Loaded SDL 2.0.4
2016-08-22 17:58:44,531 : DEBUG : AudioInterface : Loaded SDL_Mixer 2.0.0
2016-08-22 17:58:44,532 : DEBUG : AudioInterface : Settings requested - rate: 44100, channels: 1, buffer: 2048 samples
2016-08-22 17:58:44,532 : DEBUG : AudioInterface : Settings in use - rate: 44100, channels: 1, buffer: 2048 samples
2016-08-22 17:58:44,532 : DEBUG : AudioInterface : Silence audio chunk initialized (required for SDL_Mixer callback)
2016-08-22 17:58:44,532 : DEBUG : AudioInterface : SDL_Mixer - Allocated 1 channel for final audio output
2016-08-22 17:58:44,532 : DEBUG : AudioInterface.Track.0.default : Allocated track audio buffer (4096 bytes)
2016-08-22 17:58:44,533 : DEBUG : AudioInterface : The 'default' track has successfully been created.
2016-08-22 17:58:44,533 : DEBUG : AudioInterface : Enabling audio playback
2016-08-22 17:58:44,533 : DEBUG : AssetManager : Initializing...
2016-08-22 17:58:44,533 : DEBUG : Events : Registered AssetManager._create_assets as a handler for 'init_phase_3', priority: 1, kwargs: {}
2016-08-22 17:58:44,533 : DEBUG : Events : Registered AssetManager._bcp_client_asset_load as a handler for 'assets_to_load', priority: 1, kwargs: {}
2016-08-22 17:58:44,534 : DEBUG : Events : Registered BcpProcessor._start_socket_thread as a handler for 'init_done', priority: 1, kwargs: {}
2016-08-22 17:58:44,534 : DEBUG : kivy : App: Loading kv </Applications/MPF.app/Contents/Frameworks/python/3.5.0/lib/python3.5/site-packages/mpfmc/core/mpfmc.kv>
2016-08-22 17:58:44,534 : DEBUG : kivy : App: kv </Applications/MPF.app/Contents/Frameworks/python/3.5.0/lib/python3.5/site-packages/mpfmc/core/mpfmc.kv> not found
2016-08-22 17:58:44,535 : DEBUG : kivy : Base: Create provider from mouse
2016-08-22 17:58:44,535 : INFO : kivy : Base: Start application main loop
2016-08-22 17:58:44,601 : DEBUG : Events : ^^^^ Posted event 'display_window_ready'. Type: None, Callback: None, Args: {}
2016-08-22 17:58:44,601 : DEBUG : Events : ============== EVENTS QUEUE =============
2016-08-22 17:58:44,601 : DEBUG : Events : display_window_ready, None, None, {}
2016-08-22 17:58:44,601 : DEBUG : Events : =========================================
2016-08-22 17:58:44,629 : DEBUG : Events : ^^^^ Processing event 'display_window_ready'. Type: None, Callback: None, Args: {}
2016-08-22 17:58:44,629 : DEBUG : Events : vvvv Finished event 'display_window_ready'. Type: None. Callback: None. Args: {}
2016-08-22 17:58:44,629 : DEBUG : Events : ^^^^ Posted event 'display_window_initialized'. Type: None, Callback: None, Args: {}
2016-08-22 17:58:44,630 : DEBUG : Events : ============== EVENTS QUEUE =============
2016-08-22 17:58:44,630 : DEBUG : Events : display_window_initialized, None, None, {}
2016-08-22 17:58:44,630 : DEBUG : Events : =========================================
2016-08-22 17:58:44,659 : DEBUG : Events : ^^^^ Processing event 'display_window_initialized'. Type: None, Callback: None, Args: {}
2016-08-22 17:58:44,659 : DEBUG : Events : vvvv Finished event 'display_window_initialized'. Type: None. Callback: None. Args: {}
2016-08-22 17:58:44,663 : DEBUG : Events : ^^^^ Posted event 'displays_initialized'. Type: None, Callback: None, Args: {}
2016-08-22 17:58:44,663 : DEBUG : Events : ============== EVENTS QUEUE =============
2016-08-22 17:58:44,663 : DEBUG : Events : displays_initialized, None, None, {}
2016-08-22 17:58:44,664 : DEBUG : Events : =========================================
2016-08-22 17:58:44,664 : DEBUG : Events : ^^^^ Processing event 'displays_initialized'. Type: None, Callback: None, Args: {}
2016-08-22 17:58:44,664 : DEBUG : Events : vvvv Finished event 'displays_initialized'. Type: None. Callback: None. Args: {}
2016-08-22 17:58:44,666 : DEBUG : Events : Registered McConfigPlayer._initialize as a handler for 'init_phase_1', priority: 1, kwargs: {}
2016-08-22 17:58:44,666 : DEBUG : Events : Registered McConfigPlayer._initialize as a handler for 'init_phase_1', priority: 1, kwargs: {}
2016-08-22 17:58:44,667 : DEBUG : Events : Registered McConfigPlayer._initialize as a handler for 'init_phase_1', priority: 1, kwargs: {}
2016-08-22 17:58:44,667 : DEBUG : Events : ^^^^ Posted event 'init_phase_1'. Type: None, Callback: None, Args: {}
2016-08-22 17:58:44,667 : DEBUG : Events : ============== EVENTS QUEUE =============
2016-08-22 17:58:44,667 : DEBUG : Events : init_phase_1, None, None, {}
2016-08-22 17:58:44,667 : DEBUG : Events : =========================================
2016-08-22 17:58:44,668 : DEBUG : Events : ^^^^ Processing event 'init_phase_1'. Type: None, Callback: None, Args: {}
2016-08-22 17:58:44,668 : DEBUG : Events : ConfigCollection.create_entries_from_root_config (priority: 1) responding to event 'init_phase_1' with args {}
2016-08-22 17:58:44,671 : DEBUG : Events : ConfigCollection.create_entries_from_root_config (priority: 1) responding to event 'init_phase_1' with args {}
2016-08-22 17:58:44,671 : DEBUG : Events : ConfigCollection.create_entries_from_root_config (priority: 1) responding to event 'init_phase_1' with args {}
2016-08-22 17:58:44,671 : DEBUG : Events : ConfigCollection.create_entries_from_root_config (priority: 1) responding to event 'init_phase_1' with args {}
2016-08-22 17:58:44,671 : DEBUG : Events : ConfigProcessor._init (priority: 1) responding to event 'init_phase_1' with args {}
2016-08-22 17:58:44,671 : DEBUG : Events : McConfigPlayer._initialize (priority: 1) responding to event 'init_phase_1' with args {}
2016-08-22 17:58:44,672 : DEBUG : Events : Registered ConfigPlayer.config_play_callback as a handler for 'mode_attract_started', priority: 0, kwargs: {'settings': {'slides': {'attract_started': {'transition_out': None, 'transition': None, 'action': 'play', 'priority': None, 'show': True, 'force': False, 'persist': False, 'target': None, 'expire': None}}}, 'mode': None}
2016-08-22 17:58:44,672 : DEBUG : Events : Registered ConfigPlayer.config_play_callback as a handler for 'ball_started', priority: 0, kwargs: {'settings': {'slides': {'ball_started': {'transition_out': None, 'transition': None, 'action': 'play', 'priority': None, 'show': True, 'force': False, 'persist': False, 'target': None, 'expire': None}}}, 'mode': None}
2016-08-22 17:58:44,672 : DEBUG : Events : Registered ConfigPlayer.config_play_callback as a handler for 'mc_ready', priority: 0, kwargs: {'settings': {'slides': {'welcome_slide': {'transition_out': None, 'transition': None, 'action': 'play', 'priority': None, 'show': True, 'force': False, 'persist': False, 'target': None, 'expire': None}}}, 'mode': None}
2016-08-22 17:58:44,672 : DEBUG : Events : Registered McConfigPlayer.play_from_trigger as a handler for 'slides_play', priority: 1, kwargs: {}
2016-08-22 17:58:44,672 : DEBUG : Events : Registered McConfigPlayer.clear_from_trigger as a handler for 'slides_clear', priority: 1, kwargs: {}
2016-08-22 17:58:44,673 : DEBUG : Events : McConfigPlayer._initialize (priority: 1) responding to event 'init_phase_1' with args {}
2016-08-22 17:58:44,673 : DEBUG : Events : Registered McConfigPlayer.play_from_trigger as a handler for 'widgets_play', priority: 1, kwargs: {}
2016-08-22 17:58:44,673 : DEBUG : Events : Registered McConfigPlayer.clear_from_trigger as a handler for 'widgets_clear', priority: 1, kwargs: {}
2016-08-22 17:58:44,673 : DEBUG : Events : McConfigPlayer._initialize (priority: 1) responding to event 'init_phase_1' with args {}
2016-08-22 17:58:44,673 : DEBUG : Events : Registered McConfigPlayer.play_from_trigger as a handler for 'sounds_play', priority: 1, kwargs: {}
2016-08-22 17:58:44,673 : DEBUG : Events : Registered McConfigPlayer.clear_from_trigger as a handler for 'sounds_clear', priority: 1, kwargs: {}
2016-08-22 17:58:44,673 : DEBUG : Events : vvvv Finished event 'init_phase_1'. Type: None. Callback: None. Args: {}
2016-08-22 17:58:44,673 : DEBUG : Events : ^^^^ Posted event 'mc_ready'. Type: None, Callback: None, Args: {}
2016-08-22 17:58:44,673 : DEBUG : Events : ============== EVENTS QUEUE =============
2016-08-22 17:58:44,674 : DEBUG : Events : mc_ready, None, None, {}
2016-08-22 17:58:44,674 : DEBUG : Events : =========================================
2016-08-22 17:58:44,674 : DEBUG : Events : ^^^^ Processing event 'mc_ready'. Type: None, Callback: None, Args: {}
2016-08-22 17:58:44,674 : DEBUG : Events : ConfigPlayer.config_play_callback (priority: 0) responding to event 'mc_ready' with args {'settings': {'slides': {'welcome_slide': {'transition_out': None, 'transition': None, 'action': 'play', 'priority': None, 'show': True, 'force': False, 'persist': False, 'target': None, 'expire': None}}}, 'mode': None}
2016-08-22 17:58:44,676 : DEBUG : kivy : Resource: add </Library/Fonts> in path list
2016-08-22 17:58:44,676 : DEBUG : kivy : Resource: add </System/Library/Fonts> in path list
2016-08-22 17:58:44,676 : DEBUG : kivy : Resource: add </Users/jackbot/Library/Fonts> in path list
2016-08-22 17:58:44,677 : DEBUG : kivy : Resource: add </Applications/MPF.app/Contents/Resources/kivy/kivy/data/fonts> in path list
2016-08-22 17:58:44,677 : INFO : kivy : GL: NPOT texture support is available
2016-08-22 17:58:44,679 : DEBUG : Events : vvvv Finished event 'mc_ready'. Type: None. Callback: None. Args: {}
2016-08-22 17:58:44,679 : DEBUG : Events : ^^^^ Posted event 'init_phase_2'. Type: None, Callback: None, Args: {}
2016-08-22 17:58:44,679 : DEBUG : Events : ============== EVENTS QUEUE =============
2016-08-22 17:58:44,679 : DEBUG : Events : init_phase_2, None, None, {}
2016-08-22 17:58:44,679 : DEBUG : Events : =========================================
2016-08-22 17:58:44,679 : DEBUG : Events : ^^^^ Processing event 'init_phase_2'. Type: None, Callback: None, Args: {}
2016-08-22 17:58:44,679 : DEBUG : Events : ModeController._load_modes (priority: 1) responding to event 'init_phase_2' with args {}
2016-08-22 17:58:44,680 : DEBUG : ModeController : Found MPF Mode folders: {'tilt': 'tilt', 'carousel': 'carousel', 'high_score': 'high_score', 'game': 'game', 'attract': 'attract', 'bonus': 'bonus', 'credits': 'credits'}
2016-08-22 17:58:44,680 : DEBUG : ModeController : Found Machine-specific Mode folders: {}
2016-08-22 17:58:44,683 : DEBUG : Events : vvvv Finished event 'init_phase_2'. Type: None. Callback: None. Args: {}
2016-08-22 17:58:44,683 : DEBUG : Events : ^^^^ Posted event 'init_phase_3'. Type: None, Callback: None, Args: {}
2016-08-22 17:58:44,683 : DEBUG : Events : ============== EVENTS QUEUE =============
2016-08-22 17:58:44,683 : DEBUG : Events : init_phase_3, None, None, {}
2016-08-22 17:58:44,683 : DEBUG : Events : =========================================
2016-08-22 17:58:44,684 : DEBUG : Events : ^^^^ Processing event 'init_phase_3'. Type: None, Callback: None, Args: {}
2016-08-22 17:58:44,684 : DEBUG : Events : AssetManager._create_assets (priority: 1) responding to event 'init_phase_3' with args {}
2016-08-22 17:58:44,684 : DEBUG : AssetManager : Processing assets from base folder: /Users/jackbot/pinball/taxi/images
2016-08-22 17:58:44,684 : DEBUG : AssetManager : Processing assets from base folder: /Users/jackbot/pinball/taxi/videos
2016-08-22 17:58:44,684 : DEBUG : AssetManager : Processing assets from base folder: /Users/jackbot/pinball/taxi/sounds
2016-08-22 17:58:44,684 : DEBUG : AssetManager : Processing assets from base folder: /Applications/MPF.app/Contents/Frameworks/python/3.5.0/lib/python3.5/site-packages/mpf/modes/game/images
2016-08-22 17:58:44,684 : DEBUG : AssetManager : Processing assets from base folder: /Applications/MPF.app/Contents/Frameworks/python/3.5.0/lib/python3.5/site-packages/mpf/modes/game/videos
2016-08-22 17:58:44,684 : DEBUG : AssetManager : Processing assets from base folder: /Applications/MPF.app/Contents/Frameworks/python/3.5.0/lib/python3.5/site-packages/mpf/modes/game/sounds
2016-08-22 17:58:44,685 : DEBUG : AssetManager : Processing assets from base folder: /Applications/MPF.app/Contents/Frameworks/python/3.5.0/lib/python3.5/site-packages/mpf/modes/attract/images
2016-08-22 17:58:44,685 : DEBUG : AssetManager : Processing assets from base folder: /Applications/MPF.app/Contents/Frameworks/python/3.5.0/lib/python3.5/site-packages/mpf/modes/attract/videos
2016-08-22 17:58:44,685 : DEBUG : AssetManager : Processing assets from base folder: /Applications/MPF.app/Contents/Frameworks/python/3.5.0/lib/python3.5/site-packages/mpf/modes/attract/sounds
2016-08-22 17:58:44,685 : DEBUG : Events : vvvv Finished event 'init_phase_3'. Type: None. Callback: None. Args: {}
2016-08-22 17:58:44,685 : DEBUG : Events : ^^^^ Posted event 'init_phase_4'. Type: None, Callback: None, Args: {}
2016-08-22 17:58:44,685 : DEBUG : Events : ============== EVENTS QUEUE =============
2016-08-22 17:58:44,685 : DEBUG : Events : init_phase_4, None, None, {}
2016-08-22 17:58:44,685 : DEBUG : Events : =========================================
2016-08-22 17:58:44,685 : DEBUG : Events : ^^^^ Processing event 'init_phase_4'. Type: None, Callback: None, Args: {}
2016-08-22 17:58:44,685 : DEBUG : Events : vvvv Finished event 'init_phase_4'. Type: None. Callback: None. Args: {}
2016-08-22 17:58:44,686 : DEBUG : Events : ^^^^ Posted event 'init_phase_5'. Type: None, Callback: None, Args: {}
2016-08-22 17:58:44,686 : DEBUG : Events : ============== EVENTS QUEUE =============
2016-08-22 17:58:44,686 : DEBUG : Events : init_phase_5, None, None, {}
2016-08-22 17:58:44,686 : DEBUG : Events : =========================================
2016-08-22 17:58:44,686 : DEBUG : Events : ^^^^ Processing event 'init_phase_5'. Type: None, Callback: None, Args: {}
2016-08-22 17:58:44,686 : DEBUG : Events : vvvv Finished event 'init_phase_5'. Type: None. Callback: None. Args: {}
2016-08-22 17:58:44,686 : DEBUG : Events : ^^^^ Posted event 'init_done'. Type: None, Callback: None, Args: {}
2016-08-22 17:58:44,686 : DEBUG : Events : ============== EVENTS QUEUE =============
2016-08-22 17:58:44,686 : DEBUG : Events : init_done, None, None, {}
2016-08-22 17:58:44,687 : DEBUG : Events : =========================================
2016-08-22 17:58:44,687 : DEBUG : Events : ^^^^ Processing event 'init_done'. Type: None, Callback: None, Args: {}
2016-08-22 17:58:44,687 : DEBUG : Events : BcpProcessor._start_socket_thread (priority: 1) responding to event 'init_done' with args {}
2016-08-22 17:58:44,687 : INFO : MPF-MC BCP Server : Starting up on localhost port 5050
2016-08-22 17:58:44,688 : INFO : MPF-MC BCP Server : Waiting for a connection...
2016-08-22 17:58:44,688 : DEBUG : Events : vvvv Finished event 'init_done'. Type: None. Callback: None. Args: {}
2016-08-22 17:58:44,689 : DEBUG : Events : ^^^^ Posted event 'client_disconnected'. Type: None, Callback: None, Args: {'port': 5050, 'host': '127.0.0.1'}
2016-08-22 17:58:44,689 : DEBUG : Events : ^^^^ Posted event 'mc_reset_phase_1'. Type: None, Callback: None, Args: {}
2016-08-22 17:58:44,689 : DEBUG : Events : ============== EVENTS QUEUE =============
2016-08-22 17:58:44,689 : DEBUG : Events : ============== EVENTS QUEUE =============
2016-08-22 17:58:44,689 : DEBUG : Events : client_disconnected, None, None, {'port': 5050, 'host': '127.0.0.1'}
2016-08-22 17:58:44,689 : DEBUG : Events : client_disconnected, None, None, {'port': 5050, 'host': '127.0.0.1'}
2016-08-22 17:58:44,690 : DEBUG : Events : mc_reset_phase_1, None, None, {}
2016-08-22 17:58:44,690 : DEBUG : Events : mc_reset_phase_1, None, None, {}
2016-08-22 17:58:44,690 : DEBUG : Events : =========================================
2016-08-22 17:58:44,690 : DEBUG : Events : =========================================
2016-08-22 17:58:44,690 : DEBUG : Events : ^^^^ Processing event 'client_disconnected'. Type: None, Callback: None, Args: {'port': 5050, 'host': '127.0.0.1'}
2016-08-22 17:58:44,690 : DEBUG : Events : vvvv Finished event 'client_disconnected'. Type: None. Callback: None. Args: {'port': 5050, 'host': '127.0.0.1'}
2016-08-22 17:58:44,690 : DEBUG : Events : ^^^^ Processing event 'mc_reset_phase_1'. Type: None, Callback: None, Args: {}
2016-08-22 17:58:44,691 : DEBUG : Events : vvvv Finished event 'mc_reset_phase_1'. Type: None. Callback: None. Args: {}
2016-08-22 17:58:44,691 : DEBUG : Events : ^^^^ Posted event 'mc_reset_phase_2'. Type: None, Callback: None, Args: {}
2016-08-22 17:58:44,691 : DEBUG : Events : ============== EVENTS QUEUE =============
2016-08-22 17:58:44,691 : DEBUG : Events : mc_reset_phase_2, None, None, {}
2016-08-22 17:58:44,691 : DEBUG : Events : =========================================
2016-08-22 17:58:44,691 : DEBUG : Events : ^^^^ Processing event 'mc_reset_phase_2'. Type: None, Callback: None, Args: {}
2016-08-22 17:58:44,691 : DEBUG : Events : vvvv Finished event 'mc_reset_phase_2'. Type: None. Callback: None. Args: {}
2016-08-22 17:58:44,691 : DEBUG : Events : ^^^^ Posted event 'mc_reset_phase_3'. Type: None, Callback: None, Args: {}
2016-08-22 17:58:44,691 : DEBUG : Events : ============== EVENTS QUEUE =============
2016-08-22 17:58:44,691 : DEBUG : Events : mc_reset_phase_3, None, None, {}
2016-08-22 17:58:44,692 : DEBUG : Events : =========================================
2016-08-22 17:58:44,692 : DEBUG : Events : ^^^^ Processing event 'mc_reset_phase_3'. Type: None, Callback: None, Args: {}
2016-08-22 17:58:44,692 : DEBUG : Events : vvvv Finished event 'mc_reset_phase_3'. Type: None. Callback: None. Args: {}
2016-08-22 17:58:44,765 : INFO : MPF-MC BCP Server : Received connection from: 127.0.0.1:50690
2016-08-22 17:58:44,765 : DEBUG : Events : ^^^^ Posted event 'client_connected'. Type: None, Callback: None, Args: {'address': '127.0.0.1', 'port': 50690}
2016-08-22 17:58:44,765 : DEBUG : Events : ============== EVENTS QUEUE =============
2016-08-22 17:58:44,766 : DEBUG : Events : client_connected, None, None, {'address': '127.0.0.1', 'port': 50690}
2016-08-22 17:58:44,766 : DEBUG : Events : =========================================
2016-08-22 17:58:44,767 : DEBUG : MPF-MC BCP Server : Received "hello?version=1.0&controller_name=Mission%20Pinball%20Framework&controller_version=0.30.26"
2016-08-22 17:58:44,769 : DEBUG : MPF-MC BCP Server : Received "machine_variable?name=player1_score&value=int:0"
2016-08-22 17:58:44,769 : DEBUG : MPF-MC BCP Server : Received "machine_variable?name=credits_string&value=FREE%20PLAY"
2016-08-22 17:58:44,769 : DEBUG : MPF-MC BCP Server : Received "reset"
2016-08-22 17:58:44,772 : DEBUG : MPF-MC BCP Server : Received "mode_start?name=attract&priority=int:10"
2016-08-22 17:58:44,773 : DEBUG : MPF-MC BCP Server : Received "trigger?name=mode_attract_started"
2016-08-22 17:58:44,789 : DEBUG : Events : ^^^^ Processing event 'client_connected'. Type: None, Callback: None, Args: {'address': '127.0.0.1', 'port': 50690}
2016-08-22 17:58:44,790 : DEBUG : Events : vvvv Finished event 'client_connected'. Type: None. Callback: None. Args: {'address': '127.0.0.1', 'port': 50690}
2016-08-22 17:58:44,792 : DEBUG : BcpProcessor : Processing command: hello {'version': '1.0', 'controller_name': 'Mission Pinball Framework', 'controller_version': '0.30.26'}
2016-08-22 17:58:44,792 : DEBUG : BcpProcessor : Processing command: machine_variable {'value': 0, 'name': 'player1_score'}
2016-08-22 17:58:44,792 : DEBUG : mpfmc : Setting machine_var 'player1_score' to: 0, (prior: None, change: True)
2016-08-22 17:58:44,792 : DEBUG : Events : ^^^^ Posted event 'machine_var_player1_score'. Type: None, Callback: None, Args: {'change': True, 'prev_value': None, 'value': 0}
2016-08-22 17:58:44,792 : DEBUG : Events : ============== EVENTS QUEUE =============
2016-08-22 17:58:44,793 : DEBUG : Events : machine_var_player1_score, None, None, {'change': True, 'prev_value': None, 'value': 0}
2016-08-22 17:58:44,793 : DEBUG : Events : =========================================
2016-08-22 17:58:44,793 : DEBUG : BcpProcessor : Processing command: machine_variable {'value': 'FREE PLAY', 'name': 'credits_string'}
2016-08-22 17:58:44,793 : DEBUG : mpfmc : Setting machine_var 'credits_string' to: FREE PLAY, (prior: None, change: True)
2016-08-22 17:58:44,793 : DEBUG : Events : ^^^^ Posted event 'machine_var_credits_string'. Type: None, Callback: None, Args: {'change': True, 'prev_value': None, 'value': 'FREE PLAY'}
2016-08-22 17:58:44,793 : DEBUG : Events : ============== EVENTS QUEUE =============
2016-08-22 17:58:44,793 : DEBUG : Events : machine_var_player1_score, None, None, {'change': True, 'prev_value': None, 'value': 0}
2016-08-22 17:58:44,794 : DEBUG : Events : machine_var_credits_string, None, None, {'change': True, 'prev_value': None, 'value': 'FREE PLAY'}
2016-08-22 17:58:44,794 : DEBUG : Events : =========================================
2016-08-22 17:58:44,794 : DEBUG : BcpProcessor : Processing command: reset {}
2016-08-22 17:58:44,794 : DEBUG : Events : ^^^^ Posted event 'mc_reset_phase_1'. Type: None, Callback: None, Args: {}
2016-08-22 17:58:44,794 : DEBUG : Events : ============== EVENTS QUEUE =============
2016-08-22 17:58:44,794 : DEBUG : Events : machine_var_player1_score, None, None, {'change': True, 'prev_value': None, 'value': 0}
2016-08-22 17:58:44,794 : DEBUG : Events : machine_var_credits_string, None, None, {'change': True, 'prev_value': None, 'value': 'FREE PLAY'}
2016-08-22 17:58:44,795 : DEBUG : Events : mc_reset_phase_1, None, None, {}
2016-08-22 17:58:44,795 : DEBUG : Events : =========================================
2016-08-22 17:58:44,795 : DEBUG : Events : ^^^^ Processing event 'machine_var_player1_score'. Type: None, Callback: None, Args: {'value': 0, 'prev_value': None, 'change': True}
2016-08-22 17:58:44,795 : DEBUG : Events : vvvv Finished event 'machine_var_player1_score'. Type: None. Callback: None. Args: {'value': 0, 'prev_value': None, 'change': True}
2016-08-22 17:58:44,795 : DEBUG : Events : ^^^^ Processing event 'machine_var_credits_string'. Type: None, Callback: None, Args: {'value': 'FREE PLAY', 'prev_value': None, 'change': True}
2016-08-22 17:58:44,795 : DEBUG : Events : vvvv Finished event 'machine_var_credits_string'. Type: None. Callback: None. Args: {'value': 'FREE PLAY', 'prev_value': None, 'change': True}
2016-08-22 17:58:44,795 : DEBUG : Events : ^^^^ Processing event 'mc_reset_phase_1'. Type: None, Callback: None, Args: {}
2016-08-22 17:58:44,795 : DEBUG : Events : vvvv Finished event 'mc_reset_phase_1'. Type: None. Callback: None. Args: {}
2016-08-22 17:58:44,796 : DEBUG : Events : ^^^^ Posted event 'mc_reset_phase_2'. Type: None, Callback: None, Args: {}
2016-08-22 17:58:44,796 : DEBUG : Events : ============== EVENTS QUEUE =============
2016-08-22 17:58:44,796 : DEBUG : Events : mc_reset_phase_2, None, None, {}
2016-08-22 17:58:44,796 : DEBUG : Events : =========================================
2016-08-22 17:58:44,796 : DEBUG : Events : ^^^^ Processing event 'mc_reset_phase_2'. Type: None, Callback: None, Args: {}
2016-08-22 17:58:44,796 : DEBUG : Events : vvvv Finished event 'mc_reset_phase_2'. Type: None. Callback: None. Args: {}
2016-08-22 17:58:44,797 : DEBUG : Events : ^^^^ Posted event 'mc_reset_phase_3'. Type: None, Callback: None, Args: {}
2016-08-22 17:58:44,797 : DEBUG : Events : ============== EVENTS QUEUE =============
2016-08-22 17:58:44,797 : DEBUG : Events : mc_reset_phase_3, None, None, {}
2016-08-22 17:58:44,797 : DEBUG : Events : =========================================
2016-08-22 17:58:44,797 : DEBUG : Events : ^^^^ Processing event 'mc_reset_phase_3'. Type: None, Callback: None, Args: {}
2016-08-22 17:58:44,797 : DEBUG : Events : vvvv Finished event 'mc_reset_phase_3'. Type: None. Callback: None. Args: {}
2016-08-22 17:58:44,797 : DEBUG : BcpProcessor : Processing command: mode_start {'name': 'attract', 'priority': 10}
2016-08-22 17:58:44,798 : DEBUG : Mode.attract : Mode Start. Priority: 10
2016-08-22 17:58:44,798 : DEBUG : BcpProcessor : Processing command: trigger {'name': 'mode_attract_started'}
2016-08-22 17:58:44,798 : DEBUG : Events : ^^^^ Posted event 'mode_attract_started'. Type: None, Callback: None, Args: {}
2016-08-22 17:58:44,798 : DEBUG : Events : ============== EVENTS QUEUE =============
2016-08-22 17:58:44,798 : DEBUG : Events : mode_attract_started, None, None, {}
2016-08-22 17:58:44,798 : DEBUG : Events : =========================================
2016-08-22 17:58:44,820 : DEBUG : Events : ^^^^ Processing event 'mode_attract_started'. Type: None, Callback: None, Args: {}
2016-08-22 17:58:44,820 : DEBUG : Events : ConfigPlayer.config_play_callback (priority: 0) responding to event 'mode_attract_started' with args {'settings': {'slides': {'attract_started': {'transition_out': None, 'transition': None, 'action': 'play', 'priority': None, 'show': True, 'force': False, 'persist': False, 'target': None, 'expire': None}}}, 'mode': None}
2016-08-22 17:58:44,824 : DEBUG : Events : vvvv Finished event 'mode_attract_started'. Type: None. Callback: None. Args: {}
2016-08-22 17:58:46,617 : DEBUG : MPF-MC BCP Server : Received "mode_start?name=game&priority=int:20"
2016-08-22 17:58:46,618 : DEBUG : MPF-MC BCP Server : Received "mode_stop?name=attract"
2016-08-22 17:58:46,620 : DEBUG : MPF-MC BCP Server : Received "trigger?name=clear&key=attract"
2016-08-22 17:58:46,624 : DEBUG : MPF-MC BCP Server : Received "machine_variable?name=player1_score&prev_value=int:0&value=int:0&change=int:0"
2016-08-22 17:58:46,626 : DEBUG : MPF-MC BCP Server : Received "trigger?player=%3CPlayer%201%3E&num=int:1&name=player_add_success"
2016-08-22 17:58:46,626 : DEBUG : MPF-MC BCP Server : Received "player_added?player_num=int:1"
2016-08-22 17:58:46,627 : DEBUG : MPF-MC BCP Server : Received "player_turn_start?player_num=1"
2016-08-22 17:58:46,629 : DEBUG : MPF-MC BCP Server : Received "player_variable?name=ball&prev_value=int:0&value=int:1&change=int:1&player_num=int:1"
2016-08-22 17:58:46,632 : DEBUG : BcpProcessor : Processing command: mode_start {'name': 'game', 'priority': 20}
2016-08-22 17:58:46,633 : DEBUG : Events : ^^^^ Posted event 'game_started'. Type: None, Callback: None, Args: {}
2016-08-22 17:58:46,633 : DEBUG : Events : ============== EVENTS QUEUE =============
2016-08-22 17:58:46,633 : DEBUG : Events : game_started, None, None, {}
2016-08-22 17:58:46,633 : DEBUG : Events : =========================================
2016-08-22 17:58:46,633 : DEBUG : Mode.game : Mode Start. Priority: 20
2016-08-22 17:58:46,633 : DEBUG : BcpProcessor : Processing command: mode_stop {'name': 'attract'}
2016-08-22 17:58:46,633 : DEBUG : Mode.attract : Mode Stop.
2016-08-22 17:58:46,633 : DEBUG : BcpProcessor : Processing command: trigger {'name': 'clear', 'key': 'attract'}
2016-08-22 17:58:46,634 : DEBUG : Events : ^^^^ Posted event 'clear'. Type: None, Callback: None, Args: {'key': 'attract'}
2016-08-22 17:58:46,634 : DEBUG : Events : ============== EVENTS QUEUE =============
2016-08-22 17:58:46,634 : DEBUG : Events : game_started, None, None, {}
2016-08-22 17:58:46,634 : DEBUG : Events : clear, None, None, {'key': 'attract'}
2016-08-22 17:58:46,634 : DEBUG : Events : =========================================
2016-08-22 17:58:46,634 : DEBUG : BcpProcessor : Processing command: machine_variable {'value': 0, 'prev_value': 0, 'name': 'player1_score', 'change': 0}
2016-08-22 17:58:46,634 : DEBUG : BcpProcessor : Processing command: trigger {'player': '<Player 1>', 'num': 1, 'name': 'player_add_success'}
2016-08-22 17:58:46,634 : DEBUG : Events : ^^^^ Posted event 'player_add_success'. Type: None, Callback: None, Args: {'player': '<Player 1>', 'num': 1}
2016-08-22 17:58:46,635 : DEBUG : Events : ============== EVENTS QUEUE =============
2016-08-22 17:58:46,635 : DEBUG : Events : game_started, None, None, {}
2016-08-22 17:58:46,635 : DEBUG : Events : clear, None, None, {'key': 'attract'}
2016-08-22 17:58:46,635 : DEBUG : Events : player_add_success, None, None, {'player': '<Player 1>', 'num': 1}
2016-08-22 17:58:46,635 : DEBUG : Events : =========================================
2016-08-22 17:58:46,635 : DEBUG : BcpProcessor : Processing command: player_added {'player_num': 1}
2016-08-22 17:58:46,635 : DEBUG : Player : Creating new player: Player 1. (player index '0')
2016-08-22 17:58:46,635 : DEBUG : Events : ^^^^ Posted event 'player_add_success'. Type: None, Callback: <bound method Player._player_add_done of <Player 1>>, Args: {'player': <Player 1>, 'num': 1}
2016-08-22 17:58:46,636 : DEBUG : Events : ============== EVENTS QUEUE =============
2016-08-22 17:58:46,636 : DEBUG : MPF-MC BCP Server : Received "trigger?player=int:1&name=ball_started&ball=int:1"
2016-08-22 17:58:46,636 : DEBUG : Events : game_started, None, None, {}
2016-08-22 17:58:46,636 : DEBUG : Events : clear, None, None, {'key': 'attract'}
2016-08-22 17:58:46,636 : DEBUG : Events : player_add_success, None, None, {'player': '<Player 1>', 'num': 1}
2016-08-22 17:58:46,636 : DEBUG : Events : player_add_success, None, <bound method Player._player_add_done of <Player 1>>, {'player': <Player 1>, 'num': 1}
2016-08-22 17:58:46,636 : DEBUG : Events : =========================================
2016-08-22 17:58:46,636 : DEBUG : Events : ^^^^ Posted event 'player_add_success'. Type: None, Callback: None, Args: {'player': <Player 1>, 'num': 1}
2016-08-22 17:58:46,637 : DEBUG : Events : ============== EVENTS QUEUE =============
2016-08-22 17:58:46,637 : DEBUG : Events : game_started, None, None, {}
2016-08-22 17:58:46,637 : DEBUG : Events : clear, None, None, {'key': 'attract'}
2016-08-22 17:58:46,637 : DEBUG : Events : player_add_success, None, None, {'player': '<Player 1>', 'num': 1}
2016-08-22 17:58:46,637 : DEBUG : Events : player_add_success, None, <bound method Player._player_add_done of <Player 1>>, {'player': <Player 1>, 'num': 1}
2016-08-22 17:58:46,637 : DEBUG : Events : player_add_success, None, None, {'player': <Player 1>, 'num': 1}
2016-08-22 17:58:46,637 : DEBUG : Events : =========================================
2016-08-22 17:58:46,637 : DEBUG : BcpProcessor : Processing command: player_turn_start {'player_num': '1'}
2016-08-22 17:58:46,637 : DEBUG : Events : ^^^^ Posted event 'player_turn_start'. Type: None, Callback: None, Args: {'player': <Player 1>, 'number': 1}
2016-08-22 17:58:46,637 : DEBUG : Events : ============== EVENTS QUEUE =============
2016-08-22 17:58:46,638 : DEBUG : Events : game_started, None, None, {}
2016-08-22 17:58:46,638 : DEBUG : Events : clear, None, None, {'key': 'attract'}
2016-08-22 17:58:46,638 : DEBUG : Events : player_add_success, None, None, {'player': '<Player 1>', 'num': 1}
2016-08-22 17:58:46,638 : DEBUG : Events : player_add_success, None, <bound method Player._player_add_done of <Player 1>>, {'player': <Player 1>, 'num': 1}
2016-08-22 17:58:46,638 : DEBUG : Events : player_add_success, None, None, {'player': <Player 1>, 'num': 1}
2016-08-22 17:58:46,638 : DEBUG : Events : player_turn_start, None, None, {'player': <Player 1>, 'number': 1}
2016-08-22 17:58:46,638 : DEBUG : Events : =========================================
2016-08-22 17:58:46,638 : DEBUG : BcpProcessor : Processing command: player_variable {'value': 1, 'prev_value': 0, 'name': 'ball', 'change': 1, 'player_num': 1}
2016-08-22 17:58:46,638 : DEBUG : Player : Setting 'ball' to: 1, (prior: 0, change: 1)
2016-08-22 17:58:46,638 : DEBUG : Events : ^^^^ Posted event 'player_ball'. Type: None, Callback: None, Args: {'value': 1, 'prev_value': 0, 'change': 1, 'player_num': 1}
2016-08-22 17:58:46,638 : DEBUG : Events : ============== EVENTS QUEUE =============
2016-08-22 17:58:46,639 : DEBUG : Events : game_started, None, None, {}
2016-08-22 17:58:46,639 : DEBUG : Events : clear, None, None, {'key': 'attract'}
2016-08-22 17:58:46,639 : DEBUG : Events : player_add_success, None, None, {'player': '<Player 1>', 'num': 1}
2016-08-22 17:58:46,639 : DEBUG : Events : player_add_success, None, <bound method Player._player_add_done of <Player 1>>, {'player': <Player 1>, 'num': 1}
2016-08-22 17:58:46,639 : DEBUG : Events : player_add_success, None, None, {'player': <Player 1>, 'num': 1}
2016-08-22 17:58:46,639 : DEBUG : Events : player_turn_start, None, None, {'player': <Player 1>, 'number': 1}
2016-08-22 17:58:46,639 : DEBUG : Events : player_ball, None, None, {'value': 1, 'prev_value': 0, 'change': 1, 'player_num': 1}
2016-08-22 17:58:46,639 : DEBUG : Events : =========================================
2016-08-22 17:58:46,639 : DEBUG : BcpProcessor : Processing command: trigger {'player': 1, 'name': 'ball_started', 'ball': 1}
2016-08-22 17:58:46,639 : DEBUG : Events : ^^^^ Posted event 'ball_started'. Type: None, Callback: None, Args: {'player': 1, 'ball': 1}
2016-08-22 17:58:46,640 : DEBUG : Events : ============== EVENTS QUEUE =============
2016-08-22 17:58:46,640 : DEBUG : Events : game_started, None, None, {}
2016-08-22 17:58:46,640 : DEBUG : Events : clear, None, None, {'key': 'attract'}
2016-08-22 17:58:46,640 : DEBUG : Events : player_add_success, None, None, {'player': '<Player 1>', 'num': 1}
2016-08-22 17:58:46,640 : DEBUG : Events : player_add_success, None, <bound method Player._player_add_done of <Player 1>>, {'player': <Player 1>, 'num': 1}
2016-08-22 17:58:46,640 : DEBUG : Events : player_add_success, None, None, {'player': <Player 1>, 'num': 1}
2016-08-22 17:58:46,640 : DEBUG : Events : player_turn_start, None, None, {'player': <Player 1>, 'number': 1}
2016-08-22 17:58:46,640 : DEBUG : Events : player_ball, None, None, {'value': 1, 'prev_value': 0, 'change': 1, 'player_num': 1}
2016-08-22 17:58:46,640 : DEBUG : Events : ball_started, None, None, {'player': 1, 'ball': 1}
2016-08-22 17:58:46,640 : DEBUG : Events : =========================================
2016-08-22 17:58:46,662 : DEBUG : Events : ^^^^ Processing event 'game_started'. Type: None, Callback: None, Args: {}
2016-08-22 17:58:46,663 : DEBUG : Events : vvvv Finished event 'game_started'. Type: None. Callback: None. Args: {}
2016-08-22 17:58:46,663 : DEBUG : Events : ^^^^ Processing event 'clear'. Type: None, Callback: None, Args: {'key': 'attract'}
2016-08-22 17:58:46,663 : DEBUG : Events : vvvv Finished event 'clear'. Type: None. Callback: None. Args: {'key': 'attract'}
2016-08-22 17:58:46,663 : DEBUG : Events : ^^^^ Processing event 'player_add_success'. Type: None, Callback: None, Args: {'player': '<Player 1>', 'num': 1}
2016-08-22 17:58:46,663 : DEBUG : Events : vvvv Finished event 'player_add_success'. Type: None. Callback: None. Args: {'player': '<Player 1>', 'num': 1}
2016-08-22 17:58:46,663 : DEBUG : Events : ^^^^ Processing event 'player_add_success'. Type: None, Callback: <bound method Player._player_add_done of <Player 1>>, Args: {'player': <Player 1>, 'num': 1}
2016-08-22 17:58:46,664 : DEBUG : Events : vvvv Finished event 'player_add_success'. Type: None. Callback: <bound method Player._player_add_done of <Player 1>>. Args: {'player': <Player 1>, 'num': 1}
2016-08-22 17:58:46,664 : DEBUG : Events : ^^^^ Processing event 'player_add_success'. Type: None, Callback: None, Args: {'player': <Player 1>, 'num': 1}
2016-08-22 17:58:46,664 : DEBUG : Events : vvvv Finished event 'player_add_success'. Type: None. Callback: None. Args: {'player': <Player 1>, 'num': 1}
2016-08-22 17:58:46,664 : DEBUG : Events : ^^^^ Processing event 'player_turn_start'. Type: None, Callback: None, Args: {'player': <Player 1>, 'number': 1}
2016-08-22 17:58:46,664 : DEBUG : Events : vvvv Finished event 'player_turn_start'. Type: None. Callback: None. Args: {'player': <Player 1>, 'number': 1}
2016-08-22 17:58:46,664 : DEBUG : Events : ^^^^ Processing event 'player_ball'. Type: None, Callback: None, Args: {'change': 1, 'prev_value': 0, 'value': 1, 'player_num': 1}
2016-08-22 17:58:46,664 : DEBUG : Events : vvvv Finished event 'player_ball'. Type: None. Callback: None. Args: {'change': 1, 'prev_value': 0, 'value': 1, 'player_num': 1}
2016-08-22 17:58:46,665 : DEBUG : Events : ^^^^ Processing event 'ball_started'. Type: None, Callback: None, Args: {'player': 1, 'ball': 1}
2016-08-22 17:58:46,665 : DEBUG : Events : ConfigPlayer.config_play_callback (priority: 0) responding to event 'ball_started' with args {'settings': {'slides': {'ball_started': {'transition_out': None, 'transition': None, 'action': 'play', 'priority': None, 'show': True, 'force': False, 'persist': False, 'target': None, 'expire': None}}}, 'ball': 1, 'mode': None, 'player': 1}
2016-08-22 17:58:46,667 : DEBUG : Events : Registered Text._player_var_change as a handler for 'player_number', priority: 1, kwargs: {}
2016-08-22 17:58:46,667 : DEBUG : Events : Registered Text._player_var_change as a handler for 'player_turn_start', priority: 1, kwargs: {}
2016-08-22 17:58:46,667 : DEBUG : Events : Registered Text._player_var_change as a handler for 'player_ball', priority: 1, kwargs: {}
2016-08-22 17:58:46,667 : DEBUG : Events : Registered Text._player_var_change as a handler for 'player_turn_start', priority: 1, kwargs: {}
2016-08-22 17:58:46,668 : DEBUG : Events : Registered Text._player_var_change as a handler for 'player_number', priority: 1, kwargs: {}
2016-08-22 17:58:46,668 : DEBUG : Events : Registered Text._player_var_change as a handler for 'player_turn_start', priority: 1, kwargs: {}
2016-08-22 17:58:46,668 : DEBUG : Events : vvvv Finished event 'ball_started'. Type: None. Callback: None. Args: {'player': 1, 'ball': 1}
2016-08-22 17:58:46,668 : DEBUG : Player : Setting 'score' to: 0, (prior: 0, change: 0)
2016-08-22 17:58:46,669 : DEBUG : Events : ^^^^ Posted event 'player_score'. Type: None, Callback: None, Args: {'value': 0, 'prev_value': 0, 'change': 0, 'player_num': 1}
2016-08-22 17:58:46,669 : DEBUG : Events : ============== EVENTS QUEUE =============
2016-08-22 17:58:46,669 : DEBUG : Events : player_score, None, None, {'value': 0, 'prev_value': 0, 'change': 0, 'player_num': 1}
2016-08-22 17:58:46,669 : DEBUG : Events : =========================================
2016-08-22 17:58:46,669 : DEBUG : Events : ^^^^ Processing event 'player_score'. Type: None, Callback: None, Args: {'change': 0, 'prev_value': 0, 'value': 0, 'player_num': 1}
2016-08-22 17:58:46,669 : DEBUG : Events : vvvv Finished event 'player_score'. Type: None. Callback: None. Args: {'change': 0, 'prev_value': 0, 'value': 0, 'player_num': 1}
2016-08-22 17:58:53,509 : DEBUG : MPF-MC BCP Server : Received "trigger?name=ball_ended"
2016-08-22 17:58:53,511 : DEBUG : MPF-MC BCP Server : Received "player_turn_start?player_num=1"
2016-08-22 17:58:53,511 : DEBUG : MPF-MC BCP Server : Received "player_variable?name=ball&prev_value=int:1&value=int:2&change=int:1&player_num=int:1"
2016-08-22 17:58:53,515 : DEBUG : MPF-MC BCP Server : Received "trigger?player=int:1&name=ball_started&ball=int:2"
2016-08-22 17:58:53,522 : DEBUG : BcpProcessor : Processing command: trigger {'name': 'ball_ended'}
2016-08-22 17:58:53,522 : DEBUG : Events : ^^^^ Posted event 'ball_ended'. Type: None, Callback: None, Args: {}
2016-08-22 17:58:53,522 : DEBUG : Events : ============== EVENTS QUEUE =============
2016-08-22 17:58:53,522 : DEBUG : Events : ball_ended, None, None, {}
2016-08-22 17:58:53,522 : DEBUG : Events : =========================================
2016-08-22 17:58:53,523 : DEBUG : BcpProcessor : Processing command: player_turn_start {'player_num': '1'}
2016-08-22 17:58:53,523 : DEBUG : BcpProcessor : Processing command: player_variable {'value': 2, 'prev_value': 1, 'name': 'ball', 'change': 1, 'player_num': 1}
2016-08-22 17:58:53,523 : DEBUG : Player : Setting 'ball' to: 2, (prior: 1, change: 1)
2016-08-22 17:58:53,523 : DEBUG : Events : ^^^^ Posted event 'player_ball'. Type: None, Callback: None, Args: {'value': 2, 'prev_value': 1, 'change': 1, 'player_num': 1}
2016-08-22 17:58:53,523 : DEBUG : Events : ============== EVENTS QUEUE =============
2016-08-22 17:58:53,523 : DEBUG : Events : ball_ended, None, None, {}
2016-08-22 17:58:53,523 : DEBUG : Events : player_ball, None, None, {'value': 2, 'prev_value': 1, 'change': 1, 'player_num': 1}
2016-08-22 17:58:53,523 : DEBUG : Events : =========================================
2016-08-22 17:58:53,523 : DEBUG : BcpProcessor : Processing command: trigger {'player': 1, 'name': 'ball_started', 'ball': 2}
2016-08-22 17:58:53,523 : DEBUG : Events : ^^^^ Posted event 'ball_started'. Type: None, Callback: None, Args: {'player': 1, 'ball': 2}
2016-08-22 17:58:53,523 : DEBUG : Events : ============== EVENTS QUEUE =============
2016-08-22 17:58:53,524 : DEBUG : Events : ball_ended, None, None, {}
2016-08-22 17:58:53,524 : DEBUG : Events : player_ball, None, None, {'value': 2, 'prev_value': 1, 'change': 1, 'player_num': 1}
2016-08-22 17:58:53,524 : DEBUG : Events : ball_started, None, None, {'player': 1, 'ball': 2}
2016-08-22 17:58:53,524 : DEBUG : Events : =========================================
2016-08-22 17:58:53,552 : DEBUG : Events : ^^^^ Processing event 'ball_ended'. Type: None, Callback: None, Args: {}
2016-08-22 17:58:53,552 : DEBUG : Events : vvvv Finished event 'ball_ended'. Type: None. Callback: None. Args: {}
2016-08-22 17:58:53,553 : DEBUG : Events : ^^^^ Processing event 'player_ball'. Type: None, Callback: None, Args: {'change': 1, 'prev_value': 1, 'value': 2, 'player_num': 1}
2016-08-22 17:58:53,553 : DEBUG : Events : Text._player_var_change (priority: 1) responding to event 'player_ball' with args {'value': 2, 'prev_value': 1, 'change': 1, 'player_num': 1}
2016-08-22 17:58:53,553 : DEBUG : Events : vvvv Finished event 'player_ball'. Type: None. Callback: None. Args: {'change': 1, 'prev_value': 1, 'value': 2, 'player_num': 1}
2016-08-22 17:58:53,553 : DEBUG : Events : ^^^^ Processing event 'ball_started'. Type: None, Callback: None, Args: {'player': 1, 'ball': 2}
2016-08-22 17:58:53,554 : DEBUG : Events : ConfigPlayer.config_play_callback (priority: 0) responding to event 'ball_started' with args {'settings': {'slides': {'ball_started': {'transition_out': None, 'transition': None, 'action': 'play', 'priority': None, 'show': True, 'force': False, 'persist': False, 'target': None, 'expire': None}}}, 'ball': 2, 'mode': None, 'player': 1}
2016-08-22 17:58:53,554 : DEBUG : Events : Registered Text._player_var_change as a handler for 'player_number', priority: 1, kwargs: {}
2016-08-22 17:58:53,554 : DEBUG : Events : Registered Text._player_var_change as a handler for 'player_turn_start', priority: 1, kwargs: {}
2016-08-22 17:58:53,555 : DEBUG : Events : vvvv Finished event 'ball_started'. Type: None. Callback: None. Args: {'player': 1, 'ball': 2}
2016-08-22 17:59:01,791 : DEBUG : MPF-MC BCP Server : Received "trigger?name=ball_ended"
2016-08-22 17:59:01,793 : DEBUG : MPF-MC BCP Server : Received "player_turn_start?player_num=1"
2016-08-22 17:59:01,794 : DEBUG : MPF-MC BCP Server : Received "player_variable?name=ball&prev_value=int:2&value=int:3&change=int:1&player_num=int:1"
2016-08-22 17:59:01,799 : DEBUG : MPF-MC BCP Server : Received "trigger?player=int:1&name=ball_started&ball=int:3"
2016-08-22 17:59:01,806 : DEBUG : BcpProcessor : Processing command: trigger {'name': 'ball_ended'}
2016-08-22 17:59:01,807 : DEBUG : Events : ^^^^ Posted event 'ball_ended'. Type: None, Callback: None, Args: {}
2016-08-22 17:59:01,807 : DEBUG : Events : ============== EVENTS QUEUE =============
2016-08-22 17:59:01,807 : DEBUG : Events : ball_ended, None, None, {}
2016-08-22 17:59:01,807 : DEBUG : Events : =========================================
2016-08-22 17:59:01,807 : DEBUG : BcpProcessor : Processing command: player_turn_start {'player_num': '1'}
2016-08-22 17:59:01,807 : DEBUG : BcpProcessor : Processing command: player_variable {'value': 3, 'prev_value': 2, 'name': 'ball', 'change': 1, 'player_num': 1}
2016-08-22 17:59:01,807 : DEBUG : Player : Setting 'ball' to: 3, (prior: 2, change: 1)
2016-08-22 17:59:01,808 : DEBUG : Events : ^^^^ Posted event 'player_ball'. Type: None, Callback: None, Args: {'value': 3, 'prev_value': 2, 'change': 1, 'player_num': 1}
2016-08-22 17:59:01,808 : DEBUG : Events : ============== EVENTS QUEUE =============
2016-08-22 17:59:01,808 : DEBUG : Events : ball_ended, None, None, {}
2016-08-22 17:59:01,808 : DEBUG : Events : player_ball, None, None, {'value': 3, 'prev_value': 2, 'change': 1, 'player_num': 1}
2016-08-22 17:59:01,808 : DEBUG : Events : =========================================
2016-08-22 17:59:01,808 : DEBUG : BcpProcessor : Processing command: trigger {'player': 1, 'name': 'ball_started', 'ball': 3}
2016-08-22 17:59:01,808 : DEBUG : Events : ^^^^ Posted event 'ball_started'. Type: None, Callback: None, Args: {'player': 1, 'ball': 3}
2016-08-22 17:59:01,808 : DEBUG : Events : ============== EVENTS QUEUE =============
2016-08-22 17:59:01,808 : DEBUG : Events : ball_ended, None, None, {}
2016-08-22 17:59:01,809 : DEBUG : Events : player_ball, None, None, {'value': 3, 'prev_value': 2, 'change': 1, 'player_num': 1}
2016-08-22 17:59:01,809 : DEBUG : Events : ball_started, None, None, {'player': 1, 'ball': 3}
2016-08-22 17:59:01,809 : DEBUG : Events : =========================================
2016-08-22 17:59:01,836 : DEBUG : Events : ^^^^ Processing event 'ball_ended'. Type: None, Callback: None, Args: {}
2016-08-22 17:59:01,836 : DEBUG : Events : vvvv Finished event 'ball_ended'. Type: None. Callback: None. Args: {}
2016-08-22 17:59:01,837 : DEBUG : Events : ^^^^ Processing event 'player_ball'. Type: None, Callback: None, Args: {'change': 1, 'prev_value': 2, 'value': 3, 'player_num': 1}
2016-08-22 17:59:01,837 : DEBUG : Events : Text._player_var_change (priority: 1) responding to event 'player_ball' with args {'value': 3, 'prev_value': 2, 'change': 1, 'player_num': 1}
2016-08-22 17:59:01,837 : DEBUG : Events : vvvv Finished event 'player_ball'. Type: None. Callback: None. Args: {'change': 1, 'prev_value': 2, 'value': 3, 'player_num': 1}
2016-08-22 17:59:01,837 : DEBUG : Events : ^^^^ Processing event 'ball_started'. Type: None, Callback: None, Args: {'player': 1, 'ball': 3}
2016-08-22 17:59:01,838 : DEBUG : Events : ConfigPlayer.config_play_callback (priority: 0) responding to event 'ball_started' with args {'settings': {'slides': {'ball_started': {'transition_out': None, 'transition': None, 'action': 'play', 'priority': None, 'show': True, 'force': False, 'persist': False, 'target': None, 'expire': None}}}, 'ball': 3, 'mode': None, 'player': 1}
2016-08-22 17:59:01,838 : DEBUG : Events : Registered Text._player_var_change as a handler for 'player_number', priority: 1, kwargs: {}
2016-08-22 17:59:01,839 : DEBUG : Events : Registered Text._player_var_change as a handler for 'player_turn_start', priority: 1, kwargs: {}
2016-08-22 17:59:01,839 : DEBUG : Events : vvvv Finished event 'ball_started'. Type: None. Callback: None. Args: {'player': 1, 'ball': 3}
2016-08-22 17:59:06,364 : DEBUG : MPF-MC BCP Server : Received "trigger?name=ball_ended"
2016-08-22 17:59:06,367 : DEBUG : MPF-MC BCP Server : Received "mode_start?name=attract&priority=int:10"
2016-08-22 17:59:06,369 : DEBUG : MPF-MC BCP Server : Received "trigger?name=mode_attract_started"
2016-08-22 17:59:06,371 : DEBUG : MPF-MC BCP Server : Received "mode_stop?name=game"
2016-08-22 17:59:06,373 : DEBUG : MPF-MC BCP Server : Received "trigger?name=clear&key=game"
2016-08-22 17:59:06,374 : DEBUG : BcpProcessor : Processing command: trigger {'name': 'ball_ended'}
2016-08-22 17:59:06,375 : DEBUG : Events : ^^^^ Posted event 'ball_ended'. Type: None, Callback: None, Args: {}
2016-08-22 17:59:06,375 : DEBUG : Events : ============== EVENTS QUEUE =============
2016-08-22 17:59:06,375 : DEBUG : Events : ball_ended, None, None, {}
2016-08-22 17:59:06,375 : DEBUG : Events : =========================================
2016-08-22 17:59:06,375 : DEBUG : BcpProcessor : Processing command: mode_start {'name': 'attract', 'priority': 10}
2016-08-22 17:59:06,375 : DEBUG : Mode.attract : Mode Start. Priority: 10
2016-08-22 17:59:06,375 : DEBUG : BcpProcessor : Processing command: trigger {'name': 'mode_attract_started'}
2016-08-22 17:59:06,375 : DEBUG : Events : ^^^^ Posted event 'mode_attract_started'. Type: None, Callback: None, Args: {}
2016-08-22 17:59:06,375 : DEBUG : Events : ============== EVENTS QUEUE =============
2016-08-22 17:59:06,375 : DEBUG : Events : ball_ended, None, None, {}
2016-08-22 17:59:06,376 : DEBUG : Events : mode_attract_started, None, None, {}
2016-08-22 17:59:06,376 : DEBUG : Events : =========================================
2016-08-22 17:59:06,376 : DEBUG : BcpProcessor : Processing command: mode_stop {'name': 'game'}
2016-08-22 17:59:06,376 : DEBUG : Events : ^^^^ Posted event 'game_ended'. Type: None, Callback: None, Args: {}
2016-08-22 17:59:06,376 : DEBUG : Events : ============== EVENTS QUEUE =============
2016-08-22 17:59:06,376 : DEBUG : Events : ball_ended, None, None, {}
2016-08-22 17:59:06,376 : DEBUG : Events : mode_attract_started, None, None, {}
2016-08-22 17:59:06,376 : DEBUG : Events : game_ended, None, None, {}
2016-08-22 17:59:06,376 : DEBUG : Events : =========================================
2016-08-22 17:59:06,376 : DEBUG : Mode.game : Mode Stop.
2016-08-22 17:59:06,376 : DEBUG : BcpProcessor : Processing command: trigger {'name': 'clear', 'key': 'game'}
2016-08-22 17:59:06,377 : DEBUG : Events : ^^^^ Posted event 'clear'. Type: None, Callback: None, Args: {'key': 'game'}
2016-08-22 17:59:06,377 : DEBUG : Events : ============== EVENTS QUEUE =============
2016-08-22 17:59:06,377 : DEBUG : Events : ball_ended, None, None, {}
2016-08-22 17:59:06,377 : DEBUG : Events : mode_attract_started, None, None, {}
2016-08-22 17:59:06,377 : DEBUG : Events : game_ended, None, None, {}
2016-08-22 17:59:06,377 : DEBUG : Events : clear, None, None, {'key': 'game'}
2016-08-22 17:59:06,377 : DEBUG : Events : =========================================
2016-08-22 17:59:06,404 : DEBUG : Events : ^^^^ Processing event 'ball_ended'. Type: None, Callback: None, Args: {}
2016-08-22 17:59:06,405 : DEBUG : Events : vvvv Finished event 'ball_ended'. Type: None. Callback: None. Args: {}
2016-08-22 17:59:06,405 : DEBUG : Events : ^^^^ Processing event 'mode_attract_started'. Type: None, Callback: None, Args: {}
2016-08-22 17:59:06,405 : DEBUG : Events : ConfigPlayer.config_play_callback (priority: 0) responding to event 'mode_attract_started' with args {'settings': {'slides': {'attract_started': {'transition_out': None, 'transition': None, 'action': 'play', 'priority': None, 'show': True, 'force': False, 'persist': False, 'target': None, 'expire': None}}}, 'mode': None}
2016-08-22 17:59:06,406 : DEBUG : Events : vvvv Finished event 'mode_attract_started'. Type: None. Callback: None. Args: {}
2016-08-22 17:59:06,406 : DEBUG : Events : ^^^^ Processing event 'game_ended'. Type: None, Callback: None, Args: {}
2016-08-22 17:59:06,406 : DEBUG : Events : vvvv Finished event 'game_ended'. Type: None. Callback: None. Args: {}
2016-08-22 17:59:06,406 : DEBUG : Events : ^^^^ Processing event 'clear'. Type: None, Callback: None, Args: {'key': 'game'}
2016-08-22 17:59:06,407 : DEBUG : Events : vvvv Finished event 'clear'. Type: None. Callback: None. Args: {'key': 'game'}
2016-08-22 17:59:19,173 : INFO : kivy : Base: Leaving application in progress...
2016-08-22 17:59:19,211 : INFO : mpfmc : Stopping...
2016-08-22 17:59:19,212 : INFO : mpfmc : Loop rate 33.02Hz
2016-08-22 17:59:19,212 : INFO : kivy : MC run loop ended.
2016-08-22 17:59:19,212 : INFO : kivy : Stopping child threads... (3 remaining)
2016-08-22 17:59:19,471 : INFO : MPF-MC BCP Server : Stopping BCP sending thread
2016-08-22 17:59:19,718 : INFO : kivy : All child threads stopped.
