2016-08-22 17:59:45,587 : INFO : Machine : Mission Pinball Framework Core Engine v0.30.26
2016-08-22 17:59:45,587 : DEBUG : Machine : Command line arguments: {'no_load_cache': False, 'create_config_cache': True, 'pause': False, 'consoleloglevel': 20, 'logfile': 'logs/2016-08-22-17-59-45-mpf-Jeremys-MacBook-Pro.local.log', 'bcp': True, 'configfile': ['config'], 'mpfconfigfile': '/Applications/MPF.app/Contents/Frameworks/python/3.5.0/lib/python3.5/site-packages/mpf/mpfconfig.yaml', 'force_platform': None, 'loglevel': 10}
2016-08-22 17:59:45,588 : DEBUG : Machine : MPF path: /Applications/MPF.app/Contents/Frameworks/python/3.5.0/lib/python3.5/site-packages/mpf
2016-08-22 17:59:45,588 : INFO : Machine : Machine path: /Users/jackbot/pinball/taxi
2016-08-22 17:59:45,588 : DEBUG : Machine : Command line arguments: {'no_load_cache': False, 'create_config_cache': True, 'pause': False, 'consoleloglevel': 20, 'logfile': 'logs/2016-08-22-17-59-45-mpf-Jeremys-MacBook-Pro.local.log', 'bcp': True, 'configfile': ['config'], 'mpfconfigfile': '/Applications/MPF.app/Contents/Frameworks/python/3.5.0/lib/python3.5/site-packages/mpf/mpfconfig.yaml', 'force_platform': None, 'loglevel': 10}
2016-08-22 17:59:45,588 : DEBUG : Machine : Python version: 3.5.0
2016-08-22 17:59:45,588 : DEBUG : Machine : Platform: darwin
2016-08-22 17:59:45,588 : DEBUG : Machine : Python executable location: /Applications/MPF.app/Contents/Resources/python
2016-08-22 17:59:45,588 : DEBUG : Machine : 32-bit Python? False
2016-08-22 17:59:45,588 : DEBUG : Machine : Machine path: /Users/jackbot/pinball/taxi
2016-08-22 17:59:45,772 : INFO : Machine : Loading cached config: /var/folders/w9/n57l794j2w1bqgd7vztrzgg00000gn/T/6c3af7dff5de8b7b1196672fc5f1a1c6config
2016-08-22 17:59:45,772 : DEBUG : Clock : Starting clock (maximum frames per second=30.0)
2016-08-22 17:59:45,772 : INFO : Machine : Starting clock at 30.0Hz
2016-08-22 17:59:45,772 : DEBUG : Clock : Scheduled a recurring clock callback (callback=<bound method MachineController._check_crash_queue of <mpf.core.machine.MachineController object at 0x10e19a5f8>>, timeout=1, priority=1)
2016-08-22 17:59:45,776 : DEBUG : Virtual Platform : Configuring virtual hardware interface.
2016-08-22 17:59:45,776 : DEBUG : Smart Virtual Platform : Configuring smart_virtual hardware interface.
2016-08-22 17:59:45,776 : DEBUG : Machine : Setting default platform to 'smart_virtual'
2016-08-22 17:59:45,776 : DEBUG : Machine : Loading core modules...
2016-08-22 17:59:45,776 : DEBUG : Machine : Loading 'mpf.core.events.EventManager' core module
2016-08-22 17:59:45,776 : DEBUG : Machine : Loading 'mpf.core.mode_controller.ModeController' core module
2016-08-22 17:59:45,777 : DEBUG : Events : Registered ModeController._load_modes as a handler for 'init_phase_2', priority: 1, kwargs: {}
2016-08-22 17:59:45,777 : DEBUG : Events : Registered ModeController._ball_ending as a handler for 'ball_ending', priority: 0, kwargs: {}
2016-08-22 17:59:45,777 : DEBUG : Events : Registered ModeController._ball_starting as a handler for 'ball_starting', priority: 0, kwargs: {}
2016-08-22 17:59:45,777 : DEBUG : Events : Registered ModeController._player_added as a handler for 'player_add_success', priority: 0, kwargs: {}
2016-08-22 17:59:45,777 : DEBUG : Events : Registered ModeController._player_turn_start as a handler for 'player_turn_start', priority: 1000000, kwargs: {}
2016-08-22 17:59:45,777 : DEBUG : Events : Registered ModeController._player_turn_stop as a handler for 'player_turn_stop', priority: 1000000, kwargs: {}
2016-08-22 17:59:45,777 : DEBUG : Machine : Loading 'mpf.core.config_processor.ConfigProcessor' core module
2016-08-22 17:59:45,777 : DEBUG : Machine : Loading 'mpf.core.shot_profile_manager.ShotProfileManager' core module
2016-08-22 17:59:45,777 : DEBUG : ShotProfileManager : Registering Shot Profile: 'default'
2016-08-22 17:59:45,778 : DEBUG : ShotProfileManager : Processed 'default' profile configuration: {'state_names_to_rotate': [], 'show_when_disabled': False, 'advance_on_hit': True, 'state_names_to_not_rotate': [], 'block': True, 'show': None, 'rotation_pattern': deque(['right']), 'loop': False, 'player_variable': '%_default', 'states': [{'loops': -1, 'key': None, 'speed': 1.0, 'show': 'off', 'sync_ms': 0, 'manual_advance': False, 'name': 'unlit', 'action': 'play', 'reset': True, 'priority': 0, 'start_step': 1, 'show_tokens': {}}, {'loops': -1, 'key': None, 'speed': 1.0, 'show': 'on', 'sync_ms': 0, 'manual_advance': False, 'name': 'lit', 'action': 'play', 'reset': True, 'priority': 0, 'start_step': 1, 'show_tokens': {}}]}
2016-08-22 17:59:45,778 : DEBUG : Mode Controller : Registering <bound method ShotProfileManager.mode_start_for_shots of <mpf.core.shot_profile_manager.ShotProfileManager object at 0x10e1dce80>> as a mode start method. Config section: shots, priority: 0, kwargs: {}
2016-08-22 17:59:45,778 : DEBUG : Mode Controller : Registering <bound method ShotProfileManager.mode_start_for_shot_groups of <mpf.core.shot_profile_manager.ShotProfileManager object at 0x10e1dce80>> as a mode start method. Config section: shot_groups, priority: 0, kwargs: {}
2016-08-22 17:59:45,778 : DEBUG : Events : Registered ShotProfileManager._player_turn_start as a handler for 'player_turn_start', priority: 1000000, kwargs: {}
2016-08-22 17:59:45,778 : DEBUG : Events : Registered ShotProfileManager._player_turn_stop as a handler for 'player_turn_stop', priority: 0, kwargs: {}
2016-08-22 17:59:45,778 : DEBUG : Machine : Loading 'mpf.core.device_manager.DeviceManager' core module
2016-08-22 17:59:45,778 : DEBUG : Events : Registered DeviceManager._load_device_modules as a handler for 'init_phase_1', priority: 1, kwargs: {}
2016-08-22 17:59:45,778 : DEBUG : Events : Registered DeviceManager.create_machinewide_device_control_events as a handler for 'init_phase_2', priority: 1, kwargs: {}
2016-08-22 17:59:45,778 : DEBUG : Events : Registered DeviceManager.create_collection_control_events as a handler for 'init_phase_2', priority: 1, kwargs: {}
2016-08-22 17:59:45,779 : DEBUG : Machine : Loading 'mpf.core.switch_controller.SwitchController' core module
2016-08-22 17:59:45,779 : DEBUG : Clock : Scheduled a recurring clock callback (callback=<bound method SwitchController._tick of <mpf.core.switch_controller.SwitchController object at 0x10e1e3c88>>, timeout=0, priority=1000)
2016-08-22 17:59:45,779 : DEBUG : Events : Registered SwitchController._initialize_switches as a handler for 'init_phase_2', priority: 1000, kwargs: {}
2016-08-22 17:59:45,779 : DEBUG : Events : Registered SwitchController.log_active_switches as a handler for 'machine_reset_phase_3', priority: 1, kwargs: {}
2016-08-22 17:59:45,779 : DEBUG : Machine : Loading 'mpf.core.ball_controller.BallController' core module
2016-08-22 17:59:45,780 : DEBUG : BallController : Loading the BallController
2016-08-22 17:59:45,780 : DEBUG : Events : Registered BallController.request_to_start_game as a handler for 'request_to_start_game', priority: 1, kwargs: {}
2016-08-22 17:59:45,780 : DEBUG : Events : Registered BallController._initialize as a handler for 'machine_reset_phase_2', priority: 1, kwargs: {}
2016-08-22 17:59:45,780 : DEBUG : Events : Registered BallController._init2 as a handler for 'init_phase_2', priority: 1, kwargs: {}
2016-08-22 17:59:45,780 : DEBUG : Machine : Loading 'mpf.core.assets.AssetManager' core module
2016-08-22 17:59:45,780 : DEBUG : AssetManager : Initializing...
2016-08-22 17:59:45,781 : DEBUG : Mode Controller : Registering <bound method AssetManager._load_mode_assets of <mpf.core.assets.AssetManager object at 0x10e1e9630>> as a mode start method. Config section: None, priority: 0, kwargs: {}
2016-08-22 17:59:45,781 : DEBUG : Events : Registered AssetManager._create_assets as a handler for 'init_phase_3', priority: 1, kwargs: {}
2016-08-22 17:59:45,781 : DEBUG : Events : Registered AssetManager._bcp_client_asset_load as a handler for 'assets_to_load', priority: 1, kwargs: {}
2016-08-22 17:59:45,781 : DEBUG : Machine : Loading 'mpf.core.show_controller.ShowController' core module
2016-08-22 17:59:45,782 : DEBUG : Clock : Scheduled a recurring clock callback (callback=<bound method ShowController._tick of <mpf.core.show_controller.ShowController object at 0x10e1f2320>>, timeout=0, priority=1)
2016-08-22 17:59:45,782 : DEBUG : Events : Registered ShowController._initialize as a handler for 'init_phase_3', priority: 1, kwargs: {}
2016-08-22 17:59:45,782 : DEBUG : Machine : Loading 'mpf.core.bcp.BCP' core module
2016-08-22 17:59:45,783 : DEBUG : Events : Registered BCP.bcp_trigger as a handler for 'ball_started', priority: 1, kwargs: {'name': 'ball_started'}
2016-08-22 17:59:45,783 : DEBUG : Events : Registered BCP.bcp_trigger as a handler for 'ball_ended', priority: 1, kwargs: {'name': 'ball_ended'}
2016-08-22 17:59:45,783 : DEBUG : Events : Registered BCP.bcp_trigger as a handler for 'player_add_success', priority: 1, kwargs: {'name': 'player_add_success'}
2016-08-22 17:59:45,783 : DEBUG : Events : Registered BCP._bcp_event_callback as a handler for 'clear', priority: 1, kwargs: {'params': {'name': 'clear', 'key': '%key'}, 'command': 'trigger'}
2016-08-22 17:59:45,783 : DEBUG : Events : Registered BCP._bcp_event_callback as a handler for 'player_turn_start', priority: 1, kwargs: {'params': {'player_num': '%number'}, 'command': 'player_turn_start'}
2016-08-22 17:59:45,783 : DEBUG : Events : Registered BCP.bcp_trigger as a handler for 'player_score', priority: 1, kwargs: {'name': 'player_score'}
2016-08-22 17:59:45,783 : DEBUG : Events : Registered BCP._setup_dmds as a handler for 'init_phase_1', priority: 1, kwargs: {}
2016-08-22 17:59:45,783 : DEBUG : Events : Registered BCP._setup_bcp_connections as a handler for 'init_done', priority: 1, kwargs: {}
2016-08-22 17:59:45,783 : DEBUG : Clock : Scheduled a recurring clock callback (callback=<bound method BCP.get_bcp_messages of <BCP Module>>, timeout=0, priority=1)
2016-08-22 17:59:45,783 : DEBUG : Events : Registered BCP.bcp_player_added as a handler for 'player_add_success', priority: 1, kwargs: {}
2016-08-22 17:59:45,784 : DEBUG : Events : Registered BCP.bcp_reset as a handler for 'machine_reset_phase_1', priority: 1, kwargs: {}
2016-08-22 17:59:45,784 : DEBUG : Events : Registered BCP.increase_volume as a handler for 'increase_volume', priority: 1, kwargs: {}
2016-08-22 17:59:45,784 : DEBUG : Events : Registered BCP.decrease_volume as a handler for 'decrease_volume', priority: 1, kwargs: {}
2016-08-22 17:59:45,784 : DEBUG : Events : Registered BCP.enable_volume_keys as a handler for 'enable_volume_keys', priority: 1, kwargs: {}
2016-08-22 17:59:45,784 : DEBUG : Events : Registered BCP.disable_volume_keys as a handler for 'disable_volume_keys', priority: 1, kwargs: {}
2016-08-22 17:59:45,784 : DEBUG : Events : Registered BCP.get_led_coordinates as a handler for 'bcp_get_led_coordinates', priority: 1, kwargs: {}
2016-08-22 17:59:45,784 : DEBUG : Mode Controller : Registering <bound method BCP.bcp_mode_start of <BCP Module>> as a mode start method. Config section: mode, priority: 0, kwargs: {}
2016-08-22 17:59:45,784 : DEBUG : Machine : Loading 'mpf.core.logic_blocks.LogicBlocks' core module
2016-08-22 17:59:45,784 : DEBUG : Mode Controller : Registering <bound method LogicBlocks._process_config of <mpf.core.logic_blocks.LogicBlocks object at 0x10e1fa588>> as a mode start method. Config section: logic_blocks, priority: 0, kwargs: {}
2016-08-22 17:59:45,784 : DEBUG : Events : Registered LogicBlocks._create_player_logic_blocks as a handler for 'player_add_success', priority: 1, kwargs: {}
2016-08-22 17:59:45,785 : DEBUG : Events : Registered LogicBlocks.player_turn_start as a handler for 'player_turn_start', priority: 1, kwargs: {}
2016-08-22 17:59:45,785 : DEBUG : Events : Registered LogicBlocks.player_turn_stop as a handler for 'player_turn_stop', priority: 1, kwargs: {}
2016-08-22 17:59:45,785 : DEBUG : Machine : Loading 'mpf.core.scoring.ScoreController' core module
2016-08-22 17:59:45,785 : DEBUG : Score : Loading the Score Controller
2016-08-22 17:59:45,785 : DEBUG : Mode Controller : Registering <bound method ScoreController.mode_start of <mpf.core.scoring.ScoreController object at 0x10e200518>> as a mode start method. Config section: scoring, priority: 0, kwargs: {}
2016-08-22 17:59:45,785 : DEBUG : Events : Registered HardwarePlatform._initialize2 as a handler for 'machine_reset_phase_1', priority: 1, kwargs: {}
2016-08-22 17:59:45,787 : DEBUG : Events : Registered ConfigPlayer._initialize as a handler for 'init_phase_1', priority: 1, kwargs: {}
2016-08-22 17:59:45,787 : DEBUG : Events : Registered ConfigPlayer._initialize as a handler for 'init_phase_1', priority: 1, kwargs: {}
2016-08-22 17:59:45,787 : DEBUG : Events : Registered ConfigPlayer._initialize as a handler for 'init_phase_1', priority: 1, kwargs: {}
2016-08-22 17:59:45,787 : DEBUG : Events : Registered ConfigPlayer._initialize as a handler for 'init_phase_1', priority: 1, kwargs: {}
2016-08-22 17:59:45,788 : DEBUG : Events : Registered ConfigPlayer._initialize as a handler for 'init_phase_1', priority: 1, kwargs: {}
2016-08-22 17:59:45,788 : DEBUG : Events : Registered ConfigPlayer._initialize as a handler for 'init_phase_1', priority: 1, kwargs: {}
2016-08-22 17:59:45,788 : DEBUG : Events : Registered ConfigPlayer._initialize as a handler for 'init_phase_1', priority: 1, kwargs: {}
2016-08-22 17:59:45,789 : DEBUG : Events : Registered ConfigPlayer._initialize as a handler for 'init_phase_1', priority: 1, kwargs: {}
2016-08-22 17:59:45,789 : DEBUG : Events : Registered ConfigPlayer._initialize as a handler for 'init_phase_1', priority: 1, kwargs: {}
2016-08-22 17:59:45,789 : DEBUG : Machine : Registering Plugin Config Players
2016-08-22 17:59:45,789 : DEBUG : Machine : Registering slide_player = mpfmc.config_players.slide_player:register_with_mpf
2016-08-22 17:59:45,791 : DEBUG : Events : Registered ConfigPlayer._initialize as a handler for 'init_phase_1', priority: 1, kwargs: {}
2016-08-22 17:59:45,791 : DEBUG : Machine : Registering widget_player = mpfmc.config_players.widget_player:register_with_mpf
2016-08-22 17:59:45,792 : DEBUG : Events : Registered ConfigPlayer._initialize as a handler for 'init_phase_1', priority: 1, kwargs: {}
2016-08-22 17:59:45,792 : DEBUG : Machine : Registering sound_player = mpfmc.config_players.sound_player:register_with_mpf
2016-08-22 17:59:45,793 : DEBUG : Events : Registered ConfigPlayer._initialize as a handler for 'init_phase_1', priority: 1, kwargs: {}
2016-08-22 17:59:45,793 : DEBUG : Events : Registered MachineController.power_off as a handler for 'shutdown', priority: 1, kwargs: {}
2016-08-22 17:59:45,793 : DEBUG : Events : Registered MachineController.power_off as a handler for 'sw_shutdown', priority: 1, kwargs: {}
2016-08-22 17:59:45,793 : DEBUG : Events : Registered MachineController.stop as a handler for 'quit', priority: 1, kwargs: {}
2016-08-22 17:59:45,793 : DEBUG : Events : Registered MachineController.stop as a handler for 'sw_quit', priority: 1, kwargs: {}
2016-08-22 17:59:45,793 : DEBUG : DataInterface : Loading machine_vars from /Users/jackbot/pinball/taxi/data/machine_vars.yaml
2016-08-22 17:59:45,794 : DEBUG : YAML File Interface : Loading file: /Users/jackbot/pinball/taxi/data/machine_vars.yaml
2016-08-22 17:59:45,795 : DEBUG : Machine : Setting machine_var 'player1_score' to: 0, (prior: 0, change: 0)
2016-08-22 17:59:45,795 : DEBUG : Events : ^^^^ Posted event 'machine_var_player1_score'. Type: None, Callback: None, Args: {'prev_value': 0, 'value': 0, 'change': 0}
2016-08-22 17:59:45,795 : DEBUG : Events : ============== EVENTS QUEUE =============
2016-08-22 17:59:45,795 : DEBUG : Events : machine_var_player1_score, None, None, {'prev_value': 0, 'value': 0, 'change': 0}
2016-08-22 17:59:45,795 : DEBUG : Events : =========================================
2016-08-22 17:59:45,795 : DEBUG : Events : ^^^^ Posted event 'init_phase_1'. Type: None, Callback: None, Args: {}
2016-08-22 17:59:45,795 : DEBUG : Events : ============== EVENTS QUEUE =============
2016-08-22 17:59:45,795 : DEBUG : Events : machine_var_player1_score, None, None, {'prev_value': 0, 'value': 0, 'change': 0}
2016-08-22 17:59:45,795 : DEBUG : Events : init_phase_1, None, None, {}
2016-08-22 17:59:45,795 : DEBUG : Events : =========================================
2016-08-22 17:59:45,795 : DEBUG : Events : ^^^^ Processing event 'machine_var_player1_score'. Type: None, Callback: None, Args: {'prev_value': 0, 'value': 0, 'change': 0}
2016-08-22 17:59:45,795 : DEBUG : Events : vvvv Finished event 'machine_var_player1_score'. Type: None. Callback: None. Args: {'prev_value': 0, 'value': 0, 'change': 0}
2016-08-22 17:59:45,795 : DEBUG : Events : ^^^^ Processing event 'init_phase_1'. Type: None, Callback: None, Args: {}
2016-08-22 17:59:45,795 : DEBUG : Events : DeviceManager._load_device_modules (priority: 1) responding to event 'init_phase_1' with args {}
2016-08-22 17:59:45,796 : DEBUG : DeviceManager : Loading devices...
2016-08-22 17:59:45,800 : DEBUG : Events : Registered BallSearch.request_to_start_game as a handler for 'request_to_start_game', priority: 1, kwargs: {}
2016-08-22 17:59:45,825 : DEBUG : ball_device.bd_plunger : Enabling debug logging
2016-08-22 17:59:45,825 : DEBUG : ball_device.bd_plunger : Configuring device with settings: '{'target_on_unexpected_ball': None, 'player_controlled_eject_event': 'sw_launch', 'eject_coil': <coil.c_plunger_eject>, 'confirm_eject_event': None, 'confirm_eject_switch': None, 'confirm_eject_type': 'target', 'hold_coil_release_time': 1000, 'hold_events': {}, 'entrance_switch': None, 'captures_from': <playfield.playfield>, 'ball_switches': [<switch.s_plunger_lane>], 'ball_missing_timeouts': [], 'label': '%', 'eject_targets': [<playfield.playfield>], 'eject_events': {}, 'entrance_switch_full_timeout': 0, 'ball_search_order': 100, 'jam_switch': None, 'exit_count_delay': 500, 'debug': True, 'eject_coil_retry_pulse': None, 'hold_coil': None, 'max_eject_attempts': 0, 'eject_all_events': {}, 'request_ball_events': [], 'eject_coil_jam_pulse': None, 'mechanical_eject': True, 'auto_fire_on_unexpected_ball': True, 'tags': ['ball_add_live'], 'entrance_count_delay': 500, 'ball_capacity': None, 'eject_timeouts': [3000], 'entrance_events': {}, 'hold_switches': [], 'ball_missing_target': <playfield.playfield>}'
2016-08-22 17:59:45,825 : DEBUG : ball_device.bd_trough : Enabling debug logging
2016-08-22 17:59:45,825 : DEBUG : ball_device.bd_trough : Configuring device with settings: '{'target_on_unexpected_ball': None, 'confirm_eject_switch': None, 'eject_coil': <coil.c_trough_eject>, 'confirm_eject_event': None, 'player_controlled_eject_event': None, 'confirm_eject_type': 'target', 'hold_coil_release_time': 1000, 'hold_events': {}, 'entrance_switch': None, 'captures_from': <playfield.playfield>, 'ball_switches': [<switch.s_trough1>, <switch.s_trough2>, <switch.s_trough3>, <switch.s_trough4>, <switch.s_trough5>, <switch.s_trough6>, <switch.s_trough_jam>], 'ball_missing_timeouts': [], 'label': '%', 'eject_targets': [<ball_device.bd_plunger>], 'eject_events': {}, 'entrance_switch_full_timeout': 0, 'ball_search_order': 100, 'jam_switch': None, 'exit_count_delay': 500, 'debug': True, 'eject_coil_retry_pulse': None, 'hold_coil': None, 'max_eject_attempts': 0, 'eject_all_events': {}, 'request_ball_events': [], 'eject_coil_jam_pulse': None, 'mechanical_eject': False, 'auto_fire_on_unexpected_ball': True, 'tags': ['trough', 'home', 'drain'], 'entrance_count_delay': 300, 'ball_capacity': None, 'eject_timeouts': [], 'entrance_events': {}, 'hold_switches': [], 'ball_missing_target': <playfield.playfield>}'
2016-08-22 17:59:45,826 : DEBUG : SwitchController : Registering switch handler: s_plunger_lane, <bound method BallDevice._switch_changed of <ball_device.bd_plunger>>, state: 1, ms: 500, info: False, cb_kwargs: {}
2016-08-22 17:59:45,826 : DEBUG : SwitchController : Registering switch handler: s_plunger_lane, <bound method BallDevice._switch_changed of <ball_device.bd_plunger>>, state: 0, ms: 500, info: False, cb_kwargs: {}
2016-08-22 17:59:45,826 : DEBUG : Events : Registered BallDevice._target_ready as a handler for 'balldevice_playfield_ok_to_receive', priority: 1, kwargs: {'target': <playfield.playfield>}
2016-08-22 17:59:45,826 : DEBUG : ball_device.bd_plunger : EVENT: bd_trough to bd_plunger
2016-08-22 17:59:45,826 : DEBUG : Events : Registered BallDevice._source_device_eject_failed as a handler for 'balldevice_bd_trough_ball_eject_failed', priority: 1, kwargs: {}
2016-08-22 17:59:45,826 : DEBUG : Events : Registered BallDevice._source_device_eject_attempt as a handler for 'balldevice_bd_trough_ball_eject_attempt', priority: 1, kwargs: {}
2016-08-22 17:59:45,826 : DEBUG : Events : Registered BallDevice._source_device_ball_lost as a handler for 'balldevice_bd_trough_ball_lost', priority: 1, kwargs: {}
2016-08-22 17:59:45,826 : DEBUG : Events : Registered BallDevice._source_device_balls_available as a handler for 'balldevice_balls_available', priority: 1, kwargs: {}
2016-08-22 17:59:45,826 : DEBUG : Events : Registered BallDevice._initialize_phase_4 as a handler for 'init_phase_4', priority: 1, kwargs: {}
2016-08-22 17:59:45,826 : DEBUG : SwitchController : Registering switch handler: s_trough1, <bound method BallDevice._switch_changed of <ball_device.bd_trough>>, state: 1, ms: 300, info: False, cb_kwargs: {}
2016-08-22 17:59:45,826 : DEBUG : SwitchController : Registering switch handler: s_trough2, <bound method BallDevice._switch_changed of <ball_device.bd_trough>>, state: 1, ms: 300, info: False, cb_kwargs: {}
2016-08-22 17:59:45,826 : DEBUG : SwitchController : Registering switch handler: s_trough3, <bound method BallDevice._switch_changed of <ball_device.bd_trough>>, state: 1, ms: 300, info: False, cb_kwargs: {}
2016-08-22 17:59:45,827 : DEBUG : SwitchController : Registering switch handler: s_trough4, <bound method BallDevice._switch_changed of <ball_device.bd_trough>>, state: 1, ms: 300, info: False, cb_kwargs: {}
2016-08-22 17:59:45,827 : DEBUG : SwitchController : Registering switch handler: s_trough5, <bound method BallDevice._switch_changed of <ball_device.bd_trough>>, state: 1, ms: 300, info: False, cb_kwargs: {}
2016-08-22 17:59:45,827 : DEBUG : SwitchController : Registering switch handler: s_trough6, <bound method BallDevice._switch_changed of <ball_device.bd_trough>>, state: 1, ms: 300, info: False, cb_kwargs: {}
2016-08-22 17:59:45,827 : DEBUG : SwitchController : Registering switch handler: s_trough_jam, <bound method BallDevice._switch_changed of <ball_device.bd_trough>>, state: 1, ms: 300, info: False, cb_kwargs: {}
2016-08-22 17:59:45,827 : DEBUG : SwitchController : Registering switch handler: s_trough1, <bound method BallDevice._switch_changed of <ball_device.bd_trough>>, state: 0, ms: 500, info: False, cb_kwargs: {}
2016-08-22 17:59:45,827 : DEBUG : SwitchController : Registering switch handler: s_trough2, <bound method BallDevice._switch_changed of <ball_device.bd_trough>>, state: 0, ms: 500, info: False, cb_kwargs: {}
2016-08-22 17:59:45,827 : DEBUG : SwitchController : Registering switch handler: s_trough3, <bound method BallDevice._switch_changed of <ball_device.bd_trough>>, state: 0, ms: 500, info: False, cb_kwargs: {}
2016-08-22 17:59:45,827 : DEBUG : SwitchController : Registering switch handler: s_trough4, <bound method BallDevice._switch_changed of <ball_device.bd_trough>>, state: 0, ms: 500, info: False, cb_kwargs: {}
2016-08-22 17:59:45,827 : DEBUG : SwitchController : Registering switch handler: s_trough5, <bound method BallDevice._switch_changed of <ball_device.bd_trough>>, state: 0, ms: 500, info: False, cb_kwargs: {}
2016-08-22 17:59:45,827 : DEBUG : SwitchController : Registering switch handler: s_trough6, <bound method BallDevice._switch_changed of <ball_device.bd_trough>>, state: 0, ms: 500, info: False, cb_kwargs: {}
2016-08-22 17:59:45,827 : DEBUG : SwitchController : Registering switch handler: s_trough_jam, <bound method BallDevice._switch_changed of <ball_device.bd_trough>>, state: 0, ms: 500, info: False, cb_kwargs: {}
2016-08-22 17:59:45,827 : DEBUG : Events : Registered BallDevice._target_ready as a handler for 'balldevice_bd_plunger_ok_to_receive', priority: 1, kwargs: {'target': <ball_device.bd_plunger>}
2016-08-22 17:59:45,827 : DEBUG : Events : Registered BallDevice._initialize_phase_4 as a handler for 'init_phase_4', priority: 1, kwargs: {}
2016-08-22 17:59:45,827 : DEBUG : Events : Registered Playfield._source_device_eject_success as a handler for 'balldevice_bd_plunger_ball_eject_success', priority: 1, kwargs: {}
2016-08-22 17:59:45,827 : DEBUG : Events : Registered Playfield._source_device_ball_lost as a handler for 'balldevice_bd_plunger_ball_lost', priority: 1, kwargs: {}
2016-08-22 17:59:45,827 : DEBUG : Events : Registered Playfield._source_device_eject_failed as a handler for 'balldevice_bd_plunger_ball_eject_failed', priority: 1, kwargs: {}
2016-08-22 17:59:45,828 : DEBUG : Events : Registered Playfield._source_device_eject_attempt as a handler for 'balldevice_bd_plunger_ball_eject_attempt', priority: 1, kwargs: {}
2016-08-22 17:59:45,828 : DEBUG : Events : Registered Playfield._ball_removed_handler as a handler for 'balldevice_captured_from_playfield', priority: 1, kwargs: {}
2016-08-22 17:59:45,828 : DEBUG : Events : Registered Playfield._playfield_switch_hit as a handler for 'sw_playfield_active', priority: 1, kwargs: {}
2016-08-22 17:59:45,829 : DEBUG : Events : BCP._setup_dmds (priority: 1) responding to event 'init_phase_1' with args {}
2016-08-22 17:59:45,829 : DEBUG : Events : ConfigPlayer._initialize (priority: 1) responding to event 'init_phase_1' with args {}
2016-08-22 17:59:45,829 : DEBUG : Mode Controller : Registering <bound method ConfigPlayer.mode_start of ConfigPlayer.lights> as a mode start method. Config section: light_player, priority: 0, kwargs: {}
2016-08-22 17:59:45,829 : DEBUG : Events : ConfigPlayer._initialize (priority: 1) responding to event 'init_phase_1' with args {}
2016-08-22 17:59:45,829 : DEBUG : Mode Controller : Registering <bound method ConfigPlayer.mode_start of ConfigPlayer.flashers> as a mode start method. Config section: flasher_player, priority: 0, kwargs: {}
2016-08-22 17:59:45,829 : DEBUG : Events : ConfigPlayer._initialize (priority: 1) responding to event 'init_phase_1' with args {}
2016-08-22 17:59:45,829 : DEBUG : Mode Controller : Registering <bound method ConfigPlayer.mode_start of ConfigPlayer.random_events> as a mode start method. Config section: random_event_player, priority: 0, kwargs: {}
2016-08-22 17:59:45,829 : DEBUG : Events : ConfigPlayer._initialize (priority: 1) responding to event 'init_phase_1' with args {}
2016-08-22 17:59:45,829 : DEBUG : Mode Controller : Registering <bound method ConfigPlayer.mode_start of ConfigPlayer.gis> as a mode start method. Config section: gi_player, priority: 0, kwargs: {}
2016-08-22 17:59:45,829 : DEBUG : Events : ConfigPlayer._initialize (priority: 1) responding to event 'init_phase_1' with args {}
2016-08-22 17:59:45,829 : DEBUG : Mode Controller : Registering <bound method ConfigPlayer.mode_start of ConfigPlayer.events> as a mode start method. Config section: event_player, priority: 0, kwargs: {}
2016-08-22 17:59:45,829 : DEBUG : Events : ConfigPlayer._initialize (priority: 1) responding to event 'init_phase_1' with args {}
2016-08-22 17:59:45,829 : DEBUG : Mode Controller : Registering <bound method ConfigPlayer.mode_start of ConfigPlayer.leds> as a mode start method. Config section: led_player, priority: 0, kwargs: {}
2016-08-22 17:59:45,829 : DEBUG : Events : ConfigPlayer._initialize (priority: 1) responding to event 'init_phase_1' with args {}
2016-08-22 17:59:45,829 : DEBUG : Mode Controller : Registering <bound method ConfigPlayer.mode_start of ConfigPlayer.coils> as a mode start method. Config section: coil_player, priority: 0, kwargs: {}
2016-08-22 17:59:45,829 : DEBUG : Events : ConfigPlayer._initialize (priority: 1) responding to event 'init_phase_1' with args {}
2016-08-22 17:59:45,829 : DEBUG : Mode Controller : Registering <bound method ConfigPlayer.mode_start of ConfigPlayer.shows> as a mode start method. Config section: show_player, priority: 0, kwargs: {}
2016-08-22 17:59:45,829 : DEBUG : Events : ConfigPlayer._initialize (priority: 1) responding to event 'init_phase_1' with args {}
2016-08-22 17:59:45,830 : DEBUG : Mode Controller : Registering <bound method ConfigPlayer.mode_start of ConfigPlayer.triggers> as a mode start method. Config section: trigger_player, priority: 0, kwargs: {}
2016-08-22 17:59:45,830 : DEBUG : Events : ConfigPlayer._initialize (priority: 1) responding to event 'init_phase_1' with args {}
2016-08-22 17:59:45,830 : DEBUG : Mode Controller : Registering <bound method ConfigPlayer.mode_start of PluginPlayer.slides> as a mode start method. Config section: slide_player, priority: 0, kwargs: {}
2016-08-22 17:59:45,830 : DEBUG : Events : Registered BCP.bcp_trigger as a handler for 'mode_attract_started', priority: 1, kwargs: {'name': 'mode_attract_started'}
2016-08-22 17:59:45,830 : DEBUG : Events : Registered BCP.bcp_trigger as a handler for 'mc_ready', priority: 1, kwargs: {'name': 'mc_ready'}
2016-08-22 17:59:45,830 : DEBUG : Events : ConfigPlayer._initialize (priority: 1) responding to event 'init_phase_1' with args {}
2016-08-22 17:59:45,830 : DEBUG : Mode Controller : Registering <bound method ConfigPlayer.mode_start of PluginPlayer.widgets> as a mode start method. Config section: widget_player, priority: 0, kwargs: {}
2016-08-22 17:59:45,830 : DEBUG : Events : ConfigPlayer._initialize (priority: 1) responding to event 'init_phase_1' with args {}
2016-08-22 17:59:45,830 : DEBUG : Mode Controller : Registering <bound method ConfigPlayer.mode_start of PluginPlayer.sounds> as a mode start method. Config section: sound_player, priority: 0, kwargs: {}
2016-08-22 17:59:45,830 : DEBUG : Events : vvvv Finished event 'init_phase_1'. Type: None. Callback: None. Args: {}
2016-08-22 17:59:45,830 : DEBUG : Events : ^^^^ Posted event 'init_phase_2'. Type: None, Callback: None, Args: {}
2016-08-22 17:59:45,830 : DEBUG : Events : ============== EVENTS QUEUE =============
2016-08-22 17:59:45,830 : DEBUG : Events : init_phase_2, None, None, {}
2016-08-22 17:59:45,830 : DEBUG : Events : =========================================
2016-08-22 17:59:45,830 : DEBUG : Events : ^^^^ Processing event 'init_phase_2'. Type: None, Callback: None, Args: {}
2016-08-22 17:59:45,831 : DEBUG : Events : SwitchController._initialize_switches (priority: 1000) responding to event 'init_phase_2' with args {}
2016-08-22 17:59:45,831 : DEBUG : Events : ModeController._load_modes (priority: 1) responding to event 'init_phase_2' with args {}
2016-08-22 17:59:45,831 : DEBUG : Mode Controller : Found MPF Mode folders: {'high_score': 'high_score', 'attract': 'attract', 'bonus': 'bonus', 'carousel': 'carousel', 'credits': 'credits', 'game': 'game', 'tilt': 'tilt'}
2016-08-22 17:59:45,831 : DEBUG : Mode Controller : Found Machine-specific Mode folders: {}
2016-08-22 17:59:45,831 : DEBUG : Mode Controller : Processing mode: game
2016-08-22 17:59:45,831 : DEBUG : YAML File Interface : Loading file: /Applications/MPF.app/Contents/Frameworks/python/3.5.0/lib/python3.5/site-packages/mpf/modes/game/config/game.yaml
2016-08-22 17:59:45,833 : DEBUG : Mode Controller : Loading config from /Applications/MPF.app/Contents/Frameworks/python/3.5.0/lib/python3.5/site-packages/mpf/modes/game/config/game.yaml
2016-08-22 17:59:45,833 : DEBUG : Mode.game : Scanning config for mode-based devices
2016-08-22 17:59:45,833 : DEBUG : Events : Registered Mode.start as a handler for 'game_start', priority: 20, kwargs: {}
2016-08-22 17:59:45,833 : DEBUG : Mode Controller : Loaded code from mpf.modes.game.code.game
2016-08-22 17:59:45,834 : DEBUG : Mode Controller : Processing mode: attract
2016-08-22 17:59:45,834 : DEBUG : YAML File Interface : Loading file: /Applications/MPF.app/Contents/Frameworks/python/3.5.0/lib/python3.5/site-packages/mpf/modes/attract/config/attract.yaml
2016-08-22 17:59:45,835 : DEBUG : Mode Controller : Loading config from /Applications/MPF.app/Contents/Frameworks/python/3.5.0/lib/python3.5/site-packages/mpf/modes/attract/config/attract.yaml
2016-08-22 17:59:45,836 : DEBUG : Mode.attract : Scanning config for mode-based devices
2016-08-22 17:59:45,838 : DEBUG : Events : Registered Mode.start as a handler for 'game_ended', priority: 10, kwargs: {}
2016-08-22 17:59:45,838 : DEBUG : Events : Registered Mode.start as a handler for 'reset_complete', priority: 10, kwargs: {}
2016-08-22 17:59:45,838 : DEBUG : Mode Controller : Loaded code from mpf.modes.attract.code.attract
2016-08-22 17:59:45,838 : DEBUG : Events : DeviceManager.create_machinewide_device_control_events (priority: 1) responding to event 'init_phase_2' with args {}
2016-08-22 17:59:45,838 : DEBUG : Events : Registered DeviceManager._control_event_handler as a handler for 'ball_started', priority: 0, kwargs: {'callback': <bound method Flipper.enable of <flipper.right_flipper>>, 'delay_mgr': <mpf.core.delays.DelayManager object at 0x10e19a668>, 'ms_delay': 0}
2016-08-22 17:59:45,839 : DEBUG : Events : Registered DeviceManager._control_event_handler as a handler for 'ball_ending', priority: 0, kwargs: {'callback': <bound method Flipper.disable of <flipper.right_flipper>>, 'delay_mgr': <mpf.core.delays.DelayManager object at 0x10e19a668>, 'ms_delay': 0}
2016-08-22 17:59:45,839 : DEBUG : Events : Registered DeviceManager._control_event_handler as a handler for 'ball_started', priority: 0, kwargs: {'callback': <bound method Flipper.enable of <flipper.left_flipper>>, 'delay_mgr': <mpf.core.delays.DelayManager object at 0x10e19a668>, 'ms_delay': 0}
2016-08-22 17:59:45,839 : DEBUG : Events : Registered DeviceManager._control_event_handler as a handler for 'ball_ending', priority: 0, kwargs: {'callback': <bound method Flipper.disable of <flipper.left_flipper>>, 'delay_mgr': <mpf.core.delays.DelayManager object at 0x10e19a668>, 'ms_delay': 0}
2016-08-22 17:59:45,839 : DEBUG : Events : DeviceManager.create_collection_control_events (priority: 1) responding to event 'init_phase_2' with args {}
2016-08-22 17:59:45,839 : DEBUG : Events : Registered DeviceManager._collection_control_event_handler as a handler for 'autofires_enable', priority: 1, kwargs: {'collection': 'autofires', 'method': 'enable'}
2016-08-22 17:59:45,839 : DEBUG : Events : Registered DeviceManager._collection_control_event_handler as a handler for 'autofires_disable', priority: 1, kwargs: {'collection': 'autofires', 'method': 'disable'}
2016-08-22 17:59:45,839 : DEBUG : Events : Registered DeviceManager._collection_control_event_handler as a handler for 'leds_off', priority: 1, kwargs: {'collection': 'leds', 'method': 'off'}
2016-08-22 17:59:45,839 : DEBUG : Events : Registered DeviceManager._collection_control_event_handler as a handler for 'gi_enable', priority: 1, kwargs: {'collection': 'gi', 'method': 'enable'}
2016-08-22 17:59:45,839 : DEBUG : Events : Registered DeviceManager._collection_control_event_handler as a handler for 'gi_disable', priority: 1, kwargs: {'collection': 'gi', 'method': 'disable'}
2016-08-22 17:59:45,839 : DEBUG : Events : Registered DeviceManager._collection_control_event_handler as a handler for 'coils_disable', priority: 1, kwargs: {'collection': 'coils', 'method': 'disable'}
2016-08-22 17:59:45,839 : DEBUG : Events : Registered DeviceManager._collection_control_event_handler as a handler for 'ball_devices_stop', priority: 1, kwargs: {'collection': 'ball_devices', 'method': 'stop'}
2016-08-22 17:59:45,839 : DEBUG : Events : Registered DeviceManager._collection_control_event_handler as a handler for 'ball_devices_eject_all', priority: 1, kwargs: {'collection': 'ball_devices', 'method': 'eject_all'}
2016-08-22 17:59:45,840 : DEBUG : Events : Registered DeviceManager._collection_control_event_handler as a handler for 'flippers_enable', priority: 1, kwargs: {'collection': 'flippers', 'method': 'enable'}
2016-08-22 17:59:45,840 : DEBUG : Events : Registered DeviceManager._collection_control_event_handler as a handler for 'flippers_disable', priority: 1, kwargs: {'collection': 'flippers', 'method': 'disable'}
2016-08-22 17:59:45,840 : DEBUG : Events : Registered DeviceManager._collection_control_event_handler as a handler for 'lights_off', priority: 1, kwargs: {'collection': 'lights', 'method': 'off'}
2016-08-22 17:59:45,840 : DEBUG : Events : BallController._init2 (priority: 1) responding to event 'init_phase_2' with args {}
2016-08-22 17:59:45,840 : DEBUG : SwitchController : Registering switch handler: s_plunger_lane, <bound method BallController._update_num_balls_known of <mpf.core.ball_controller.BallController object at 0x10e1e90f0>>, state: 1, ms: 500, info: False, cb_kwargs: {}
2016-08-22 17:59:45,840 : DEBUG : SwitchController : Registering switch handler: s_plunger_lane, <bound method BallController._update_num_balls_known of <mpf.core.ball_controller.BallController object at 0x10e1e90f0>>, state: 0, ms: 500, info: False, cb_kwargs: {}
2016-08-22 17:59:45,840 : DEBUG : SwitchController : Registering switch handler: s_plunger_lane, <bound method BallController._correct_playfield_count of <mpf.core.ball_controller.BallController object at 0x10e1e90f0>>, state: 1, ms: 500, info: False, cb_kwargs: {}
2016-08-22 17:59:45,840 : DEBUG : SwitchController : Registering switch handler: s_plunger_lane, <bound method BallController._correct_playfield_count of <mpf.core.ball_controller.BallController object at 0x10e1e90f0>>, state: 0, ms: 500, info: False, cb_kwargs: {}
2016-08-22 17:59:45,840 : DEBUG : SwitchController : Registering switch handler: s_trough1, <bound method BallController._update_num_balls_known of <mpf.core.ball_controller.BallController object at 0x10e1e90f0>>, state: 1, ms: 300, info: False, cb_kwargs: {}
2016-08-22 17:59:45,840 : DEBUG : SwitchController : Registering switch handler: s_trough1, <bound method BallController._update_num_balls_known of <mpf.core.ball_controller.BallController object at 0x10e1e90f0>>, state: 0, ms: 500, info: False, cb_kwargs: {}
2016-08-22 17:59:45,840 : DEBUG : SwitchController : Registering switch handler: s_trough1, <bound method BallController._correct_playfield_count of <mpf.core.ball_controller.BallController object at 0x10e1e90f0>>, state: 1, ms: 300, info: False, cb_kwargs: {}
2016-08-22 17:59:45,840 : DEBUG : SwitchController : Registering switch handler: s_trough1, <bound method BallController._correct_playfield_count of <mpf.core.ball_controller.BallController object at 0x10e1e90f0>>, state: 0, ms: 500, info: False, cb_kwargs: {}
2016-08-22 17:59:45,840 : DEBUG : SwitchController : Registering switch handler: s_trough2, <bound method BallController._update_num_balls_known of <mpf.core.ball_controller.BallController object at 0x10e1e90f0>>, state: 1, ms: 300, info: False, cb_kwargs: {}
2016-08-22 17:59:45,840 : DEBUG : SwitchController : Registering switch handler: s_trough2, <bound method BallController._update_num_balls_known of <mpf.core.ball_controller.BallController object at 0x10e1e90f0>>, state: 0, ms: 500, info: False, cb_kwargs: {}
2016-08-22 17:59:45,840 : DEBUG : SwitchController : Registering switch handler: s_trough2, <bound method BallController._correct_playfield_count of <mpf.core.ball_controller.BallController object at 0x10e1e90f0>>, state: 1, ms: 300, info: False, cb_kwargs: {}
2016-08-22 17:59:45,840 : DEBUG : SwitchController : Registering switch handler: s_trough2, <bound method BallController._correct_playfield_count of <mpf.core.ball_controller.BallController object at 0x10e1e90f0>>, state: 0, ms: 500, info: False, cb_kwargs: {}
2016-08-22 17:59:45,840 : DEBUG : SwitchController : Registering switch handler: s_trough3, <bound method BallController._update_num_balls_known of <mpf.core.ball_controller.BallController object at 0x10e1e90f0>>, state: 1, ms: 300, info: False, cb_kwargs: {}
2016-08-22 17:59:45,840 : DEBUG : SwitchController : Registering switch handler: s_trough3, <bound method BallController._update_num_balls_known of <mpf.core.ball_controller.BallController object at 0x10e1e90f0>>, state: 0, ms: 500, info: False, cb_kwargs: {}
2016-08-22 17:59:45,840 : DEBUG : SwitchController : Registering switch handler: s_trough3, <bound method BallController._correct_playfield_count of <mpf.core.ball_controller.BallController object at 0x10e1e90f0>>, state: 1, ms: 300, info: False, cb_kwargs: {}
2016-08-22 17:59:45,841 : DEBUG : SwitchController : Registering switch handler: s_trough3, <bound method BallController._correct_playfield_count of <mpf.core.ball_controller.BallController object at 0x10e1e90f0>>, state: 0, ms: 500, info: False, cb_kwargs: {}
2016-08-22 17:59:45,841 : DEBUG : SwitchController : Registering switch handler: s_trough4, <bound method BallController._update_num_balls_known of <mpf.core.ball_controller.BallController object at 0x10e1e90f0>>, state: 1, ms: 300, info: False, cb_kwargs: {}
2016-08-22 17:59:45,841 : DEBUG : SwitchController : Registering switch handler: s_trough4, <bound method BallController._update_num_balls_known of <mpf.core.ball_controller.BallController object at 0x10e1e90f0>>, state: 0, ms: 500, info: False, cb_kwargs: {}
2016-08-22 17:59:45,841 : DEBUG : SwitchController : Registering switch handler: s_trough4, <bound method BallController._correct_playfield_count of <mpf.core.ball_controller.BallController object at 0x10e1e90f0>>, state: 1, ms: 300, info: False, cb_kwargs: {}
2016-08-22 17:59:45,841 : DEBUG : SwitchController : Registering switch handler: s_trough4, <bound method BallController._correct_playfield_count of <mpf.core.ball_controller.BallController object at 0x10e1e90f0>>, state: 0, ms: 500, info: False, cb_kwargs: {}
2016-08-22 17:59:45,841 : DEBUG : SwitchController : Registering switch handler: s_trough5, <bound method BallController._update_num_balls_known of <mpf.core.ball_controller.BallController object at 0x10e1e90f0>>, state: 1, ms: 300, info: False, cb_kwargs: {}
2016-08-22 17:59:45,841 : DEBUG : SwitchController : Registering switch handler: s_trough5, <bound method BallController._update_num_balls_known of <mpf.core.ball_controller.BallController object at 0x10e1e90f0>>, state: 0, ms: 500, info: False, cb_kwargs: {}
2016-08-22 17:59:45,841 : DEBUG : SwitchController : Registering switch handler: s_trough5, <bound method BallController._correct_playfield_count of <mpf.core.ball_controller.BallController object at 0x10e1e90f0>>, state: 1, ms: 300, info: False, cb_kwargs: {}
2016-08-22 17:59:45,841 : DEBUG : SwitchController : Registering switch handler: s_trough5, <bound method BallController._correct_playfield_count of <mpf.core.ball_controller.BallController object at 0x10e1e90f0>>, state: 0, ms: 500, info: False, cb_kwargs: {}
2016-08-22 17:59:45,841 : DEBUG : SwitchController : Registering switch handler: s_trough6, <bound method BallController._update_num_balls_known of <mpf.core.ball_controller.BallController object at 0x10e1e90f0>>, state: 1, ms: 300, info: False, cb_kwargs: {}
2016-08-22 17:59:45,841 : DEBUG : SwitchController : Registering switch handler: s_trough6, <bound method BallController._update_num_balls_known of <mpf.core.ball_controller.BallController object at 0x10e1e90f0>>, state: 0, ms: 500, info: False, cb_kwargs: {}
2016-08-22 17:59:45,841 : DEBUG : SwitchController : Registering switch handler: s_trough6, <bound method BallController._correct_playfield_count of <mpf.core.ball_controller.BallController object at 0x10e1e90f0>>, state: 1, ms: 300, info: False, cb_kwargs: {}
2016-08-22 17:59:45,841 : DEBUG : SwitchController : Registering switch handler: s_trough6, <bound method BallController._correct_playfield_count of <mpf.core.ball_controller.BallController object at 0x10e1e90f0>>, state: 0, ms: 500, info: False, cb_kwargs: {}
2016-08-22 17:59:45,841 : DEBUG : SwitchController : Registering switch handler: s_trough_jam, <bound method BallController._update_num_balls_known of <mpf.core.ball_controller.BallController object at 0x10e1e90f0>>, state: 1, ms: 300, info: False, cb_kwargs: {}
2016-08-22 17:59:45,841 : DEBUG : SwitchController : Registering switch handler: s_trough_jam, <bound method BallController._update_num_balls_known of <mpf.core.ball_controller.BallController object at 0x10e1e90f0>>, state: 0, ms: 500, info: False, cb_kwargs: {}
2016-08-22 17:59:45,841 : DEBUG : SwitchController : Registering switch handler: s_trough_jam, <bound method BallController._correct_playfield_count of <mpf.core.ball_controller.BallController object at 0x10e1e90f0>>, state: 1, ms: 300, info: False, cb_kwargs: {}
2016-08-22 17:59:45,841 : DEBUG : SwitchController : Registering switch handler: s_trough_jam, <bound method BallController._correct_playfield_count of <mpf.core.ball_controller.BallController object at 0x10e1e90f0>>, state: 0, ms: 500, info: False, cb_kwargs: {}
2016-08-22 17:59:45,841 : DEBUG : Events : Registered BallController._correct_playfield_count as a handler for 'playfield_ball_count_change', priority: 1, kwargs: {}
2016-08-22 17:59:45,841 : DEBUG : BallController : Counting Balls
2016-08-22 17:59:45,842 : DEBUG : BallController : Found new balls. Setting known balls to 6
2016-08-22 17:59:45,842 : DEBUG : DelayManager : Adding delay. Name: 'd5b6be80-7818-4f0c-bc6a-ed69392bc917' ms: 1, callback: <bound method BallController._handle_new_balls of <mpf.core.ball_controller.BallController object at 0x10e1e90f0>>, kwargs: {'new_balls': 6}
2016-08-22 17:59:45,842 : DEBUG : Clock : Scheduled a one-time clock callback (callback=functools.partial(<bound method DelayManager._process_delay_callback of <mpf.core.delays.DelayManager object at 0x10e1e9518>>, UUID('d5b6be80-7818-4f0c-bc6a-ed69392bc917'), <bound method BallController._handle_new_balls of <mpf.core.ball_controller.BallController object at 0x10e1e90f0>>, new_balls=6), timeout=0.001, priority=1)
2016-08-22 17:59:45,842 : DEBUG : Events : vvvv Finished event 'init_phase_2'. Type: None. Callback: None. Args: {}
2016-08-22 17:59:45,842 : DEBUG : Machine : Loading plugins...
2016-08-22 17:59:45,842 : DEBUG : Machine : Loading 'mpf.plugins.auditor.Auditor' plugin
2016-08-22 17:59:45,843 : DEBUG : DataInterface : Loading audits from /Users/jackbot/pinball/taxi/data/audits.yaml
2016-08-22 17:59:45,843 : DEBUG : YAML File Interface : Loading file: /Users/jackbot/pinball/taxi/data/audits.yaml
2016-08-22 17:59:45,848 : DEBUG : Events : Registered Auditor._initialize as a handler for 'init_phase_4', priority: 1, kwargs: {}
2016-08-22 17:59:45,848 : DEBUG : Machine : Loading 'mpf.plugins.info_lights.InfoLights' plugin
2016-08-22 17:59:45,848 : DEBUG : Machine : "info_lights:" section not found in machine configuration, so the Info Lights plugin will not be used.
2016-08-22 17:59:45,848 : DEBUG : Machine : Loading 'mpf.plugins.osc.OSC' plugin
2016-08-22 17:59:45,848 : DEBUG : Machine : "OSC:" section not found in the machine configuration, so the OSC plugin will not be used.
2016-08-22 17:59:45,848 : DEBUG : Machine : Loading 'mpf.plugins.switch_player.SwitchPlayer' plugin
2016-08-22 17:59:45,849 : DEBUG : Machine : "switch_player:" section not found in machine configuration, so the Switch Playerplugin will not be used.
2016-08-22 17:59:45,849 : DEBUG : Events : ^^^^ Posted event 'init_phase_3'. Type: None, Callback: None, Args: {}
2016-08-22 17:59:45,849 : DEBUG : Events : ============== EVENTS QUEUE =============
2016-08-22 17:59:45,849 : DEBUG : Events : init_phase_3, None, None, {}
2016-08-22 17:59:45,849 : DEBUG : Events : =========================================
2016-08-22 17:59:45,849 : DEBUG : Events : ^^^^ Processing event 'init_phase_3'. Type: None, Callback: None, Args: {}
2016-08-22 17:59:45,849 : DEBUG : Events : AssetManager._create_assets (priority: 1) responding to event 'init_phase_3' with args {}
2016-08-22 17:59:45,849 : DEBUG : AssetManager : Processing assets from base folder: /Users/jackbot/pinball/taxi/shows
2016-08-22 17:59:45,849 : DEBUG : AssetManager : Processing assets from base folder: /Applications/MPF.app/Contents/Frameworks/python/3.5.0/lib/python3.5/site-packages/mpf/modes/game/shows
2016-08-22 17:59:45,849 : DEBUG : AssetManager : Processing assets from base folder: /Applications/MPF.app/Contents/Frameworks/python/3.5.0/lib/python3.5/site-packages/mpf/modes/attract/shows
2016-08-22 17:59:45,849 : DEBUG : Machine : Clearing boot hold assets. Holds remaining: {'init'}
2016-08-22 17:59:45,849 : DEBUG : Events : ShowController._initialize (priority: 1) responding to event 'init_phase_3' with args {}
2016-08-22 17:59:45,849 : DEBUG : ShowController : Loading Show None
2016-08-22 17:59:45,850 : DEBUG : ShowController : Loading Show None
2016-08-22 17:59:45,850 : DEBUG : ShowController : Loading Show None
2016-08-22 17:59:45,851 : DEBUG : ShowController : Loading Show None
2016-08-22 17:59:45,851 : DEBUG : Events : vvvv Finished event 'init_phase_3'. Type: None. Callback: None. Args: {}
2016-08-22 17:59:45,851 : DEBUG : Events : ^^^^ Posted event 'init_phase_4'. Type: None, Callback: None, Args: {}
2016-08-22 17:59:45,851 : DEBUG : Events : ============== EVENTS QUEUE =============
2016-08-22 17:59:45,851 : DEBUG : Events : init_phase_4, None, None, {}
2016-08-22 17:59:45,851 : DEBUG : Events : =========================================
2016-08-22 17:59:45,851 : DEBUG : Events : ^^^^ Processing event 'init_phase_4'. Type: None, Callback: None, Args: {}
2016-08-22 17:59:45,851 : DEBUG : Events : BallDevice._initialize_phase_4 (priority: 1) responding to event 'init_phase_4' with args {}
2016-08-22 17:59:45,851 : DEBUG : ball_device.bd_plunger : Counting balls
2016-08-22 17:59:45,851 : DEBUG : ball_device.bd_plunger : Confirmed inactive switch: s_plunger_lane
2016-08-22 17:59:45,851 : DEBUG : ball_device.bd_plunger : Counted 0 balls
2016-08-22 17:59:45,851 : DEBUG : ball_device.bd_plunger : Switching to state idle
2016-08-22 17:59:45,852 : DEBUG : ball_device.bd_plunger : Counting balls
2016-08-22 17:59:45,852 : DEBUG : ball_device.bd_plunger : Confirmed inactive switch: s_plunger_lane
2016-08-22 17:59:45,852 : DEBUG : ball_device.bd_plunger : Counted 0 balls
2016-08-22 17:59:45,852 : DEBUG : Events : ^^^^ Posted event 'balldevice_bd_plunger_ok_to_receive'. Type: None, Callback: None, Args: {'balls': 1}
2016-08-22 17:59:45,852 : DEBUG : Events : ============== EVENTS QUEUE =============
2016-08-22 17:59:45,852 : DEBUG : Events : balldevice_bd_plunger_ok_to_receive, None, None, {'balls': 1}
2016-08-22 17:59:45,852 : DEBUG : Events : =========================================
2016-08-22 17:59:45,852 : DEBUG : Events : BallDevice._initialize_phase_4 (priority: 1) responding to event 'init_phase_4' with args {}
2016-08-22 17:59:45,852 : DEBUG : ball_device.bd_trough : Counting balls
2016-08-22 17:59:45,852 : DEBUG : ball_device.bd_trough : Confirmed active switch: s_trough1
2016-08-22 17:59:45,852 : DEBUG : ball_device.bd_trough : Confirmed active switch: s_trough2
2016-08-22 17:59:45,852 : DEBUG : ball_device.bd_trough : Confirmed active switch: s_trough3
2016-08-22 17:59:45,852 : DEBUG : ball_device.bd_trough : Confirmed active switch: s_trough4
2016-08-22 17:59:45,852 : DEBUG : ball_device.bd_trough : Confirmed active switch: s_trough5
2016-08-22 17:59:45,852 : DEBUG : ball_device.bd_trough : Confirmed active switch: s_trough6
2016-08-22 17:59:45,852 : DEBUG : ball_device.bd_trough : Confirmed inactive switch: s_trough_jam
2016-08-22 17:59:45,852 : DEBUG : ball_device.bd_trough : Counted 6 balls
2016-08-22 17:59:45,852 : DEBUG : ball_device.bd_trough : Switching to state idle
2016-08-22 17:59:45,852 : DEBUG : ball_device.bd_trough : Counting balls
2016-08-22 17:59:45,852 : DEBUG : ball_device.bd_trough : Confirmed active switch: s_trough1
2016-08-22 17:59:45,852 : DEBUG : ball_device.bd_trough : Confirmed active switch: s_trough2
2016-08-22 17:59:45,852 : DEBUG : ball_device.bd_trough : Confirmed active switch: s_trough3
2016-08-22 17:59:45,853 : DEBUG : ball_device.bd_trough : Confirmed active switch: s_trough4
2016-08-22 17:59:45,853 : DEBUG : ball_device.bd_trough : Confirmed active switch: s_trough5
2016-08-22 17:59:45,853 : DEBUG : ball_device.bd_trough : Confirmed active switch: s_trough6
2016-08-22 17:59:45,853 : DEBUG : ball_device.bd_trough : Confirmed inactive switch: s_trough_jam
2016-08-22 17:59:45,853 : DEBUG : ball_device.bd_trough : Counted 6 balls
2016-08-22 17:59:45,853 : DEBUG : Events : ^^^^ Posted event 'balldevice_bd_trough_ok_to_receive'. Type: None, Callback: None, Args: {'balls': 1}
2016-08-22 17:59:45,853 : DEBUG : Events : ============== EVENTS QUEUE =============
2016-08-22 17:59:45,853 : DEBUG : Events : balldevice_bd_plunger_ok_to_receive, None, None, {'balls': 1}
2016-08-22 17:59:45,853 : DEBUG : Events : balldevice_bd_trough_ok_to_receive, None, None, {'balls': 1}
2016-08-22 17:59:45,853 : DEBUG : Events : =========================================
2016-08-22 17:59:45,853 : DEBUG : Events : Auditor._initialize (priority: 1) responding to event 'init_phase_4' with args {}
2016-08-22 17:59:45,853 : DEBUG : Events : Registered Auditor.enable as a handler for 'game_starting', priority: 1, kwargs: {}
2016-08-22 17:59:45,853 : DEBUG : Events : Registered Auditor.disable as a handler for 'game_ended', priority: 1, kwargs: {}
2016-08-22 17:59:45,853 : DEBUG : Events : Registered Auditor.audit_player as a handler for 'game_ending', priority: 1, kwargs: {}
2016-08-22 17:59:45,855 : DEBUG : Events : vvvv Finished event 'init_phase_4'. Type: None. Callback: None. Args: {}
2016-08-22 17:59:45,855 : DEBUG : Events : ^^^^ Processing event 'balldevice_bd_plunger_ok_to_receive'. Type: None, Callback: None, Args: {'balls': 1}
2016-08-22 17:59:45,855 : DEBUG : Events : BallDevice._target_ready (priority: 1) responding to event 'balldevice_bd_plunger_ok_to_receive' with args {'balls': 1, 'target': <ball_device.bd_plunger>}
2016-08-22 17:59:45,855 : DEBUG : Events : vvvv Finished event 'balldevice_bd_plunger_ok_to_receive'. Type: None. Callback: None. Args: {'balls': 1}
2016-08-22 17:59:45,855 : DEBUG : Events : ^^^^ Processing event 'balldevice_bd_trough_ok_to_receive'. Type: None, Callback: None, Args: {'balls': 1}
2016-08-22 17:59:45,855 : DEBUG : Events : vvvv Finished event 'balldevice_bd_trough_ok_to_receive'. Type: None. Callback: None. Args: {'balls': 1}
2016-08-22 17:59:45,855 : DEBUG : Events : ^^^^ Posted event 'init_phase_5'. Type: None, Callback: None, Args: {}
2016-08-22 17:59:45,855 : DEBUG : Events : ============== EVENTS QUEUE =============
2016-08-22 17:59:45,855 : DEBUG : Events : init_phase_5, None, None, {}
2016-08-22 17:59:45,855 : DEBUG : Events : =========================================
2016-08-22 17:59:45,855 : DEBUG : Events : ^^^^ Processing event 'init_phase_5'. Type: None, Callback: None, Args: {}
2016-08-22 17:59:45,855 : DEBUG : Events : vvvv Finished event 'init_phase_5'. Type: None. Callback: None. Args: {}
2016-08-22 17:59:45,855 : DEBUG : Machine : Clearing boot hold init. Holds remaining: set()
2016-08-22 17:59:45,855 : DEBUG : Events : ^^^^ Posted event 'init_done'. Type: None, Callback: None, Args: {}
2016-08-22 17:59:45,855 : DEBUG : Events : ============== EVENTS QUEUE =============
2016-08-22 17:59:45,855 : DEBUG : Events : init_done, None, None, {}
2016-08-22 17:59:45,855 : DEBUG : Events : =========================================
2016-08-22 17:59:45,855 : DEBUG : Events : ^^^^ Processing event 'init_done'. Type: None, Callback: None, Args: {}
2016-08-22 17:59:45,855 : DEBUG : Events : BCP._setup_bcp_connections (priority: 1) responding to event 'init_done' with args {}
2016-08-22 17:59:45,856 : DEBUG : BCPClientSocket.local_display : Setting up BCP Client...
2016-08-22 17:59:45,856 : INFO : BCPClientSocket.local_display : Connecting to BCP Media Controller at localhost:5050...
2016-08-22 17:59:46,584 : DEBUG : BCPClientSocket.local_display : Connected to remote BCP host localhost:5050
2016-08-22 17:59:46,585 : DEBUG : Events : vvvv Finished event 'init_done'. Type: None. Callback: None. Args: {}
2016-08-22 17:59:46,585 : DEBUG : Machine : Resetting...
2016-08-22 17:59:46,585 : DEBUG : Events : ^^^^ Posted event 'machine_reset_phase_1'. Type: None, Callback: None, Args: {}
2016-08-22 17:59:46,585 : DEBUG : Events : ============== EVENTS QUEUE =============
2016-08-22 17:59:46,585 : DEBUG : Events : machine_reset_phase_1, None, None, {}
2016-08-22 17:59:46,585 : DEBUG : Events : =========================================
2016-08-22 17:59:46,585 : DEBUG : Events : ^^^^ Processing event 'machine_reset_phase_1'. Type: None, Callback: None, Args: {}
2016-08-22 17:59:46,585 : DEBUG : Events : BCP.bcp_reset (priority: 1) responding to event 'machine_reset_phase_1' with args {}
2016-08-22 17:59:46,585 : DEBUG : Events : HardwarePlatform._initialize2 (priority: 1) responding to event 'machine_reset_phase_1' with args {}
2016-08-22 17:59:46,585 : DEBUG : Events : Registered HardwarePlatform.set_target as a handler for 'balldevice_bd_plunger_ball_eject_attempt', priority: 1, kwargs: {}
2016-08-22 17:59:46,585 : DEBUG : BCPClientSocket.local_display : Sending "hello?version=1.0&controller_name=Mission%20Pinball%20Framework&controller_version=0.30.26"
2016-08-22 17:59:46,586 : DEBUG : Events : Registered HardwarePlatform.set_target as a handler for 'balldevice_bd_trough_ball_eject_attempt', priority: 1, kwargs: {}
2016-08-22 17:59:46,586 : DEBUG : BCPClientSocket.local_display : Sending "machine_variable?name=player1_score&value=int:0"
2016-08-22 17:59:46,586 : DEBUG : Events : vvvv Finished event 'machine_reset_phase_1'. Type: None. Callback: None. Args: {}
2016-08-22 17:59:46,586 : DEBUG : Events : ^^^^ Posted event 'machine_reset_phase_2'. Type: None, Callback: None, Args: {}
2016-08-22 17:59:46,586 : DEBUG : Events : ============== EVENTS QUEUE =============
2016-08-22 17:59:46,586 : DEBUG : Events : machine_reset_phase_2, None, None, {}
2016-08-22 17:59:46,586 : DEBUG : Events : =========================================
2016-08-22 17:59:46,586 : DEBUG : Events : ^^^^ Processing event 'machine_reset_phase_2'. Type: None, Callback: None, Args: {}
2016-08-22 17:59:46,586 : DEBUG : Events : BallController._initialize (priority: 1) responding to event 'machine_reset_phase_2' with args {}
2016-08-22 17:59:46,586 : DEBUG : Events : Registered BallController._ball_drained_handler as a handler for 'balldevice_bd_trough_ball_enter', priority: 1, kwargs: {}
2016-08-22 17:59:46,586 : DEBUG : BCPClientSocket.local_display : Sending "machine_variable?name=credits_string&value=FREE%20PLAY"
2016-08-22 17:59:46,587 : DEBUG : Events : vvvv Finished event 'machine_reset_phase_2'. Type: None. Callback: None. Args: {}
2016-08-22 17:59:46,587 : DEBUG : Events : ^^^^ Posted event 'machine_reset_phase_3'. Type: None, Callback: None, Args: {}
2016-08-22 17:59:46,587 : DEBUG : Events : ============== EVENTS QUEUE =============
2016-08-22 17:59:46,587 : DEBUG : Events : machine_reset_phase_3, None, None, {}
2016-08-22 17:59:46,587 : DEBUG : Events : =========================================
2016-08-22 17:59:46,587 : DEBUG : BCPClientSocket.local_display : Sending "reset"
2016-08-22 17:59:46,587 : DEBUG : Events : ^^^^ Processing event 'machine_reset_phase_3'. Type: None, Callback: None, Args: {}
2016-08-22 17:59:46,587 : DEBUG : Events : SwitchController.log_active_switches (priority: 1) responding to event 'machine_reset_phase_3' with args {}
2016-08-22 17:59:46,587 : INFO : SwitchController : Active Switch|s_trough6
2016-08-22 17:59:46,587 : INFO : SwitchController : Active Switch|s_trough3
2016-08-22 17:59:46,588 : INFO : SwitchController : Active Switch|s_trough1
2016-08-22 17:59:46,588 : INFO : SwitchController : Active Switch|s_trough5
2016-08-22 17:59:46,588 : INFO : SwitchController : Active Switch|s_trough4
2016-08-22 17:59:46,588 : INFO : SwitchController : Active Switch|s_trough2
2016-08-22 17:59:46,588 : DEBUG : Events : vvvv Finished event 'machine_reset_phase_3'. Type: None. Callback: None. Args: {}
2016-08-22 17:59:46,588 : DEBUG : Machine : Reset Complete
2016-08-22 17:59:46,588 : DEBUG : Machine : Reset Complete
2016-08-22 17:59:46,588 : DEBUG : Events : ^^^^ Posted event 'reset_complete'. Type: None, Callback: None, Args: {}
2016-08-22 17:59:46,588 : DEBUG : Events : ============== EVENTS QUEUE =============
2016-08-22 17:59:46,588 : DEBUG : Events : reset_complete, None, None, {}
2016-08-22 17:59:46,588 : DEBUG : Events : =========================================
2016-08-22 17:59:46,588 : DEBUG : Machine : Starting the main run loop.
2016-08-22 17:59:46,588 : DEBUG : Events : ^^^^ Processing event 'reset_complete'. Type: None, Callback: None, Args: {}
2016-08-22 17:59:46,588 : DEBUG : Events : Mode.start (priority: 10) responding to event 'reset_complete' with args {}
2016-08-22 17:59:46,588 : DEBUG : Mode.attract : Received request to start
2016-08-22 17:59:46,588 : INFO : Mode.attract : Mode Starting. Priority: 10
2016-08-22 17:59:46,588 : DEBUG : Mode.attract : Registering mode_stop handlers
2016-08-22 17:59:46,588 : DEBUG : Events : Registered Mode.stop as a handler for 'game_start', priority: 11, kwargs: {'mode': <Mode.attract>}
2016-08-22 17:59:46,589 : DEBUG : Mode.attract : Calling mode_start handlers
2016-08-22 17:59:46,589 : DEBUG : Mode.attract : Scanning mode-based config for device control_events
2016-08-22 17:59:46,589 : DEBUG : BCPClientSocket.local_display : Sending "mode_start?name=attract&priority=int:10"
2016-08-22 17:59:46,589 : DEBUG : Events : ^^^^ Posted event 'mode_attract_starting'. Type: queue, Callback: <bound method Mode._started of <Mode.attract>>, Args: {}
2016-08-22 17:59:46,590 : DEBUG : Events : ============== EVENTS QUEUE =============
2016-08-22 17:59:46,590 : DEBUG : Events : mode_attract_starting, queue, <bound method Mode._started of <Mode.attract>>, {}
2016-08-22 17:59:46,590 : DEBUG : Events : =========================================
2016-08-22 17:59:46,590 : DEBUG : Events : vvvv Finished event 'reset_complete'. Type: None. Callback: None. Args: {}
2016-08-22 17:59:46,590 : DEBUG : Events : ^^^^ Processing event 'mode_attract_starting'. Type: queue, Callback: <bound method Mode._started of <Mode.attract>>, Args: {}
2016-08-22 17:59:46,590 : DEBUG : Events : vvvv Finished event 'mode_attract_starting'. Type: queue. Callback: <bound method Mode._started of <Mode.attract>>. Args: {}
2016-08-22 17:59:46,591 : DEBUG : Mode.attract : Mode Started. Priority: 10
2016-08-22 17:59:46,591 : DEBUG : Mode Controller : +=========== ACTIVE MODES ============+
2016-08-22 17:59:46,591 : DEBUG : Mode Controller : | attract : 10                        |
2016-08-22 17:59:46,591 : DEBUG : Mode Controller : +-------------------------------------+
2016-08-22 17:59:46,591 : DEBUG : Events : ^^^^ Posted event 'mode_attract_started'. Type: None, Callback: <bound method Mode._mode_started_callback of <Mode.attract>>, Args: {}
2016-08-22 17:59:46,591 : DEBUG : Events : ============== EVENTS QUEUE =============
2016-08-22 17:59:46,591 : DEBUG : Events : mode_attract_started, None, <bound method Mode._mode_started_callback of <Mode.attract>>, {}
2016-08-22 17:59:46,591 : DEBUG : Events : =========================================
2016-08-22 17:59:46,591 : DEBUG : Events : ^^^^ Processing event 'mode_attract_started'. Type: None, Callback: <bound method Mode._mode_started_callback of <Mode.attract>>, Args: {}
2016-08-22 17:59:46,591 : DEBUG : Events : BCP.bcp_trigger (priority: 1) responding to event 'mode_attract_started' with args {'name': 'mode_attract_started'}
2016-08-22 17:59:46,591 : DEBUG : Events : vvvv Finished event 'mode_attract_started'. Type: None. Callback: <bound method Mode._mode_started_callback of <Mode.attract>>. Args: {}
2016-08-22 17:59:46,591 : DEBUG : SwitchController : Registering switch handler: s_start, <bound method Attract.start_button_pressed of <Mode.attract>>, state: 1, ms: 0, info: False, cb_kwargs: {}
2016-08-22 17:59:46,591 : DEBUG : SwitchController : Registering switch handler: s_start, <bound method Attract.start_button_released of <Mode.attract>>, state: 0, ms: 0, info: False, cb_kwargs: {}
2016-08-22 17:59:46,591 : DEBUG : BallController : Collecting all balls to devices with tags '['home', 'trough']'
2016-08-22 17:59:46,592 : DEBUG : BallController : Ejecting all balls from: set()
2016-08-22 17:59:46,592 : DEBUG : BallController : All balls are collected
2016-08-22 17:59:46,592 : DEBUG : Events : ^^^^ Posted event 'collecting_balls_complete'. Type: None, Callback: None, Args: {}
2016-08-22 17:59:46,592 : DEBUG : Events : ============== EVENTS QUEUE =============
2016-08-22 17:59:46,592 : DEBUG : Events : collecting_balls_complete, None, None, {}
2016-08-22 17:59:46,592 : DEBUG : Events : =========================================
2016-08-22 17:59:46,592 : DEBUG : Events : ^^^^ Posted event 'enable_volume_keys'. Type: None, Callback: None, Args: {}
2016-08-22 17:59:46,592 : DEBUG : BCPClientSocket.local_display : Sending "trigger?name=mode_attract_started"
2016-08-22 17:59:46,592 : DEBUG : Events : ============== EVENTS QUEUE =============
2016-08-22 17:59:46,592 : DEBUG : Events : collecting_balls_complete, None, None, {}
2016-08-22 17:59:46,592 : DEBUG : Events : enable_volume_keys, None, None, {}
2016-08-22 17:59:46,592 : DEBUG : Events : =========================================
2016-08-22 17:59:46,592 : DEBUG : Mode.attract : Mode Start process complete.
2016-08-22 17:59:46,592 : DEBUG : Events : ^^^^ Processing event 'collecting_balls_complete'. Type: None, Callback: None, Args: {}
2016-08-22 17:59:46,592 : DEBUG : Events : vvvv Finished event 'collecting_balls_complete'. Type: None. Callback: None. Args: {}
2016-08-22 17:59:46,592 : DEBUG : Events : ^^^^ Processing event 'enable_volume_keys'. Type: None, Callback: None, Args: {}
2016-08-22 17:59:46,593 : DEBUG : Events : BCP.enable_volume_keys (priority: 1) responding to event 'enable_volume_keys' with args {}
2016-08-22 17:59:46,593 : DEBUG : Events : vvvv Finished event 'enable_volume_keys'. Type: None. Callback: None. Args: {}
2016-08-22 17:59:46,593 : DEBUG : DelayManager : ---Processing delay: d5b6be80-7818-4f0c-bc6a-ed69392bc917
2016-08-22 17:59:46,602 : DEBUG : BCPClientSocket.local_display : Received "b'hello?version=1.0'"
2016-08-22 17:59:46,602 : DEBUG : BCPClientSocket.local_display : Received BCP Hello from host with kwargs: {'version': '1.0'}
2016-08-22 17:59:46,606 : DEBUG : BCPClientSocket.local_display : Received "b'reset_complete'"
2016-08-22 17:59:46,627 : DEBUG : BCP : Processing command: reset_complete {}
2016-08-22 17:59:50,440 : DEBUG : BCPClientSocket.local_display : Received "b'switch?name=s_left_flipper&state=int:1'"
2016-08-22 17:59:50,448 : DEBUG : BCP : Processing command: switch {'name': 's_left_flipper', 'state': 1}
2016-08-22 17:59:50,448 : DEBUG : SwitchController : Processing switch. Name: s_left_flipper, state: 1, logical: True,
2016-08-22 17:59:50,448 : INFO : SwitchController : <<<<< switch: s_left_flipper, State:1 >>>>>
2016-08-22 17:59:50,448 : DEBUG : Events : ^^^^ Posted event 's_left_flipper_active'. Type: None, Callback: None, Args: {}
2016-08-22 17:59:50,449 : DEBUG : Events : ============== EVENTS QUEUE =============
2016-08-22 17:59:50,449 : DEBUG : Events : s_left_flipper_active, None, None, {}
2016-08-22 17:59:50,449 : DEBUG : Events : =========================================
2016-08-22 17:59:50,449 : DEBUG : Events : ^^^^ Processing event 's_left_flipper_active'. Type: None, Callback: None, Args: {}
2016-08-22 17:59:50,449 : DEBUG : Events : vvvv Finished event 's_left_flipper_active'. Type: None. Callback: None. Args: {}
2016-08-22 17:59:50,531 : DEBUG : BCPClientSocket.local_display : Received "b'switch?name=s_left_flipper&state=int:0'"
2016-08-22 17:59:50,548 : DEBUG : BCP : Processing command: switch {'name': 's_left_flipper', 'state': 0}
2016-08-22 17:59:50,548 : DEBUG : SwitchController : Processing switch. Name: s_left_flipper, state: 0, logical: True,
2016-08-22 17:59:50,548 : INFO : SwitchController : <<<<< switch: s_left_flipper, State:0 >>>>>
2016-08-22 17:59:50,549 : DEBUG : Events : ^^^^ Posted event 's_left_flipper_inactive'. Type: None, Callback: None, Args: {}
2016-08-22 17:59:50,549 : DEBUG : Events : ============== EVENTS QUEUE =============
2016-08-22 17:59:50,549 : DEBUG : Events : s_left_flipper_inactive, None, None, {}
2016-08-22 17:59:50,549 : DEBUG : Events : =========================================
2016-08-22 17:59:50,549 : DEBUG : Events : ^^^^ Processing event 's_left_flipper_inactive'. Type: None, Callback: None, Args: {}
2016-08-22 17:59:50,549 : DEBUG : Events : vvvv Finished event 's_left_flipper_inactive'. Type: None. Callback: None. Args: {}
2016-08-22 17:59:51,282 : DEBUG : BCPClientSocket.local_display : Received "b'switch?name=s_left_flipper&state=int:1'"
2016-08-22 17:59:51,314 : DEBUG : BCP : Processing command: switch {'name': 's_left_flipper', 'state': 1}
2016-08-22 17:59:51,315 : DEBUG : SwitchController : Processing switch. Name: s_left_flipper, state: 1, logical: True,
2016-08-22 17:59:51,315 : INFO : SwitchController : <<<<< switch: s_left_flipper, State:1 >>>>>
2016-08-22 17:59:51,315 : DEBUG : Events : ^^^^ Posted event 's_left_flipper_active'. Type: None, Callback: None, Args: {}
2016-08-22 17:59:51,315 : DEBUG : Events : ============== EVENTS QUEUE =============
2016-08-22 17:59:51,315 : DEBUG : Events : s_left_flipper_active, None, None, {}
2016-08-22 17:59:51,315 : DEBUG : Events : =========================================
2016-08-22 17:59:51,315 : DEBUG : Events : ^^^^ Processing event 's_left_flipper_active'. Type: None, Callback: None, Args: {}
2016-08-22 17:59:51,315 : DEBUG : Events : vvvv Finished event 's_left_flipper_active'. Type: None. Callback: None. Args: {}
2016-08-22 17:59:51,462 : DEBUG : BCPClientSocket.local_display : Received "b'switch?name=s_left_flipper&state=int:0'"
2016-08-22 17:59:51,481 : DEBUG : BCP : Processing command: switch {'name': 's_left_flipper', 'state': 0}
2016-08-22 17:59:51,482 : DEBUG : SwitchController : Processing switch. Name: s_left_flipper, state: 0, logical: True,
2016-08-22 17:59:51,482 : INFO : SwitchController : <<<<< switch: s_left_flipper, State:0 >>>>>
2016-08-22 17:59:51,482 : DEBUG : Events : ^^^^ Posted event 's_left_flipper_inactive'. Type: None, Callback: None, Args: {}
2016-08-22 17:59:51,482 : DEBUG : Events : ============== EVENTS QUEUE =============
2016-08-22 17:59:51,482 : DEBUG : Events : s_left_flipper_inactive, None, None, {}
2016-08-22 17:59:51,482 : DEBUG : Events : =========================================
2016-08-22 17:59:51,482 : DEBUG : Events : ^^^^ Processing event 's_left_flipper_inactive'. Type: None, Callback: None, Args: {}
2016-08-22 17:59:51,482 : DEBUG : Events : vvvv Finished event 's_left_flipper_inactive'. Type: None. Callback: None. Args: {}
2016-08-22 17:59:52,036 : DEBUG : BCPClientSocket.local_display : Received "b'switch?name=s_left_flipper&state=int:1'"
2016-08-22 17:59:52,048 : DEBUG : BCP : Processing command: switch {'name': 's_left_flipper', 'state': 1}
2016-08-22 17:59:52,048 : DEBUG : SwitchController : Processing switch. Name: s_left_flipper, state: 1, logical: True,
2016-08-22 17:59:52,048 : INFO : SwitchController : <<<<< switch: s_left_flipper, State:1 >>>>>
2016-08-22 17:59:52,049 : DEBUG : Events : ^^^^ Posted event 's_left_flipper_active'. Type: None, Callback: None, Args: {}
2016-08-22 17:59:52,049 : DEBUG : Events : ============== EVENTS QUEUE =============
2016-08-22 17:59:52,049 : DEBUG : Events : s_left_flipper_active, None, None, {}
2016-08-22 17:59:52,049 : DEBUG : Events : =========================================
2016-08-22 17:59:52,049 : DEBUG : Events : ^^^^ Processing event 's_left_flipper_active'. Type: None, Callback: None, Args: {}
2016-08-22 17:59:52,049 : DEBUG : Events : vvvv Finished event 's_left_flipper_active'. Type: None. Callback: None. Args: {}
2016-08-22 17:59:52,672 : DEBUG : BCPClientSocket.local_display : Received "b'switch?name=s_left_flipper&state=int:0'"
2016-08-22 17:59:52,682 : DEBUG : BCP : Processing command: switch {'name': 's_left_flipper', 'state': 0}
2016-08-22 17:59:52,682 : DEBUG : SwitchController : Processing switch. Name: s_left_flipper, state: 0, logical: True,
2016-08-22 17:59:52,682 : INFO : SwitchController : <<<<< switch: s_left_flipper, State:0 >>>>>
2016-08-22 17:59:52,682 : DEBUG : Events : ^^^^ Posted event 's_left_flipper_inactive'. Type: None, Callback: None, Args: {}
2016-08-22 17:59:52,682 : DEBUG : Events : ============== EVENTS QUEUE =============
2016-08-22 17:59:52,682 : DEBUG : Events : s_left_flipper_inactive, None, None, {}
2016-08-22 17:59:52,682 : DEBUG : Events : =========================================
2016-08-22 17:59:52,683 : DEBUG : Events : ^^^^ Processing event 's_left_flipper_inactive'. Type: None, Callback: None, Args: {}
2016-08-22 17:59:52,683 : DEBUG : Events : vvvv Finished event 's_left_flipper_inactive'. Type: None. Callback: None. Args: {}
2016-08-22 17:59:57,626 : DEBUG : BCPClientSocket.local_display : Stopping socket client
2016-08-22 17:59:57,626 : INFO : Machine : Shutting down...
2016-08-22 17:59:57,626 : DEBUG : Events : ^^^^ Posted event 'shutdown'. Type: None, Callback: None, Args: {}
2016-08-22 17:59:57,627 : DEBUG : Events : ============== EVENTS QUEUE =============
2016-08-22 17:59:57,627 : DEBUG : Events : shutdown, None, None, {}
2016-08-22 17:59:57,627 : DEBUG : Events : =========================================
2016-08-22 17:59:57,627 : DEBUG : Events : ^^^^ Processing event 'shutdown'. Type: None, Callback: None, Args: {}
2016-08-22 17:59:57,627 : DEBUG : Events : MachineController.power_off (priority: 1) responding to event 'shutdown' with args {}
2016-08-22 17:59:57,627 : DEBUG : Events : vvvv Finished event 'shutdown'. Type: None. Callback: None. Args: {}
2016-08-22 17:59:57,634 : INFO : Machine : Shutting down...
2016-08-22 17:59:57,634 : DEBUG : Events : ^^^^ Posted event 'shutdown'. Type: None, Callback: None, Args: {}
2016-08-22 17:59:57,634 : DEBUG : Events : ============== EVENTS QUEUE =============
2016-08-22 17:59:57,634 : DEBUG : Events : shutdown, None, None, {}
2016-08-22 17:59:57,634 : DEBUG : Events : =========================================
2016-08-22 17:59:57,634 : DEBUG : Events : ^^^^ Processing event 'shutdown'. Type: None, Callback: None, Args: {}
2016-08-22 17:59:57,634 : DEBUG : Events : MachineController.power_off (priority: 1) responding to event 'shutdown' with args {}
2016-08-22 17:59:57,634 : DEBUG : Events : vvvv Finished event 'shutdown'. Type: None. Callback: None. Args: {}
2016-08-22 17:59:57,634 : INFO : Machine : Actual MPF loop rate: 30.49 Hz
2016-08-22 17:59:57,635 : INFO : root : MPF run loop ended.
