2016-08-22 16:44:41,032 : INFO : Machine : Mission Pinball Framework Core Engine v0.30.26
2016-08-22 16:44:41,032 : DEBUG : Machine : Command line arguments: {'logfile': 'logs/2016-08-22-16-44-41-mpf-Jeremys-MacBook-Pro.local.log', 'bcp': True, 'create_config_cache': True, 'force_platform': None, 'no_load_cache': False, 'mpfconfigfile': '/Applications/MPF.app/Contents/Frameworks/python/3.5.0/lib/python3.5/site-packages/mpf/mpfconfig.yaml', 'pause': False, 'configfile': ['config'], 'consoleloglevel': 20, 'loglevel': 10}
2016-08-22 16:44:41,033 : DEBUG : Machine : MPF path: /Applications/MPF.app/Contents/Frameworks/python/3.5.0/lib/python3.5/site-packages/mpf
2016-08-22 16:44:41,033 : INFO : Machine : Machine path: /Users/jackbot/pinball/taxi
2016-08-22 16:44:41,033 : DEBUG : Machine : Command line arguments: {'logfile': 'logs/2016-08-22-16-44-41-mpf-Jeremys-MacBook-Pro.local.log', 'bcp': True, 'create_config_cache': True, 'force_platform': None, 'no_load_cache': False, 'mpfconfigfile': '/Applications/MPF.app/Contents/Frameworks/python/3.5.0/lib/python3.5/site-packages/mpf/mpfconfig.yaml', 'pause': False, 'configfile': ['config'], 'consoleloglevel': 20, 'loglevel': 10}
2016-08-22 16:44:41,033 : DEBUG : Machine : Python version: 3.5.0
2016-08-22 16:44:41,033 : DEBUG : Machine : Platform: darwin
2016-08-22 16:44:41,033 : DEBUG : Machine : Python executable location: /Applications/MPF.app/Contents/Resources/python
2016-08-22 16:44:41,033 : DEBUG : Machine : 32-bit Python? False
2016-08-22 16:44:41,033 : DEBUG : Machine : Machine path: /Users/jackbot/pinball/taxi
2016-08-22 16:44:41,216 : INFO : Machine : Loading cached config: /var/folders/w9/n57l794j2w1bqgd7vztrzgg00000gn/T/6c3af7dff5de8b7b1196672fc5f1a1c6config
2016-08-22 16:44:41,216 : DEBUG : Clock : Starting clock (maximum frames per second=30.0)
2016-08-22 16:44:41,217 : INFO : Machine : Starting clock at 30.0Hz
2016-08-22 16:44:41,217 : DEBUG : Clock : Scheduled a recurring clock callback (callback=<bound method MachineController._check_crash_queue of <mpf.core.machine.MachineController object at 0x104a325f8>>, timeout=1, priority=1)
2016-08-22 16:44:41,220 : DEBUG : Virtual Platform : Configuring virtual hardware interface.
2016-08-22 16:44:41,220 : DEBUG : Smart Virtual Platform : Configuring smart_virtual hardware interface.
2016-08-22 16:44:41,220 : DEBUG : Machine : Setting default platform to 'smart_virtual'
2016-08-22 16:44:41,220 : DEBUG : Machine : Loading core modules...
2016-08-22 16:44:41,220 : DEBUG : Machine : Loading 'mpf.core.events.EventManager' core module
2016-08-22 16:44:41,220 : DEBUG : Machine : Loading 'mpf.core.mode_controller.ModeController' core module
2016-08-22 16:44:41,221 : DEBUG : Events : Registered ModeController._load_modes as a handler for 'init_phase_2', priority: 1, kwargs: {}
2016-08-22 16:44:41,221 : DEBUG : Events : Registered ModeController._ball_ending as a handler for 'ball_ending', priority: 0, kwargs: {}
2016-08-22 16:44:41,221 : DEBUG : Events : Registered ModeController._ball_starting as a handler for 'ball_starting', priority: 0, kwargs: {}
2016-08-22 16:44:41,221 : DEBUG : Events : Registered ModeController._player_added as a handler for 'player_add_success', priority: 0, kwargs: {}
2016-08-22 16:44:41,221 : DEBUG : Events : Registered ModeController._player_turn_start as a handler for 'player_turn_start', priority: 1000000, kwargs: {}
2016-08-22 16:44:41,221 : DEBUG : Events : Registered ModeController._player_turn_stop as a handler for 'player_turn_stop', priority: 1000000, kwargs: {}
2016-08-22 16:44:41,221 : DEBUG : Machine : Loading 'mpf.core.config_processor.ConfigProcessor' core module
2016-08-22 16:44:41,221 : DEBUG : Machine : Loading 'mpf.core.shot_profile_manager.ShotProfileManager' core module
2016-08-22 16:44:41,222 : DEBUG : ShotProfileManager : Registering Shot Profile: 'default'
2016-08-22 16:44:41,222 : DEBUG : ShotProfileManager : Processed 'default' profile configuration: {'show': None, 'loop': False, 'advance_on_hit': True, 'rotation_pattern': deque(['right']), 'player_variable': '%_default', 'show_when_disabled': False, 'block': True, 'state_names_to_not_rotate': [], 'state_names_to_rotate': [], 'states': [{'loops': -1, 'manual_advance': False, 'reset': True, 'start_step': 1, 'show_tokens': {}, 'priority': 0, 'key': None, 'show': 'off', 'action': 'play', 'speed': 1.0, 'name': 'unlit', 'sync_ms': 0}, {'loops': -1, 'manual_advance': False, 'reset': True, 'start_step': 1, 'show_tokens': {}, 'priority': 0, 'key': None, 'show': 'on', 'action': 'play', 'speed': 1.0, 'name': 'lit', 'sync_ms': 0}]}
2016-08-22 16:44:41,222 : DEBUG : Mode Controller : Registering <bound method ShotProfileManager.mode_start_for_shots of <mpf.core.shot_profile_manager.ShotProfileManager object at 0x104a765f8>> as a mode start method. Config section: shots, priority: 0, kwargs: {}
2016-08-22 16:44:41,222 : DEBUG : Mode Controller : Registering <bound method ShotProfileManager.mode_start_for_shot_groups of <mpf.core.shot_profile_manager.ShotProfileManager object at 0x104a765f8>> as a mode start method. Config section: shot_groups, priority: 0, kwargs: {}
2016-08-22 16:44:41,222 : DEBUG : Events : Registered ShotProfileManager._player_turn_start as a handler for 'player_turn_start', priority: 1000000, kwargs: {}
2016-08-22 16:44:41,222 : DEBUG : Events : Registered ShotProfileManager._player_turn_stop as a handler for 'player_turn_stop', priority: 0, kwargs: {}
2016-08-22 16:44:41,222 : DEBUG : Machine : Loading 'mpf.core.device_manager.DeviceManager' core module
2016-08-22 16:44:41,223 : DEBUG : Events : Registered DeviceManager._load_device_modules as a handler for 'init_phase_1', priority: 1, kwargs: {}
2016-08-22 16:44:41,223 : DEBUG : Events : Registered DeviceManager.create_machinewide_device_control_events as a handler for 'init_phase_2', priority: 1, kwargs: {}
2016-08-22 16:44:41,223 : DEBUG : Events : Registered DeviceManager.create_collection_control_events as a handler for 'init_phase_2', priority: 1, kwargs: {}
2016-08-22 16:44:41,223 : DEBUG : Machine : Loading 'mpf.core.switch_controller.SwitchController' core module
2016-08-22 16:44:41,223 : DEBUG : Clock : Scheduled a recurring clock callback (callback=<bound method SwitchController._tick of <mpf.core.switch_controller.SwitchController object at 0x104a7d588>>, timeout=0, priority=1000)
2016-08-22 16:44:41,223 : DEBUG : Events : Registered SwitchController._initialize_switches as a handler for 'init_phase_2', priority: 1000, kwargs: {}
2016-08-22 16:44:41,223 : DEBUG : Events : Registered SwitchController.log_active_switches as a handler for 'machine_reset_phase_3', priority: 1, kwargs: {}
2016-08-22 16:44:41,223 : DEBUG : Machine : Loading 'mpf.core.ball_controller.BallController' core module
2016-08-22 16:44:41,224 : DEBUG : BallController : Loading the BallController
2016-08-22 16:44:41,224 : DEBUG : Events : Registered BallController.request_to_start_game as a handler for 'request_to_start_game', priority: 1, kwargs: {}
2016-08-22 16:44:41,224 : DEBUG : Events : Registered BallController._initialize as a handler for 'machine_reset_phase_2', priority: 1, kwargs: {}
2016-08-22 16:44:41,224 : DEBUG : Events : Registered BallController._init2 as a handler for 'init_phase_2', priority: 1, kwargs: {}
2016-08-22 16:44:41,224 : DEBUG : Machine : Loading 'mpf.core.assets.AssetManager' core module
2016-08-22 16:44:41,224 : DEBUG : AssetManager : Initializing...
2016-08-22 16:44:41,225 : DEBUG : Mode Controller : Registering <bound method AssetManager._load_mode_assets of <mpf.core.assets.AssetManager object at 0x104a7d320>> as a mode start method. Config section: None, priority: 0, kwargs: {}
2016-08-22 16:44:41,225 : DEBUG : Events : Registered AssetManager._create_assets as a handler for 'init_phase_3', priority: 1, kwargs: {}
2016-08-22 16:44:41,225 : DEBUG : Events : Registered AssetManager._bcp_client_asset_load as a handler for 'assets_to_load', priority: 1, kwargs: {}
2016-08-22 16:44:41,225 : DEBUG : Machine : Loading 'mpf.core.show_controller.ShowController' core module
2016-08-22 16:44:41,226 : DEBUG : Clock : Scheduled a recurring clock callback (callback=<bound method ShowController._tick of <mpf.core.show_controller.ShowController object at 0x104a834a8>>, timeout=0, priority=1)
2016-08-22 16:44:41,226 : DEBUG : Events : Registered ShowController._initialize as a handler for 'init_phase_3', priority: 1, kwargs: {}
2016-08-22 16:44:41,226 : DEBUG : Machine : Loading 'mpf.core.bcp.BCP' core module
2016-08-22 16:44:41,226 : DEBUG : Events : Registered BCP.bcp_trigger as a handler for 'ball_started', priority: 1, kwargs: {'name': 'ball_started'}
2016-08-22 16:44:41,227 : DEBUG : Events : Registered BCP.bcp_trigger as a handler for 'ball_ended', priority: 1, kwargs: {'name': 'ball_ended'}
2016-08-22 16:44:41,227 : DEBUG : Events : Registered BCP.bcp_trigger as a handler for 'player_add_success', priority: 1, kwargs: {'name': 'player_add_success'}
2016-08-22 16:44:41,227 : DEBUG : Events : Registered BCP._bcp_event_callback as a handler for 'player_turn_start', priority: 1, kwargs: {'command': 'player_turn_start', 'params': {'player_num': '%number'}}
2016-08-22 16:44:41,227 : DEBUG : Events : Registered BCP._bcp_event_callback as a handler for 'clear', priority: 1, kwargs: {'command': 'trigger', 'params': {'name': 'clear', 'key': '%key'}}
2016-08-22 16:44:41,227 : DEBUG : Events : Registered BCP.bcp_trigger as a handler for 'player_score', priority: 1, kwargs: {'name': 'player_score'}
2016-08-22 16:44:41,227 : DEBUG : Events : Registered BCP._setup_dmds as a handler for 'init_phase_1', priority: 1, kwargs: {}
2016-08-22 16:44:41,227 : DEBUG : Events : Registered BCP._setup_bcp_connections as a handler for 'init_done', priority: 1, kwargs: {}
2016-08-22 16:44:41,227 : DEBUG : Clock : Scheduled a recurring clock callback (callback=<bound method BCP.get_bcp_messages of <BCP Module>>, timeout=0, priority=1)
2016-08-22 16:44:41,227 : DEBUG : Events : Registered BCP.bcp_player_added as a handler for 'player_add_success', priority: 1, kwargs: {}
2016-08-22 16:44:41,227 : DEBUG : Events : Registered BCP.bcp_reset as a handler for 'machine_reset_phase_1', priority: 1, kwargs: {}
2016-08-22 16:44:41,227 : DEBUG : Events : Registered BCP.increase_volume as a handler for 'increase_volume', priority: 1, kwargs: {}
2016-08-22 16:44:41,228 : DEBUG : Events : Registered BCP.decrease_volume as a handler for 'decrease_volume', priority: 1, kwargs: {}
2016-08-22 16:44:41,228 : DEBUG : Events : Registered BCP.enable_volume_keys as a handler for 'enable_volume_keys', priority: 1, kwargs: {}
2016-08-22 16:44:41,228 : DEBUG : Events : Registered BCP.disable_volume_keys as a handler for 'disable_volume_keys', priority: 1, kwargs: {}
2016-08-22 16:44:41,228 : DEBUG : Events : Registered BCP.get_led_coordinates as a handler for 'bcp_get_led_coordinates', priority: 1, kwargs: {}
2016-08-22 16:44:41,228 : DEBUG : Mode Controller : Registering <bound method BCP.bcp_mode_start of <BCP Module>> as a mode start method. Config section: mode, priority: 0, kwargs: {}
2016-08-22 16:44:41,228 : DEBUG : Machine : Loading 'mpf.core.logic_blocks.LogicBlocks' core module
2016-08-22 16:44:41,228 : DEBUG : Mode Controller : Registering <bound method LogicBlocks._process_config of <mpf.core.logic_blocks.LogicBlocks object at 0x104a949b0>> as a mode start method. Config section: logic_blocks, priority: 0, kwargs: {}
2016-08-22 16:44:41,228 : DEBUG : Events : Registered LogicBlocks._create_player_logic_blocks as a handler for 'player_add_success', priority: 1, kwargs: {}
2016-08-22 16:44:41,228 : DEBUG : Events : Registered LogicBlocks.player_turn_start as a handler for 'player_turn_start', priority: 1, kwargs: {}
2016-08-22 16:44:41,228 : DEBUG : Events : Registered LogicBlocks.player_turn_stop as a handler for 'player_turn_stop', priority: 1, kwargs: {}
2016-08-22 16:44:41,228 : DEBUG : Machine : Loading 'mpf.core.scoring.ScoreController' core module
2016-08-22 16:44:41,229 : DEBUG : Score : Loading the Score Controller
2016-08-22 16:44:41,229 : DEBUG : Mode Controller : Registering <bound method ScoreController.mode_start of <mpf.core.scoring.ScoreController object at 0x104a94780>> as a mode start method. Config section: scoring, priority: 0, kwargs: {}
2016-08-22 16:44:41,229 : DEBUG : Events : Registered HardwarePlatform._initialize2 as a handler for 'machine_reset_phase_1', priority: 1, kwargs: {}
2016-08-22 16:44:41,229 : DEBUG : Events : Registered ConfigPlayer._initialize as a handler for 'init_phase_1', priority: 1, kwargs: {}
2016-08-22 16:44:41,230 : DEBUG : Events : Registered ConfigPlayer._initialize as a handler for 'init_phase_1', priority: 1, kwargs: {}
2016-08-22 16:44:41,230 : DEBUG : Events : Registered ConfigPlayer._initialize as a handler for 'init_phase_1', priority: 1, kwargs: {}
2016-08-22 16:44:41,230 : DEBUG : Events : Registered ConfigPlayer._initialize as a handler for 'init_phase_1', priority: 1, kwargs: {}
2016-08-22 16:44:41,231 : DEBUG : Events : Registered ConfigPlayer._initialize as a handler for 'init_phase_1', priority: 1, kwargs: {}
2016-08-22 16:44:41,231 : DEBUG : Events : Registered ConfigPlayer._initialize as a handler for 'init_phase_1', priority: 1, kwargs: {}
2016-08-22 16:44:41,231 : DEBUG : Events : Registered ConfigPlayer._initialize as a handler for 'init_phase_1', priority: 1, kwargs: {}
2016-08-22 16:44:41,231 : DEBUG : Events : Registered ConfigPlayer._initialize as a handler for 'init_phase_1', priority: 1, kwargs: {}
2016-08-22 16:44:41,232 : DEBUG : Events : Registered ConfigPlayer._initialize as a handler for 'init_phase_1', priority: 1, kwargs: {}
2016-08-22 16:44:41,232 : DEBUG : Machine : Registering Plugin Config Players
2016-08-22 16:44:41,232 : DEBUG : Machine : Registering widget_player = mpfmc.config_players.widget_player:register_with_mpf
2016-08-22 16:44:41,234 : DEBUG : Events : Registered ConfigPlayer._initialize as a handler for 'init_phase_1', priority: 1, kwargs: {}
2016-08-22 16:44:41,234 : DEBUG : Machine : Registering sound_player = mpfmc.config_players.sound_player:register_with_mpf
2016-08-22 16:44:41,235 : DEBUG : Events : Registered ConfigPlayer._initialize as a handler for 'init_phase_1', priority: 1, kwargs: {}
2016-08-22 16:44:41,235 : DEBUG : Machine : Registering slide_player = mpfmc.config_players.slide_player:register_with_mpf
2016-08-22 16:44:41,236 : DEBUG : Events : Registered ConfigPlayer._initialize as a handler for 'init_phase_1', priority: 1, kwargs: {}
2016-08-22 16:44:41,236 : DEBUG : Events : Registered MachineController.power_off as a handler for 'shutdown', priority: 1, kwargs: {}
2016-08-22 16:44:41,236 : DEBUG : Events : Registered MachineController.power_off as a handler for 'sw_shutdown', priority: 1, kwargs: {}
2016-08-22 16:44:41,236 : DEBUG : Events : Registered MachineController.stop as a handler for 'quit', priority: 1, kwargs: {}
2016-08-22 16:44:41,236 : DEBUG : Events : Registered MachineController.stop as a handler for 'sw_quit', priority: 1, kwargs: {}
2016-08-22 16:44:41,236 : DEBUG : DataInterface : Loading machine_vars from /Users/jackbot/pinball/taxi/data/machine_vars.yaml
2016-08-22 16:44:41,236 : DEBUG : DataInterface : Didn't find the machine_vars file. No prob. We'll create it when we save.
2016-08-22 16:44:41,236 : DEBUG : Events : ^^^^ Posted event 'init_phase_1'. Type: None, Callback: None, Args: {}
2016-08-22 16:44:41,236 : DEBUG : Events : ============== EVENTS QUEUE =============
2016-08-22 16:44:41,236 : DEBUG : Events : init_phase_1, None, None, {}
2016-08-22 16:44:41,236 : DEBUG : Events : =========================================
2016-08-22 16:44:41,236 : DEBUG : Events : ^^^^ Processing event 'init_phase_1'. Type: None, Callback: None, Args: {}
2016-08-22 16:44:41,236 : DEBUG : Events : DeviceManager._load_device_modules (priority: 1) responding to event 'init_phase_1' with args {}
2016-08-22 16:44:41,236 : DEBUG : DeviceManager : Loading devices...
2016-08-22 16:44:41,240 : DEBUG : Events : Registered BallSearch.request_to_start_game as a handler for 'request_to_start_game', priority: 1, kwargs: {}
2016-08-22 16:44:41,263 : DEBUG : ball_device.bd_trough : Enabling debug logging
2016-08-22 16:44:41,263 : DEBUG : ball_device.bd_trough : Configuring device with settings: '{'tags': ['trough', 'home', 'drain'], 'captures_from': <playfield.playfield>, 'ball_search_order': 100, 'entrance_switch': None, 'mechanical_eject': False, 'max_eject_attempts': 0, 'request_ball_events': [], 'eject_timeouts': [], 'auto_fire_on_unexpected_ball': True, 'confirm_eject_event': None, 'entrance_events': {}, 'jam_switch': None, 'player_controlled_eject_event': None, 'eject_coil_jam_pulse': None, 'ball_switches': [<switch.s_trough1>, <switch.s_trough2>, <switch.s_trough3>, <switch.s_trough4>, <switch.s_trough5>, <switch.s_trough6>, <switch.s_trough_jam>], 'hold_switches': [], 'confirm_eject_switch': None, 'hold_coil_release_time': 1000, 'target_on_unexpected_ball': None, 'eject_targets': [<playfield.playfield>], 'ball_missing_target': <playfield.playfield>, 'eject_coil_retry_pulse': None, 'hold_events': {}, 'entrance_switch_full_timeout': 0, 'ball_capacity': None, 'label': '%', 'entrance_count_delay': 300, 'exit_count_delay': 500, 'ball_missing_timeouts': [], 'hold_coil': None, 'eject_events': {}, 'eject_coil': <coil.c_trough_eject>, 'confirm_eject_type': 'target', 'debug': True, 'eject_all_events': {}}'
2016-08-22 16:44:41,264 : DEBUG : SwitchController : Registering switch handler: s_trough1, <bound method BallDevice._switch_changed of <ball_device.bd_trough>>, state: 1, ms: 300, info: False, cb_kwargs: {}
2016-08-22 16:44:41,264 : DEBUG : SwitchController : Registering switch handler: s_trough2, <bound method BallDevice._switch_changed of <ball_device.bd_trough>>, state: 1, ms: 300, info: False, cb_kwargs: {}
2016-08-22 16:44:41,264 : DEBUG : SwitchController : Registering switch handler: s_trough3, <bound method BallDevice._switch_changed of <ball_device.bd_trough>>, state: 1, ms: 300, info: False, cb_kwargs: {}
2016-08-22 16:44:41,265 : DEBUG : SwitchController : Registering switch handler: s_trough4, <bound method BallDevice._switch_changed of <ball_device.bd_trough>>, state: 1, ms: 300, info: False, cb_kwargs: {}
2016-08-22 16:44:41,265 : DEBUG : SwitchController : Registering switch handler: s_trough5, <bound method BallDevice._switch_changed of <ball_device.bd_trough>>, state: 1, ms: 300, info: False, cb_kwargs: {}
2016-08-22 16:44:41,265 : DEBUG : SwitchController : Registering switch handler: s_trough6, <bound method BallDevice._switch_changed of <ball_device.bd_trough>>, state: 1, ms: 300, info: False, cb_kwargs: {}
2016-08-22 16:44:41,265 : DEBUG : SwitchController : Registering switch handler: s_trough_jam, <bound method BallDevice._switch_changed of <ball_device.bd_trough>>, state: 1, ms: 300, info: False, cb_kwargs: {}
2016-08-22 16:44:41,265 : DEBUG : SwitchController : Registering switch handler: s_trough1, <bound method BallDevice._switch_changed of <ball_device.bd_trough>>, state: 0, ms: 500, info: False, cb_kwargs: {}
2016-08-22 16:44:41,265 : DEBUG : SwitchController : Registering switch handler: s_trough2, <bound method BallDevice._switch_changed of <ball_device.bd_trough>>, state: 0, ms: 500, info: False, cb_kwargs: {}
2016-08-22 16:44:41,265 : DEBUG : SwitchController : Registering switch handler: s_trough3, <bound method BallDevice._switch_changed of <ball_device.bd_trough>>, state: 0, ms: 500, info: False, cb_kwargs: {}
2016-08-22 16:44:41,265 : DEBUG : SwitchController : Registering switch handler: s_trough4, <bound method BallDevice._switch_changed of <ball_device.bd_trough>>, state: 0, ms: 500, info: False, cb_kwargs: {}
2016-08-22 16:44:41,265 : DEBUG : SwitchController : Registering switch handler: s_trough5, <bound method BallDevice._switch_changed of <ball_device.bd_trough>>, state: 0, ms: 500, info: False, cb_kwargs: {}
2016-08-22 16:44:41,265 : DEBUG : SwitchController : Registering switch handler: s_trough6, <bound method BallDevice._switch_changed of <ball_device.bd_trough>>, state: 0, ms: 500, info: False, cb_kwargs: {}
2016-08-22 16:44:41,265 : DEBUG : SwitchController : Registering switch handler: s_trough_jam, <bound method BallDevice._switch_changed of <ball_device.bd_trough>>, state: 0, ms: 500, info: False, cb_kwargs: {}
2016-08-22 16:44:41,265 : DEBUG : Events : Registered BallDevice._target_ready as a handler for 'balldevice_playfield_ok_to_receive', priority: 1, kwargs: {'target': <playfield.playfield>}
2016-08-22 16:44:41,266 : DEBUG : Events : Registered BallDevice._initialize_phase_4 as a handler for 'init_phase_4', priority: 1, kwargs: {}
2016-08-22 16:44:41,266 : DEBUG : Events : Registered Playfield._source_device_eject_success as a handler for 'balldevice_bd_trough_ball_eject_success', priority: 1, kwargs: {}
2016-08-22 16:44:41,266 : DEBUG : Events : Registered Playfield._source_device_ball_lost as a handler for 'balldevice_bd_trough_ball_lost', priority: 1, kwargs: {}
2016-08-22 16:44:41,266 : DEBUG : Events : Registered Playfield._source_device_eject_failed as a handler for 'balldevice_bd_trough_ball_eject_failed', priority: 1, kwargs: {}
2016-08-22 16:44:41,266 : DEBUG : Events : Registered Playfield._source_device_eject_attempt as a handler for 'balldevice_bd_trough_ball_eject_attempt', priority: 1, kwargs: {}
2016-08-22 16:44:41,266 : DEBUG : Events : Registered Playfield._ball_removed_handler as a handler for 'balldevice_captured_from_playfield', priority: 1, kwargs: {}
2016-08-22 16:44:41,266 : DEBUG : Events : Registered Playfield._playfield_switch_hit as a handler for 'sw_playfield_active', priority: 1, kwargs: {}
2016-08-22 16:44:41,267 : DEBUG : Events : BCP._setup_dmds (priority: 1) responding to event 'init_phase_1' with args {}
2016-08-22 16:44:41,267 : DEBUG : Events : ConfigPlayer._initialize (priority: 1) responding to event 'init_phase_1' with args {}
2016-08-22 16:44:41,267 : DEBUG : Mode Controller : Registering <bound method ConfigPlayer.mode_start of ConfigPlayer.shows> as a mode start method. Config section: show_player, priority: 0, kwargs: {}
2016-08-22 16:44:41,267 : DEBUG : Events : ConfigPlayer._initialize (priority: 1) responding to event 'init_phase_1' with args {}
2016-08-22 16:44:41,267 : DEBUG : Mode Controller : Registering <bound method ConfigPlayer.mode_start of ConfigPlayer.coils> as a mode start method. Config section: coil_player, priority: 0, kwargs: {}
2016-08-22 16:44:41,267 : DEBUG : Events : ConfigPlayer._initialize (priority: 1) responding to event 'init_phase_1' with args {}
2016-08-22 16:44:41,267 : DEBUG : Mode Controller : Registering <bound method ConfigPlayer.mode_start of ConfigPlayer.random_events> as a mode start method. Config section: random_event_player, priority: 0, kwargs: {}
2016-08-22 16:44:41,267 : DEBUG : Events : ConfigPlayer._initialize (priority: 1) responding to event 'init_phase_1' with args {}
2016-08-22 16:44:41,267 : DEBUG : Mode Controller : Registering <bound method ConfigPlayer.mode_start of ConfigPlayer.leds> as a mode start method. Config section: led_player, priority: 0, kwargs: {}
2016-08-22 16:44:41,268 : DEBUG : Events : ConfigPlayer._initialize (priority: 1) responding to event 'init_phase_1' with args {}
2016-08-22 16:44:41,268 : DEBUG : Mode Controller : Registering <bound method ConfigPlayer.mode_start of ConfigPlayer.gis> as a mode start method. Config section: gi_player, priority: 0, kwargs: {}
2016-08-22 16:44:41,268 : DEBUG : Events : ConfigPlayer._initialize (priority: 1) responding to event 'init_phase_1' with args {}
2016-08-22 16:44:41,268 : DEBUG : Mode Controller : Registering <bound method ConfigPlayer.mode_start of ConfigPlayer.flashers> as a mode start method. Config section: flasher_player, priority: 0, kwargs: {}
2016-08-22 16:44:41,268 : DEBUG : Events : ConfigPlayer._initialize (priority: 1) responding to event 'init_phase_1' with args {}
2016-08-22 16:44:41,268 : DEBUG : Mode Controller : Registering <bound method ConfigPlayer.mode_start of ConfigPlayer.lights> as a mode start method. Config section: light_player, priority: 0, kwargs: {}
2016-08-22 16:44:41,268 : DEBUG : Events : ConfigPlayer._initialize (priority: 1) responding to event 'init_phase_1' with args {}
2016-08-22 16:44:41,268 : DEBUG : Mode Controller : Registering <bound method ConfigPlayer.mode_start of ConfigPlayer.events> as a mode start method. Config section: event_player, priority: 0, kwargs: {}
2016-08-22 16:44:41,268 : DEBUG : Events : ConfigPlayer._initialize (priority: 1) responding to event 'init_phase_1' with args {}
2016-08-22 16:44:41,268 : DEBUG : Mode Controller : Registering <bound method ConfigPlayer.mode_start of ConfigPlayer.triggers> as a mode start method. Config section: trigger_player, priority: 0, kwargs: {}
2016-08-22 16:44:41,269 : DEBUG : Events : ConfigPlayer._initialize (priority: 1) responding to event 'init_phase_1' with args {}
2016-08-22 16:44:41,269 : DEBUG : Mode Controller : Registering <bound method ConfigPlayer.mode_start of PluginPlayer.widgets> as a mode start method. Config section: widget_player, priority: 0, kwargs: {}
2016-08-22 16:44:41,269 : DEBUG : Events : ConfigPlayer._initialize (priority: 1) responding to event 'init_phase_1' with args {}
2016-08-22 16:44:41,269 : DEBUG : Mode Controller : Registering <bound method ConfigPlayer.mode_start of PluginPlayer.sounds> as a mode start method. Config section: sound_player, priority: 0, kwargs: {}
2016-08-22 16:44:41,269 : DEBUG : Events : ConfigPlayer._initialize (priority: 1) responding to event 'init_phase_1' with args {}
2016-08-22 16:44:41,269 : DEBUG : Mode Controller : Registering <bound method ConfigPlayer.mode_start of PluginPlayer.slides> as a mode start method. Config section: slide_player, priority: 0, kwargs: {}
2016-08-22 16:44:41,269 : DEBUG : Events : Registered BCP.bcp_trigger as a handler for 'mc_ready', priority: 1, kwargs: {'name': 'mc_ready'}
2016-08-22 16:44:41,269 : DEBUG : Events : Registered BCP.bcp_trigger as a handler for 'mode_attract_started', priority: 1, kwargs: {'name': 'mode_attract_started'}
2016-08-22 16:44:41,269 : DEBUG : Events : vvvv Finished event 'init_phase_1'. Type: None. Callback: None. Args: {}
2016-08-22 16:44:41,270 : DEBUG : Events : ^^^^ Posted event 'init_phase_2'. Type: None, Callback: None, Args: {}
2016-08-22 16:44:41,270 : DEBUG : Events : ============== EVENTS QUEUE =============
2016-08-22 16:44:41,270 : DEBUG : Events : init_phase_2, None, None, {}
2016-08-22 16:44:41,270 : DEBUG : Events : =========================================
2016-08-22 16:44:41,270 : DEBUG : Events : ^^^^ Processing event 'init_phase_2'. Type: None, Callback: None, Args: {}
2016-08-22 16:44:41,270 : DEBUG : Events : SwitchController._initialize_switches (priority: 1000) responding to event 'init_phase_2' with args {}
2016-08-22 16:44:41,270 : DEBUG : Events : ModeController._load_modes (priority: 1) responding to event 'init_phase_2' with args {}
2016-08-22 16:44:41,271 : DEBUG : Mode Controller : Found MPF Mode folders: {'credits': 'credits', 'tilt': 'tilt', 'attract': 'attract', 'carousel': 'carousel', 'bonus': 'bonus', 'high_score': 'high_score', 'game': 'game'}
2016-08-22 16:44:41,271 : DEBUG : Mode Controller : Found Machine-specific Mode folders: {}
2016-08-22 16:44:41,271 : DEBUG : Mode Controller : Processing mode: attract
2016-08-22 16:44:41,271 : DEBUG : YAML File Interface : Loading file: /Applications/MPF.app/Contents/Frameworks/python/3.5.0/lib/python3.5/site-packages/mpf/modes/attract/config/attract.yaml
2016-08-22 16:44:41,273 : DEBUG : Mode Controller : Loading config from /Applications/MPF.app/Contents/Frameworks/python/3.5.0/lib/python3.5/site-packages/mpf/modes/attract/config/attract.yaml
2016-08-22 16:44:41,273 : DEBUG : Mode.attract : Scanning config for mode-based devices
2016-08-22 16:44:41,274 : DEBUG : Events : Registered Mode.start as a handler for 'game_ended', priority: 10, kwargs: {}
2016-08-22 16:44:41,274 : DEBUG : Events : Registered Mode.start as a handler for 'reset_complete', priority: 10, kwargs: {}
2016-08-22 16:44:41,274 : DEBUG : Mode Controller : Loaded code from mpf.modes.attract.code.attract
2016-08-22 16:44:41,274 : DEBUG : Mode Controller : Processing mode: game
2016-08-22 16:44:41,274 : DEBUG : YAML File Interface : Loading file: /Applications/MPF.app/Contents/Frameworks/python/3.5.0/lib/python3.5/site-packages/mpf/modes/game/config/game.yaml
2016-08-22 16:44:41,275 : DEBUG : Mode Controller : Loading config from /Applications/MPF.app/Contents/Frameworks/python/3.5.0/lib/python3.5/site-packages/mpf/modes/game/config/game.yaml
2016-08-22 16:44:41,275 : DEBUG : Mode.game : Scanning config for mode-based devices
2016-08-22 16:44:41,276 : DEBUG : Events : Registered Mode.start as a handler for 'game_start', priority: 20, kwargs: {}
2016-08-22 16:44:41,276 : DEBUG : Mode Controller : Loaded code from mpf.modes.game.code.game
2016-08-22 16:44:41,276 : DEBUG : Events : DeviceManager.create_machinewide_device_control_events (priority: 1) responding to event 'init_phase_2' with args {}
2016-08-22 16:44:41,276 : DEBUG : Events : Registered DeviceManager._control_event_handler as a handler for 'machine_reset_phase_3', priority: 0, kwargs: {'ms_delay': 0, 'callback': <bound method Flipper.enable of <flipper.right_flipper>>, 'delay_mgr': <mpf.core.delays.DelayManager object at 0x104a32668>}
2016-08-22 16:44:41,276 : DEBUG : Events : Registered DeviceManager._control_event_handler as a handler for 'ball_ending', priority: 0, kwargs: {'ms_delay': 0, 'callback': <bound method Flipper.disable of <flipper.right_flipper>>, 'delay_mgr': <mpf.core.delays.DelayManager object at 0x104a32668>}
2016-08-22 16:44:41,276 : DEBUG : Events : Registered DeviceManager._control_event_handler as a handler for 'machine_reset_phase_3', priority: 0, kwargs: {'ms_delay': 0, 'callback': <bound method Flipper.enable of <flipper.left_flipper>>, 'delay_mgr': <mpf.core.delays.DelayManager object at 0x104a32668>}
2016-08-22 16:44:41,276 : DEBUG : Events : Registered DeviceManager._control_event_handler as a handler for 'ball_ending', priority: 0, kwargs: {'ms_delay': 0, 'callback': <bound method Flipper.disable of <flipper.left_flipper>>, 'delay_mgr': <mpf.core.delays.DelayManager object at 0x104a32668>}
2016-08-22 16:44:41,276 : DEBUG : Events : DeviceManager.create_collection_control_events (priority: 1) responding to event 'init_phase_2' with args {}
2016-08-22 16:44:41,276 : DEBUG : Events : Registered DeviceManager._collection_control_event_handler as a handler for 'leds_off', priority: 1, kwargs: {'method': 'off', 'collection': 'leds'}
2016-08-22 16:44:41,276 : DEBUG : Events : Registered DeviceManager._collection_control_event_handler as a handler for 'lights_off', priority: 1, kwargs: {'method': 'off', 'collection': 'lights'}
2016-08-22 16:44:41,276 : DEBUG : Events : Registered DeviceManager._collection_control_event_handler as a handler for 'gi_enable', priority: 1, kwargs: {'method': 'enable', 'collection': 'gi'}
2016-08-22 16:44:41,277 : DEBUG : Events : Registered DeviceManager._collection_control_event_handler as a handler for 'gi_disable', priority: 1, kwargs: {'method': 'disable', 'collection': 'gi'}
2016-08-22 16:44:41,277 : DEBUG : Events : Registered DeviceManager._collection_control_event_handler as a handler for 'ball_devices_stop', priority: 1, kwargs: {'method': 'stop', 'collection': 'ball_devices'}
2016-08-22 16:44:41,277 : DEBUG : Events : Registered DeviceManager._collection_control_event_handler as a handler for 'ball_devices_eject_all', priority: 1, kwargs: {'method': 'eject_all', 'collection': 'ball_devices'}
2016-08-22 16:44:41,277 : DEBUG : Events : Registered DeviceManager._collection_control_event_handler as a handler for 'coils_disable', priority: 1, kwargs: {'method': 'disable', 'collection': 'coils'}
2016-08-22 16:44:41,277 : DEBUG : Events : Registered DeviceManager._collection_control_event_handler as a handler for 'flippers_enable', priority: 1, kwargs: {'method': 'enable', 'collection': 'flippers'}
2016-08-22 16:44:41,277 : DEBUG : Events : Registered DeviceManager._collection_control_event_handler as a handler for 'flippers_disable', priority: 1, kwargs: {'method': 'disable', 'collection': 'flippers'}
2016-08-22 16:44:41,277 : DEBUG : Events : Registered DeviceManager._collection_control_event_handler as a handler for 'autofires_enable', priority: 1, kwargs: {'method': 'enable', 'collection': 'autofires'}
2016-08-22 16:44:41,277 : DEBUG : Events : Registered DeviceManager._collection_control_event_handler as a handler for 'autofires_disable', priority: 1, kwargs: {'method': 'disable', 'collection': 'autofires'}
2016-08-22 16:44:41,277 : DEBUG : Events : BallController._init2 (priority: 1) responding to event 'init_phase_2' with args {}
2016-08-22 16:44:41,277 : DEBUG : SwitchController : Registering switch handler: s_trough1, <bound method BallController._update_num_balls_known of <mpf.core.ball_controller.BallController object at 0x104a7d668>>, state: 1, ms: 300, info: False, cb_kwargs: {}
2016-08-22 16:44:41,277 : DEBUG : SwitchController : Registering switch handler: s_trough1, <bound method BallController._update_num_balls_known of <mpf.core.ball_controller.BallController object at 0x104a7d668>>, state: 0, ms: 500, info: False, cb_kwargs: {}
2016-08-22 16:44:41,277 : DEBUG : SwitchController : Registering switch handler: s_trough1, <bound method BallController._correct_playfield_count of <mpf.core.ball_controller.BallController object at 0x104a7d668>>, state: 1, ms: 300, info: False, cb_kwargs: {}
2016-08-22 16:44:41,277 : DEBUG : SwitchController : Registering switch handler: s_trough1, <bound method BallController._correct_playfield_count of <mpf.core.ball_controller.BallController object at 0x104a7d668>>, state: 0, ms: 500, info: False, cb_kwargs: {}
2016-08-22 16:44:41,277 : DEBUG : SwitchController : Registering switch handler: s_trough2, <bound method BallController._update_num_balls_known of <mpf.core.ball_controller.BallController object at 0x104a7d668>>, state: 1, ms: 300, info: False, cb_kwargs: {}
2016-08-22 16:44:41,277 : DEBUG : SwitchController : Registering switch handler: s_trough2, <bound method BallController._update_num_balls_known of <mpf.core.ball_controller.BallController object at 0x104a7d668>>, state: 0, ms: 500, info: False, cb_kwargs: {}
2016-08-22 16:44:41,277 : DEBUG : SwitchController : Registering switch handler: s_trough2, <bound method BallController._correct_playfield_count of <mpf.core.ball_controller.BallController object at 0x104a7d668>>, state: 1, ms: 300, info: False, cb_kwargs: {}
2016-08-22 16:44:41,277 : DEBUG : SwitchController : Registering switch handler: s_trough2, <bound method BallController._correct_playfield_count of <mpf.core.ball_controller.BallController object at 0x104a7d668>>, state: 0, ms: 500, info: False, cb_kwargs: {}
2016-08-22 16:44:41,277 : DEBUG : SwitchController : Registering switch handler: s_trough3, <bound method BallController._update_num_balls_known of <mpf.core.ball_controller.BallController object at 0x104a7d668>>, state: 1, ms: 300, info: False, cb_kwargs: {}
2016-08-22 16:44:41,278 : DEBUG : SwitchController : Registering switch handler: s_trough3, <bound method BallController._update_num_balls_known of <mpf.core.ball_controller.BallController object at 0x104a7d668>>, state: 0, ms: 500, info: False, cb_kwargs: {}
2016-08-22 16:44:41,278 : DEBUG : SwitchController : Registering switch handler: s_trough3, <bound method BallController._correct_playfield_count of <mpf.core.ball_controller.BallController object at 0x104a7d668>>, state: 1, ms: 300, info: False, cb_kwargs: {}
2016-08-22 16:44:41,278 : DEBUG : SwitchController : Registering switch handler: s_trough3, <bound method BallController._correct_playfield_count of <mpf.core.ball_controller.BallController object at 0x104a7d668>>, state: 0, ms: 500, info: False, cb_kwargs: {}
2016-08-22 16:44:41,278 : DEBUG : SwitchController : Registering switch handler: s_trough4, <bound method BallController._update_num_balls_known of <mpf.core.ball_controller.BallController object at 0x104a7d668>>, state: 1, ms: 300, info: False, cb_kwargs: {}
2016-08-22 16:44:41,278 : DEBUG : SwitchController : Registering switch handler: s_trough4, <bound method BallController._update_num_balls_known of <mpf.core.ball_controller.BallController object at 0x104a7d668>>, state: 0, ms: 500, info: False, cb_kwargs: {}
2016-08-22 16:44:41,278 : DEBUG : SwitchController : Registering switch handler: s_trough4, <bound method BallController._correct_playfield_count of <mpf.core.ball_controller.BallController object at 0x104a7d668>>, state: 1, ms: 300, info: False, cb_kwargs: {}
2016-08-22 16:44:41,278 : DEBUG : SwitchController : Registering switch handler: s_trough4, <bound method BallController._correct_playfield_count of <mpf.core.ball_controller.BallController object at 0x104a7d668>>, state: 0, ms: 500, info: False, cb_kwargs: {}
2016-08-22 16:44:41,278 : DEBUG : SwitchController : Registering switch handler: s_trough5, <bound method BallController._update_num_balls_known of <mpf.core.ball_controller.BallController object at 0x104a7d668>>, state: 1, ms: 300, info: False, cb_kwargs: {}
2016-08-22 16:44:41,278 : DEBUG : SwitchController : Registering switch handler: s_trough5, <bound method BallController._update_num_balls_known of <mpf.core.ball_controller.BallController object at 0x104a7d668>>, state: 0, ms: 500, info: False, cb_kwargs: {}
2016-08-22 16:44:41,278 : DEBUG : SwitchController : Registering switch handler: s_trough5, <bound method BallController._correct_playfield_count of <mpf.core.ball_controller.BallController object at 0x104a7d668>>, state: 1, ms: 300, info: False, cb_kwargs: {}
2016-08-22 16:44:41,278 : DEBUG : SwitchController : Registering switch handler: s_trough5, <bound method BallController._correct_playfield_count of <mpf.core.ball_controller.BallController object at 0x104a7d668>>, state: 0, ms: 500, info: False, cb_kwargs: {}
2016-08-22 16:44:41,278 : DEBUG : SwitchController : Registering switch handler: s_trough6, <bound method BallController._update_num_balls_known of <mpf.core.ball_controller.BallController object at 0x104a7d668>>, state: 1, ms: 300, info: False, cb_kwargs: {}
2016-08-22 16:44:41,278 : DEBUG : SwitchController : Registering switch handler: s_trough6, <bound method BallController._update_num_balls_known of <mpf.core.ball_controller.BallController object at 0x104a7d668>>, state: 0, ms: 500, info: False, cb_kwargs: {}
2016-08-22 16:44:41,278 : DEBUG : SwitchController : Registering switch handler: s_trough6, <bound method BallController._correct_playfield_count of <mpf.core.ball_controller.BallController object at 0x104a7d668>>, state: 1, ms: 300, info: False, cb_kwargs: {}
2016-08-22 16:44:41,278 : DEBUG : SwitchController : Registering switch handler: s_trough6, <bound method BallController._correct_playfield_count of <mpf.core.ball_controller.BallController object at 0x104a7d668>>, state: 0, ms: 500, info: False, cb_kwargs: {}
2016-08-22 16:44:41,278 : DEBUG : SwitchController : Registering switch handler: s_trough_jam, <bound method BallController._update_num_balls_known of <mpf.core.ball_controller.BallController object at 0x104a7d668>>, state: 1, ms: 300, info: False, cb_kwargs: {}
2016-08-22 16:44:41,278 : DEBUG : SwitchController : Registering switch handler: s_trough_jam, <bound method BallController._update_num_balls_known of <mpf.core.ball_controller.BallController object at 0x104a7d668>>, state: 0, ms: 500, info: False, cb_kwargs: {}
2016-08-22 16:44:41,278 : DEBUG : SwitchController : Registering switch handler: s_trough_jam, <bound method BallController._correct_playfield_count of <mpf.core.ball_controller.BallController object at 0x104a7d668>>, state: 1, ms: 300, info: False, cb_kwargs: {}
2016-08-22 16:44:41,278 : DEBUG : SwitchController : Registering switch handler: s_trough_jam, <bound method BallController._correct_playfield_count of <mpf.core.ball_controller.BallController object at 0x104a7d668>>, state: 0, ms: 500, info: False, cb_kwargs: {}
2016-08-22 16:44:41,278 : DEBUG : Events : Registered BallController._correct_playfield_count as a handler for 'playfield_ball_count_change', priority: 1, kwargs: {}
2016-08-22 16:44:41,279 : DEBUG : BallController : Counting Balls
2016-08-22 16:44:41,279 : DEBUG : Events : vvvv Finished event 'init_phase_2'. Type: None. Callback: None. Args: {}
2016-08-22 16:44:41,279 : DEBUG : Machine : Loading plugins...
2016-08-22 16:44:41,279 : DEBUG : Machine : Loading 'mpf.plugins.auditor.Auditor' plugin
2016-08-22 16:44:41,279 : DEBUG : DataInterface : Loading audits from /Users/jackbot/pinball/taxi/data/audits.yaml
2016-08-22 16:44:41,279 : DEBUG : DataInterface : Didn't find the audits file. No prob. We'll create it when we save.
2016-08-22 16:44:41,279 : DEBUG : Events : Registered Auditor._initialize as a handler for 'init_phase_4', priority: 1, kwargs: {}
2016-08-22 16:44:41,280 : DEBUG : Machine : Loading 'mpf.plugins.info_lights.InfoLights' plugin
2016-08-22 16:44:41,280 : DEBUG : Machine : "info_lights:" section not found in machine configuration, so the Info Lights plugin will not be used.
2016-08-22 16:44:41,280 : DEBUG : Machine : Loading 'mpf.plugins.osc.OSC' plugin
2016-08-22 16:44:41,280 : DEBUG : Machine : "OSC:" section not found in the machine configuration, so the OSC plugin will not be used.
2016-08-22 16:44:41,280 : DEBUG : Machine : Loading 'mpf.plugins.switch_player.SwitchPlayer' plugin
2016-08-22 16:44:41,281 : DEBUG : Machine : "switch_player:" section not found in machine configuration, so the Switch Playerplugin will not be used.
2016-08-22 16:44:41,281 : DEBUG : Events : ^^^^ Posted event 'init_phase_3'. Type: None, Callback: None, Args: {}
2016-08-22 16:44:41,281 : DEBUG : Events : ============== EVENTS QUEUE =============
2016-08-22 16:44:41,281 : DEBUG : Events : init_phase_3, None, None, {}
2016-08-22 16:44:41,281 : DEBUG : Events : =========================================
2016-08-22 16:44:41,281 : DEBUG : Events : ^^^^ Processing event 'init_phase_3'. Type: None, Callback: None, Args: {}
2016-08-22 16:44:41,281 : DEBUG : Events : AssetManager._create_assets (priority: 1) responding to event 'init_phase_3' with args {}
2016-08-22 16:44:41,281 : DEBUG : AssetManager : Processing assets from base folder: /Users/jackbot/pinball/taxi/shows
2016-08-22 16:44:41,281 : DEBUG : AssetManager : Processing assets from base folder: /Applications/MPF.app/Contents/Frameworks/python/3.5.0/lib/python3.5/site-packages/mpf/modes/attract/shows
2016-08-22 16:44:41,281 : DEBUG : AssetManager : Processing assets from base folder: /Applications/MPF.app/Contents/Frameworks/python/3.5.0/lib/python3.5/site-packages/mpf/modes/game/shows
2016-08-22 16:44:41,281 : DEBUG : Machine : Clearing boot hold assets. Holds remaining: {'init'}
2016-08-22 16:44:41,281 : DEBUG : Events : ShowController._initialize (priority: 1) responding to event 'init_phase_3' with args {}
2016-08-22 16:44:41,281 : DEBUG : ShowController : Loading Show None
2016-08-22 16:44:41,282 : DEBUG : ShowController : Loading Show None
2016-08-22 16:44:41,282 : DEBUG : ShowController : Loading Show None
2016-08-22 16:44:41,282 : DEBUG : ShowController : Loading Show None
2016-08-22 16:44:41,283 : DEBUG : Events : vvvv Finished event 'init_phase_3'. Type: None. Callback: None. Args: {}
2016-08-22 16:44:41,283 : DEBUG : Events : ^^^^ Posted event 'init_phase_4'. Type: None, Callback: None, Args: {}
2016-08-22 16:44:41,283 : DEBUG : Events : ============== EVENTS QUEUE =============
2016-08-22 16:44:41,283 : DEBUG : Events : init_phase_4, None, None, {}
2016-08-22 16:44:41,283 : DEBUG : Events : =========================================
2016-08-22 16:44:41,283 : DEBUG : Events : ^^^^ Processing event 'init_phase_4'. Type: None, Callback: None, Args: {}
2016-08-22 16:44:41,283 : DEBUG : Events : BallDevice._initialize_phase_4 (priority: 1) responding to event 'init_phase_4' with args {}
2016-08-22 16:44:41,283 : DEBUG : ball_device.bd_trough : Counting balls
2016-08-22 16:44:41,283 : DEBUG : ball_device.bd_trough : Confirmed inactive switch: s_trough1
2016-08-22 16:44:41,283 : DEBUG : ball_device.bd_trough : Confirmed inactive switch: s_trough2
2016-08-22 16:44:41,283 : DEBUG : ball_device.bd_trough : Confirmed inactive switch: s_trough3
2016-08-22 16:44:41,283 : DEBUG : ball_device.bd_trough : Confirmed inactive switch: s_trough4
2016-08-22 16:44:41,283 : DEBUG : ball_device.bd_trough : Confirmed inactive switch: s_trough5
2016-08-22 16:44:41,283 : DEBUG : ball_device.bd_trough : Confirmed inactive switch: s_trough6
2016-08-22 16:44:41,284 : DEBUG : ball_device.bd_trough : Confirmed inactive switch: s_trough_jam
2016-08-22 16:44:41,284 : DEBUG : ball_device.bd_trough : Counted 0 balls
2016-08-22 16:44:41,284 : DEBUG : ball_device.bd_trough : Switching to state idle
2016-08-22 16:44:41,284 : DEBUG : ball_device.bd_trough : Counting balls
2016-08-22 16:44:41,284 : DEBUG : ball_device.bd_trough : Confirmed inactive switch: s_trough1
2016-08-22 16:44:41,284 : DEBUG : ball_device.bd_trough : Confirmed inactive switch: s_trough2
2016-08-22 16:44:41,284 : DEBUG : ball_device.bd_trough : Confirmed inactive switch: s_trough3
2016-08-22 16:44:41,284 : DEBUG : ball_device.bd_trough : Confirmed inactive switch: s_trough4
2016-08-22 16:44:41,284 : DEBUG : ball_device.bd_trough : Confirmed inactive switch: s_trough5
2016-08-22 16:44:41,284 : DEBUG : ball_device.bd_trough : Confirmed inactive switch: s_trough6
2016-08-22 16:44:41,284 : DEBUG : ball_device.bd_trough : Confirmed inactive switch: s_trough_jam
2016-08-22 16:44:41,284 : DEBUG : ball_device.bd_trough : Counted 0 balls
2016-08-22 16:44:41,284 : DEBUG : Events : ^^^^ Posted event 'balldevice_bd_trough_ok_to_receive'. Type: None, Callback: None, Args: {'balls': 7}
2016-08-22 16:44:41,284 : DEBUG : Events : ============== EVENTS QUEUE =============
2016-08-22 16:44:41,284 : DEBUG : Events : balldevice_bd_trough_ok_to_receive, None, None, {'balls': 7}
2016-08-22 16:44:41,284 : DEBUG : Events : =========================================
2016-08-22 16:44:41,284 : DEBUG : Events : Auditor._initialize (priority: 1) responding to event 'init_phase_4' with args {}
2016-08-22 16:44:41,284 : DEBUG : Events : Registered Auditor.enable as a handler for 'game_starting', priority: 1, kwargs: {}
2016-08-22 16:44:41,285 : DEBUG : Events : Registered Auditor.disable as a handler for 'game_ended', priority: 1, kwargs: {}
2016-08-22 16:44:41,285 : DEBUG : Events : Registered Auditor.audit_player as a handler for 'game_ending', priority: 1, kwargs: {}
2016-08-22 16:44:41,285 : DEBUG : Events : vvvv Finished event 'init_phase_4'. Type: None. Callback: None. Args: {}
2016-08-22 16:44:41,285 : DEBUG : Events : ^^^^ Processing event 'balldevice_bd_trough_ok_to_receive'. Type: None, Callback: None, Args: {'balls': 7}
2016-08-22 16:44:41,285 : DEBUG : Events : vvvv Finished event 'balldevice_bd_trough_ok_to_receive'. Type: None. Callback: None. Args: {'balls': 7}
2016-08-22 16:44:41,285 : DEBUG : Events : ^^^^ Posted event 'init_phase_5'. Type: None, Callback: None, Args: {}
2016-08-22 16:44:41,285 : DEBUG : Events : ============== EVENTS QUEUE =============
2016-08-22 16:44:41,285 : DEBUG : Events : init_phase_5, None, None, {}
2016-08-22 16:44:41,285 : DEBUG : Events : =========================================
2016-08-22 16:44:41,285 : DEBUG : Events : ^^^^ Processing event 'init_phase_5'. Type: None, Callback: None, Args: {}
2016-08-22 16:44:41,285 : DEBUG : Events : vvvv Finished event 'init_phase_5'. Type: None. Callback: None. Args: {}
2016-08-22 16:44:41,285 : DEBUG : Machine : Clearing boot hold init. Holds remaining: set()
2016-08-22 16:44:41,285 : DEBUG : Events : ^^^^ Posted event 'init_done'. Type: None, Callback: None, Args: {}
2016-08-22 16:44:41,285 : DEBUG : Events : ============== EVENTS QUEUE =============
2016-08-22 16:44:41,285 : DEBUG : Events : init_done, None, None, {}
2016-08-22 16:44:41,285 : DEBUG : Events : =========================================
2016-08-22 16:44:41,285 : DEBUG : Events : ^^^^ Processing event 'init_done'. Type: None, Callback: None, Args: {}
2016-08-22 16:44:41,285 : DEBUG : Events : BCP._setup_bcp_connections (priority: 1) responding to event 'init_done' with args {}
2016-08-22 16:44:41,285 : DEBUG : BCPClientSocket.local_display : Setting up BCP Client...
2016-08-22 16:44:41,285 : INFO : BCPClientSocket.local_display : Connecting to BCP Media Controller at localhost:5050...
2016-08-22 16:44:42,014 : DEBUG : BCPClientSocket.local_display : Connected to remote BCP host localhost:5050
2016-08-22 16:44:42,017 : DEBUG : Events : vvvv Finished event 'init_done'. Type: None. Callback: None. Args: {}
2016-08-22 16:44:42,017 : DEBUG : Machine : Resetting...
2016-08-22 16:44:42,017 : DEBUG : Events : ^^^^ Posted event 'machine_reset_phase_1'. Type: None, Callback: None, Args: {}
2016-08-22 16:44:42,018 : DEBUG : Events : ============== EVENTS QUEUE =============
2016-08-22 16:44:42,018 : DEBUG : Events : machine_reset_phase_1, None, None, {}
2016-08-22 16:44:42,018 : DEBUG : BCPClientSocket.local_display : Sending "hello?version=1.0&controller_version=0.30.26&controller_name=Mission%20Pinball%20Framework"
2016-08-22 16:44:42,018 : DEBUG : Events : =========================================
2016-08-22 16:44:42,019 : DEBUG : Events : ^^^^ Processing event 'machine_reset_phase_1'. Type: None, Callback: None, Args: {}
2016-08-22 16:44:42,019 : DEBUG : Events : BCP.bcp_reset (priority: 1) responding to event 'machine_reset_phase_1' with args {}
2016-08-22 16:44:42,019 : DEBUG : Events : HardwarePlatform._initialize2 (priority: 1) responding to event 'machine_reset_phase_1' with args {}
2016-08-22 16:44:42,019 : DEBUG : Events : Registered HardwarePlatform.set_target as a handler for 'balldevice_bd_trough_ball_eject_attempt', priority: 1, kwargs: {}
2016-08-22 16:44:42,020 : DEBUG : Events : vvvv Finished event 'machine_reset_phase_1'. Type: None. Callback: None. Args: {}
2016-08-22 16:44:42,020 : DEBUG : BCPClientSocket.local_display : Sending "machine_variable?name=credits_string&value=FREE%20PLAY"
2016-08-22 16:44:42,020 : DEBUG : Events : ^^^^ Posted event 'machine_reset_phase_2'. Type: None, Callback: None, Args: {}
2016-08-22 16:44:42,020 : DEBUG : BCPClientSocket.local_display : Sending "reset"
2016-08-22 16:44:42,020 : DEBUG : Events : ============== EVENTS QUEUE =============
2016-08-22 16:44:42,021 : DEBUG : Events : machine_reset_phase_2, None, None, {}
2016-08-22 16:44:42,021 : DEBUG : Events : =========================================
2016-08-22 16:44:42,021 : DEBUG : Events : ^^^^ Processing event 'machine_reset_phase_2'. Type: None, Callback: None, Args: {}
2016-08-22 16:44:42,021 : DEBUG : Events : BallController._initialize (priority: 1) responding to event 'machine_reset_phase_2' with args {}
2016-08-22 16:44:42,021 : DEBUG : Events : Registered BallController._ball_drained_handler as a handler for 'balldevice_bd_trough_ball_enter', priority: 1, kwargs: {}
2016-08-22 16:44:42,021 : DEBUG : Events : vvvv Finished event 'machine_reset_phase_2'. Type: None. Callback: None. Args: {}
2016-08-22 16:44:42,022 : DEBUG : Events : ^^^^ Posted event 'machine_reset_phase_3'. Type: None, Callback: None, Args: {}
2016-08-22 16:44:42,022 : DEBUG : Events : ============== EVENTS QUEUE =============
2016-08-22 16:44:42,022 : DEBUG : Events : machine_reset_phase_3, None, None, {}
2016-08-22 16:44:42,022 : DEBUG : Events : =========================================
2016-08-22 16:44:42,022 : DEBUG : Events : ^^^^ Processing event 'machine_reset_phase_3'. Type: None, Callback: None, Args: {}
2016-08-22 16:44:42,022 : DEBUG : Events : SwitchController.log_active_switches (priority: 1) responding to event 'machine_reset_phase_3' with args {}
2016-08-22 16:44:42,022 : DEBUG : Events : DeviceManager._control_event_handler (priority: 0) responding to event 'machine_reset_phase_3' with args {'ms_delay': 0, 'callback': <bound method Flipper.enable of <flipper.right_flipper>>, 'delay_mgr': <mpf.core.delays.DelayManager object at 0x104a32668>}
2016-08-22 16:44:42,022 : DEBUG : DeviceManager : _control_event_handler: mode: None, callback: <bound method Flipper.enable of <flipper.right_flipper>>,
2016-08-22 16:44:42,022 : DEBUG : flipper.right_flipper : Enabling flipper with config: {'hold_coil_overwrite': {'pwm_on_ms': None, 'pulse_pwm_mask': None, 'recycle': None, 'pulse_power': None, 'hold_power32': None, 'recycle_ms': None, 'hold_power': None, 'pulse_power32': None, 'pwm_off_ms': None, 'hold_pwm_mask': None, 'pulse_ms': None}, 'activation_switch': <switch.s_right_flipper>, 'tags': [], 'debug': False, 'main_coil_overwrite': {'pwm_on_ms': None, 'pulse_pwm_mask': None, 'recycle': None, 'pulse_power': None, 'hold_power32': None, 'recycle_ms': None, 'hold_power': None, 'pulse_power32': None, 'pwm_off_ms': None, 'hold_pwm_mask': None, 'pulse_ms': None}, 'enable_events': {'machine_reset_phase_3': 0}, 'eos_switch_overwrite': {'debounce': 'quick'}, 'main_coil': <coil.c_flipper_right_main>, 'label': '%', 'eos_switch': None, 'hold_coil': <coil.c_flipper_right_hold>, 'disable_events': {'ball_ending': 0}, 'use_eos': False, 'switch_overwrite': {'debounce': 'quick'}}
2016-08-22 16:44:42,022 : DEBUG : flipper.right_flipper : Enabling main coil pulse rule
2016-08-22 16:44:42,022 : DEBUG : flipper.right_flipper : Enabling hold coil rule
2016-08-22 16:44:42,023 : DEBUG : Events : DeviceManager._control_event_handler (priority: 0) responding to event 'machine_reset_phase_3' with args {'ms_delay': 0, 'callback': <bound method Flipper.enable of <flipper.left_flipper>>, 'delay_mgr': <mpf.core.delays.DelayManager object at 0x104a32668>}
2016-08-22 16:44:42,023 : DEBUG : DeviceManager : _control_event_handler: mode: None, callback: <bound method Flipper.enable of <flipper.left_flipper>>,
2016-08-22 16:44:42,023 : DEBUG : flipper.left_flipper : Enabling flipper with config: {'hold_coil_overwrite': {'pwm_on_ms': None, 'pulse_pwm_mask': None, 'recycle': None, 'pulse_power': None, 'hold_power32': None, 'recycle_ms': None, 'hold_power': None, 'pulse_power32': None, 'pwm_off_ms': None, 'hold_pwm_mask': None, 'pulse_ms': None}, 'activation_switch': <switch.s_left_flipper>, 'tags': [], 'debug': False, 'main_coil_overwrite': {'pwm_on_ms': None, 'pulse_pwm_mask': None, 'recycle': None, 'pulse_power': None, 'hold_power32': None, 'recycle_ms': None, 'hold_power': None, 'pulse_power32': None, 'pwm_off_ms': None, 'hold_pwm_mask': None, 'pulse_ms': None}, 'enable_events': {'machine_reset_phase_3': 0}, 'eos_switch_overwrite': {'debounce': 'quick'}, 'main_coil': <coil.c_flipper_left_main>, 'label': '%', 'eos_switch': None, 'hold_coil': <coil.c_flipper_left_hold>, 'disable_events': {'ball_ending': 0}, 'use_eos': False, 'switch_overwrite': {'debounce': 'quick'}}
2016-08-22 16:44:42,023 : DEBUG : BCPClientSocket.local_display : Received "b'hello?version=1.0'"
2016-08-22 16:44:42,023 : DEBUG : flipper.left_flipper : Enabling main coil pulse rule
2016-08-22 16:44:42,023 : DEBUG : BCPClientSocket.local_display : Received BCP Hello from host with kwargs: {'version': '1.0'}
2016-08-22 16:44:42,023 : DEBUG : flipper.left_flipper : Enabling hold coil rule
2016-08-22 16:44:42,024 : DEBUG : Events : vvvv Finished event 'machine_reset_phase_3'. Type: None. Callback: None. Args: {}
2016-08-22 16:44:42,024 : DEBUG : Machine : Reset Complete
2016-08-22 16:44:42,024 : DEBUG : Machine : Reset Complete
2016-08-22 16:44:42,024 : DEBUG : Events : ^^^^ Posted event 'reset_complete'. Type: None, Callback: None, Args: {}
2016-08-22 16:44:42,024 : DEBUG : Events : ============== EVENTS QUEUE =============
2016-08-22 16:44:42,024 : DEBUG : Events : reset_complete, None, None, {}
2016-08-22 16:44:42,024 : DEBUG : Events : =========================================
2016-08-22 16:44:42,024 : DEBUG : Machine : Starting the main run loop.
2016-08-22 16:44:42,024 : DEBUG : Events : ^^^^ Processing event 'reset_complete'. Type: None, Callback: None, Args: {}
2016-08-22 16:44:42,024 : DEBUG : Events : Mode.start (priority: 10) responding to event 'reset_complete' with args {}
2016-08-22 16:44:42,024 : DEBUG : Mode.attract : Received request to start
2016-08-22 16:44:42,024 : INFO : Mode.attract : Mode Starting. Priority: 10
2016-08-22 16:44:42,024 : DEBUG : Mode.attract : Registering mode_stop handlers
2016-08-22 16:44:42,025 : DEBUG : Events : Registered Mode.stop as a handler for 'game_start', priority: 11, kwargs: {'mode': <Mode.attract>}
2016-08-22 16:44:42,025 : DEBUG : Mode.attract : Calling mode_start handlers
2016-08-22 16:44:42,025 : DEBUG : Mode.attract : Scanning mode-based config for device control_events
2016-08-22 16:44:42,025 : DEBUG : Events : ^^^^ Posted event 'mode_attract_starting'. Type: queue, Callback: <bound method Mode._started of <Mode.attract>>, Args: {}
2016-08-22 16:44:42,025 : DEBUG : Events : ============== EVENTS QUEUE =============
2016-08-22 16:44:42,025 : DEBUG : Events : mode_attract_starting, queue, <bound method Mode._started of <Mode.attract>>, {}
2016-08-22 16:44:42,025 : DEBUG : Events : =========================================
2016-08-22 16:44:42,025 : DEBUG : Events : vvvv Finished event 'reset_complete'. Type: None. Callback: None. Args: {}
2016-08-22 16:44:42,025 : DEBUG : BCPClientSocket.local_display : Sending "mode_start?name=attract&priority=int:10"
2016-08-22 16:44:42,025 : DEBUG : Events : ^^^^ Processing event 'mode_attract_starting'. Type: queue, Callback: <bound method Mode._started of <Mode.attract>>, Args: {}
2016-08-22 16:44:42,025 : DEBUG : Events : vvvv Finished event 'mode_attract_starting'. Type: queue. Callback: <bound method Mode._started of <Mode.attract>>. Args: {}
2016-08-22 16:44:42,025 : DEBUG : Mode.attract : Mode Started. Priority: 10
2016-08-22 16:44:42,025 : DEBUG : Mode Controller : +=========== ACTIVE MODES ============+
2016-08-22 16:44:42,025 : DEBUG : Mode Controller : | attract : 10                        |
2016-08-22 16:44:42,026 : DEBUG : Mode Controller : +-------------------------------------+
2016-08-22 16:44:42,026 : DEBUG : Events : ^^^^ Posted event 'mode_attract_started'. Type: None, Callback: <bound method Mode._mode_started_callback of <Mode.attract>>, Args: {}
2016-08-22 16:44:42,026 : DEBUG : Events : ============== EVENTS QUEUE =============
2016-08-22 16:44:42,026 : DEBUG : Events : mode_attract_started, None, <bound method Mode._mode_started_callback of <Mode.attract>>, {}
2016-08-22 16:44:42,026 : DEBUG : Events : =========================================
2016-08-22 16:44:42,026 : DEBUG : Events : ^^^^ Processing event 'mode_attract_started'. Type: None, Callback: <bound method Mode._mode_started_callback of <Mode.attract>>, Args: {}
2016-08-22 16:44:42,026 : DEBUG : Events : BCP.bcp_trigger (priority: 1) responding to event 'mode_attract_started' with args {'name': 'mode_attract_started'}
2016-08-22 16:44:42,026 : DEBUG : Events : vvvv Finished event 'mode_attract_started'. Type: None. Callback: <bound method Mode._mode_started_callback of <Mode.attract>>. Args: {}
2016-08-22 16:44:42,026 : DEBUG : BallController : Collecting all balls to devices with tags '['home', 'trough']'
2016-08-22 16:44:42,026 : DEBUG : BallController : Ejecting all balls from: set()
2016-08-22 16:44:42,027 : DEBUG : BCPClientSocket.local_display : Sending "trigger?name=mode_attract_started"
2016-08-22 16:44:42,027 : DEBUG : BCPClientSocket.local_display : Received "b'reset_complete'"
2016-08-22 16:44:42,028 : DEBUG : BallController : All balls are collected
2016-08-22 16:44:42,028 : DEBUG : Events : ^^^^ Posted event 'collecting_balls_complete'. Type: None, Callback: None, Args: {}
2016-08-22 16:44:42,028 : DEBUG : Events : ============== EVENTS QUEUE =============
2016-08-22 16:44:42,028 : DEBUG : Events : collecting_balls_complete, None, None, {}
2016-08-22 16:44:42,028 : DEBUG : Events : =========================================
2016-08-22 16:44:42,028 : DEBUG : Events : ^^^^ Posted event 'enable_volume_keys'. Type: None, Callback: None, Args: {}
2016-08-22 16:44:42,028 : DEBUG : Events : ============== EVENTS QUEUE =============
2016-08-22 16:44:42,028 : DEBUG : Events : collecting_balls_complete, None, None, {}
2016-08-22 16:44:42,028 : DEBUG : Events : enable_volume_keys, None, None, {}
2016-08-22 16:44:42,028 : DEBUG : Events : =========================================
2016-08-22 16:44:42,028 : DEBUG : Mode.attract : Mode Start process complete.
2016-08-22 16:44:42,028 : DEBUG : Events : ^^^^ Processing event 'collecting_balls_complete'. Type: None, Callback: None, Args: {}
2016-08-22 16:44:42,028 : DEBUG : Events : vvvv Finished event 'collecting_balls_complete'. Type: None. Callback: None. Args: {}
2016-08-22 16:44:42,028 : DEBUG : Events : ^^^^ Processing event 'enable_volume_keys'. Type: None, Callback: None, Args: {}
2016-08-22 16:44:42,028 : DEBUG : Events : BCP.enable_volume_keys (priority: 1) responding to event 'enable_volume_keys' with args {}
2016-08-22 16:44:42,028 : DEBUG : Events : vvvv Finished event 'enable_volume_keys'. Type: None. Callback: None. Args: {}
2016-08-22 16:44:42,029 : DEBUG : BCP : Processing command: reset_complete {}
2016-08-22 16:44:43,267 : DEBUG : BCPClientSocket.local_display : Received "b'switch?name=s_right_flipper&state=int:1'"
2016-08-22 16:44:43,292 : DEBUG : BCP : Processing command: switch {'name': 's_right_flipper', 'state': 1}
2016-08-22 16:44:43,292 : DEBUG : SwitchController : Processing switch. Name: s_right_flipper, state: 1, logical: True,
2016-08-22 16:44:43,292 : INFO : SwitchController : <<<<< switch: s_right_flipper, State:1 >>>>>
2016-08-22 16:44:43,292 : DEBUG : Events : ^^^^ Posted event 's_right_flipper_active'. Type: None, Callback: None, Args: {}
2016-08-22 16:44:43,292 : DEBUG : Events : ============== EVENTS QUEUE =============
2016-08-22 16:44:43,292 : DEBUG : Events : s_right_flipper_active, None, None, {}
2016-08-22 16:44:43,292 : DEBUG : Events : =========================================
2016-08-22 16:44:43,293 : DEBUG : Events : ^^^^ Processing event 's_right_flipper_active'. Type: None, Callback: None, Args: {}
2016-08-22 16:44:43,293 : DEBUG : Events : vvvv Finished event 's_right_flipper_active'. Type: None. Callback: None. Args: {}
2016-08-22 16:44:43,565 : DEBUG : BCPClientSocket.local_display : Received "b'switch?name=s_right_flipper&state=int:0'"
2016-08-22 16:44:43,581 : DEBUG : BCP : Processing command: switch {'name': 's_right_flipper', 'state': 0}
2016-08-22 16:44:43,581 : DEBUG : SwitchController : Processing switch. Name: s_right_flipper, state: 0, logical: True,
2016-08-22 16:44:43,582 : INFO : SwitchController : <<<<< switch: s_right_flipper, State:0 >>>>>
2016-08-22 16:44:43,582 : DEBUG : Events : ^^^^ Posted event 's_right_flipper_inactive'. Type: None, Callback: None, Args: {}
2016-08-22 16:44:43,582 : DEBUG : Events : ============== EVENTS QUEUE =============
2016-08-22 16:44:43,582 : DEBUG : Events : s_right_flipper_inactive, None, None, {}
2016-08-22 16:44:43,582 : DEBUG : Events : =========================================
2016-08-22 16:44:43,582 : DEBUG : Events : ^^^^ Processing event 's_right_flipper_inactive'. Type: None, Callback: None, Args: {}
2016-08-22 16:44:43,582 : DEBUG : Events : vvvv Finished event 's_right_flipper_inactive'. Type: None. Callback: None. Args: {}
2016-08-22 16:44:44,080 : DEBUG : BCPClientSocket.local_display : Received "b'switch?name=s_right_flipper&state=int:1'"
2016-08-22 16:44:44,102 : DEBUG : BCP : Processing command: switch {'name': 's_right_flipper', 'state': 1}
2016-08-22 16:44:44,102 : DEBUG : SwitchController : Processing switch. Name: s_right_flipper, state: 1, logical: True,
2016-08-22 16:44:44,103 : INFO : SwitchController : <<<<< switch: s_right_flipper, State:1 >>>>>
2016-08-22 16:44:44,103 : DEBUG : Events : ^^^^ Posted event 's_right_flipper_active'. Type: None, Callback: None, Args: {}
2016-08-22 16:44:44,103 : DEBUG : Events : ============== EVENTS QUEUE =============
2016-08-22 16:44:44,103 : DEBUG : Events : s_right_flipper_active, None, None, {}
2016-08-22 16:44:44,103 : DEBUG : Events : =========================================
2016-08-22 16:44:44,103 : DEBUG : Events : ^^^^ Processing event 's_right_flipper_active'. Type: None, Callback: None, Args: {}
2016-08-22 16:44:44,103 : DEBUG : Events : vvvv Finished event 's_right_flipper_active'. Type: None. Callback: None. Args: {}
2016-08-22 16:44:44,411 : DEBUG : BCPClientSocket.local_display : Received "b'switch?name=s_right_flipper&state=int:0'"
2016-08-22 16:44:44,416 : DEBUG : BCP : Processing command: switch {'name': 's_right_flipper', 'state': 0}
2016-08-22 16:44:44,416 : DEBUG : SwitchController : Processing switch. Name: s_right_flipper, state: 0, logical: True,
2016-08-22 16:44:44,416 : INFO : SwitchController : <<<<< switch: s_right_flipper, State:0 >>>>>
2016-08-22 16:44:44,416 : DEBUG : Events : ^^^^ Posted event 's_right_flipper_inactive'. Type: None, Callback: None, Args: {}
2016-08-22 16:44:44,416 : DEBUG : Events : ============== EVENTS QUEUE =============
2016-08-22 16:44:44,416 : DEBUG : Events : s_right_flipper_inactive, None, None, {}
2016-08-22 16:44:44,416 : DEBUG : Events : =========================================
2016-08-22 16:44:44,417 : DEBUG : Events : ^^^^ Processing event 's_right_flipper_inactive'. Type: None, Callback: None, Args: {}
2016-08-22 16:44:44,417 : DEBUG : Events : vvvv Finished event 's_right_flipper_inactive'. Type: None. Callback: None. Args: {}
2016-08-22 16:44:45,044 : DEBUG : BCPClientSocket.local_display : Received "b'switch?name=s_right_flipper&state=int:1'"
2016-08-22 16:44:45,050 : DEBUG : BCP : Processing command: switch {'name': 's_right_flipper', 'state': 1}
2016-08-22 16:44:45,051 : DEBUG : SwitchController : Processing switch. Name: s_right_flipper, state: 1, logical: True,
2016-08-22 16:44:45,051 : INFO : SwitchController : <<<<< switch: s_right_flipper, State:1 >>>>>
2016-08-22 16:44:45,051 : DEBUG : Events : ^^^^ Posted event 's_right_flipper_active'. Type: None, Callback: None, Args: {}
2016-08-22 16:44:45,051 : DEBUG : Events : ============== EVENTS QUEUE =============
2016-08-22 16:44:45,051 : DEBUG : Events : s_right_flipper_active, None, None, {}
2016-08-22 16:44:45,051 : DEBUG : Events : =========================================
2016-08-22 16:44:45,052 : DEBUG : Events : ^^^^ Processing event 's_right_flipper_active'. Type: None, Callback: None, Args: {}
2016-08-22 16:44:45,052 : DEBUG : Events : vvvv Finished event 's_right_flipper_active'. Type: None. Callback: None. Args: {}
2016-08-22 16:44:45,558 : DEBUG : BCPClientSocket.local_display : Received "b'switch?name=s_right_flipper&state=int:0'"
2016-08-22 16:44:45,573 : DEBUG : BCP : Processing command: switch {'name': 's_right_flipper', 'state': 0}
2016-08-22 16:44:45,574 : DEBUG : SwitchController : Processing switch. Name: s_right_flipper, state: 0, logical: True,
2016-08-22 16:44:45,574 : INFO : SwitchController : <<<<< switch: s_right_flipper, State:0 >>>>>
2016-08-22 16:44:45,574 : DEBUG : Events : ^^^^ Posted event 's_right_flipper_inactive'. Type: None, Callback: None, Args: {}
2016-08-22 16:44:45,574 : DEBUG : Events : ============== EVENTS QUEUE =============
2016-08-22 16:44:45,574 : DEBUG : Events : s_right_flipper_inactive, None, None, {}
2016-08-22 16:44:45,574 : DEBUG : Events : =========================================
2016-08-22 16:44:45,574 : DEBUG : Events : ^^^^ Processing event 's_right_flipper_inactive'. Type: None, Callback: None, Args: {}
2016-08-22 16:44:45,574 : DEBUG : Events : vvvv Finished event 's_right_flipper_inactive'. Type: None. Callback: None. Args: {}
2016-08-22 16:44:46,221 : DEBUG : BCPClientSocket.local_display : Received "b'switch?name=s_left_flipper&state=int:1'"
2016-08-22 16:44:46,222 : DEBUG : BCP : Processing command: switch {'name': 's_left_flipper', 'state': 1}
2016-08-22 16:44:46,223 : DEBUG : SwitchController : Processing switch. Name: s_left_flipper, state: 1, logical: True,
2016-08-22 16:44:46,223 : INFO : SwitchController : <<<<< switch: s_left_flipper, State:1 >>>>>
2016-08-22 16:44:46,223 : DEBUG : Events : ^^^^ Posted event 's_left_flipper_active'. Type: None, Callback: None, Args: {}
2016-08-22 16:44:46,223 : DEBUG : Events : ============== EVENTS QUEUE =============
2016-08-22 16:44:46,223 : DEBUG : Events : s_left_flipper_active, None, None, {}
2016-08-22 16:44:46,223 : DEBUG : Events : =========================================
2016-08-22 16:44:46,223 : DEBUG : Events : ^^^^ Processing event 's_left_flipper_active'. Type: None, Callback: None, Args: {}
2016-08-22 16:44:46,223 : DEBUG : Events : vvvv Finished event 's_left_flipper_active'. Type: None. Callback: None. Args: {}
2016-08-22 16:44:46,643 : DEBUG : BCPClientSocket.local_display : Received "b'switch?name=s_left_flipper&state=int:0'"
2016-08-22 16:44:46,667 : DEBUG : BCP : Processing command: switch {'name': 's_left_flipper', 'state': 0}
2016-08-22 16:44:46,668 : DEBUG : SwitchController : Processing switch. Name: s_left_flipper, state: 0, logical: True,
2016-08-22 16:44:46,668 : INFO : SwitchController : <<<<< switch: s_left_flipper, State:0 >>>>>
2016-08-22 16:44:46,668 : DEBUG : Events : ^^^^ Posted event 's_left_flipper_inactive'. Type: None, Callback: None, Args: {}
2016-08-22 16:44:46,668 : DEBUG : Events : ============== EVENTS QUEUE =============
2016-08-22 16:44:46,668 : DEBUG : Events : s_left_flipper_inactive, None, None, {}
2016-08-22 16:44:46,668 : DEBUG : Events : =========================================
2016-08-22 16:44:46,668 : DEBUG : Events : ^^^^ Processing event 's_left_flipper_inactive'. Type: None, Callback: None, Args: {}
2016-08-22 16:44:46,669 : DEBUG : Events : vvvv Finished event 's_left_flipper_inactive'. Type: None. Callback: None. Args: {}
2016-08-22 16:44:46,976 : DEBUG : BCPClientSocket.local_display : Received "b'switch?name=s_right_flipper&state=int:1'"
2016-08-22 16:44:46,990 : DEBUG : BCP : Processing command: switch {'name': 's_right_flipper', 'state': 1}
2016-08-22 16:44:46,990 : DEBUG : SwitchController : Processing switch. Name: s_right_flipper, state: 1, logical: True,
2016-08-22 16:44:46,990 : INFO : SwitchController : <<<<< switch: s_right_flipper, State:1 >>>>>
2016-08-22 16:44:46,990 : DEBUG : Events : ^^^^ Posted event 's_right_flipper_active'. Type: None, Callback: None, Args: {}
2016-08-22 16:44:46,990 : DEBUG : Events : ============== EVENTS QUEUE =============
2016-08-22 16:44:46,990 : DEBUG : Events : s_right_flipper_active, None, None, {}
2016-08-22 16:44:46,990 : DEBUG : Events : =========================================
2016-08-22 16:44:46,990 : DEBUG : Events : ^^^^ Processing event 's_right_flipper_active'. Type: None, Callback: None, Args: {}
2016-08-22 16:44:46,991 : DEBUG : Events : vvvv Finished event 's_right_flipper_active'. Type: None. Callback: None. Args: {}
2016-08-22 16:44:47,371 : DEBUG : BCPClientSocket.local_display : Received "b'switch?name=s_right_flipper&state=int:0'"
2016-08-22 16:44:47,376 : DEBUG : BCP : Processing command: switch {'name': 's_right_flipper', 'state': 0}
2016-08-22 16:44:47,376 : DEBUG : SwitchController : Processing switch. Name: s_right_flipper, state: 0, logical: True,
2016-08-22 16:44:47,376 : INFO : SwitchController : <<<<< switch: s_right_flipper, State:0 >>>>>
2016-08-22 16:44:47,376 : DEBUG : Events : ^^^^ Posted event 's_right_flipper_inactive'. Type: None, Callback: None, Args: {}
2016-08-22 16:44:47,376 : DEBUG : Events : ============== EVENTS QUEUE =============
2016-08-22 16:44:47,377 : DEBUG : Events : s_right_flipper_inactive, None, None, {}
2016-08-22 16:44:47,377 : DEBUG : Events : =========================================
2016-08-22 16:44:47,377 : DEBUG : Events : ^^^^ Processing event 's_right_flipper_inactive'. Type: None, Callback: None, Args: {}
2016-08-22 16:44:47,377 : DEBUG : Events : vvvv Finished event 's_right_flipper_inactive'. Type: None. Callback: None. Args: {}
2016-08-22 16:44:55,326 : INFO : Machine : Shutting down...
2016-08-22 16:44:55,326 : DEBUG : Events : ^^^^ Posted event 'shutdown'. Type: None, Callback: None, Args: {}
2016-08-22 16:44:55,326 : DEBUG : Events : ============== EVENTS QUEUE =============
2016-08-22 16:44:55,327 : DEBUG : Events : shutdown, None, None, {}
2016-08-22 16:44:55,327 : DEBUG : Events : =========================================
2016-08-22 16:44:55,327 : DEBUG : Events : ^^^^ Processing event 'shutdown'. Type: None, Callback: None, Args: {}
2016-08-22 16:44:55,327 : DEBUG : Events : MachineController.power_off (priority: 1) responding to event 'shutdown' with args {}
2016-08-22 16:44:55,327 : DEBUG : Events : vvvv Finished event 'shutdown'. Type: None. Callback: None. Args: {}
2016-08-22 16:44:55,327 : INFO : Machine : Actual MPF loop rate: 30.98 Hz
2016-08-22 16:44:55,327 : INFO : root : MPF run loop ended.
